<?xml version="1.0" encoding="UTF-8"?>
<testsuite xmlns:xsi="http://www.w3.org/2001/XMLSchema-instance" xsi:noNamespaceSchemaLocation="https://maven.apache.org/surefire/maven-surefire-plugin/xsd/surefire-test-report-3.0.xsd" version="3.0" name="com.test.classes.TestElements" time="56.883" tests="9" errors="1" skipped="0" failures="0">
  <properties>
    <property name="sun.desktop" value="windows"/>
    <property name="awt.toolkit" value="sun.awt.windows.WToolkit"/>
    <property name="java.specification.version" value="11"/>
    <property name="webdriver.chrome.driver" value="C:\Users\gabor.szabo\.cache\selenium\chromedriver\win64\132.0.6834.83\chromedriver.exe"/>
    <property name="sun.cpu.isalist" value="amd64"/>
    <property name="sun.jnu.encoding" value="Cp1251"/>
    <property name="java.class.path" value="C:\Users\gabor.szabo\autodemo\target\test-classes;C:\Users\gabor.szabo\autodemo\target\classes;C:\Users\gabor.szabo\.m2\repository\io\cucumber\cucumber-java\7.18.0\cucumber-java-7.18.0.jar;C:\Users\gabor.szabo\.m2\repository\io\cucumber\cucumber-core\7.18.0\cucumber-core-7.18.0.jar;C:\Users\gabor.szabo\.m2\repository\io\cucumber\cucumber-gherkin\7.18.0\cucumber-gherkin-7.18.0.jar;C:\Users\gabor.szabo\.m2\repository\io\cucumber\cucumber-gherkin-messages\7.18.0\cucumber-gherkin-messages-7.18.0.jar;C:\Users\gabor.szabo\.m2\repository\io\cucumber\gherkin\28.0.0\gherkin-28.0.0.jar;C:\Users\gabor.szabo\.m2\repository\io\cucumber\messages\24.1.0\messages-24.1.0.jar;C:\Users\gabor.szabo\.m2\repository\io\cucumber\testng-xml-formatter\0.1.0\testng-xml-formatter-0.1.0.jar;C:\Users\gabor.szabo\.m2\repository\io\cucumber\query\12.2.0\query-12.2.0.jar;C:\Users\gabor.szabo\.m2\repository\io\cucumber\tag-expressions\6.1.0\tag-expressions-6.1.0.jar;C:\Users\gabor.szabo\.m2\repository\io\cucumber\cucumber-expressions\17.1.0\cucumber-expressions-17.1.0.jar;C:\Users\gabor.szabo\.m2\repository\io\cucumber\datatable\7.18.0\datatable-7.18.0.jar;C:\Users\gabor.szabo\.m2\repository\io\cucumber\cucumber-plugin\7.18.0\cucumber-plugin-7.18.0.jar;C:\Users\gabor.szabo\.m2\repository\io\cucumber\docstring\7.18.0\docstring-7.18.0.jar;C:\Users\gabor.szabo\.m2\repository\io\cucumber\html-formatter\21.3.1\html-formatter-21.3.1.jar;C:\Users\gabor.szabo\.m2\repository\io\cucumber\junit-xml-formatter\0.4.0\junit-xml-formatter-0.4.0.jar;C:\Users\gabor.szabo\.m2\repository\io\cucumber\ci-environment\10.0.1\ci-environment-10.0.1.jar;C:\Users\gabor.szabo\.m2\repository\org\apiguardian\apiguardian-api\1.1.2\apiguardian-api-1.1.2.jar;C:\Users\gabor.szabo\.m2\repository\io\cucumber\cucumber-testng\7.18.0\cucumber-testng-7.18.0.jar;C:\Users\gabor.szabo\.m2\repository\io\cucumber\cucumber-junit\7.18.0\cucumber-junit-7.18.0.jar;C:\Users\gabor.szabo\.m2\repository\junit\junit\4.13.2\junit-4.13.2.jar;C:\Users\gabor.szabo\.m2\repository\org\hamcrest\hamcrest-core\1.3\hamcrest-core-1.3.jar;C:\Users\gabor.szabo\.m2\repository\io\cucumber\cucumber-picocontainer\7.18.0\cucumber-picocontainer-7.18.0.jar;C:\Users\gabor.szabo\.m2\repository\org\picocontainer\picocontainer\2.15\picocontainer-2.15.jar;C:\Users\gabor.szabo\.m2\repository\commons-logging\commons-logging\1.2\commons-logging-1.2.jar;C:\Users\gabor.szabo\.m2\repository\io\github\bonigarcia\webdrivermanager\5.9.2\webdrivermanager-5.9.2.jar;C:\Users\gabor.szabo\.m2\repository\com\google\code\gson\gson\2.11.0\gson-2.11.0.jar;C:\Users\gabor.szabo\.m2\repository\com\google\errorprone\error_prone_annotations\2.27.0\error_prone_annotations-2.27.0.jar;C:\Users\gabor.szabo\.m2\repository\com\github\docker-java\docker-java\3.4.0\docker-java-3.4.0.jar;C:\Users\gabor.szabo\.m2\repository\com\github\docker-java\docker-java-core\3.4.0\docker-java-core-3.4.0.jar;C:\Users\gabor.szabo\.m2\repository\com\github\docker-java\docker-java-api\3.4.0\docker-java-api-3.4.0.jar;C:\Users\gabor.szabo\.m2\repository\com\fasterxml\jackson\core\jackson-annotations\2.10.3\jackson-annotations-2.10.3.jar;C:\Users\gabor.szabo\.m2\repository\com\fasterxml\jackson\core\jackson-databind\2.10.3\jackson-databind-2.10.3.jar;C:\Users\gabor.szabo\.m2\repository\com\fasterxml\jackson\core\jackson-core\2.10.3\jackson-core-2.10.3.jar;C:\Users\gabor.szabo\.m2\repository\org\slf4j\jcl-over-slf4j\1.7.30\jcl-over-slf4j-1.7.30.jar;C:\Users\gabor.szabo\.m2\repository\com\github\docker-java\docker-java-transport-httpclient5\3.4.0\docker-java-transport-httpclient5-3.4.0.jar;C:\Users\gabor.szabo\.m2\repository\com\github\docker-java\docker-java-transport\3.4.0\docker-java-transport-3.4.0.jar;C:\Users\gabor.szabo\.m2\repository\net\java\dev\jna\jna\5.13.0\jna-5.13.0.jar;C:\Users\gabor.szabo\.m2\repository\org\brotli\dec\0.1.2\dec-0.1.2.jar;C:\Users\gabor.szabo\.m2\repository\org\apache\commons\commons-lang3\3.15.0\commons-lang3-3.15.0.jar;C:\Users\gabor.szabo\.m2\repository\org\apache\commons\commons-compress\1.26.2\commons-compress-1.26.2.jar;C:\Users\gabor.szabo\.m2\repository\commons-codec\commons-codec\1.17.0\commons-codec-1.17.0.jar;C:\Users\gabor.szabo\.m2\repository\commons-io\commons-io\2.16.1\commons-io-2.16.1.jar;C:\Users\gabor.szabo\.m2\repository\org\apache\httpcomponents\client5\httpclient5\5.2.1\httpclient5-5.2.1.jar;C:\Users\gabor.szabo\.m2\repository\org\apache\httpcomponents\core5\httpcore5\5.2\httpcore5-5.2.jar;C:\Users\gabor.szabo\.m2\repository\org\apache\httpcomponents\core5\httpcore5-h2\5.2\httpcore5-h2-5.2.jar;C:\Users\gabor.szabo\.m2\repository\org\testng\testng\6.9.10\testng-6.9.10.jar;C:\Users\gabor.szabo\.m2\repository\com\beust\jcommander\1.48\jcommander-1.48.jar;C:\Users\gabor.szabo\.m2\repository\org\beanshell\bsh\2.0b4\bsh-2.0b4.jar;C:\Users\gabor.szabo\.m2\repository\org\yaml\snakeyaml\1.10\snakeyaml-1.10.jar;C:\Users\gabor.szabo\.m2\repository\org\seleniumhq\selenium\selenium-java\4.8.0\selenium-java-4.8.0.jar;C:\Users\gabor.szabo\.m2\repository\org\seleniumhq\selenium\selenium-api\4.8.0\selenium-api-4.8.0.jar;C:\Users\gabor.szabo\.m2\repository\org\seleniumhq\selenium\selenium-chrome-driver\4.8.0\selenium-chrome-driver-4.8.0.jar;C:\Users\gabor.szabo\.m2\repository\com\google\auto\service\auto-service-annotations\1.0.1\auto-service-annotations-1.0.1.jar;C:\Users\gabor.szabo\.m2\repository\com\google\auto\service\auto-service\1.0.1\auto-service-1.0.1.jar;C:\Users\gabor.szabo\.m2\repository\com\google\auto\auto-common\1.2\auto-common-1.2.jar;C:\Users\gabor.szabo\.m2\repository\com\google\guava\guava\31.1-jre\guava-31.1-jre.jar;C:\Users\gabor.szabo\.m2\repository\com\google\guava\failureaccess\1.0.1\failureaccess-1.0.1.jar;C:\Users\gabor.szabo\.m2\repository\com\google\guava\listenablefuture\9999.0-empty-to-avoid-conflict-with-guava\listenablefuture-9999.0-empty-to-avoid-conflict-with-guava.jar;C:\Users\gabor.szabo\.m2\repository\com\google\code\findbugs\jsr305\3.0.2\jsr305-3.0.2.jar;C:\Users\gabor.szabo\.m2\repository\org\checkerframework\checker-qual\3.12.0\checker-qual-3.12.0.jar;C:\Users\gabor.szabo\.m2\repository\com\google\j2objc\j2objc-annotations\1.3\j2objc-annotations-1.3.jar;C:\Users\gabor.szabo\.m2\repository\org\seleniumhq\selenium\selenium-chromium-driver\4.8.0\selenium-chromium-driver-4.8.0.jar;C:\Users\gabor.szabo\.m2\repository\org\seleniumhq\selenium\selenium-json\4.8.0\selenium-json-4.8.0.jar;C:\Users\gabor.szabo\.m2\repository\org\seleniumhq\selenium\selenium-devtools-v107\4.8.0\selenium-devtools-v107-4.8.0.jar;C:\Users\gabor.szabo\.m2\repository\org\seleniumhq\selenium\selenium-devtools-v108\4.8.0\selenium-devtools-v108-4.8.0.jar;C:\Users\gabor.szabo\.m2\repository\org\seleniumhq\selenium\selenium-devtools-v109\4.8.0\selenium-devtools-v109-4.8.0.jar;C:\Users\gabor.szabo\.m2\repository\org\seleniumhq\selenium\selenium-devtools-v85\4.8.0\selenium-devtools-v85-4.8.0.jar;C:\Users\gabor.szabo\.m2\repository\org\seleniumhq\selenium\selenium-edge-driver\4.8.0\selenium-edge-driver-4.8.0.jar;C:\Users\gabor.szabo\.m2\repository\org\seleniumhq\selenium\selenium-firefox-driver\4.8.0\selenium-firefox-driver-4.8.0.jar;C:\Users\gabor.szabo\.m2\repository\org\seleniumhq\selenium\selenium-http\4.8.0\selenium-http-4.8.0.jar;C:\Users\gabor.szabo\.m2\repository\dev\failsafe\failsafe\3.3.0\failsafe-3.3.0.jar;C:\Users\gabor.szabo\.m2\repository\org\seleniumhq\selenium\selenium-ie-driver\4.8.0\selenium-ie-driver-4.8.0.jar;C:\Users\gabor.szabo\.m2\repository\org\seleniumhq\selenium\selenium-remote-driver\4.8.0\selenium-remote-driver-4.8.0.jar;C:\Users\gabor.szabo\.m2\repository\io\netty\netty-buffer\4.1.87.Final\netty-buffer-4.1.87.Final.jar;C:\Users\gabor.szabo\.m2\repository\io\netty\netty-codec-http\4.1.87.Final\netty-codec-http-4.1.87.Final.jar;C:\Users\gabor.szabo\.m2\repository\io\netty\netty-codec\4.1.87.Final\netty-codec-4.1.87.Final.jar;C:\Users\gabor.szabo\.m2\repository\io\netty\netty-handler\4.1.87.Final\netty-handler-4.1.87.Final.jar;C:\Users\gabor.szabo\.m2\repository\io\netty\netty-common\4.1.87.Final\netty-common-4.1.87.Final.jar;C:\Users\gabor.szabo\.m2\repository\io\netty\netty-transport-classes-epoll\4.1.87.Final\netty-transport-classes-epoll-4.1.87.Final.jar;C:\Users\gabor.szabo\.m2\repository\io\netty\netty-transport-classes-kqueue\4.1.87.Final\netty-transport-classes-kqueue-4.1.87.Final.jar;C:\Users\gabor.szabo\.m2\repository\io\netty\netty-transport-native-epoll\4.1.87.Final\netty-transport-native-epoll-4.1.87.Final.jar;C:\Users\gabor.szabo\.m2\repository\io\netty\netty-transport-native-kqueue\4.1.87.Final\netty-transport-native-kqueue-4.1.87.Final.jar;C:\Users\gabor.szabo\.m2\repository\io\netty\netty-transport-native-unix-common\4.1.87.Final\netty-transport-native-unix-common-4.1.87.Final.jar;C:\Users\gabor.szabo\.m2\repository\io\netty\netty-transport\4.1.87.Final\netty-transport-4.1.87.Final.jar;C:\Users\gabor.szabo\.m2\repository\io\netty\netty-resolver\4.1.87.Final\netty-resolver-4.1.87.Final.jar;C:\Users\gabor.szabo\.m2\repository\io\opentelemetry\opentelemetry-api\1.22.0\opentelemetry-api-1.22.0.jar;C:\Users\gabor.szabo\.m2\repository\io\opentelemetry\opentelemetry-context\1.22.0\opentelemetry-context-1.22.0.jar;C:\Users\gabor.szabo\.m2\repository\io\opentelemetry\opentelemetry-exporter-logging\1.22.0\opentelemetry-exporter-logging-1.22.0.jar;C:\Users\gabor.szabo\.m2\repository\io\opentelemetry\opentelemetry-sdk-metrics\1.22.0\opentelemetry-sdk-metrics-1.22.0.jar;C:\Users\gabor.szabo\.m2\repository\io\opentelemetry\opentelemetry-sdk-logs\1.22.0-alpha\opentelemetry-sdk-logs-1.22.0-alpha.jar;C:\Users\gabor.szabo\.m2\repository\io\opentelemetry\opentelemetry-api-logs\1.22.0-alpha\opentelemetry-api-logs-1.22.0-alpha.jar;C:\Users\gabor.szabo\.m2\repository\io\opentelemetry\opentelemetry-sdk-common\1.22.0\opentelemetry-sdk-common-1.22.0.jar;C:\Users\gabor.szabo\.m2\repository\io\opentelemetry\opentelemetry-sdk-extension-autoconfigure-spi\1.22.0\opentelemetry-sdk-extension-autoconfigure-spi-1.22.0.jar;C:\Users\gabor.szabo\.m2\repository\io\opentelemetry\opentelemetry-sdk-extension-autoconfigure\1.22.0-alpha\opentelemetry-sdk-extension-autoconfigure-1.22.0-alpha.jar;C:\Users\gabor.szabo\.m2\repository\io\opentelemetry\opentelemetry-sdk-trace\1.22.0\opentelemetry-sdk-trace-1.22.0.jar;C:\Users\gabor.szabo\.m2\repository\io\opentelemetry\opentelemetry-sdk\1.22.0\opentelemetry-sdk-1.22.0.jar;C:\Users\gabor.szabo\.m2\repository\io\opentelemetry\opentelemetry-semconv\1.22.0-alpha\opentelemetry-semconv-1.22.0-alpha.jar;C:\Users\gabor.szabo\.m2\repository\io\ous\jtoml\2.0.0\jtoml-2.0.0.jar;C:\Users\gabor.szabo\.m2\repository\org\apache\commons\commons-exec\1.3\commons-exec-1.3.jar;C:\Users\gabor.szabo\.m2\repository\org\asynchttpclient\async-http-client\2.12.3\async-http-client-2.12.3.jar;C:\Users\gabor.szabo\.m2\repository\org\asynchttpclient\async-http-client-netty-utils\2.12.3\async-http-client-netty-utils-2.12.3.jar;C:\Users\gabor.szabo\.m2\repository\io\netty\netty-codec-socks\4.1.60.Final\netty-codec-socks-4.1.60.Final.jar;C:\Users\gabor.szabo\.m2\repository\io\netty\netty-handler-proxy\4.1.60.Final\netty-handler-proxy-4.1.60.Final.jar;C:\Users\gabor.szabo\.m2\repository\io\netty\netty-transport-native-epoll\4.1.60.Final\netty-transport-native-epoll-4.1.60.Final-linux-x86_64.jar;C:\Users\gabor.szabo\.m2\repository\io\netty\netty-transport-native-kqueue\4.1.60.Final\netty-transport-native-kqueue-4.1.60.Final-osx-x86_64.jar;C:\Users\gabor.szabo\.m2\repository\org\reactivestreams\reactive-streams\1.0.3\reactive-streams-1.0.3.jar;C:\Users\gabor.szabo\.m2\repository\com\typesafe\netty\netty-reactive-streams\2.0.4\netty-reactive-streams-2.0.4.jar;C:\Users\gabor.szabo\.m2\repository\com\sun\activation\jakarta.activation\1.2.2\jakarta.activation-1.2.2.jar;C:\Users\gabor.szabo\.m2\repository\org\seleniumhq\selenium\selenium-manager\4.8.0\selenium-manager-4.8.0.jar;C:\Users\gabor.szabo\.m2\repository\org\seleniumhq\selenium\selenium-safari-driver\4.8.0\selenium-safari-driver-4.8.0.jar;C:\Users\gabor.szabo\.m2\repository\org\seleniumhq\selenium\selenium-support\4.8.0\selenium-support-4.8.0.jar;C:\Users\gabor.szabo\.m2\repository\org\junit\jupiter\junit-jupiter\5.11.4\junit-jupiter-5.11.4.jar;C:\Users\gabor.szabo\.m2\repository\org\junit\jupiter\junit-jupiter-api\5.11.4\junit-jupiter-api-5.11.4.jar;C:\Users\gabor.szabo\.m2\repository\org\opentest4j\opentest4j\1.3.0\opentest4j-1.3.0.jar;C:\Users\gabor.szabo\.m2\repository\org\junit\platform\junit-platform-commons\1.11.4\junit-platform-commons-1.11.4.jar;C:\Users\gabor.szabo\.m2\repository\org\junit\jupiter\junit-jupiter-params\5.11.4\junit-jupiter-params-5.11.4.jar;C:\Users\gabor.szabo\.m2\repository\org\junit\jupiter\junit-jupiter-engine\5.11.4\junit-jupiter-engine-5.11.4.jar;C:\Users\gabor.szabo\.m2\repository\org\junit\platform\junit-platform-engine\1.11.4\junit-platform-engine-1.11.4.jar;C:\Users\gabor.szabo\.m2\repository\org\assertj\assertj-core\3.23.1\assertj-core-3.23.1-javadoc.jar;C:\Users\gabor.szabo\.m2\repository\net\bytebuddy\byte-buddy\1.12.10\byte-buddy-1.12.10.jar;C:\Users\gabor.szabo\.m2\repository\org\assertj\assertj-core\3.23.1\assertj-core-3.23.1.jar;C:\Users\gabor.szabo\.m2\repository\org\slf4j\slf4j-api\2.1.0-alpha1\slf4j-api-2.1.0-alpha1.jar;C:\Users\gabor.szabo\.m2\repository\ch\qos\logback\logback-classic\1.5.6\logback-classic-1.5.6.jar;C:\Users\gabor.szabo\.m2\repository\ch\qos\logback\logback-core\1.5.6\logback-core-1.5.6.jar;"/>
    <property name="java.vm.vendor" value="Oracle Corporation"/>
    <property name="sun.arch.data.model" value="64"/>
    <property name="user.variant" value=""/>
    <property name="java.vendor.url" value="https://openjdk.java.net/"/>
    <property name="user.timezone" value="Europe/Budapest"/>
    <property name="java.vm.specification.version" value="11"/>
    <property name="os.name" value="Windows 11"/>
    <property name="sun.java.launcher" value="SUN_STANDARD"/>
    <property name="user.country" value="US"/>
    <property name="sun.boot.library.path" value="C:\Program Files\Java\jdk-11\bin"/>
    <property name="sun.java.command" value="C:\Users\gabor.szabo\AppData\Local\Temp\surefire5662152569039341055\surefirebooter-20250123103427885_3.jar C:\Users\gabor.szabo\AppData\Local\Temp\surefire5662152569039341055 2025-01-23T10-34-27_731-jvmRun1 surefire-20250123103427885_1tmp surefire_0-20250123103427885_2tmp"/>
    <property name="jdk.debug" value="release"/>
    <property name="surefire.test.class.path" value="C:\Users\gabor.szabo\autodemo\target\test-classes;C:\Users\gabor.szabo\autodemo\target\classes;C:\Users\gabor.szabo\.m2\repository\io\cucumber\cucumber-java\7.18.0\cucumber-java-7.18.0.jar;C:\Users\gabor.szabo\.m2\repository\io\cucumber\cucumber-core\7.18.0\cucumber-core-7.18.0.jar;C:\Users\gabor.szabo\.m2\repository\io\cucumber\cucumber-gherkin\7.18.0\cucumber-gherkin-7.18.0.jar;C:\Users\gabor.szabo\.m2\repository\io\cucumber\cucumber-gherkin-messages\7.18.0\cucumber-gherkin-messages-7.18.0.jar;C:\Users\gabor.szabo\.m2\repository\io\cucumber\gherkin\28.0.0\gherkin-28.0.0.jar;C:\Users\gabor.szabo\.m2\repository\io\cucumber\messages\24.1.0\messages-24.1.0.jar;C:\Users\gabor.szabo\.m2\repository\io\cucumber\testng-xml-formatter\0.1.0\testng-xml-formatter-0.1.0.jar;C:\Users\gabor.szabo\.m2\repository\io\cucumber\query\12.2.0\query-12.2.0.jar;C:\Users\gabor.szabo\.m2\repository\io\cucumber\tag-expressions\6.1.0\tag-expressions-6.1.0.jar;C:\Users\gabor.szabo\.m2\repository\io\cucumber\cucumber-expressions\17.1.0\cucumber-expressions-17.1.0.jar;C:\Users\gabor.szabo\.m2\repository\io\cucumber\datatable\7.18.0\datatable-7.18.0.jar;C:\Users\gabor.szabo\.m2\repository\io\cucumber\cucumber-plugin\7.18.0\cucumber-plugin-7.18.0.jar;C:\Users\gabor.szabo\.m2\repository\io\cucumber\docstring\7.18.0\docstring-7.18.0.jar;C:\Users\gabor.szabo\.m2\repository\io\cucumber\html-formatter\21.3.1\html-formatter-21.3.1.jar;C:\Users\gabor.szabo\.m2\repository\io\cucumber\junit-xml-formatter\0.4.0\junit-xml-formatter-0.4.0.jar;C:\Users\gabor.szabo\.m2\repository\io\cucumber\ci-environment\10.0.1\ci-environment-10.0.1.jar;C:\Users\gabor.szabo\.m2\repository\org\apiguardian\apiguardian-api\1.1.2\apiguardian-api-1.1.2.jar;C:\Users\gabor.szabo\.m2\repository\io\cucumber\cucumber-testng\7.18.0\cucumber-testng-7.18.0.jar;C:\Users\gabor.szabo\.m2\repository\io\cucumber\cucumber-junit\7.18.0\cucumber-junit-7.18.0.jar;C:\Users\gabor.szabo\.m2\repository\junit\junit\4.13.2\junit-4.13.2.jar;C:\Users\gabor.szabo\.m2\repository\org\hamcrest\hamcrest-core\1.3\hamcrest-core-1.3.jar;C:\Users\gabor.szabo\.m2\repository\io\cucumber\cucumber-picocontainer\7.18.0\cucumber-picocontainer-7.18.0.jar;C:\Users\gabor.szabo\.m2\repository\org\picocontainer\picocontainer\2.15\picocontainer-2.15.jar;C:\Users\gabor.szabo\.m2\repository\commons-logging\commons-logging\1.2\commons-logging-1.2.jar;C:\Users\gabor.szabo\.m2\repository\io\github\bonigarcia\webdrivermanager\5.9.2\webdrivermanager-5.9.2.jar;C:\Users\gabor.szabo\.m2\repository\com\google\code\gson\gson\2.11.0\gson-2.11.0.jar;C:\Users\gabor.szabo\.m2\repository\com\google\errorprone\error_prone_annotations\2.27.0\error_prone_annotations-2.27.0.jar;C:\Users\gabor.szabo\.m2\repository\com\github\docker-java\docker-java\3.4.0\docker-java-3.4.0.jar;C:\Users\gabor.szabo\.m2\repository\com\github\docker-java\docker-java-core\3.4.0\docker-java-core-3.4.0.jar;C:\Users\gabor.szabo\.m2\repository\com\github\docker-java\docker-java-api\3.4.0\docker-java-api-3.4.0.jar;C:\Users\gabor.szabo\.m2\repository\com\fasterxml\jackson\core\jackson-annotations\2.10.3\jackson-annotations-2.10.3.jar;C:\Users\gabor.szabo\.m2\repository\com\fasterxml\jackson\core\jackson-databind\2.10.3\jackson-databind-2.10.3.jar;C:\Users\gabor.szabo\.m2\repository\com\fasterxml\jackson\core\jackson-core\2.10.3\jackson-core-2.10.3.jar;C:\Users\gabor.szabo\.m2\repository\org\slf4j\jcl-over-slf4j\1.7.30\jcl-over-slf4j-1.7.30.jar;C:\Users\gabor.szabo\.m2\repository\com\github\docker-java\docker-java-transport-httpclient5\3.4.0\docker-java-transport-httpclient5-3.4.0.jar;C:\Users\gabor.szabo\.m2\repository\com\github\docker-java\docker-java-transport\3.4.0\docker-java-transport-3.4.0.jar;C:\Users\gabor.szabo\.m2\repository\net\java\dev\jna\jna\5.13.0\jna-5.13.0.jar;C:\Users\gabor.szabo\.m2\repository\org\brotli\dec\0.1.2\dec-0.1.2.jar;C:\Users\gabor.szabo\.m2\repository\org\apache\commons\commons-lang3\3.15.0\commons-lang3-3.15.0.jar;C:\Users\gabor.szabo\.m2\repository\org\apache\commons\commons-compress\1.26.2\commons-compress-1.26.2.jar;C:\Users\gabor.szabo\.m2\repository\commons-codec\commons-codec\1.17.0\commons-codec-1.17.0.jar;C:\Users\gabor.szabo\.m2\repository\commons-io\commons-io\2.16.1\commons-io-2.16.1.jar;C:\Users\gabor.szabo\.m2\repository\org\apache\httpcomponents\client5\httpclient5\5.2.1\httpclient5-5.2.1.jar;C:\Users\gabor.szabo\.m2\repository\org\apache\httpcomponents\core5\httpcore5\5.2\httpcore5-5.2.jar;C:\Users\gabor.szabo\.m2\repository\org\apache\httpcomponents\core5\httpcore5-h2\5.2\httpcore5-h2-5.2.jar;C:\Users\gabor.szabo\.m2\repository\org\testng\testng\6.9.10\testng-6.9.10.jar;C:\Users\gabor.szabo\.m2\repository\com\beust\jcommander\1.48\jcommander-1.48.jar;C:\Users\gabor.szabo\.m2\repository\org\beanshell\bsh\2.0b4\bsh-2.0b4.jar;C:\Users\gabor.szabo\.m2\repository\org\yaml\snakeyaml\1.10\snakeyaml-1.10.jar;C:\Users\gabor.szabo\.m2\repository\org\seleniumhq\selenium\selenium-java\4.8.0\selenium-java-4.8.0.jar;C:\Users\gabor.szabo\.m2\repository\org\seleniumhq\selenium\selenium-api\4.8.0\selenium-api-4.8.0.jar;C:\Users\gabor.szabo\.m2\repository\org\seleniumhq\selenium\selenium-chrome-driver\4.8.0\selenium-chrome-driver-4.8.0.jar;C:\Users\gabor.szabo\.m2\repository\com\google\auto\service\auto-service-annotations\1.0.1\auto-service-annotations-1.0.1.jar;C:\Users\gabor.szabo\.m2\repository\com\google\auto\service\auto-service\1.0.1\auto-service-1.0.1.jar;C:\Users\gabor.szabo\.m2\repository\com\google\auto\auto-common\1.2\auto-common-1.2.jar;C:\Users\gabor.szabo\.m2\repository\com\google\guava\guava\31.1-jre\guava-31.1-jre.jar;C:\Users\gabor.szabo\.m2\repository\com\google\guava\failureaccess\1.0.1\failureaccess-1.0.1.jar;C:\Users\gabor.szabo\.m2\repository\com\google\guava\listenablefuture\9999.0-empty-to-avoid-conflict-with-guava\listenablefuture-9999.0-empty-to-avoid-conflict-with-guava.jar;C:\Users\gabor.szabo\.m2\repository\com\google\code\findbugs\jsr305\3.0.2\jsr305-3.0.2.jar;C:\Users\gabor.szabo\.m2\repository\org\checkerframework\checker-qual\3.12.0\checker-qual-3.12.0.jar;C:\Users\gabor.szabo\.m2\repository\com\google\j2objc\j2objc-annotations\1.3\j2objc-annotations-1.3.jar;C:\Users\gabor.szabo\.m2\repository\org\seleniumhq\selenium\selenium-chromium-driver\4.8.0\selenium-chromium-driver-4.8.0.jar;C:\Users\gabor.szabo\.m2\repository\org\seleniumhq\selenium\selenium-json\4.8.0\selenium-json-4.8.0.jar;C:\Users\gabor.szabo\.m2\repository\org\seleniumhq\selenium\selenium-devtools-v107\4.8.0\selenium-devtools-v107-4.8.0.jar;C:\Users\gabor.szabo\.m2\repository\org\seleniumhq\selenium\selenium-devtools-v108\4.8.0\selenium-devtools-v108-4.8.0.jar;C:\Users\gabor.szabo\.m2\repository\org\seleniumhq\selenium\selenium-devtools-v109\4.8.0\selenium-devtools-v109-4.8.0.jar;C:\Users\gabor.szabo\.m2\repository\org\seleniumhq\selenium\selenium-devtools-v85\4.8.0\selenium-devtools-v85-4.8.0.jar;C:\Users\gabor.szabo\.m2\repository\org\seleniumhq\selenium\selenium-edge-driver\4.8.0\selenium-edge-driver-4.8.0.jar;C:\Users\gabor.szabo\.m2\repository\org\seleniumhq\selenium\selenium-firefox-driver\4.8.0\selenium-firefox-driver-4.8.0.jar;C:\Users\gabor.szabo\.m2\repository\org\seleniumhq\selenium\selenium-http\4.8.0\selenium-http-4.8.0.jar;C:\Users\gabor.szabo\.m2\repository\dev\failsafe\failsafe\3.3.0\failsafe-3.3.0.jar;C:\Users\gabor.szabo\.m2\repository\org\seleniumhq\selenium\selenium-ie-driver\4.8.0\selenium-ie-driver-4.8.0.jar;C:\Users\gabor.szabo\.m2\repository\org\seleniumhq\selenium\selenium-remote-driver\4.8.0\selenium-remote-driver-4.8.0.jar;C:\Users\gabor.szabo\.m2\repository\io\netty\netty-buffer\4.1.87.Final\netty-buffer-4.1.87.Final.jar;C:\Users\gabor.szabo\.m2\repository\io\netty\netty-codec-http\4.1.87.Final\netty-codec-http-4.1.87.Final.jar;C:\Users\gabor.szabo\.m2\repository\io\netty\netty-codec\4.1.87.Final\netty-codec-4.1.87.Final.jar;C:\Users\gabor.szabo\.m2\repository\io\netty\netty-handler\4.1.87.Final\netty-handler-4.1.87.Final.jar;C:\Users\gabor.szabo\.m2\repository\io\netty\netty-common\4.1.87.Final\netty-common-4.1.87.Final.jar;C:\Users\gabor.szabo\.m2\repository\io\netty\netty-transport-classes-epoll\4.1.87.Final\netty-transport-classes-epoll-4.1.87.Final.jar;C:\Users\gabor.szabo\.m2\repository\io\netty\netty-transport-classes-kqueue\4.1.87.Final\netty-transport-classes-kqueue-4.1.87.Final.jar;C:\Users\gabor.szabo\.m2\repository\io\netty\netty-transport-native-epoll\4.1.87.Final\netty-transport-native-epoll-4.1.87.Final.jar;C:\Users\gabor.szabo\.m2\repository\io\netty\netty-transport-native-kqueue\4.1.87.Final\netty-transport-native-kqueue-4.1.87.Final.jar;C:\Users\gabor.szabo\.m2\repository\io\netty\netty-transport-native-unix-common\4.1.87.Final\netty-transport-native-unix-common-4.1.87.Final.jar;C:\Users\gabor.szabo\.m2\repository\io\netty\netty-transport\4.1.87.Final\netty-transport-4.1.87.Final.jar;C:\Users\gabor.szabo\.m2\repository\io\netty\netty-resolver\4.1.87.Final\netty-resolver-4.1.87.Final.jar;C:\Users\gabor.szabo\.m2\repository\io\opentelemetry\opentelemetry-api\1.22.0\opentelemetry-api-1.22.0.jar;C:\Users\gabor.szabo\.m2\repository\io\opentelemetry\opentelemetry-context\1.22.0\opentelemetry-context-1.22.0.jar;C:\Users\gabor.szabo\.m2\repository\io\opentelemetry\opentelemetry-exporter-logging\1.22.0\opentelemetry-exporter-logging-1.22.0.jar;C:\Users\gabor.szabo\.m2\repository\io\opentelemetry\opentelemetry-sdk-metrics\1.22.0\opentelemetry-sdk-metrics-1.22.0.jar;C:\Users\gabor.szabo\.m2\repository\io\opentelemetry\opentelemetry-sdk-logs\1.22.0-alpha\opentelemetry-sdk-logs-1.22.0-alpha.jar;C:\Users\gabor.szabo\.m2\repository\io\opentelemetry\opentelemetry-api-logs\1.22.0-alpha\opentelemetry-api-logs-1.22.0-alpha.jar;C:\Users\gabor.szabo\.m2\repository\io\opentelemetry\opentelemetry-sdk-common\1.22.0\opentelemetry-sdk-common-1.22.0.jar;C:\Users\gabor.szabo\.m2\repository\io\opentelemetry\opentelemetry-sdk-extension-autoconfigure-spi\1.22.0\opentelemetry-sdk-extension-autoconfigure-spi-1.22.0.jar;C:\Users\gabor.szabo\.m2\repository\io\opentelemetry\opentelemetry-sdk-extension-autoconfigure\1.22.0-alpha\opentelemetry-sdk-extension-autoconfigure-1.22.0-alpha.jar;C:\Users\gabor.szabo\.m2\repository\io\opentelemetry\opentelemetry-sdk-trace\1.22.0\opentelemetry-sdk-trace-1.22.0.jar;C:\Users\gabor.szabo\.m2\repository\io\opentelemetry\opentelemetry-sdk\1.22.0\opentelemetry-sdk-1.22.0.jar;C:\Users\gabor.szabo\.m2\repository\io\opentelemetry\opentelemetry-semconv\1.22.0-alpha\opentelemetry-semconv-1.22.0-alpha.jar;C:\Users\gabor.szabo\.m2\repository\io\ous\jtoml\2.0.0\jtoml-2.0.0.jar;C:\Users\gabor.szabo\.m2\repository\org\apache\commons\commons-exec\1.3\commons-exec-1.3.jar;C:\Users\gabor.szabo\.m2\repository\org\asynchttpclient\async-http-client\2.12.3\async-http-client-2.12.3.jar;C:\Users\gabor.szabo\.m2\repository\org\asynchttpclient\async-http-client-netty-utils\2.12.3\async-http-client-netty-utils-2.12.3.jar;C:\Users\gabor.szabo\.m2\repository\io\netty\netty-codec-socks\4.1.60.Final\netty-codec-socks-4.1.60.Final.jar;C:\Users\gabor.szabo\.m2\repository\io\netty\netty-handler-proxy\4.1.60.Final\netty-handler-proxy-4.1.60.Final.jar;C:\Users\gabor.szabo\.m2\repository\io\netty\netty-transport-native-epoll\4.1.60.Final\netty-transport-native-epoll-4.1.60.Final-linux-x86_64.jar;C:\Users\gabor.szabo\.m2\repository\io\netty\netty-transport-native-kqueue\4.1.60.Final\netty-transport-native-kqueue-4.1.60.Final-osx-x86_64.jar;C:\Users\gabor.szabo\.m2\repository\org\reactivestreams\reactive-streams\1.0.3\reactive-streams-1.0.3.jar;C:\Users\gabor.szabo\.m2\repository\com\typesafe\netty\netty-reactive-streams\2.0.4\netty-reactive-streams-2.0.4.jar;C:\Users\gabor.szabo\.m2\repository\com\sun\activation\jakarta.activation\1.2.2\jakarta.activation-1.2.2.jar;C:\Users\gabor.szabo\.m2\repository\org\seleniumhq\selenium\selenium-manager\4.8.0\selenium-manager-4.8.0.jar;C:\Users\gabor.szabo\.m2\repository\org\seleniumhq\selenium\selenium-safari-driver\4.8.0\selenium-safari-driver-4.8.0.jar;C:\Users\gabor.szabo\.m2\repository\org\seleniumhq\selenium\selenium-support\4.8.0\selenium-support-4.8.0.jar;C:\Users\gabor.szabo\.m2\repository\org\junit\jupiter\junit-jupiter\5.11.4\junit-jupiter-5.11.4.jar;C:\Users\gabor.szabo\.m2\repository\org\junit\jupiter\junit-jupiter-api\5.11.4\junit-jupiter-api-5.11.4.jar;C:\Users\gabor.szabo\.m2\repository\org\opentest4j\opentest4j\1.3.0\opentest4j-1.3.0.jar;C:\Users\gabor.szabo\.m2\repository\org\junit\platform\junit-platform-commons\1.11.4\junit-platform-commons-1.11.4.jar;C:\Users\gabor.szabo\.m2\repository\org\junit\jupiter\junit-jupiter-params\5.11.4\junit-jupiter-params-5.11.4.jar;C:\Users\gabor.szabo\.m2\repository\org\junit\jupiter\junit-jupiter-engine\5.11.4\junit-jupiter-engine-5.11.4.jar;C:\Users\gabor.szabo\.m2\repository\org\junit\platform\junit-platform-engine\1.11.4\junit-platform-engine-1.11.4.jar;C:\Users\gabor.szabo\.m2\repository\org\assertj\assertj-core\3.23.1\assertj-core-3.23.1-javadoc.jar;C:\Users\gabor.szabo\.m2\repository\net\bytebuddy\byte-buddy\1.12.10\byte-buddy-1.12.10.jar;C:\Users\gabor.szabo\.m2\repository\org\assertj\assertj-core\3.23.1\assertj-core-3.23.1.jar;C:\Users\gabor.szabo\.m2\repository\org\slf4j\slf4j-api\2.1.0-alpha1\slf4j-api-2.1.0-alpha1.jar;C:\Users\gabor.szabo\.m2\repository\ch\qos\logback\logback-classic\1.5.6\logback-classic-1.5.6.jar;C:\Users\gabor.szabo\.m2\repository\ch\qos\logback\logback-core\1.5.6\logback-core-1.5.6.jar;"/>
    <property name="sun.cpu.endian" value="little"/>
    <property name="user.home" value="C:\Users\gabor.szabo"/>
    <property name="user.language" value="en"/>
    <property name="java.specification.vendor" value="Oracle Corporation"/>
    <property name="java.version.date" value="2024-01-16"/>
    <property name="java.home" value="C:\Program Files\Java\jdk-11"/>
    <property name="file.separator" value="\"/>
    <property name="basedir" value="C:\Users\gabor.szabo\autodemo"/>
    <property name="java.vm.compressedOopsMode" value="Zero based"/>
    <property name="line.separator" value="&#10;"/>
    <property name="java.specification.name" value="Java Platform API Specification"/>
    <property name="java.vm.specification.vendor" value="Oracle Corporation"/>
    <property name="java.awt.graphicsenv" value="sun.awt.Win32GraphicsEnvironment"/>
    <property name="surefire.real.class.path" value="C:\Users\gabor.szabo\AppData\Local\Temp\surefire5662152569039341055\surefirebooter-20250123103427885_3.jar"/>
    <property name="user.script" value=""/>
    <property name="sun.management.compiler" value="HotSpot 64-Bit Tiered Compilers"/>
    <property name="java.runtime.version" value="11.0.22+9-LTS-219"/>
    <property name="user.name" value="gabor.szabo"/>
    <property name="path.separator" value=";"/>
    <property name="os.version" value="10.0"/>
    <property name="java.runtime.name" value="Java(TM) SE Runtime Environment"/>
    <property name="file.encoding" value="Cp1251"/>
    <property name="java.vm.name" value="Java HotSpot(TM) 64-Bit Server VM"/>
    <property name="java.vendor.version" value="18.9"/>
    <property name="localRepository" value="C:\Users\gabor.szabo\.m2\repository"/>
    <property name="java.vendor.url.bug" value="https://bugreport.java.com/bugreport/"/>
    <property name="java.io.tmpdir" value="C:\Users\GABOR~1.SZA\AppData\Local\Temp\"/>
    <property name="java.version" value="11.0.22"/>
    <property name="user.dir" value="C:\Users\gabor.szabo\autodemo"/>
    <property name="os.arch" value="amd64"/>
    <property name="java.vm.specification.name" value="Java Virtual Machine Specification"/>
    <property name="java.awt.printerjob" value="sun.awt.windows.WPrinterJob"/>
    <property name="sun.os.patch.level" value=""/>
    <property name="java.library.path" value="C:\Program Files\Java\jdk-11\bin;C:\Windows\Sun\Java\bin;C:\Windows\system32;C:\Windows;C:\Program Files\Common Files\Oracle\Java\javapath;C:\Windows\system32;C:\Windows;C:\Windows\System32\Wbem;C:\Windows\System32\WindowsPowerShell\v1.0\;C:\Windows\System32\OpenSSH\;C:\Program Files\dotnet\;C:\ProgramData\chocolatey\bin;C:\Program Files\Git\cmd;C:\Program Files\Microsoft VS Code\binC:\Program Files\Java\jdk-11\bin;C:\Apache Maven 3.9.7\bin;C:\Users\gabor.szabo\Downloads\chromedriver-win64\chromedriver-win64\chromedriver.exe;C:\Users\gabor.szabo\AppData\Local\Microsoft\WindowsApps;;C:\Users\gabor.szabo\AppData\Local\Programs\Fiddler;."/>
    <property name="java.vendor" value="Oracle Corporation"/>
    <property name="java.vm.info" value="mixed mode"/>
    <property name="java.vm.version" value="11.0.22+9-LTS-219"/>
    <property name="java.specification.maintenance.version" value="2"/>
    <property name="sun.io.unicode.encoding" value="UnicodeLittle"/>
    <property name="java.class.version" value="55.0"/>
  </properties>
  <testcase name="radioButtons" classname="com.test.classes.TestElements" time="10.642">
    <system-out><![CDATA[2025-01-23 10:34:28 DEBUG i.g.bonigarcia.wdm.WebDriverManager - Using WebDriverManager 5.9.2
2025-01-23 10:34:29 DEBUG i.g.b.wdm.cache.ResolutionCache - Removing resolution chrome=132 from cache (expired on Wed Jan 22 18:47:22 CET 2025)
2025-01-23 10:34:29 DEBUG o.a.h.c.h.i.c.InternalHttpClient - ex-0000000001 preparing request execution
2025-01-23 10:34:29 DEBUG o.a.h.c.h.impl.classic.ProtocolExec - ex-0000000001 target auth state: UNCHALLENGED
2025-01-23 10:34:29 DEBUG o.a.h.c.h.impl.classic.ProtocolExec - ex-0000000001 proxy auth state: UNCHALLENGED
2025-01-23 10:34:29 DEBUG o.a.h.c.h.impl.classic.ConnectExec - ex-0000000001 acquiring connection with route {s}->https://raw.githubusercontent.com:443
2025-01-23 10:34:29 DEBUG o.a.h.c.h.i.c.InternalHttpClient - ex-0000000001 acquiring endpoint (3 MINUTES)
2025-01-23 10:34:29 DEBUG o.a.h.c.h.i.i.PoolingHttpClientConnectionManager - ex-0000000001 endpoint lease request (3 MINUTES) [route: {s}->https://raw.githubusercontent.com:443][total available: 0; route allocated: 0 of 5; total allocated: 0 of 25]
2025-01-23 10:34:29 DEBUG o.a.h.c.h.i.i.PoolingHttpClientConnectionManager - ex-0000000001 endpoint leased [route: {s}->https://raw.githubusercontent.com:443][total available: 0; route allocated: 1 of 5; total allocated: 1 of 25]
2025-01-23 10:34:29 DEBUG o.a.h.c.h.i.i.PoolingHttpClientConnectionManager - ex-0000000001 acquired ep-0000000001
2025-01-23 10:34:29 DEBUG o.a.h.c.h.i.c.InternalHttpClient - ex-0000000001 acquired endpoint ep-0000000001
2025-01-23 10:34:29 DEBUG o.a.h.c.h.impl.classic.ConnectExec - ex-0000000001 opening connection {s}->https://raw.githubusercontent.com:443
2025-01-23 10:34:29 DEBUG o.a.h.c.h.i.c.InternalHttpClient - ep-0000000001 connecting endpoint (null)
2025-01-23 10:34:29 DEBUG o.a.h.c.h.i.i.PoolingHttpClientConnectionManager - ep-0000000001 connecting endpoint to https://raw.githubusercontent.com:443 (30 SECONDS)
2025-01-23 10:34:29 DEBUG o.a.h.c.h.i.i.DefaultHttpClientConnectionOperator - raw.githubusercontent.com resolving remote address
2025-01-23 10:34:29 DEBUG o.a.h.c.h.i.i.DefaultHttpClientConnectionOperator - raw.githubusercontent.com resolved to [raw.githubusercontent.com/185.199.111.133, raw.githubusercontent.com/185.199.110.133, raw.githubusercontent.com/185.199.108.133, raw.githubusercontent.com/185.199.109.133]
2025-01-23 10:34:29 DEBUG o.a.h.c.h.i.i.DefaultHttpClientConnectionOperator - raw.githubusercontent.com:443 connecting null->raw.githubusercontent.com/185.199.111.133:443 (30 SECONDS)
2025-01-23 10:34:29 DEBUG o.a.h.c.h.s.SSLConnectionSocketFactory - Connecting socket to raw.githubusercontent.com/185.199.111.133:443 with timeout 30 SECONDS
2025-01-23 10:34:29 DEBUG o.a.h.c.h.s.SSLConnectionSocketFactory - Enabled protocols: [TLSv1.3, TLSv1.2]
2025-01-23 10:34:29 DEBUG o.a.h.c.h.s.SSLConnectionSocketFactory - Enabled cipher suites: [TLS_AES_256_GCM_SHA384, TLS_AES_128_GCM_SHA256, TLS_CHACHA20_POLY1305_SHA256, TLS_ECDHE_ECDSA_WITH_AES_256_GCM_SHA384, TLS_ECDHE_ECDSA_WITH_AES_128_GCM_SHA256, TLS_ECDHE_ECDSA_WITH_CHACHA20_POLY1305_SHA256, TLS_ECDHE_RSA_WITH_AES_256_GCM_SHA384, TLS_ECDHE_RSA_WITH_CHACHA20_POLY1305_SHA256, TLS_ECDHE_RSA_WITH_AES_128_GCM_SHA256, TLS_DHE_RSA_WITH_AES_256_GCM_SHA384, TLS_DHE_RSA_WITH_CHACHA20_POLY1305_SHA256, TLS_DHE_DSS_WITH_AES_256_GCM_SHA384, TLS_DHE_RSA_WITH_AES_128_GCM_SHA256, TLS_DHE_DSS_WITH_AES_128_GCM_SHA256, TLS_ECDHE_ECDSA_WITH_AES_256_CBC_SHA384, TLS_ECDHE_RSA_WITH_AES_256_CBC_SHA384, TLS_ECDHE_ECDSA_WITH_AES_128_CBC_SHA256, TLS_ECDHE_RSA_WITH_AES_128_CBC_SHA256, TLS_DHE_RSA_WITH_AES_256_CBC_SHA256, TLS_DHE_DSS_WITH_AES_256_CBC_SHA256, TLS_DHE_RSA_WITH_AES_128_CBC_SHA256, TLS_DHE_DSS_WITH_AES_128_CBC_SHA256, TLS_ECDH_ECDSA_WITH_AES_256_GCM_SHA384, TLS_ECDH_RSA_WITH_AES_256_GCM_SHA384, TLS_ECDH_ECDSA_WITH_AES_128_GCM_SHA256, TLS_ECDH_RSA_WITH_AES_128_GCM_SHA256, TLS_ECDH_ECDSA_WITH_AES_256_CBC_SHA384, TLS_ECDH_RSA_WITH_AES_256_CBC_SHA384, TLS_ECDH_ECDSA_WITH_AES_128_CBC_SHA256, TLS_ECDH_RSA_WITH_AES_128_CBC_SHA256, TLS_ECDHE_ECDSA_WITH_AES_256_CBC_SHA, TLS_ECDHE_RSA_WITH_AES_256_CBC_SHA, TLS_ECDHE_ECDSA_WITH_AES_128_CBC_SHA, TLS_ECDHE_RSA_WITH_AES_128_CBC_SHA, TLS_DHE_RSA_WITH_AES_256_CBC_SHA, TLS_DHE_DSS_WITH_AES_256_CBC_SHA, TLS_DHE_RSA_WITH_AES_128_CBC_SHA, TLS_DHE_DSS_WITH_AES_128_CBC_SHA, TLS_ECDH_ECDSA_WITH_AES_256_CBC_SHA, TLS_ECDH_RSA_WITH_AES_256_CBC_SHA, TLS_ECDH_ECDSA_WITH_AES_128_CBC_SHA, TLS_ECDH_RSA_WITH_AES_128_CBC_SHA, TLS_RSA_WITH_AES_256_GCM_SHA384, TLS_RSA_WITH_AES_128_GCM_SHA256, TLS_RSA_WITH_AES_256_CBC_SHA256, TLS_RSA_WITH_AES_128_CBC_SHA256, TLS_RSA_WITH_AES_256_CBC_SHA, TLS_RSA_WITH_AES_128_CBC_SHA, TLS_EMPTY_RENEGOTIATION_INFO_SCSV]
2025-01-23 10:34:29 DEBUG o.a.h.c.h.s.SSLConnectionSocketFactory - Starting handshake (null)
2025-01-23 10:34:29 DEBUG o.a.h.c.h.s.SSLConnectionSocketFactory - Secure session established
2025-01-23 10:34:29 DEBUG o.a.h.c.h.s.SSLConnectionSocketFactory -  negotiated protocol: TLSv1.3
2025-01-23 10:34:29 DEBUG o.a.h.c.h.s.SSLConnectionSocketFactory -  negotiated cipher suite: TLS_AES_128_GCM_SHA256
2025-01-23 10:34:29 DEBUG o.a.h.c.h.s.SSLConnectionSocketFactory -  peer principal: CN=*.github.io, O="GitHub, Inc.", L=San Francisco, ST=California, C=US
2025-01-23 10:34:29 DEBUG o.a.h.c.h.s.SSLConnectionSocketFactory -  peer alternative names: [*.github.io, github.io, githubusercontent.com, www.github.com, *.github.com, *.githubusercontent.com, github.com]
2025-01-23 10:34:29 DEBUG o.a.h.c.h.s.SSLConnectionSocketFactory -  issuer principal: CN=DigiCert Global G2 TLS RSA SHA256 2020 CA1, O=DigiCert Inc, C=US
2025-01-23 10:34:29 DEBUG o.a.h.c.h.i.i.DefaultManagedHttpClientConnection - http-outgoing-0 set socket timeout to 3 MINUTES
2025-01-23 10:34:29 DEBUG o.a.h.c.h.i.i.DefaultHttpClientConnectionOperator - raw.githubusercontent.com:443 connected null->raw.githubusercontent.com/185.199.111.133:443 as http-outgoing-0
2025-01-23 10:34:29 DEBUG o.a.h.c.h.i.i.PoolingHttpClientConnectionManager - ep-0000000001 connected http-outgoing-0
2025-01-23 10:34:29 DEBUG o.a.h.c.h.i.c.InternalHttpClient - ep-0000000001 endpoint connected
2025-01-23 10:34:29 DEBUG o.a.h.c.h.i.classic.MainClientExec - ex-0000000001 executing GET /bonigarcia/webdrivermanager/master/src/main/resources/commands.properties HTTP/1.1
2025-01-23 10:34:29 DEBUG o.a.h.c.h.protocol.RequestAddCookies - ex-0000000001 Cookie spec selected: strict
2025-01-23 10:34:29 DEBUG o.a.h.c.h.i.c.InternalHttpClient - ep-0000000001 start execution ex-0000000001
2025-01-23 10:34:29 DEBUG o.a.h.c.h.i.i.PoolingHttpClientConnectionManager - ep-0000000001 executing exchange ex-0000000001 over http-outgoing-0
2025-01-23 10:34:29 DEBUG org.apache.hc.client5.http.headers - http-outgoing-0 >> GET /bonigarcia/webdrivermanager/master/src/main/resources/commands.properties HTTP/1.1
2025-01-23 10:34:29 DEBUG org.apache.hc.client5.http.headers - http-outgoing-0 >> user-agent: Apache-HttpClient/5.0
2025-01-23 10:34:29 DEBUG org.apache.hc.client5.http.headers - http-outgoing-0 >> accept-encoding: gzip, deflate, br
2025-01-23 10:34:29 DEBUG org.apache.hc.client5.http.headers - http-outgoing-0 >> cache-control: max-age=0
2025-01-23 10:34:29 DEBUG org.apache.hc.client5.http.headers - http-outgoing-0 >> connection: keep-alive
2025-01-23 10:34:29 DEBUG org.apache.hc.client5.http.headers - http-outgoing-0 >> Host: raw.githubusercontent.com
2025-01-23 10:34:29 DEBUG org.apache.hc.client5.http.wire - http-outgoing-0 >> "GET /bonigarcia/webdrivermanager/master/src/main/resources/commands.properties HTTP/1.1[\r][\n]"
2025-01-23 10:34:29 DEBUG org.apache.hc.client5.http.wire - http-outgoing-0 >> "user-agent: Apache-HttpClient/5.0[\r][\n]"
2025-01-23 10:34:29 DEBUG org.apache.hc.client5.http.wire - http-outgoing-0 >> "accept-encoding: gzip, deflate, br[\r][\n]"
2025-01-23 10:34:29 DEBUG org.apache.hc.client5.http.wire - http-outgoing-0 >> "cache-control: max-age=0[\r][\n]"
2025-01-23 10:34:29 DEBUG org.apache.hc.client5.http.wire - http-outgoing-0 >> "connection: keep-alive[\r][\n]"
2025-01-23 10:34:29 DEBUG org.apache.hc.client5.http.wire - http-outgoing-0 >> "Host: raw.githubusercontent.com[\r][\n]"
2025-01-23 10:34:29 DEBUG org.apache.hc.client5.http.wire - http-outgoing-0 >> "[\r][\n]"
2025-01-23 10:34:29 DEBUG org.apache.hc.client5.http.wire - http-outgoing-0 << "HTTP/1.1 200 OK[\r][\n]"
2025-01-23 10:34:29 DEBUG org.apache.hc.client5.http.wire - http-outgoing-0 << "Connection: keep-alive[\r][\n]"
2025-01-23 10:34:29 DEBUG org.apache.hc.client5.http.wire - http-outgoing-0 << "Content-Length: 745[\r][\n]"
2025-01-23 10:34:29 DEBUG org.apache.hc.client5.http.wire - http-outgoing-0 << "Cache-Control: max-age=300[\r][\n]"
2025-01-23 10:34:29 DEBUG org.apache.hc.client5.http.wire - http-outgoing-0 << "Content-Security-Policy: default-src 'none'; style-src 'unsafe-inline'; sandbox[\r][\n]"
2025-01-23 10:34:29 DEBUG org.apache.hc.client5.http.wire - http-outgoing-0 << "Content-Type: text/plain; charset=utf-8[\r][\n]"
2025-01-23 10:34:29 DEBUG org.apache.hc.client5.http.wire - http-outgoing-0 << "ETag: W/"dd41edff335272162022217759820159dac501cff56850e2510f504462cd9b5f"[\r][\n]"
2025-01-23 10:34:29 DEBUG org.apache.hc.client5.http.wire - http-outgoing-0 << "Strict-Transport-Security: max-age=31536000[\r][\n]"
2025-01-23 10:34:29 DEBUG org.apache.hc.client5.http.wire - http-outgoing-0 << "X-Content-Type-Options: nosniff[\r][\n]"
2025-01-23 10:34:29 DEBUG org.apache.hc.client5.http.wire - http-outgoing-0 << "X-Frame-Options: deny[\r][\n]"
2025-01-23 10:34:29 DEBUG org.apache.hc.client5.http.wire - http-outgoing-0 << "X-XSS-Protection: 1; mode=block[\r][\n]"
2025-01-23 10:34:29 DEBUG org.apache.hc.client5.http.wire - http-outgoing-0 << "X-GitHub-Request-Id: 0861:3D6372:266535:28B5A3:677CB799[\r][\n]"
2025-01-23 10:34:29 DEBUG org.apache.hc.client5.http.wire - http-outgoing-0 << "Content-Encoding: gzip[\r][\n]"
2025-01-23 10:34:29 DEBUG org.apache.hc.client5.http.wire - http-outgoing-0 << "Accept-Ranges: bytes[\r][\n]"
2025-01-23 10:34:29 DEBUG org.apache.hc.client5.http.wire - http-outgoing-0 << "Date: Thu, 23 Jan 2025 09:34:29 GMT[\r][\n]"
2025-01-23 10:34:29 DEBUG org.apache.hc.client5.http.wire - http-outgoing-0 << "Via: 1.1 varnish[\r][\n]"
2025-01-23 10:34:29 DEBUG org.apache.hc.client5.http.wire - http-outgoing-0 << "X-Served-By: cache-vie6338-VIE[\r][\n]"
2025-01-23 10:34:29 DEBUG org.apache.hc.client5.http.wire - http-outgoing-0 << "X-Cache: HIT[\r][\n]"
2025-01-23 10:34:29 DEBUG org.apache.hc.client5.http.wire - http-outgoing-0 << "X-Cache-Hits: 23[\r][\n]"
2025-01-23 10:34:29 DEBUG org.apache.hc.client5.http.wire - http-outgoing-0 << "X-Timer: S1737624870.534676,VS0,VE0[\r][\n]"
2025-01-23 10:34:29 DEBUG org.apache.hc.client5.http.wire - http-outgoing-0 << "Vary: Authorization,Accept-Encoding,Origin[\r][\n]"
2025-01-23 10:34:29 DEBUG org.apache.hc.client5.http.wire - http-outgoing-0 << "Access-Control-Allow-Origin: *[\r][\n]"
2025-01-23 10:34:29 DEBUG org.apache.hc.client5.http.wire - http-outgoing-0 << "Cross-Origin-Resource-Policy: cross-origin[\r][\n]"
2025-01-23 10:34:29 DEBUG org.apache.hc.client5.http.wire - http-outgoing-0 << "X-Fastly-Request-ID: 4daa83096e49225437d6d4121ca8059965a0a82d[\r][\n]"
2025-01-23 10:34:29 DEBUG org.apache.hc.client5.http.wire - http-outgoing-0 << "Expires: Thu, 23 Jan 2025 09:39:29 GMT[\r][\n]"
2025-01-23 10:34:29 DEBUG org.apache.hc.client5.http.wire - http-outgoing-0 << "Source-Age: 286[\r][\n]"
2025-01-23 10:34:29 DEBUG org.apache.hc.client5.http.wire - http-outgoing-0 << "[\r][\n]"
2025-01-23 10:34:29 DEBUG org.apache.hc.client5.http.headers - http-outgoing-0 << HTTP/1.1 200 OK
2025-01-23 10:34:29 DEBUG org.apache.hc.client5.http.headers - http-outgoing-0 << Connection: keep-alive
2025-01-23 10:34:29 DEBUG org.apache.hc.client5.http.headers - http-outgoing-0 << Content-Length: 745
2025-01-23 10:34:29 DEBUG org.apache.hc.client5.http.headers - http-outgoing-0 << Cache-Control: max-age=300
2025-01-23 10:34:29 DEBUG org.apache.hc.client5.http.headers - http-outgoing-0 << Content-Security-Policy: default-src 'none'; style-src 'unsafe-inline'; sandbox
2025-01-23 10:34:29 DEBUG org.apache.hc.client5.http.headers - http-outgoing-0 << Content-Type: text/plain; charset=utf-8
2025-01-23 10:34:29 DEBUG org.apache.hc.client5.http.headers - http-outgoing-0 << ETag: W/"dd41edff335272162022217759820159dac501cff56850e2510f504462cd9b5f"
2025-01-23 10:34:29 DEBUG org.apache.hc.client5.http.headers - http-outgoing-0 << Strict-Transport-Security: max-age=31536000
2025-01-23 10:34:29 DEBUG org.apache.hc.client5.http.headers - http-outgoing-0 << X-Content-Type-Options: nosniff
2025-01-23 10:34:29 DEBUG org.apache.hc.client5.http.headers - http-outgoing-0 << X-Frame-Options: deny
2025-01-23 10:34:29 DEBUG org.apache.hc.client5.http.headers - http-outgoing-0 << X-XSS-Protection: 1; mode=block
2025-01-23 10:34:29 DEBUG org.apache.hc.client5.http.headers - http-outgoing-0 << X-GitHub-Request-Id: 0861:3D6372:266535:28B5A3:677CB799
2025-01-23 10:34:29 DEBUG org.apache.hc.client5.http.headers - http-outgoing-0 << Content-Encoding: gzip
2025-01-23 10:34:29 DEBUG org.apache.hc.client5.http.headers - http-outgoing-0 << Accept-Ranges: bytes
2025-01-23 10:34:29 DEBUG org.apache.hc.client5.http.headers - http-outgoing-0 << Date: Thu, 23 Jan 2025 09:34:29 GMT
2025-01-23 10:34:29 DEBUG org.apache.hc.client5.http.headers - http-outgoing-0 << Via: 1.1 varnish
2025-01-23 10:34:29 DEBUG org.apache.hc.client5.http.headers - http-outgoing-0 << X-Served-By: cache-vie6338-VIE
2025-01-23 10:34:29 DEBUG org.apache.hc.client5.http.headers - http-outgoing-0 << X-Cache: HIT
2025-01-23 10:34:29 DEBUG org.apache.hc.client5.http.headers - http-outgoing-0 << X-Cache-Hits: 23
2025-01-23 10:34:29 DEBUG org.apache.hc.client5.http.headers - http-outgoing-0 << X-Timer: S1737624870.534676,VS0,VE0
2025-01-23 10:34:29 DEBUG org.apache.hc.client5.http.headers - http-outgoing-0 << Vary: Authorization,Accept-Encoding,Origin
2025-01-23 10:34:29 DEBUG org.apache.hc.client5.http.headers - http-outgoing-0 << Access-Control-Allow-Origin: *
2025-01-23 10:34:29 DEBUG org.apache.hc.client5.http.headers - http-outgoing-0 << Cross-Origin-Resource-Policy: cross-origin
2025-01-23 10:34:29 DEBUG org.apache.hc.client5.http.headers - http-outgoing-0 << X-Fastly-Request-ID: 4daa83096e49225437d6d4121ca8059965a0a82d
2025-01-23 10:34:29 DEBUG org.apache.hc.client5.http.headers - http-outgoing-0 << Expires: Thu, 23 Jan 2025 09:39:29 GMT
2025-01-23 10:34:29 DEBUG org.apache.hc.client5.http.headers - http-outgoing-0 << Source-Age: 286
2025-01-23 10:34:29 DEBUG o.a.h.c.h.i.classic.MainClientExec - ex-0000000001 connection can be kept alive for 3 MINUTES
2025-01-23 10:34:29 DEBUG org.apache.hc.client5.http.wire - http-outgoing-0 << "[0x1f][0xffffff8b][0x8][0x0][0x0][0x0][0x0][0x0][0x0][0x3][0xffffffb5]W]o[0xffffffda]0[0x14]}[0xffffffe7]W\QUj% [0x1b][0xffffffad][0xffffffa6]i[0x12][0xf]4c[0xffffffdd]4*[0x18][0xffffffb4][0xffffffdd]&[0xfffffff9][0xffffffc5]$N[0xffffffb0][0xffffff94][0xffffffd8][0xffffffc8]NJ[0xffffffb7]_?[0xffffffdb][0xfffffff9]X[0xffffff92]:[0xffffffa3]k[0xffffffe8][0x1b][0xffffffb6][0xffffffef]=[0xffffffe7][0xffffffd8][0xfffffff7][0xffffffe4][0xffffffda][0xffffff9c][0xffffff80][0xffffffcb][0xffffffe3][0x18]3_[0xffffff82][0xffffff8f][0x13][0xffffffbc][0xffffffc1][0xffffff92][0xfffffff4]N[0xffffffe0]vK%[0x4]4"[0xffffffe0]q[0xffffff96]`[0xffffffca]$$[=[0xffffffc8]C[0x13][0xe][0x1b][0x2][0xffffffe4][0xffffff91]xiB|[0xffffffa0][0xffffffcc],[0xffffffcb]-[0xffffff89]"=[0xffffffe0][0xffffffc2]'B[0x7][0xfffffff9]$!^b[0x16][0x1f][0xffffff88][0xffffff90][0xffffff94][0xffffffab][0xffffffb5][0x0][0xffffff88][0xfffffffa][0x1d][\n]"
2025-01-23 10:34:29 DEBUG org.apache.hc.client5.http.wire - http-outgoing-0 << "B[0x18]l[0x4][0xffffffdf]K[0xffffffb5][0xffffffa0]([0xffffffcf][0xffffffdc][0xffffffad][0xffffffe0]1[0x19][0xffffffc0]'*H[0xffffffc0][0x1f][0x7][0xffffffb0][0xffffffd8][0x11][0xffffff81][0x7]0[0xfffffff3]C5kVi[0x1a][0xffffff9f]k|[0xffffff9f][0x6][0x1][0x11][0xffffff84]%[0xffffffc0]uLBY[0x8][0xfffffff2][0xffffff97]LH,[0xffffffe1][0xffffffec];e[0xffffffbe]B[0x1d][0xffffffc0][0xffffff9c][0xffffffb2]T[0xffffffc1][0xffffffdc]`[0xf][0x16][0xffffffeb][0xfffffff3][0xffffff9e][0xffffffe2][0xffffffc8](z[0xfffffff9]6F[0xffffff9e][0x19][0xffffff8e][0xfffffff6]Y[0xffffffc2][0xffffffe8][0xffffffcd][0xffffffdb][0xffffff89][0x17][0xfffffffb]#[0xffffffb5]+p\[0xffffffd8][0xffffffc7][0xffffffd4]3Gb[0xffffff8e]a[0xffffffbf]U|[0xffffffc0]pL&[0xfffffffd][0xffffffd3][0xffffffe5]jq[0xffffffbd][0xffffff9a][0xffffffde]|[0xfffffffa]2[0xffffff9f][0xffffffad]?[0xffffffa0][0x9]B[0xffffffa7][0x8]]s[0x1e]F[0x4][0xffffffa1][0xffffff8c][0x2][0xffffffa1][0xffffffe9]n[0x17]QOI[0xffffffe3][0xc][0xffffffa1][0xffffff9c]H![0xfffffff7]!$[0x9][0xffffffdc][0xffffffe7]g[0xffffffe1]<[0xffffffe0](m[0xffffffd7]3~[0xffffff81][0xffffff9e][0xffffffb3][0x1f][0xffffffef][0xffffffdf][0xffffff9d][0xffffffbf][0xffffffa6][0xffffffa8][0xffffff8b]g[0xffffff8a][0xffffff9a]/[0xffffffdc][0xffffffe9]|[0xffffffba]\~[0xffffff9c][0xffffffde]N_S[0xffffffcf][0xffffffe5]d5[0xffffffbb][0xffffff86]ow[0xffffffb3][0xffffffd5]O[0xfffffff8][0xfffffffc][0xffffffd5][0xffffffbd]Ck[0x1e]${,H[0xffffffc1][0xffffff96][0xffffff93]][0xffffffcd][0xffffffaf][0x8][0xfffffff6][0xc]^[0xffffffe1][0xffffffc5]^[0x13]4[0xffffffd2][0xffffff8e][0xffffffd1]>pR)[0xffffff9c][\r]eNh0[0xffffff86][0xffffffd9]:[0xc][0xffffff87]E[0xffffffa6]=q<i[0xffffff8b]o&[0xffffffc4][0xffffffd8]3<[0xffffff95][0x13][0xffffff90]N&8w[0xffffffe9][0x8][0xffffffef]v[0xffffff8e][0xffffffab][0xffffffbe]>es[0xffffffe9]([0x13]/[0xffffffd6][0xfffffff5][0xffffff80]*[0xffffffba][0xfffffff2]v[0xfffffffe][0xffffffd9][0xffffff94]DA6>[0xffffff8e][0xffffffbb]o[0xfffffff8]o[0x1a]E[0xffffffb8] A[0xffffffa8]@?T[0xffffffad]'*:{[0xfffffffa]xR.*[0xffffffce][0xffffffe9][0xffffffd7][0xffffffad][0xffffff93][0xffffff93]4[0xffffffc9][0xfffffffa][0xffffffda]<n*t[0xffffffeb][0xffffffb9]oV[0xffffffb6][0xffffffc0]/M[0xffffff94]O[0xffffffc0][0xfffffff0][0xffffffe1]i[0xffffff90][0xffffffb5][0xfffffffe]9[0xffffff8b][0xffffffad][0xfffffff2]U,Ul[0xffffffdd][0x13]KL[0xffffffa2][0x6][0xffffffdd][0xffffffca]\?`[0xffffffea][0x9].[0xffffffd5]I [0xffffffa4]i[0x1a]_i,[\r][0xffffffdd][0xffffffa1][0xffffffc3][0xffffffae]kzI[0xffffffd1]_Q[0xffffffce]Ek[0xffffffcb][0xfffffff8]Kf[0xffffffb8][0xfffffffe][0xffffffd9]3[0xc][0xffffffe6][0xffffffd3][0xffffff8e][0x11][0x17][0x10]C[0x1d]`i[0x19][0xffffffd5][0xffffffbc][0xfffffff1][0xffffffa4]5[0xffffffbc][0x1e]o[0xfffffff5]K[0xffffffa9][0xffffffd6][0xfffffff8][0xffffffc1]f[0xffffff9b]z[0x4][0xffffffd4][0x1a][0xffffff86][0xffffffb9]^K[0x16]s[0xffffff91][0xfffffffe][0xffffffbf][0xffffff8b]l]~)x(p,[0x11]2[0x14][0x8]E8e[0xffffff9e][0xffffffca]:X[0xffffffa6][0xffffff86][0xffffff88].[0xffffffb6]9[0xffffff9a][0xffffff88].[0xfffffff7]]G[0xffffffea][0xffffffcb][0xe][0xfffffffb][0x7f].u[0xffffff83][0xffffffbb][0xfffffff4][0xffffffb3][0x19][0xffffffda][0xffffffec][0xffffff98][0xffffffc5]Y[0xfffffffd]h8m6\4[0xffffffc1][0xffffff8a][0xffffffb7][0xffffff98]z[0xffffffd0][0xffffffd5]oF5q[0x1c][0x13][0x16][0xfffffff0][0x1d][0x1e][0x19]5-[0xffffff9d][0xffffffef][0xffffffad]c[0xb]z[0xffffffae]/m[0xffffffe6]8[0xffffffb6][0xffffff96][0xfffffff6]7X[0xffffffc9]t[0xfffffff8][0xfffffff9][0xffffffa5][0x11]K[0xfffffffb][0x15]3[0xffffffc3][0xfffffffc][0x1f]B[0xffffffdb][0xffffffd3][0xffffffab][0xffffff92]4.[0xffffff93]Z[0xffffffdf]]:[0xffffffda][0xffffffea][0xffffffdc]B[0xffffffa6][0xffffffcd][0xffffffbc][0xffffffae][0x5][0xfffffff5][0x4][0xffffffd6]8[0xffffffc0][0xffffff82][0xffffff96][0xfffffff0][0xffffffd2][0xc][0xffffffed][0xffffffe0]Y[0xffffffa8][\r]:[[0xffffffa9][0x0][0xffffffff][0x1][0xfffffff8][0x15][0xffffffb4][0xffffffee][0xffffff8e][\r][0x0][0x0]"
2025-01-23 10:34:29 DEBUG o.a.h.c.h.i.c.InternalHttpClient - ep-0000000001 releasing valid endpoint
2025-01-23 10:34:29 DEBUG o.a.h.c.h.i.i.PoolingHttpClientConnectionManager - ep-0000000001 releasing endpoint
2025-01-23 10:34:29 DEBUG o.a.h.c.h.i.i.PoolingHttpClientConnectionManager - ep-0000000001 connection http-outgoing-0 can be kept alive for 3 MINUTES
2025-01-23 10:34:29 DEBUG o.a.h.c.h.i.i.PoolingHttpClientConnectionManager - ep-0000000001 connection released [route: {s}->https://raw.githubusercontent.com:443][total available: 1; route allocated: 1 of 5; total allocated: 1 of 25]
2025-01-23 10:34:29 DEBUG i.g.b.wdm.versions.VersionDetector - Detecting chrome version using online commands.properties
2025-01-23 10:34:29 DEBUG i.g.bonigarcia.wdm.versions.Shell - Running command on the shell: [cmd.exe, /C, wmic, datafile, where, name="%PROGRAMFILES:\=\\%\\Google\\Chrome\\Application\\chrome.exe", get, Version, /value]
2025-01-23 10:34:29 DEBUG i.g.bonigarcia.wdm.versions.Shell - Result: Version=132.0.6834.84
2025-01-23 10:34:29 DEBUG i.g.b.wdm.cache.ResolutionCache - Resolution chrome132=132.0.6834.83 in cache (valid until 10:35:46 23/01/2025 CET)
2025-01-23 10:34:29 INFO  i.g.bonigarcia.wdm.WebDriverManager - Using chromedriver 132.0.6834.83 (resolved driver for Chrome 132)
2025-01-23 10:34:29 DEBUG i.g.b.wdm.cache.ResolutionCache - Storing resolution chrome=132 in cache (valid until 11:34:29 23/01/2025 CET)
2025-01-23 10:34:29 DEBUG i.g.bonigarcia.wdm.WebDriverManager - Driver chromedriver 132.0.6834.83 found in cache
2025-01-23 10:34:29 INFO  i.g.bonigarcia.wdm.WebDriverManager - Exporting webdriver.chrome.driver as C:\Users\gabor.szabo\.cache\selenium\chromedriver\win64\132.0.6834.83\chromedriver.exe
2025-01-23 10:34:29 DEBUG i.n.u.i.l.InternalLoggerFactory - Using SLF4J as the default logging framework
2025-01-23 10:34:29 DEBUG io.netty.util.ResourceLeakDetector - -Dio.netty.leakDetection.level: simple
2025-01-23 10:34:29 DEBUG io.netty.util.ResourceLeakDetector - -Dio.netty.leakDetection.targetRecords: 4
2025-01-23 10:34:29 DEBUG i.n.util.ResourceLeakDetectorFactory - Loaded default ResourceLeakDetector: io.netty.util.ResourceLeakDetector@680d4a6a
2025-01-23 10:34:29 DEBUG i.n.util.internal.PlatformDependent0 - -Dio.netty.noUnsafe: false
2025-01-23 10:34:29 DEBUG i.n.util.internal.PlatformDependent0 - Java version: 11
2025-01-23 10:34:29 DEBUG i.n.util.internal.PlatformDependent0 - sun.misc.Unsafe.theUnsafe: available
2025-01-23 10:34:29 DEBUG i.n.util.internal.PlatformDependent0 - sun.misc.Unsafe.copyMemory: available
2025-01-23 10:34:29 DEBUG i.n.util.internal.PlatformDependent0 - sun.misc.Unsafe.storeFence: available
2025-01-23 10:34:29 DEBUG i.n.util.internal.PlatformDependent0 - java.nio.Buffer.address: available
2025-01-23 10:34:29 DEBUG i.n.util.internal.PlatformDependent0 - direct buffer constructor: unavailable: Reflective setAccessible(true) disabled
2025-01-23 10:34:29 DEBUG i.n.util.internal.PlatformDependent0 - java.nio.Bits.unaligned: available, true
2025-01-23 10:34:29 DEBUG i.n.util.internal.PlatformDependent0 - jdk.internal.misc.Unsafe.allocateUninitializedArray(int): unavailable: class io.netty.util.internal.PlatformDependent0$7 cannot access class jdk.internal.misc.Unsafe (in module java.base) because module java.base does not export jdk.internal.misc to unnamed module @134c370e
2025-01-23 10:34:29 DEBUG i.n.util.internal.PlatformDependent0 - java.nio.DirectByteBuffer.<init>(long, int): unavailable
2025-01-23 10:34:29 DEBUG i.n.util.internal.PlatformDependent - sun.misc.Unsafe: available
2025-01-23 10:34:29 DEBUG i.n.util.internal.PlatformDependent - maxDirectMemory: 4200595456 bytes (maybe)
2025-01-23 10:34:29 DEBUG i.n.util.internal.PlatformDependent - -Dio.netty.tmpdir: C:\Users\GABOR~1.SZA\AppData\Local\Temp (java.io.tmpdir)
2025-01-23 10:34:29 DEBUG i.n.util.internal.PlatformDependent - -Dio.netty.bitMode: 64 (sun.arch.data.model)
2025-01-23 10:34:29 DEBUG i.n.util.internal.PlatformDependent - Platform: Windows
2025-01-23 10:34:29 DEBUG i.n.util.internal.PlatformDependent - -Dio.netty.maxDirectMemory: -1 bytes
2025-01-23 10:34:29 DEBUG i.n.util.internal.PlatformDependent - -Dio.netty.uninitializedArrayAllocationThreshold: -1
2025-01-23 10:34:29 DEBUG io.netty.util.internal.CleanerJava9 - java.nio.ByteBuffer.cleaner(): available
2025-01-23 10:34:29 DEBUG i.n.util.internal.PlatformDependent - -Dio.netty.noPreferDirect: false
2025-01-23 10:34:29 DEBUG i.n.util.internal.PlatformDependent - org.jctools-core.MpscChunkedArrayQueue: available
2025-01-23 10:34:30 DEBUG i.n.u.i.InternalThreadLocalMap - -Dio.netty.threadLocalMap.stringBuilder.initialSize: 1024
2025-01-23 10:34:30 DEBUG i.n.u.i.InternalThreadLocalMap - -Dio.netty.threadLocalMap.stringBuilder.maxSize: 4096
2025-01-23 10:34:30 DEBUG io.netty.handler.ssl.JdkSslContext - Default protocols (JDK): [TLSv1.3, TLSv1.2] 
2025-01-23 10:34:30 DEBUG io.netty.handler.ssl.JdkSslContext - Default cipher suites (JDK): [TLS_ECDHE_ECDSA_WITH_AES_256_GCM_SHA384, TLS_ECDHE_ECDSA_WITH_AES_128_GCM_SHA256, TLS_ECDHE_RSA_WITH_AES_128_GCM_SHA256, TLS_ECDHE_RSA_WITH_AES_256_GCM_SHA384, TLS_ECDHE_RSA_WITH_AES_128_CBC_SHA, TLS_ECDHE_RSA_WITH_AES_256_CBC_SHA, TLS_RSA_WITH_AES_128_GCM_SHA256, TLS_RSA_WITH_AES_128_CBC_SHA, TLS_RSA_WITH_AES_256_CBC_SHA, TLS_AES_128_GCM_SHA256, TLS_AES_256_GCM_SHA384]
2025-01-23 10:34:30 DEBUG i.n.c.MultithreadEventLoopGroup - -Dio.netty.eventLoopThreads: 24
2025-01-23 10:34:30 DEBUG io.netty.channel.nio.NioEventLoop - -Dio.netty.noKeySetOptimization: false
2025-01-23 10:34:30 DEBUG io.netty.channel.nio.NioEventLoop - -Dio.netty.selectorAutoRebuildThreshold: 512
2025-01-23 10:34:30 DEBUG i.n.buffer.PooledByteBufAllocator - -Dio.netty.allocator.numHeapArenas: 24
2025-01-23 10:34:30 DEBUG i.n.buffer.PooledByteBufAllocator - -Dio.netty.allocator.numDirectArenas: 24
2025-01-23 10:34:30 DEBUG i.n.buffer.PooledByteBufAllocator - -Dio.netty.allocator.pageSize: 8192
2025-01-23 10:34:30 DEBUG i.n.buffer.PooledByteBufAllocator - -Dio.netty.allocator.maxOrder: 9
2025-01-23 10:34:30 DEBUG i.n.buffer.PooledByteBufAllocator - -Dio.netty.allocator.chunkSize: 4194304
2025-01-23 10:34:30 DEBUG i.n.buffer.PooledByteBufAllocator - -Dio.netty.allocator.smallCacheSize: 256
2025-01-23 10:34:30 DEBUG i.n.buffer.PooledByteBufAllocator - -Dio.netty.allocator.normalCacheSize: 64
2025-01-23 10:34:30 DEBUG i.n.buffer.PooledByteBufAllocator - -Dio.netty.allocator.maxCachedBufferCapacity: 32768
2025-01-23 10:34:30 DEBUG i.n.buffer.PooledByteBufAllocator - -Dio.netty.allocator.cacheTrimInterval: 8192
2025-01-23 10:34:30 DEBUG i.n.buffer.PooledByteBufAllocator - -Dio.netty.allocator.cacheTrimIntervalMillis: 0
2025-01-23 10:34:30 DEBUG i.n.buffer.PooledByteBufAllocator - -Dio.netty.allocator.useCacheForAllThreads: false
2025-01-23 10:34:30 DEBUG i.n.buffer.PooledByteBufAllocator - -Dio.netty.allocator.maxCachedByteBuffersPerChunk: 1023
2025-01-23 10:34:30 DEBUG io.netty.buffer.ByteBufUtil - -Dio.netty.allocator.type: pooled
2025-01-23 10:34:30 DEBUG io.netty.buffer.ByteBufUtil - -Dio.netty.threadLocalDirectBufferSize: 0
2025-01-23 10:34:30 DEBUG io.netty.buffer.ByteBufUtil - -Dio.netty.maxThreadLocalCharBufferSize: 16384
2025-01-23 10:34:30 DEBUG io.netty.channel.DefaultChannelId - -Dio.netty.processId: 23092 (auto-detected)
2025-01-23 10:34:30 DEBUG io.netty.util.NetUtil - -Djava.net.preferIPv4Stack: false
2025-01-23 10:34:30 DEBUG io.netty.util.NetUtil - -Djava.net.preferIPv6Addresses: false
2025-01-23 10:34:30 DEBUG i.netty.util.NetUtilInitializations - Loopback interface: lo (Software Loopback Interface 1, 127.0.0.1)
2025-01-23 10:34:30 DEBUG io.netty.util.NetUtil - Failed to get SOMAXCONN from sysctl and file \proc\sys\net\core\somaxconn. Default: 200
2025-01-23 10:34:30 DEBUG io.netty.channel.DefaultChannelId - -Dio.netty.machineId: 4c:5f:70:ff:fe:1f:4b:7c (auto-detected)
2025-01-23 10:34:30 DEBUG io.netty.buffer.AbstractByteBuf - -Dio.netty.buffer.checkAccessible: true
2025-01-23 10:34:30 DEBUG io.netty.buffer.AbstractByteBuf - -Dio.netty.buffer.checkBounds: true
2025-01-23 10:34:30 DEBUG i.n.util.ResourceLeakDetectorFactory - Loaded default ResourceLeakDetector: io.netty.util.ResourceLeakDetector@7484fa68
2025-01-23 10:34:30 DEBUG o.a.n.channel.NettyConnectListener - Using new Channel '[id: 0x8ab5c9a5, L:/127.0.0.1:65379 - R:localhost/127.0.0.1:13436]' for 'POST' to '/session'
2025-01-23 10:34:30 DEBUG io.netty.util.Recycler - -Dio.netty.recycler.maxCapacityPerThread: 4096
2025-01-23 10:34:30 DEBUG io.netty.util.Recycler - -Dio.netty.recycler.ratio: 8
2025-01-23 10:34:30 DEBUG io.netty.util.Recycler - -Dio.netty.recycler.chunkSize: 32
2025-01-23 10:34:30 DEBUG io.netty.util.Recycler - -Dio.netty.recycler.blocking: false
2025-01-23 10:34:31 DEBUG i.n.handler.codec.compression.Brotli - brotli4j not in the classpath; Brotli support will be unavailable.
2025-01-23 10:34:31 DEBUG o.a.netty.handler.HttpHandler - 

Request DefaultHttpRequest(decodeResult: success, version: HTTP/1.1)
POST /session HTTP/1.1
User-Agent: selenium/4.8.0 (java windows)
Content-Length: 501
Content-Type: application/json; charset=utf-8
host: localhost:13436
accept: */*

Response DefaultHttpResponse(decodeResult: success, version: HTTP/1.1)
HTTP/1.1 200 OK
Content-Length: 888
Content-Type: application/json; charset=utf-8
cache-control: no-cache

2025-01-23 10:34:31 DEBUG o.a.netty.channel.ChannelManager - Adding key: http://localhost:13436 for channel [id: 0x8ab5c9a5, L:/127.0.0.1:65379 - R:localhost/127.0.0.1:13436]
2025-01-23 10:34:31 DEBUG o.a.n.channel.NettyConnectListener - Using new Channel '[id: 0x5daea5dd, L:/127.0.0.1:65387 - R:localhost/127.0.0.1:65380]' for 'GET' to '/json/version'
2025-01-23 10:34:31 DEBUG o.a.netty.handler.HttpHandler - 

Request DefaultFullHttpRequest(decodeResult: success, version: HTTP/1.1, content: EmptyByteBufBE)
GET /json/version HTTP/1.1
User-Agent: selenium/4.8.0 (java windows)
host: localhost:65380
accept: */*

Response DefaultHttpResponse(decodeResult: success, version: HTTP/1.1)
HTTP/1.1 200 OK
Content-Security-Policy: frame-ancestors 'none'
Content-Length: 423
Content-Type: application/json; charset=UTF-8

2025-01-23 10:34:31 DEBUG o.a.netty.channel.ChannelManager - Adding key: http://localhost:65380 for channel [id: 0x5daea5dd, L:/127.0.0.1:65387 - R:localhost/127.0.0.1:65380]
2025-01-23 10:34:31 DEBUG i.n.util.internal.ThreadLocalRandom - -Dio.netty.initialSeedUniquifier: 0xf849c5b317f1c25e
2025-01-23 10:34:31 DEBUG o.a.n.channel.NettyConnectListener - Using new Channel '[id: 0xbebd4827, L:/127.0.0.1:65388 - R:localhost/127.0.0.1:65380]' for 'GET' to '/devtools/browser/4e40ebf3-4b74-437d-9359-52b1a60cd99c'
2025-01-23 10:34:31 DEBUG o.a.netty.handler.WebSocketHandler - 

Request DefaultFullHttpRequest(decodeResult: success, version: HTTP/1.1, content: EmptyByteBufBE)
GET /devtools/browser/4e40ebf3-4b74-437d-9359-52b1a60cd99c HTTP/1.1
upgrade: websocket
connection: upgrade
sec-websocket-key: +jNGjYprbYtyC8n3g2Y0KA==
sec-websocket-version: 13
origin: http://localhost:65380
host: localhost:65380
accept: */*
user-agent: AHC/2.1

Response DefaultHttpResponse(decodeResult: success, version: HTTP/1.1)
HTTP/1.1 101 WebSocket Protocol Handshake
Upgrade: WebSocket
Connection: Upgrade
Sec-WebSocket-Accept: aV8yKLV93Smj3eiw1zEJJHsurZc=

setupTest() method is running
2025-01-23 10:34:31 DEBUG i.g.bonigarcia.wdm.WebDriverManager - Using WebDriverManager 5.9.2
2025-01-23 10:34:31 DEBUG i.g.b.wdm.cache.ResolutionCache - Resolution chrome=132 in cache (valid until 11:34:29 23/01/2025 CET)
2025-01-23 10:34:31 DEBUG i.g.b.wdm.cache.ResolutionCache - Resolution chrome132=132.0.6834.83 in cache (valid until 10:35:46 23/01/2025 CET)
2025-01-23 10:34:31 INFO  i.g.bonigarcia.wdm.WebDriverManager - Using chromedriver 132.0.6834.83 (resolved driver for Chrome 132)
2025-01-23 10:34:31 DEBUG i.g.bonigarcia.wdm.WebDriverManager - Driver chromedriver 132.0.6834.83 found in cache
2025-01-23 10:34:31 INFO  i.g.bonigarcia.wdm.WebDriverManager - Exporting webdriver.chrome.driver as C:\Users\gabor.szabo\.cache\selenium\chromedriver\win64\132.0.6834.83\chromedriver.exe
2025-01-23 10:34:31 DEBUG o.a.n.channel.NettyConnectListener - Using new Channel '[id: 0x018bd171, L:/127.0.0.1:65391 - R:localhost/127.0.0.1:14361]' for 'POST' to '/session'
2025-01-23 10:34:32 DEBUG o.a.netty.channel.DefaultChannelPool - Entry count for : http://localhost:65380 : 1
2025-01-23 10:34:32 DEBUG o.a.netty.channel.DefaultChannelPool - Entry count for : http://localhost:13436 : 1
2025-01-23 10:34:32 DEBUG o.a.netty.handler.HttpHandler - 

Request DefaultHttpRequest(decodeResult: success, version: HTTP/1.1)
POST /session HTTP/1.1
User-Agent: selenium/4.8.0 (java windows)
Content-Length: 501
Content-Type: application/json; charset=utf-8
host: localhost:14361
accept: */*

Response DefaultHttpResponse(decodeResult: success, version: HTTP/1.1)
HTTP/1.1 200 OK
Content-Length: 887
Content-Type: application/json; charset=utf-8
cache-control: no-cache

2025-01-23 10:34:32 DEBUG o.a.netty.channel.ChannelManager - Adding key: http://localhost:14361 for channel [id: 0x018bd171, L:/127.0.0.1:65391 - R:localhost/127.0.0.1:14361]
2025-01-23 10:34:32 DEBUG o.a.n.channel.NettyConnectListener - Using new Channel '[id: 0x794736e5, L:/127.0.0.1:65398 - R:localhost/127.0.0.1:65392]' for 'GET' to '/json/version'
2025-01-23 10:34:32 DEBUG o.a.netty.handler.HttpHandler - 

Request DefaultFullHttpRequest(decodeResult: success, version: HTTP/1.1, content: EmptyByteBufBE)
GET /json/version HTTP/1.1
User-Agent: selenium/4.8.0 (java windows)
host: localhost:65392
accept: */*

Response DefaultHttpResponse(decodeResult: success, version: HTTP/1.1)
HTTP/1.1 200 OK
Content-Security-Policy: frame-ancestors 'none'
Content-Length: 423
Content-Type: application/json; charset=UTF-8

2025-01-23 10:34:32 DEBUG o.a.netty.channel.ChannelManager - Adding key: http://localhost:65392 for channel [id: 0x794736e5, L:/127.0.0.1:65398 - R:localhost/127.0.0.1:65392]
2025-01-23 10:34:32 DEBUG o.a.n.channel.NettyConnectListener - Using new Channel '[id: 0x9bf324d5, L:/127.0.0.1:65399 - R:localhost/127.0.0.1:65392]' for 'GET' to '/devtools/browser/1d7fb6c0-8868-4133-8764-c59d694f3cd9'
2025-01-23 10:34:32 DEBUG o.a.netty.handler.WebSocketHandler - 

Request DefaultFullHttpRequest(decodeResult: success, version: HTTP/1.1, content: EmptyByteBufBE)
GET /devtools/browser/1d7fb6c0-8868-4133-8764-c59d694f3cd9 HTTP/1.1
upgrade: websocket
connection: upgrade
sec-websocket-key: d0ISjk1w33itkG0QOQnMVA==
sec-websocket-version: 13
origin: http://localhost:65392
host: localhost:65392
accept: */*
user-agent: AHC/2.1

Response DefaultHttpResponse(decodeResult: success, version: HTTP/1.1)
HTTP/1.1 101 WebSocket Protocol Handshake
Upgrade: WebSocket
Connection: Upgrade
Sec-WebSocket-Accept: Udj8+/PELgxrFuOibGFDA0v7kQQ=

setupTest() method is running
2025-01-23 10:34:32 DEBUG o.a.netty.request.NettyRequestSender - Using pooled Channel '[id: 0x018bd171, L:/127.0.0.1:65391 - R:localhost/127.0.0.1:14361]' for 'POST' to 'http://localhost:14361/session/d591255c7d94405325adf632a08053e4/url'
2025-01-23 10:34:32 DEBUG o.a.netty.request.NettyRequestSender - Using open Channel [id: 0x018bd171, L:/127.0.0.1:65391 - R:localhost/127.0.0.1:14361] for POST '/session/d591255c7d94405325adf632a08053e4/url'
2025-01-23 10:34:33 DEBUG o.a.netty.channel.DefaultChannelPool - Entry count for : http://localhost:65380 : 1
2025-01-23 10:34:33 DEBUG o.a.netty.channel.DefaultChannelPool - Entry count for : http://localhost:65392 : 1
2025-01-23 10:34:33 DEBUG o.a.netty.channel.DefaultChannelPool - Entry count for : http://localhost:13436 : 1
2025-01-23 10:34:33 DEBUG o.a.netty.handler.HttpHandler - 

Request DefaultHttpRequest(decodeResult: success, version: HTTP/1.1)
POST /session/d591255c7d94405325adf632a08053e4/url HTTP/1.1
User-Agent: selenium/4.8.0 (java windows)
Content-Length: 61
Content-Type: application/json; charset=utf-8
host: localhost:14361
accept: */*

Response DefaultHttpResponse(decodeResult: success, version: HTTP/1.1)
HTTP/1.1 200 OK
Content-Length: 14
Content-Type: application/json; charset=utf-8
cache-control: no-cache

2025-01-23 10:34:33 DEBUG o.a.netty.channel.ChannelManager - Adding key: http://localhost:14361 for channel [id: 0x018bd171, L:/127.0.0.1:65391 - R:localhost/127.0.0.1:14361]
2025-01-23 10:34:33 DEBUG o.a.netty.request.NettyRequestSender - Using pooled Channel '[id: 0x018bd171, L:/127.0.0.1:65391 - R:localhost/127.0.0.1:14361]' for 'POST' to 'http://localhost:14361/session/d591255c7d94405325adf632a08053e4/elements'
2025-01-23 10:34:33 DEBUG o.a.netty.request.NettyRequestSender - Using open Channel [id: 0x018bd171, L:/127.0.0.1:65391 - R:localhost/127.0.0.1:14361] for POST '/session/d591255c7d94405325adf632a08053e4/elements'
2025-01-23 10:34:33 DEBUG o.a.netty.handler.HttpHandler - 

Request DefaultHttpRequest(decodeResult: success, version: HTTP/1.1)
POST /session/d591255c7d94405325adf632a08053e4/elements HTTP/1.1
User-Agent: selenium/4.8.0 (java windows)
Content-Length: 65
Content-Type: application/json; charset=utf-8
host: localhost:14361
accept: */*

Response DefaultHttpResponse(decodeResult: success, version: HTTP/1.1)
HTTP/1.1 200 OK
Content-Length: 359
Content-Type: application/json; charset=utf-8
cache-control: no-cache

2025-01-23 10:34:33 DEBUG o.a.netty.channel.ChannelManager - Adding key: http://localhost:14361 for channel [id: 0x018bd171, L:/127.0.0.1:65391 - R:localhost/127.0.0.1:14361]
2025-01-23 10:34:33 DEBUG o.a.netty.request.NettyRequestSender - Using pooled Channel '[id: 0x018bd171, L:/127.0.0.1:65391 - R:localhost/127.0.0.1:14361]' for 'POST' to 'http://localhost:14361/session/d591255c7d94405325adf632a08053e4/execute/sync'
2025-01-23 10:34:33 DEBUG o.a.netty.request.NettyRequestSender - Using open Channel [id: 0x018bd171, L:/127.0.0.1:65391 - R:localhost/127.0.0.1:14361] for POST '/session/d591255c7d94405325adf632a08053e4/execute/sync'
2025-01-23 10:34:33 DEBUG o.a.netty.handler.HttpHandler - 

Request DefaultHttpRequest(decodeResult: success, version: HTTP/1.1)
POST /session/d591255c7d94405325adf632a08053e4/execute/sync HTTP/1.1
User-Agent: selenium/4.8.0 (java windows)
Content-Length: 296
Content-Type: application/json; charset=utf-8
host: localhost:14361
accept: */*

Response DefaultHttpResponse(decodeResult: success, version: HTTP/1.1)
HTTP/1.1 200 OK
Content-Length: 14
Content-Type: application/json; charset=utf-8
cache-control: no-cache

2025-01-23 10:34:33 DEBUG o.a.netty.channel.ChannelManager - Adding key: http://localhost:14361 for channel [id: 0x018bd171, L:/127.0.0.1:65391 - R:localhost/127.0.0.1:14361]
2025-01-23 10:34:33 DEBUG o.a.netty.request.NettyRequestSender - Using pooled Channel '[id: 0x018bd171, L:/127.0.0.1:65391 - R:localhost/127.0.0.1:14361]' for 'POST' to 'http://localhost:14361/session/d591255c7d94405325adf632a08053e4/actions'
2025-01-23 10:34:33 DEBUG o.a.netty.request.NettyRequestSender - Using open Channel [id: 0x018bd171, L:/127.0.0.1:65391 - R:localhost/127.0.0.1:14361] for POST '/session/d591255c7d94405325adf632a08053e4/actions'
2025-01-23 10:34:33 DEBUG o.a.netty.handler.HttpHandler - 

Request DefaultHttpRequest(decodeResult: success, version: HTTP/1.1)
POST /session/d591255c7d94405325adf632a08053e4/actions HTTP/1.1
User-Agent: selenium/4.8.0 (java windows)
Content-Length: 704
Content-Type: application/json; charset=utf-8
host: localhost:14361
accept: */*

Response DefaultHttpResponse(decodeResult: success, version: HTTP/1.1)
HTTP/1.1 200 OK
Content-Length: 14
Content-Type: application/json; charset=utf-8
cache-control: no-cache

2025-01-23 10:34:33 DEBUG o.a.netty.channel.ChannelManager - Adding key: http://localhost:14361 for channel [id: 0x018bd171, L:/127.0.0.1:65391 - R:localhost/127.0.0.1:14361]
2025-01-23 10:34:33 DEBUG o.a.netty.request.NettyRequestSender - Using pooled Channel '[id: 0x018bd171, L:/127.0.0.1:65391 - R:localhost/127.0.0.1:14361]' for 'POST' to 'http://localhost:14361/session/d591255c7d94405325adf632a08053e4/execute/sync'
2025-01-23 10:34:33 DEBUG o.a.netty.request.NettyRequestSender - Using open Channel [id: 0x018bd171, L:/127.0.0.1:65391 - R:localhost/127.0.0.1:14361] for POST '/session/d591255c7d94405325adf632a08053e4/execute/sync'
2025-01-23 10:34:33 DEBUG o.a.netty.handler.HttpHandler - 

Request DefaultHttpRequest(decodeResult: success, version: HTTP/1.1)
POST /session/d591255c7d94405325adf632a08053e4/execute/sync HTTP/1.1
User-Agent: selenium/4.8.0 (java windows)
Content-Length: 47402
Content-Type: application/json; charset=utf-8
host: localhost:14361
accept: */*

Response DefaultHttpResponse(decodeResult: success, version: HTTP/1.1)
HTTP/1.1 200 OK
Content-Length: 20
Content-Type: application/json; charset=utf-8
cache-control: no-cache

2025-01-23 10:34:33 DEBUG o.a.netty.channel.ChannelManager - Adding key: http://localhost:14361 for channel [id: 0x018bd171, L:/127.0.0.1:65391 - R:localhost/127.0.0.1:14361]
User clicked on the 'Yes' radio button.
2025-01-23 10:34:33 DEBUG o.a.netty.request.NettyRequestSender - Using pooled Channel '[id: 0x018bd171, L:/127.0.0.1:65391 - R:localhost/127.0.0.1:14361]' for 'POST' to 'http://localhost:14361/session/d591255c7d94405325adf632a08053e4/element'
2025-01-23 10:34:33 DEBUG o.a.netty.request.NettyRequestSender - Using open Channel [id: 0x018bd171, L:/127.0.0.1:65391 - R:localhost/127.0.0.1:14361] for POST '/session/d591255c7d94405325adf632a08053e4/element'
2025-01-23 10:34:33 DEBUG o.a.netty.handler.HttpHandler - 

Request DefaultHttpRequest(decodeResult: success, version: HTTP/1.1)
POST /session/d591255c7d94405325adf632a08053e4/element HTTP/1.1
User-Agent: selenium/4.8.0 (java windows)
Content-Length: 50
Content-Type: application/json; charset=utf-8
host: localhost:14361
accept: */*

Response DefaultHttpResponse(decodeResult: success, version: HTTP/1.1)
HTTP/1.1 200 OK
Content-Length: 126
Content-Type: application/json; charset=utf-8
cache-control: no-cache

2025-01-23 10:34:33 DEBUG o.a.netty.channel.ChannelManager - Adding key: http://localhost:14361 for channel [id: 0x018bd171, L:/127.0.0.1:65391 - R:localhost/127.0.0.1:14361]
2025-01-23 10:34:33 DEBUG o.a.netty.request.NettyRequestSender - Using pooled Channel '[id: 0x018bd171, L:/127.0.0.1:65391 - R:localhost/127.0.0.1:14361]' for 'GET' to 'http://localhost:14361/session/d591255c7d94405325adf632a08053e4/element/f.8A2C0D847A06936E15A85A9D9632B3F8.d.063F752B681789BFC446341305412CCB.e.40/text'
2025-01-23 10:34:33 DEBUG o.a.netty.request.NettyRequestSender - Using open Channel [id: 0x018bd171, L:/127.0.0.1:65391 - R:localhost/127.0.0.1:14361] for GET '/session/d591255c7d94405325adf632a08053e4/element/f.8A2C0D847A06936E15A85A9D9632B3F8.d.063F752B681789BFC446341305412CCB.e.40/text'
2025-01-23 10:34:33 DEBUG o.a.netty.handler.HttpHandler - 

Request DefaultFullHttpRequest(decodeResult: success, version: HTTP/1.1, content: EmptyByteBufBE)
GET /session/d591255c7d94405325adf632a08053e4/element/f.8A2C0D847A06936E15A85A9D9632B3F8.d.063F752B681789BFC446341305412CCB.e.40/text HTTP/1.1
User-Agent: selenium/4.8.0 (java windows)
Cache-Control: no-cache
Content-Type: application/json; charset=utf-8
host: localhost:14361
accept: */*

Response DefaultHttpResponse(decodeResult: success, version: HTTP/1.1)
HTTP/1.1 200 OK
Content-Length: 33
Content-Type: application/json; charset=utf-8
cache-control: no-cache

2025-01-23 10:34:33 DEBUG o.a.netty.channel.ChannelManager - Adding key: http://localhost:14361 for channel [id: 0x018bd171, L:/127.0.0.1:65391 - R:localhost/127.0.0.1:14361]
2025-01-23 10:34:33 DEBUG o.a.netty.request.NettyRequestSender - Using pooled Channel '[id: 0x018bd171, L:/127.0.0.1:65391 - R:localhost/127.0.0.1:14361]' for 'POST' to 'http://localhost:14361/session/d591255c7d94405325adf632a08053e4/execute/sync'
2025-01-23 10:34:33 DEBUG o.a.netty.request.NettyRequestSender - Using open Channel [id: 0x018bd171, L:/127.0.0.1:65391 - R:localhost/127.0.0.1:14361] for POST '/session/d591255c7d94405325adf632a08053e4/execute/sync'
2025-01-23 10:34:33 DEBUG o.a.netty.handler.HttpHandler - 

Request DefaultHttpRequest(decodeResult: success, version: HTTP/1.1)
POST /session/d591255c7d94405325adf632a08053e4/execute/sync HTTP/1.1
User-Agent: selenium/4.8.0 (java windows)
Content-Length: 47402
Content-Type: application/json; charset=utf-8
host: localhost:14361
accept: */*

Response DefaultHttpResponse(decodeResult: success, version: HTTP/1.1)
HTTP/1.1 200 OK
Content-Length: 20
Content-Type: application/json; charset=utf-8
cache-control: no-cache

2025-01-23 10:34:33 DEBUG o.a.netty.channel.ChannelManager - Adding key: http://localhost:14361 for channel [id: 0x018bd171, L:/127.0.0.1:65391 - R:localhost/127.0.0.1:14361]
'You have selected Yes' message is displayed
2025-01-23 10:34:34 DEBUG o.a.netty.request.NettyRequestSender - Using pooled Channel '[id: 0x018bd171, L:/127.0.0.1:65391 - R:localhost/127.0.0.1:14361]' for 'POST' to 'http://localhost:14361/session/d591255c7d94405325adf632a08053e4/execute/sync'
2025-01-23 10:34:34 DEBUG o.a.netty.request.NettyRequestSender - Using open Channel [id: 0x018bd171, L:/127.0.0.1:65391 - R:localhost/127.0.0.1:14361] for POST '/session/d591255c7d94405325adf632a08053e4/execute/sync'
2025-01-23 10:34:34 DEBUG o.a.netty.handler.HttpHandler - 

Request DefaultHttpRequest(decodeResult: success, version: HTTP/1.1)
POST /session/d591255c7d94405325adf632a08053e4/execute/sync HTTP/1.1
User-Agent: selenium/4.8.0 (java windows)
Content-Length: 296
Content-Type: application/json; charset=utf-8
host: localhost:14361
accept: */*

Response DefaultHttpResponse(decodeResult: success, version: HTTP/1.1)
HTTP/1.1 200 OK
Content-Length: 14
Content-Type: application/json; charset=utf-8
cache-control: no-cache

2025-01-23 10:34:34 DEBUG o.a.netty.channel.ChannelManager - Adding key: http://localhost:14361 for channel [id: 0x018bd171, L:/127.0.0.1:65391 - R:localhost/127.0.0.1:14361]
2025-01-23 10:34:34 DEBUG o.a.netty.request.NettyRequestSender - Using pooled Channel '[id: 0x018bd171, L:/127.0.0.1:65391 - R:localhost/127.0.0.1:14361]' for 'POST' to 'http://localhost:14361/session/d591255c7d94405325adf632a08053e4/actions'
2025-01-23 10:34:34 DEBUG o.a.netty.request.NettyRequestSender - Using open Channel [id: 0x018bd171, L:/127.0.0.1:65391 - R:localhost/127.0.0.1:14361] for POST '/session/d591255c7d94405325adf632a08053e4/actions'
2025-01-23 10:34:34 DEBUG o.a.netty.channel.DefaultChannelPool - Entry count for : http://localhost:65380 : 1
2025-01-23 10:34:34 DEBUG o.a.netty.channel.DefaultChannelPool - Entry count for : http://localhost:65392 : 1
2025-01-23 10:34:34 DEBUG o.a.netty.channel.DefaultChannelPool - Entry count for : http://localhost:13436 : 1
2025-01-23 10:34:34 DEBUG o.a.netty.handler.HttpHandler - 

Request DefaultHttpRequest(decodeResult: success, version: HTTP/1.1)
POST /session/d591255c7d94405325adf632a08053e4/actions HTTP/1.1
User-Agent: selenium/4.8.0 (java windows)
Content-Length: 704
Content-Type: application/json; charset=utf-8
host: localhost:14361
accept: */*

Response DefaultHttpResponse(decodeResult: success, version: HTTP/1.1)
HTTP/1.1 200 OK
Content-Length: 14
Content-Type: application/json; charset=utf-8
cache-control: no-cache

2025-01-23 10:34:34 DEBUG o.a.netty.channel.ChannelManager - Adding key: http://localhost:14361 for channel [id: 0x018bd171, L:/127.0.0.1:65391 - R:localhost/127.0.0.1:14361]
2025-01-23 10:34:34 DEBUG o.a.netty.request.NettyRequestSender - Using pooled Channel '[id: 0x018bd171, L:/127.0.0.1:65391 - R:localhost/127.0.0.1:14361]' for 'POST' to 'http://localhost:14361/session/d591255c7d94405325adf632a08053e4/execute/sync'
2025-01-23 10:34:34 DEBUG o.a.netty.request.NettyRequestSender - Using open Channel [id: 0x018bd171, L:/127.0.0.1:65391 - R:localhost/127.0.0.1:14361] for POST '/session/d591255c7d94405325adf632a08053e4/execute/sync'
2025-01-23 10:34:34 DEBUG o.a.netty.handler.HttpHandler - 

Request DefaultHttpRequest(decodeResult: success, version: HTTP/1.1)
POST /session/d591255c7d94405325adf632a08053e4/execute/sync HTTP/1.1
User-Agent: selenium/4.8.0 (java windows)
Content-Length: 47402
Content-Type: application/json; charset=utf-8
host: localhost:14361
accept: */*

Response DefaultHttpResponse(decodeResult: success, version: HTTP/1.1)
HTTP/1.1 200 OK
Content-Length: 27
Content-Type: application/json; charset=utf-8
cache-control: no-cache

2025-01-23 10:34:34 DEBUG o.a.netty.channel.ChannelManager - Adding key: http://localhost:14361 for channel [id: 0x018bd171, L:/127.0.0.1:65391 - R:localhost/127.0.0.1:14361]
User clicked on the 'Impressive' radio button.
2025-01-23 10:34:34 DEBUG o.a.netty.request.NettyRequestSender - Using pooled Channel '[id: 0x018bd171, L:/127.0.0.1:65391 - R:localhost/127.0.0.1:14361]' for 'POST' to 'http://localhost:14361/session/d591255c7d94405325adf632a08053e4/element'
2025-01-23 10:34:34 DEBUG o.a.netty.request.NettyRequestSender - Using open Channel [id: 0x018bd171, L:/127.0.0.1:65391 - R:localhost/127.0.0.1:14361] for POST '/session/d591255c7d94405325adf632a08053e4/element'
2025-01-23 10:34:34 DEBUG o.a.netty.handler.HttpHandler - 

Request DefaultHttpRequest(decodeResult: success, version: HTTP/1.1)
POST /session/d591255c7d94405325adf632a08053e4/element HTTP/1.1
User-Agent: selenium/4.8.0 (java windows)
Content-Length: 50
Content-Type: application/json; charset=utf-8
host: localhost:14361
accept: */*

Response DefaultHttpResponse(decodeResult: success, version: HTTP/1.1)
HTTP/1.1 200 OK
Content-Length: 126
Content-Type: application/json; charset=utf-8
cache-control: no-cache

2025-01-23 10:34:34 DEBUG o.a.netty.channel.ChannelManager - Adding key: http://localhost:14361 for channel [id: 0x018bd171, L:/127.0.0.1:65391 - R:localhost/127.0.0.1:14361]
2025-01-23 10:34:34 DEBUG o.a.netty.request.NettyRequestSender - Using pooled Channel '[id: 0x018bd171, L:/127.0.0.1:65391 - R:localhost/127.0.0.1:14361]' for 'GET' to 'http://localhost:14361/session/d591255c7d94405325adf632a08053e4/element/f.8A2C0D847A06936E15A85A9D9632B3F8.d.063F752B681789BFC446341305412CCB.e.40/text'
2025-01-23 10:34:34 DEBUG o.a.netty.request.NettyRequestSender - Using open Channel [id: 0x018bd171, L:/127.0.0.1:65391 - R:localhost/127.0.0.1:14361] for GET '/session/d591255c7d94405325adf632a08053e4/element/f.8A2C0D847A06936E15A85A9D9632B3F8.d.063F752B681789BFC446341305412CCB.e.40/text'
2025-01-23 10:34:34 DEBUG o.a.netty.handler.HttpHandler - 

Request DefaultFullHttpRequest(decodeResult: success, version: HTTP/1.1, content: EmptyByteBufBE)
GET /session/d591255c7d94405325adf632a08053e4/element/f.8A2C0D847A06936E15A85A9D9632B3F8.d.063F752B681789BFC446341305412CCB.e.40/text HTTP/1.1
User-Agent: selenium/4.8.0 (java windows)
Cache-Control: no-cache
Content-Type: application/json; charset=utf-8
host: localhost:14361
accept: */*

Response DefaultHttpResponse(decodeResult: success, version: HTTP/1.1)
HTTP/1.1 200 OK
Content-Length: 40
Content-Type: application/json; charset=utf-8
cache-control: no-cache

2025-01-23 10:34:34 DEBUG o.a.netty.channel.ChannelManager - Adding key: http://localhost:14361 for channel [id: 0x018bd171, L:/127.0.0.1:65391 - R:localhost/127.0.0.1:14361]
2025-01-23 10:34:34 DEBUG o.a.netty.request.NettyRequestSender - Using pooled Channel '[id: 0x018bd171, L:/127.0.0.1:65391 - R:localhost/127.0.0.1:14361]' for 'POST' to 'http://localhost:14361/session/d591255c7d94405325adf632a08053e4/execute/sync'
2025-01-23 10:34:34 DEBUG o.a.netty.request.NettyRequestSender - Using open Channel [id: 0x018bd171, L:/127.0.0.1:65391 - R:localhost/127.0.0.1:14361] for POST '/session/d591255c7d94405325adf632a08053e4/execute/sync'
2025-01-23 10:34:34 DEBUG o.a.netty.handler.HttpHandler - 

Request DefaultHttpRequest(decodeResult: success, version: HTTP/1.1)
POST /session/d591255c7d94405325adf632a08053e4/execute/sync HTTP/1.1
User-Agent: selenium/4.8.0 (java windows)
Content-Length: 47402
Content-Type: application/json; charset=utf-8
host: localhost:14361
accept: */*

Response DefaultHttpResponse(decodeResult: success, version: HTTP/1.1)
HTTP/1.1 200 OK
Content-Length: 27
Content-Type: application/json; charset=utf-8
cache-control: no-cache

2025-01-23 10:34:34 DEBUG o.a.netty.channel.ChannelManager - Adding key: http://localhost:14361 for channel [id: 0x018bd171, L:/127.0.0.1:65391 - R:localhost/127.0.0.1:14361]
2025-01-23 10:34:34 DEBUG o.a.netty.request.NettyRequestSender - Using pooled Channel '[id: 0x018bd171, L:/127.0.0.1:65391 - R:localhost/127.0.0.1:14361]' for 'POST' to 'http://localhost:14361/session/d591255c7d94405325adf632a08053e4/execute/sync'
2025-01-23 10:34:34 DEBUG o.a.netty.request.NettyRequestSender - Using open Channel [id: 0x018bd171, L:/127.0.0.1:65391 - R:localhost/127.0.0.1:14361] for POST '/session/d591255c7d94405325adf632a08053e4/execute/sync'
2025-01-23 10:34:34 DEBUG o.a.netty.handler.HttpHandler - 

Request DefaultHttpRequest(decodeResult: success, version: HTTP/1.1)
POST /session/d591255c7d94405325adf632a08053e4/execute/sync HTTP/1.1
User-Agent: selenium/4.8.0 (java windows)
Content-Length: 47402
Content-Type: application/json; charset=utf-8
host: localhost:14361
accept: */*

Response DefaultHttpResponse(decodeResult: success, version: HTTP/1.1)
HTTP/1.1 200 OK
Content-Length: 27
Content-Type: application/json; charset=utf-8
cache-control: no-cache

2025-01-23 10:34:34 DEBUG o.a.netty.channel.ChannelManager - Adding key: http://localhost:14361 for channel [id: 0x018bd171, L:/127.0.0.1:65391 - R:localhost/127.0.0.1:14361]
'You have selected Impressive' message is displayed
2025-01-23 10:34:34 DEBUG o.a.netty.request.NettyRequestSender - Using pooled Channel '[id: 0x018bd171, L:/127.0.0.1:65391 - R:localhost/127.0.0.1:14361]' for 'POST' to 'http://localhost:14361/session/d591255c7d94405325adf632a08053e4/execute/sync'
2025-01-23 10:34:34 DEBUG o.a.netty.request.NettyRequestSender - Using open Channel [id: 0x018bd171, L:/127.0.0.1:65391 - R:localhost/127.0.0.1:14361] for POST '/session/d591255c7d94405325adf632a08053e4/execute/sync'
2025-01-23 10:34:34 DEBUG o.a.netty.handler.HttpHandler - 

Request DefaultHttpRequest(decodeResult: success, version: HTTP/1.1)
POST /session/d591255c7d94405325adf632a08053e4/execute/sync HTTP/1.1
User-Agent: selenium/4.8.0 (java windows)
Content-Length: 296
Content-Type: application/json; charset=utf-8
host: localhost:14361
accept: */*

Response DefaultHttpResponse(decodeResult: success, version: HTTP/1.1)
HTTP/1.1 200 OK
Content-Length: 14
Content-Type: application/json; charset=utf-8
cache-control: no-cache

2025-01-23 10:34:34 DEBUG o.a.netty.channel.ChannelManager - Adding key: http://localhost:14361 for channel [id: 0x018bd171, L:/127.0.0.1:65391 - R:localhost/127.0.0.1:14361]
2025-01-23 10:34:34 DEBUG o.a.netty.request.NettyRequestSender - Using pooled Channel '[id: 0x018bd171, L:/127.0.0.1:65391 - R:localhost/127.0.0.1:14361]' for 'POST' to 'http://localhost:14361/session/d591255c7d94405325adf632a08053e4/actions'
2025-01-23 10:34:34 DEBUG o.a.netty.request.NettyRequestSender - Using open Channel [id: 0x018bd171, L:/127.0.0.1:65391 - R:localhost/127.0.0.1:14361] for POST '/session/d591255c7d94405325adf632a08053e4/actions'
2025-01-23 10:34:34 DEBUG o.a.netty.handler.HttpHandler - 

Request DefaultHttpRequest(decodeResult: success, version: HTTP/1.1)
POST /session/d591255c7d94405325adf632a08053e4/actions HTTP/1.1
User-Agent: selenium/4.8.0 (java windows)
Content-Length: 704
Content-Type: application/json; charset=utf-8
host: localhost:14361
accept: */*

Response DefaultHttpResponse(decodeResult: success, version: HTTP/1.1)
HTTP/1.1 200 OK
Content-Length: 14
Content-Type: application/json; charset=utf-8
cache-control: no-cache

2025-01-23 10:34:34 DEBUG o.a.netty.channel.ChannelManager - Adding key: http://localhost:14361 for channel [id: 0x018bd171, L:/127.0.0.1:65391 - R:localhost/127.0.0.1:14361]
2025-01-23 10:34:34 DEBUG o.a.netty.request.NettyRequestSender - Using pooled Channel '[id: 0x018bd171, L:/127.0.0.1:65391 - R:localhost/127.0.0.1:14361]' for 'POST' to 'http://localhost:14361/session/d591255c7d94405325adf632a08053e4/execute/sync'
2025-01-23 10:34:34 DEBUG o.a.netty.request.NettyRequestSender - Using open Channel [id: 0x018bd171, L:/127.0.0.1:65391 - R:localhost/127.0.0.1:14361] for POST '/session/d591255c7d94405325adf632a08053e4/execute/sync'
2025-01-23 10:34:34 DEBUG o.a.netty.handler.HttpHandler - 

Request DefaultHttpRequest(decodeResult: success, version: HTTP/1.1)
POST /session/d591255c7d94405325adf632a08053e4/execute/sync HTTP/1.1
User-Agent: selenium/4.8.0 (java windows)
Content-Length: 47402
Content-Type: application/json; charset=utf-8
host: localhost:14361
accept: */*

Response DefaultHttpResponse(decodeResult: success, version: HTTP/1.1)
HTTP/1.1 200 OK
Content-Length: 19
Content-Type: application/json; charset=utf-8
cache-control: no-cache

2025-01-23 10:34:34 DEBUG o.a.netty.channel.ChannelManager - Adding key: http://localhost:14361 for channel [id: 0x018bd171, L:/127.0.0.1:65391 - R:localhost/127.0.0.1:14361]
2025-01-23 10:34:34 DEBUG o.a.netty.request.NettyRequestSender - Using pooled Channel '[id: 0x018bd171, L:/127.0.0.1:65391 - R:localhost/127.0.0.1:14361]' for 'POST' to 'http://localhost:14361/session/d591255c7d94405325adf632a08053e4/element'
2025-01-23 10:34:34 DEBUG o.a.netty.request.NettyRequestSender - Using open Channel [id: 0x018bd171, L:/127.0.0.1:65391 - R:localhost/127.0.0.1:14361] for POST '/session/d591255c7d94405325adf632a08053e4/element'
2025-01-23 10:34:34 DEBUG o.a.netty.handler.HttpHandler - 

Request DefaultHttpRequest(decodeResult: success, version: HTTP/1.1)
POST /session/d591255c7d94405325adf632a08053e4/element HTTP/1.1
User-Agent: selenium/4.8.0 (java windows)
Content-Length: 50
Content-Type: application/json; charset=utf-8
host: localhost:14361
accept: */*

Response DefaultHttpResponse(decodeResult: success, version: HTTP/1.1)
HTTP/1.1 200 OK
Content-Length: 126
Content-Type: application/json; charset=utf-8
cache-control: no-cache

2025-01-23 10:34:34 DEBUG o.a.netty.channel.ChannelManager - Adding key: http://localhost:14361 for channel [id: 0x018bd171, L:/127.0.0.1:65391 - R:localhost/127.0.0.1:14361]
2025-01-23 10:34:34 DEBUG o.a.netty.request.NettyRequestSender - Using pooled Channel '[id: 0x018bd171, L:/127.0.0.1:65391 - R:localhost/127.0.0.1:14361]' for 'GET' to 'http://localhost:14361/session/d591255c7d94405325adf632a08053e4/element/f.8A2C0D847A06936E15A85A9D9632B3F8.d.063F752B681789BFC446341305412CCB.e.40/text'
2025-01-23 10:34:34 DEBUG o.a.netty.request.NettyRequestSender - Using open Channel [id: 0x018bd171, L:/127.0.0.1:65391 - R:localhost/127.0.0.1:14361] for GET '/session/d591255c7d94405325adf632a08053e4/element/f.8A2C0D847A06936E15A85A9D9632B3F8.d.063F752B681789BFC446341305412CCB.e.40/text'
2025-01-23 10:34:34 DEBUG o.a.netty.handler.HttpHandler - 

Request DefaultFullHttpRequest(decodeResult: success, version: HTTP/1.1, content: EmptyByteBufBE)
GET /session/d591255c7d94405325adf632a08053e4/element/f.8A2C0D847A06936E15A85A9D9632B3F8.d.063F752B681789BFC446341305412CCB.e.40/text HTTP/1.1
User-Agent: selenium/4.8.0 (java windows)
Cache-Control: no-cache
Content-Type: application/json; charset=utf-8
host: localhost:14361
accept: */*

Response DefaultHttpResponse(decodeResult: success, version: HTTP/1.1)
HTTP/1.1 200 OK
Content-Length: 40
Content-Type: application/json; charset=utf-8
cache-control: no-cache

2025-01-23 10:34:34 DEBUG o.a.netty.channel.ChannelManager - Adding key: http://localhost:14361 for channel [id: 0x018bd171, L:/127.0.0.1:65391 - R:localhost/127.0.0.1:14361]
2025-01-23 10:34:34 DEBUG o.a.netty.request.NettyRequestSender - Using pooled Channel '[id: 0x018bd171, L:/127.0.0.1:65391 - R:localhost/127.0.0.1:14361]' for 'POST' to 'http://localhost:14361/session/d591255c7d94405325adf632a08053e4/execute/sync'
2025-01-23 10:34:34 DEBUG o.a.netty.request.NettyRequestSender - Using open Channel [id: 0x018bd171, L:/127.0.0.1:65391 - R:localhost/127.0.0.1:14361] for POST '/session/d591255c7d94405325adf632a08053e4/execute/sync'
2025-01-23 10:34:34 DEBUG o.a.netty.handler.HttpHandler - 

Request DefaultHttpRequest(decodeResult: success, version: HTTP/1.1)
POST /session/d591255c7d94405325adf632a08053e4/execute/sync HTTP/1.1
User-Agent: selenium/4.8.0 (java windows)
Content-Length: 47402
Content-Type: application/json; charset=utf-8
host: localhost:14361
accept: */*

Response DefaultHttpResponse(decodeResult: success, version: HTTP/1.1)
HTTP/1.1 200 OK
Content-Length: 19
Content-Type: application/json; charset=utf-8
cache-control: no-cache

2025-01-23 10:34:34 DEBUG o.a.netty.channel.ChannelManager - Adding key: http://localhost:14361 for channel [id: 0x018bd171, L:/127.0.0.1:65391 - R:localhost/127.0.0.1:14361]
2025-01-23 10:34:34 DEBUG o.a.netty.request.NettyRequestSender - Using pooled Channel '[id: 0x018bd171, L:/127.0.0.1:65391 - R:localhost/127.0.0.1:14361]' for 'POST' to 'http://localhost:14361/session/d591255c7d94405325adf632a08053e4/execute/sync'
2025-01-23 10:34:34 DEBUG o.a.netty.request.NettyRequestSender - Using open Channel [id: 0x018bd171, L:/127.0.0.1:65391 - R:localhost/127.0.0.1:14361] for POST '/session/d591255c7d94405325adf632a08053e4/execute/sync'
2025-01-23 10:34:34 DEBUG o.a.netty.handler.HttpHandler - 

Request DefaultHttpRequest(decodeResult: success, version: HTTP/1.1)
POST /session/d591255c7d94405325adf632a08053e4/execute/sync HTTP/1.1
User-Agent: selenium/4.8.0 (java windows)
Content-Length: 47402
Content-Type: application/json; charset=utf-8
host: localhost:14361
accept: */*

Response DefaultHttpResponse(decodeResult: success, version: HTTP/1.1)
HTTP/1.1 200 OK
Content-Length: 19
Content-Type: application/json; charset=utf-8
cache-control: no-cache

2025-01-23 10:34:34 DEBUG o.a.netty.channel.ChannelManager - Adding key: http://localhost:14361 for channel [id: 0x018bd171, L:/127.0.0.1:65391 - R:localhost/127.0.0.1:14361]
2025-01-23 10:34:35 DEBUG o.a.netty.channel.DefaultChannelPool - Entry count for : http://localhost:65380 : 1
2025-01-23 10:34:35 DEBUG o.a.netty.channel.DefaultChannelPool - Entry count for : http://localhost:65392 : 1
2025-01-23 10:34:35 DEBUG o.a.netty.channel.DefaultChannelPool - Entry count for : http://localhost:13436 : 1
2025-01-23 10:34:35 DEBUG o.a.netty.channel.DefaultChannelPool - Entry count for : http://localhost:14361 : 1
2025-01-23 10:34:36 DEBUG o.a.netty.channel.DefaultChannelPool - Entry count for : http://localhost:65380 : 1
2025-01-23 10:34:36 DEBUG o.a.netty.channel.DefaultChannelPool - Entry count for : http://localhost:65392 : 1
2025-01-23 10:34:36 DEBUG o.a.netty.channel.DefaultChannelPool - Entry count for : http://localhost:13436 : 1
2025-01-23 10:34:36 DEBUG o.a.netty.channel.DefaultChannelPool - Entry count for : http://localhost:14361 : 1
2025-01-23 10:34:37 DEBUG o.a.netty.channel.DefaultChannelPool - Entry count for : http://localhost:65380 : 1
2025-01-23 10:34:37 DEBUG o.a.netty.channel.DefaultChannelPool - Entry count for : http://localhost:65392 : 1
2025-01-23 10:34:37 DEBUG o.a.netty.channel.DefaultChannelPool - Entry count for : http://localhost:13436 : 1
2025-01-23 10:34:37 DEBUG o.a.netty.channel.DefaultChannelPool - Entry count for : http://localhost:14361 : 1
2025-01-23 10:34:38 DEBUG o.a.netty.channel.DefaultChannelPool - Entry count for : http://localhost:65380 : 1
2025-01-23 10:34:38 DEBUG o.a.netty.channel.DefaultChannelPool - Entry count for : http://localhost:65392 : 1
2025-01-23 10:34:38 DEBUG o.a.netty.channel.DefaultChannelPool - Entry count for : http://localhost:13436 : 1
2025-01-23 10:34:38 DEBUG o.a.netty.channel.DefaultChannelPool - Entry count for : http://localhost:14361 : 1
2025-01-23 10:34:38 DEBUG o.a.netty.request.NettyRequestSender - Using pooled Channel '[id: 0x018bd171, L:/127.0.0.1:65391 - R:localhost/127.0.0.1:14361]' for 'DELETE' to 'http://localhost:14361/session/d591255c7d94405325adf632a08053e4'
2025-01-23 10:34:38 DEBUG o.a.netty.request.NettyRequestSender - Using open Channel [id: 0x018bd171, L:/127.0.0.1:65391 - R:localhost/127.0.0.1:14361] for DELETE '/session/d591255c7d94405325adf632a08053e4'
2025-01-23 10:34:38 DEBUG o.a.netty.handler.WebSocketHandler - Channel Closed: [id: 0x9bf324d5, L:/127.0.0.1:65399 ! R:localhost/127.0.0.1:65392] with attribute DISCARD
2025-01-23 10:34:39 DEBUG o.a.netty.handler.HttpHandler - Unexpected I/O exception on channel [id: 0x794736e5, L:/127.0.0.1:65398 - R:localhost/127.0.0.1:65392]
java.io.IOException: An existing connection was forcibly closed by the remote host
	at java.base/sun.nio.ch.SocketDispatcher.read0(Native Method)
	at java.base/sun.nio.ch.SocketDispatcher.read(SocketDispatcher.java:43)
	at java.base/sun.nio.ch.IOUtil.readIntoNativeBuffer(IOUtil.java:276)
	at java.base/sun.nio.ch.IOUtil.read(IOUtil.java:233)
	at java.base/sun.nio.ch.IOUtil.read(IOUtil.java:223)
	at java.base/sun.nio.ch.SocketChannelImpl.read(SocketChannelImpl.java:358)
	at io.netty.buffer.PooledByteBuf.setBytes(PooledByteBuf.java:259)
	at io.netty.buffer.AbstractByteBuf.writeBytes(AbstractByteBuf.java:1132)
	at io.netty.channel.socket.nio.NioSocketChannel.doReadBytes(NioSocketChannel.java:357)
	at io.netty.channel.nio.AbstractNioByteChannel$NioByteUnsafe.read(AbstractNioByteChannel.java:151)
	at io.netty.channel.nio.NioEventLoop.processSelectedKey(NioEventLoop.java:788)
	at io.netty.channel.nio.NioEventLoop.processSelectedKeysOptimized(NioEventLoop.java:724)
	at io.netty.channel.nio.NioEventLoop.processSelectedKeys(NioEventLoop.java:650)
	at io.netty.channel.nio.NioEventLoop.run(NioEventLoop.java:562)
	at io.netty.util.concurrent.SingleThreadEventExecutor$4.run(SingleThreadEventExecutor.java:997)
	at io.netty.util.internal.ThreadExecutorMap$2.run(ThreadExecutorMap.java:74)
	at io.netty.util.concurrent.FastThreadLocalRunnable.run(FastThreadLocalRunnable.java:30)
	at java.base/java.lang.Thread.run(Thread.java:834)
2025-01-23 10:34:39 DEBUG o.a.netty.channel.ChannelManager - Closing Channel [id: 0x794736e5, L:/127.0.0.1:65398 - R:localhost/127.0.0.1:65392] 
2025-01-23 10:34:39 DEBUG o.a.netty.handler.HttpHandler - Channel Closed: [id: 0x794736e5, L:/127.0.0.1:65398 ! R:localhost/127.0.0.1:65392] with attribute DISCARD
2025-01-23 10:34:39 DEBUG o.a.netty.handler.HttpHandler - 

Request DefaultFullHttpRequest(decodeResult: success, version: HTTP/1.1, content: EmptyByteBufBE)
DELETE /session/d591255c7d94405325adf632a08053e4 HTTP/1.1
User-Agent: selenium/4.8.0 (java windows)
Content-Type: application/json; charset=utf-8
host: localhost:14361
accept: */*

Response DefaultHttpResponse(decodeResult: success, version: HTTP/1.1)
HTTP/1.1 200 OK
Content-Length: 14
Content-Type: application/json; charset=utf-8
cache-control: no-cache

2025-01-23 10:34:39 DEBUG o.a.netty.channel.ChannelManager - Adding key: http://localhost:14361 for channel [id: 0x018bd171, L:/127.0.0.1:65391 - R:localhost/127.0.0.1:14361]
2025-01-23 10:34:39 DEBUG o.a.netty.handler.HttpHandler - Channel Closed: [id: 0x018bd171, L:/127.0.0.1:65391 ! R:localhost/127.0.0.1:14361] with attribute DISCARD
]]></system-out>
    <system-err><![CDATA[SLF4J(I): Connected with provider of type [ch.qos.logback.classic.spi.LogbackServiceProvider]
Starting ChromeDriver 132.0.6834.83 (03d59cf5ecf1d8444838ff9a1e96231304d4ff9c-refs/branch-heads/6834@{#3390}) on port 13436
Only local connections are allowed.
Please see https://chromedriver.chromium.org/security-considerations for suggestions on keeping ChromeDriver safe.
ChromeDriver was started successfully on port 13436.
Jan 23, 2025 10:34:31 AM org.openqa.selenium.devtools.CdpVersionFinder findNearestMatch
WARNING: Unable to find CDP implementation matching 132
Jan 23, 2025 10:34:31 AM org.openqa.selenium.chromium.ChromiumDriver lambda$new$3
WARNING: Unable to find version of CDP to use for . You may need to include a dependency on a specific version of the CDP using something similar to `org.seleniumhq.selenium:selenium-devtools-v86:4.8.0` where the version ("v86") matches the version of the chromium-based browser you're using and the version number of the artifact is the same as Selenium's.
Starting ChromeDriver 132.0.6834.83 (03d59cf5ecf1d8444838ff9a1e96231304d4ff9c-refs/branch-heads/6834@{#3390}) on port 14361
Only local connections are allowed.
Please see https://chromedriver.chromium.org/security-considerations for suggestions on keeping ChromeDriver safe.
ChromeDriver was started successfully on port 14361.
Jan 23, 2025 10:34:32 AM org.openqa.selenium.devtools.CdpVersionFinder findNearestMatch
WARNING: Unable to find CDP implementation matching 132
Jan 23, 2025 10:34:32 AM org.openqa.selenium.chromium.ChromiumDriver lambda$new$3
WARNING: Unable to find version of CDP to use for . You may need to include a dependency on a specific version of the CDP using something similar to `org.seleniumhq.selenium:selenium-devtools-v86:4.8.0` where the version ("v86") matches the version of the chromium-based browser you're using and the version number of the artifact is the same as Selenium's.
]]></system-err>
  </testcase>
  <testcase name="deleteRecordFromWebTable" classname="com.test.classes.TestElements" time="5.346">
    <system-out><![CDATA[2025-01-23 10:34:39 DEBUG i.g.bonigarcia.wdm.WebDriverManager - Using WebDriverManager 5.9.2
2025-01-23 10:34:39 DEBUG i.g.b.wdm.cache.ResolutionCache - Resolution chrome=132 in cache (valid until 11:34:29 23/01/2025 CET)
2025-01-23 10:34:39 DEBUG i.g.b.wdm.cache.ResolutionCache - Resolution chrome132=132.0.6834.83 in cache (valid until 10:35:46 23/01/2025 CET)
2025-01-23 10:34:39 INFO  i.g.bonigarcia.wdm.WebDriverManager - Using chromedriver 132.0.6834.83 (resolved driver for Chrome 132)
2025-01-23 10:34:39 DEBUG i.g.bonigarcia.wdm.WebDriverManager - Driver chromedriver 132.0.6834.83 found in cache
2025-01-23 10:34:39 INFO  i.g.bonigarcia.wdm.WebDriverManager - Exporting webdriver.chrome.driver as C:\Users\gabor.szabo\.cache\selenium\chromedriver\win64\132.0.6834.83\chromedriver.exe
2025-01-23 10:34:39 DEBUG o.a.n.channel.NettyConnectListener - Using new Channel '[id: 0x509cb630, L:/127.0.0.1:65453 - R:localhost/127.0.0.1:8723]' for 'POST' to '/session'
2025-01-23 10:34:39 DEBUG o.a.netty.channel.DefaultChannelPool - Entry count for : http://localhost:65380 : 1
2025-01-23 10:34:39 DEBUG o.a.netty.channel.DefaultChannelPool - Entry count for : http://localhost:65392 : 1
2025-01-23 10:34:39 DEBUG o.a.netty.channel.DefaultChannelPool - Entry count for : http://localhost:13436 : 1
2025-01-23 10:34:39 DEBUG o.a.netty.channel.DefaultChannelPool - Entry count for : http://localhost:14361 : 1
2025-01-23 10:34:39 DEBUG o.a.netty.channel.DefaultChannelPool - Adding Candidate expired Channel [id: 0x794736e5, L:/127.0.0.1:65398 ! R:localhost/127.0.0.1:65392] isIdleTimeoutExpired=false isRemotelyClosed=true isTtlExpired=false
2025-01-23 10:34:39 DEBUG o.a.netty.channel.DefaultChannelPool - Closing Idle Channel [id: 0x794736e5, L:/127.0.0.1:65398 ! R:localhost/127.0.0.1:65392]
2025-01-23 10:34:39 DEBUG o.a.netty.channel.DefaultChannelPool - Adding Candidate expired Channel [id: 0x018bd171, L:/127.0.0.1:65391 ! R:localhost/127.0.0.1:14361] isIdleTimeoutExpired=false isRemotelyClosed=true isTtlExpired=false
2025-01-23 10:34:39 DEBUG o.a.netty.channel.DefaultChannelPool - Closing Idle Channel [id: 0x018bd171, L:/127.0.0.1:65391 ! R:localhost/127.0.0.1:14361]
2025-01-23 10:34:39 DEBUG o.a.netty.channel.DefaultChannelPool - Closed 2 connections out of 4 in 2 ms
2025-01-23 10:34:39 DEBUG o.a.netty.handler.HttpHandler - 

Request DefaultHttpRequest(decodeResult: success, version: HTTP/1.1)
POST /session HTTP/1.1
User-Agent: selenium/4.8.0 (java windows)
Content-Length: 501
Content-Type: application/json; charset=utf-8
host: localhost:8723
accept: */*

Response DefaultHttpResponse(decodeResult: success, version: HTTP/1.1)
HTTP/1.1 200 OK
Content-Length: 888
Content-Type: application/json; charset=utf-8
cache-control: no-cache

2025-01-23 10:34:39 DEBUG o.a.netty.channel.ChannelManager - Adding key: http://localhost:8723 for channel [id: 0x509cb630, L:/127.0.0.1:65453 - R:localhost/127.0.0.1:8723]
2025-01-23 10:34:39 DEBUG o.a.n.channel.NettyConnectListener - Using new Channel '[id: 0x336e8f9b, L:/127.0.0.1:65461 - R:localhost/127.0.0.1:65454]' for 'GET' to '/json/version'
2025-01-23 10:34:39 DEBUG o.a.netty.handler.HttpHandler - 

Request DefaultFullHttpRequest(decodeResult: success, version: HTTP/1.1, content: EmptyByteBufBE)
GET /json/version HTTP/1.1
User-Agent: selenium/4.8.0 (java windows)
host: localhost:65454
accept: */*

Response DefaultHttpResponse(decodeResult: success, version: HTTP/1.1)
HTTP/1.1 200 OK
Content-Security-Policy: frame-ancestors 'none'
Content-Length: 423
Content-Type: application/json; charset=UTF-8

2025-01-23 10:34:39 DEBUG o.a.netty.channel.ChannelManager - Adding key: http://localhost:65454 for channel [id: 0x336e8f9b, L:/127.0.0.1:65461 - R:localhost/127.0.0.1:65454]
2025-01-23 10:34:39 DEBUG o.a.n.channel.NettyConnectListener - Using new Channel '[id: 0x5cb016c7, L:/127.0.0.1:65462 - R:localhost/127.0.0.1:65454]' for 'GET' to '/devtools/browser/fb13b3a2-6f2d-4c65-9ae2-a146e9765dce'
2025-01-23 10:34:39 DEBUG o.a.netty.handler.WebSocketHandler - 

Request DefaultFullHttpRequest(decodeResult: success, version: HTTP/1.1, content: EmptyByteBufBE)
GET /devtools/browser/fb13b3a2-6f2d-4c65-9ae2-a146e9765dce HTTP/1.1
upgrade: websocket
connection: upgrade
sec-websocket-key: rMbtaV/FM9CB+sTlGh1b4Q==
sec-websocket-version: 13
origin: http://localhost:65454
host: localhost:65454
accept: */*
user-agent: AHC/2.1

Response DefaultHttpResponse(decodeResult: success, version: HTTP/1.1)
HTTP/1.1 101 WebSocket Protocol Handshake
Upgrade: WebSocket
Connection: Upgrade
Sec-WebSocket-Accept: 2dfJkNT4ffZbtOPK5f/VFTTbZXs=

setupTest() method is running
2025-01-23 10:34:39 DEBUG i.g.bonigarcia.wdm.WebDriverManager - Using WebDriverManager 5.9.2
2025-01-23 10:34:39 DEBUG i.g.b.wdm.cache.ResolutionCache - Resolution chrome=132 in cache (valid until 11:34:29 23/01/2025 CET)
2025-01-23 10:34:39 DEBUG i.g.b.wdm.cache.ResolutionCache - Resolution chrome132=132.0.6834.83 in cache (valid until 10:35:46 23/01/2025 CET)
2025-01-23 10:34:39 INFO  i.g.bonigarcia.wdm.WebDriverManager - Using chromedriver 132.0.6834.83 (resolved driver for Chrome 132)
2025-01-23 10:34:39 DEBUG i.g.bonigarcia.wdm.WebDriverManager - Driver chromedriver 132.0.6834.83 found in cache
2025-01-23 10:34:40 INFO  i.g.bonigarcia.wdm.WebDriverManager - Exporting webdriver.chrome.driver as C:\Users\gabor.szabo\.cache\selenium\chromedriver\win64\132.0.6834.83\chromedriver.exe
2025-01-23 10:34:40 DEBUG o.a.n.channel.NettyConnectListener - Using new Channel '[id: 0xc1d49604, L:/127.0.0.1:65464 - R:localhost/127.0.0.1:14394]' for 'POST' to '/session'
2025-01-23 10:34:40 DEBUG o.a.netty.handler.HttpHandler - 

Request DefaultHttpRequest(decodeResult: success, version: HTTP/1.1)
POST /session HTTP/1.1
User-Agent: selenium/4.8.0 (java windows)
Content-Length: 501
Content-Type: application/json; charset=utf-8
host: localhost:14394
accept: */*

Response DefaultHttpResponse(decodeResult: success, version: HTTP/1.1)
HTTP/1.1 200 OK
Content-Length: 888
Content-Type: application/json; charset=utf-8
cache-control: no-cache

2025-01-23 10:34:40 DEBUG o.a.netty.channel.ChannelManager - Adding key: http://localhost:14394 for channel [id: 0xc1d49604, L:/127.0.0.1:65464 - R:localhost/127.0.0.1:14394]
2025-01-23 10:34:40 DEBUG o.a.n.channel.NettyConnectListener - Using new Channel '[id: 0xc1243783, L:/127.0.0.1:65472 - R:localhost/127.0.0.1:65466]' for 'GET' to '/json/version'
2025-01-23 10:34:40 DEBUG o.a.netty.handler.HttpHandler - 

Request DefaultFullHttpRequest(decodeResult: success, version: HTTP/1.1, content: EmptyByteBufBE)
GET /json/version HTTP/1.1
User-Agent: selenium/4.8.0 (java windows)
host: localhost:65466
accept: */*

Response DefaultHttpResponse(decodeResult: success, version: HTTP/1.1)
HTTP/1.1 200 OK
Content-Security-Policy: frame-ancestors 'none'
Content-Length: 423
Content-Type: application/json; charset=UTF-8

2025-01-23 10:34:40 DEBUG o.a.netty.channel.ChannelManager - Adding key: http://localhost:65466 for channel [id: 0xc1243783, L:/127.0.0.1:65472 - R:localhost/127.0.0.1:65466]
2025-01-23 10:34:40 DEBUG o.a.n.channel.NettyConnectListener - Using new Channel '[id: 0xf8718b59, L:/127.0.0.1:65473 - R:localhost/127.0.0.1:65466]' for 'GET' to '/devtools/browser/a881b5ce-cb6e-4285-846e-96052e471887'
2025-01-23 10:34:40 DEBUG o.a.netty.handler.WebSocketHandler - 

Request DefaultFullHttpRequest(decodeResult: success, version: HTTP/1.1, content: EmptyByteBufBE)
GET /devtools/browser/a881b5ce-cb6e-4285-846e-96052e471887 HTTP/1.1
upgrade: websocket
connection: upgrade
sec-websocket-key: 9UUBI+oNCDrUzryh2wLjfw==
sec-websocket-version: 13
origin: http://localhost:65466
host: localhost:65466
accept: */*
user-agent: AHC/2.1

Response DefaultHttpResponse(decodeResult: success, version: HTTP/1.1)
HTTP/1.1 101 WebSocket Protocol Handshake
Upgrade: WebSocket
Connection: Upgrade
Sec-WebSocket-Accept: 0nXjjjosXN1B8vJT7gVwRdDkDE4=

setupTest() method is running
2025-01-23 10:34:40 DEBUG o.a.netty.request.NettyRequestSender - Using pooled Channel '[id: 0xc1d49604, L:/127.0.0.1:65464 - R:localhost/127.0.0.1:14394]' for 'POST' to 'http://localhost:14394/session/3139dcfeb14ca935e0995c9a3fdb019a/url'
2025-01-23 10:34:40 DEBUG o.a.netty.request.NettyRequestSender - Using open Channel [id: 0xc1d49604, L:/127.0.0.1:65464 - R:localhost/127.0.0.1:14394] for POST '/session/3139dcfeb14ca935e0995c9a3fdb019a/url'
2025-01-23 10:34:40 DEBUG o.a.netty.channel.DefaultChannelPool - Entry count for : http://localhost:65380 : 1
2025-01-23 10:34:40 DEBUG o.a.netty.channel.DefaultChannelPool - Entry count for : http://localhost:8723 : 1
2025-01-23 10:34:40 DEBUG o.a.netty.channel.DefaultChannelPool - Entry count for : http://localhost:13436 : 1
2025-01-23 10:34:40 DEBUG o.a.netty.channel.DefaultChannelPool - Entry count for : http://localhost:65454 : 1
2025-01-23 10:34:40 DEBUG o.a.netty.channel.DefaultChannelPool - Entry count for : http://localhost:65466 : 1
2025-01-23 10:34:42 DEBUG o.a.netty.handler.HttpHandler - 

Request DefaultHttpRequest(decodeResult: success, version: HTTP/1.1)
POST /session/3139dcfeb14ca935e0995c9a3fdb019a/url HTTP/1.1
User-Agent: selenium/4.8.0 (java windows)
Content-Length: 58
Content-Type: application/json; charset=utf-8
host: localhost:14394
accept: */*

Response DefaultHttpResponse(decodeResult: success, version: HTTP/1.1)
HTTP/1.1 200 OK
Content-Length: 14
Content-Type: application/json; charset=utf-8
cache-control: no-cache

2025-01-23 10:34:42 DEBUG o.a.netty.channel.ChannelManager - Adding key: http://localhost:14394 for channel [id: 0xc1d49604, L:/127.0.0.1:65464 - R:localhost/127.0.0.1:14394]
2025-01-23 10:34:42 DEBUG o.a.netty.request.NettyRequestSender - Using pooled Channel '[id: 0xc1d49604, L:/127.0.0.1:65464 - R:localhost/127.0.0.1:14394]' for 'POST' to 'http://localhost:14394/session/3139dcfeb14ca935e0995c9a3fdb019a/element'
2025-01-23 10:34:42 DEBUG o.a.netty.request.NettyRequestSender - Using open Channel [id: 0xc1d49604, L:/127.0.0.1:65464 - R:localhost/127.0.0.1:14394] for POST '/session/3139dcfeb14ca935e0995c9a3fdb019a/element'
2025-01-23 10:34:42 DEBUG o.a.netty.channel.DefaultChannelPool - Entry count for : http://localhost:65380 : 1
2025-01-23 10:34:42 DEBUG o.a.netty.channel.DefaultChannelPool - Entry count for : http://localhost:8723 : 1
2025-01-23 10:34:42 DEBUG o.a.netty.channel.DefaultChannelPool - Entry count for : http://localhost:13436 : 1
2025-01-23 10:34:42 DEBUG o.a.netty.channel.DefaultChannelPool - Entry count for : http://localhost:65454 : 1
2025-01-23 10:34:42 DEBUG o.a.netty.channel.DefaultChannelPool - Entry count for : http://localhost:65466 : 1
2025-01-23 10:34:42 DEBUG o.a.netty.handler.HttpHandler - 

Request DefaultHttpRequest(decodeResult: success, version: HTTP/1.1)
POST /session/3139dcfeb14ca935e0995c9a3fdb019a/element HTTP/1.1
User-Agent: selenium/4.8.0 (java windows)
Content-Length: 60
Content-Type: application/json; charset=utf-8
host: localhost:14394
accept: */*

Response DefaultHttpResponse(decodeResult: success, version: HTTP/1.1)
HTTP/1.1 200 OK
Content-Length: 126
Content-Type: application/json; charset=utf-8
cache-control: no-cache

2025-01-23 10:34:42 DEBUG o.a.netty.channel.ChannelManager - Adding key: http://localhost:14394 for channel [id: 0xc1d49604, L:/127.0.0.1:65464 - R:localhost/127.0.0.1:14394]
2025-01-23 10:34:42 DEBUG o.a.netty.request.NettyRequestSender - Using pooled Channel '[id: 0xc1d49604, L:/127.0.0.1:65464 - R:localhost/127.0.0.1:14394]' for 'POST' to 'http://localhost:14394/session/3139dcfeb14ca935e0995c9a3fdb019a/execute/sync'
2025-01-23 10:34:42 DEBUG o.a.netty.request.NettyRequestSender - Using open Channel [id: 0xc1d49604, L:/127.0.0.1:65464 - R:localhost/127.0.0.1:14394] for POST '/session/3139dcfeb14ca935e0995c9a3fdb019a/execute/sync'
2025-01-23 10:34:42 DEBUG o.a.netty.handler.HttpHandler - 

Request DefaultHttpRequest(decodeResult: success, version: HTTP/1.1)
POST /session/3139dcfeb14ca935e0995c9a3fdb019a/execute/sync HTTP/1.1
User-Agent: selenium/4.8.0 (java windows)
Content-Length: 298
Content-Type: application/json; charset=utf-8
host: localhost:14394
accept: */*

Response DefaultHttpResponse(decodeResult: success, version: HTTP/1.1)
HTTP/1.1 200 OK
Content-Length: 14
Content-Type: application/json; charset=utf-8
cache-control: no-cache

2025-01-23 10:34:42 DEBUG o.a.netty.channel.ChannelManager - Adding key: http://localhost:14394 for channel [id: 0xc1d49604, L:/127.0.0.1:65464 - R:localhost/127.0.0.1:14394]
2025-01-23 10:34:42 DEBUG o.a.netty.request.NettyRequestSender - Using pooled Channel '[id: 0xc1d49604, L:/127.0.0.1:65464 - R:localhost/127.0.0.1:14394]' for 'POST' to 'http://localhost:14394/session/3139dcfeb14ca935e0995c9a3fdb019a/actions'
2025-01-23 10:34:42 DEBUG o.a.netty.request.NettyRequestSender - Using open Channel [id: 0xc1d49604, L:/127.0.0.1:65464 - R:localhost/127.0.0.1:14394] for POST '/session/3139dcfeb14ca935e0995c9a3fdb019a/actions'
2025-01-23 10:34:42 DEBUG o.a.netty.handler.HttpHandler - 

Request DefaultHttpRequest(decodeResult: success, version: HTTP/1.1)
POST /session/3139dcfeb14ca935e0995c9a3fdb019a/actions HTTP/1.1
User-Agent: selenium/4.8.0 (java windows)
Content-Length: 706
Content-Type: application/json; charset=utf-8
host: localhost:14394
accept: */*

Response DefaultHttpResponse(decodeResult: success, version: HTTP/1.1)
HTTP/1.1 200 OK
Content-Length: 14
Content-Type: application/json; charset=utf-8
cache-control: no-cache

2025-01-23 10:34:42 DEBUG o.a.netty.channel.ChannelManager - Adding key: http://localhost:14394 for channel [id: 0xc1d49604, L:/127.0.0.1:65464 - R:localhost/127.0.0.1:14394]
User clicked on the 'Delete' button.
2025-01-23 10:34:43 DEBUG o.a.netty.channel.DefaultChannelPool - Entry count for : http://localhost:65380 : 1
2025-01-23 10:34:43 DEBUG o.a.netty.channel.DefaultChannelPool - Entry count for : http://localhost:8723 : 1
2025-01-23 10:34:43 DEBUG o.a.netty.channel.DefaultChannelPool - Entry count for : http://localhost:13436 : 1
2025-01-23 10:34:43 DEBUG o.a.netty.channel.DefaultChannelPool - Entry count for : http://localhost:65454 : 1
2025-01-23 10:34:43 DEBUG o.a.netty.channel.DefaultChannelPool - Entry count for : http://localhost:14394 : 1
2025-01-23 10:34:43 DEBUG o.a.netty.channel.DefaultChannelPool - Entry count for : http://localhost:65466 : 1
2025-01-23 10:34:44 DEBUG o.a.netty.channel.DefaultChannelPool - Entry count for : http://localhost:65380 : 1
2025-01-23 10:34:44 DEBUG o.a.netty.channel.DefaultChannelPool - Entry count for : http://localhost:8723 : 1
2025-01-23 10:34:44 DEBUG o.a.netty.channel.DefaultChannelPool - Entry count for : http://localhost:13436 : 1
2025-01-23 10:34:44 DEBUG o.a.netty.channel.DefaultChannelPool - Entry count for : http://localhost:65454 : 1
2025-01-23 10:34:44 DEBUG o.a.netty.channel.DefaultChannelPool - Entry count for : http://localhost:14394 : 1
2025-01-23 10:34:44 DEBUG o.a.netty.channel.DefaultChannelPool - Entry count for : http://localhost:65466 : 1
2025-01-23 10:34:44 DEBUG o.a.netty.request.NettyRequestSender - Using pooled Channel '[id: 0xc1d49604, L:/127.0.0.1:65464 - R:localhost/127.0.0.1:14394]' for 'DELETE' to 'http://localhost:14394/session/3139dcfeb14ca935e0995c9a3fdb019a'
2025-01-23 10:34:44 DEBUG o.a.netty.request.NettyRequestSender - Using open Channel [id: 0xc1d49604, L:/127.0.0.1:65464 - R:localhost/127.0.0.1:14394] for DELETE '/session/3139dcfeb14ca935e0995c9a3fdb019a'
2025-01-23 10:34:44 DEBUG o.a.netty.handler.WebSocketHandler - Channel Closed: [id: 0xf8718b59, L:/127.0.0.1:65473 ! R:localhost/127.0.0.1:65466] with attribute DISCARD
2025-01-23 10:34:44 DEBUG o.a.netty.handler.HttpHandler - Unexpected I/O exception on channel [id: 0xc1243783, L:/127.0.0.1:65472 - R:localhost/127.0.0.1:65466]
java.io.IOException: An existing connection was forcibly closed by the remote host
	at java.base/sun.nio.ch.SocketDispatcher.read0(Native Method)
	at java.base/sun.nio.ch.SocketDispatcher.read(SocketDispatcher.java:43)
	at java.base/sun.nio.ch.IOUtil.readIntoNativeBuffer(IOUtil.java:276)
	at java.base/sun.nio.ch.IOUtil.read(IOUtil.java:233)
	at java.base/sun.nio.ch.IOUtil.read(IOUtil.java:223)
	at java.base/sun.nio.ch.SocketChannelImpl.read(SocketChannelImpl.java:358)
	at io.netty.buffer.PooledByteBuf.setBytes(PooledByteBuf.java:259)
	at io.netty.buffer.AbstractByteBuf.writeBytes(AbstractByteBuf.java:1132)
	at io.netty.channel.socket.nio.NioSocketChannel.doReadBytes(NioSocketChannel.java:357)
	at io.netty.channel.nio.AbstractNioByteChannel$NioByteUnsafe.read(AbstractNioByteChannel.java:151)
	at io.netty.channel.nio.NioEventLoop.processSelectedKey(NioEventLoop.java:788)
	at io.netty.channel.nio.NioEventLoop.processSelectedKeysOptimized(NioEventLoop.java:724)
	at io.netty.channel.nio.NioEventLoop.processSelectedKeys(NioEventLoop.java:650)
	at io.netty.channel.nio.NioEventLoop.run(NioEventLoop.java:562)
	at io.netty.util.concurrent.SingleThreadEventExecutor$4.run(SingleThreadEventExecutor.java:997)
	at io.netty.util.internal.ThreadExecutorMap$2.run(ThreadExecutorMap.java:74)
	at io.netty.util.concurrent.FastThreadLocalRunnable.run(FastThreadLocalRunnable.java:30)
	at java.base/java.lang.Thread.run(Thread.java:834)
2025-01-23 10:34:44 DEBUG o.a.netty.channel.ChannelManager - Closing Channel [id: 0xc1243783, L:/127.0.0.1:65472 - R:localhost/127.0.0.1:65466] 
2025-01-23 10:34:44 DEBUG o.a.netty.handler.HttpHandler - Channel Closed: [id: 0xc1243783, L:/127.0.0.1:65472 ! R:localhost/127.0.0.1:65466] with attribute DISCARD
2025-01-23 10:34:44 DEBUG o.a.netty.handler.HttpHandler - 

Request DefaultFullHttpRequest(decodeResult: success, version: HTTP/1.1, content: EmptyByteBufBE)
DELETE /session/3139dcfeb14ca935e0995c9a3fdb019a HTTP/1.1
User-Agent: selenium/4.8.0 (java windows)
Content-Type: application/json; charset=utf-8
host: localhost:14394
accept: */*

Response DefaultHttpResponse(decodeResult: success, version: HTTP/1.1)
HTTP/1.1 200 OK
Content-Length: 14
Content-Type: application/json; charset=utf-8
cache-control: no-cache

2025-01-23 10:34:44 DEBUG o.a.netty.channel.ChannelManager - Adding key: http://localhost:14394 for channel [id: 0xc1d49604, L:/127.0.0.1:65464 - R:localhost/127.0.0.1:14394]
2025-01-23 10:34:44 DEBUG o.a.netty.handler.HttpHandler - Channel Closed: [id: 0xc1d49604, L:/127.0.0.1:65464 ! R:localhost/127.0.0.1:14394] with attribute DISCARD
]]></system-out>
    <system-err><![CDATA[Starting ChromeDriver 132.0.6834.83 (03d59cf5ecf1d8444838ff9a1e96231304d4ff9c-refs/branch-heads/6834@{#3390}) on port 8723
Only local connections are allowed.
Please see https://chromedriver.chromium.org/security-considerations for suggestions on keeping ChromeDriver safe.
ChromeDriver was started successfully on port 8723.
Jan 23, 2025 10:34:39 AM org.openqa.selenium.devtools.CdpVersionFinder findNearestMatch
WARNING: Unable to find CDP implementation matching 132
Jan 23, 2025 10:34:39 AM org.openqa.selenium.chromium.ChromiumDriver lambda$new$3
WARNING: Unable to find version of CDP to use for . You may need to include a dependency on a specific version of the CDP using something similar to `org.seleniumhq.selenium:selenium-devtools-v86:4.8.0` where the version ("v86") matches the version of the chromium-based browser you're using and the version number of the artifact is the same as Selenium's.
Starting ChromeDriver 132.0.6834.83 (03d59cf5ecf1d8444838ff9a1e96231304d4ff9c-refs/branch-heads/6834@{#3390}) on port 14394
Only local connections are allowed.
Please see https://chromedriver.chromium.org/security-considerations for suggestions on keeping ChromeDriver safe.
ChromeDriver was started successfully on port 14394.
Jan 23, 2025 10:34:40 AM org.openqa.selenium.devtools.CdpVersionFinder findNearestMatch
WARNING: Unable to find CDP implementation matching 132
Jan 23, 2025 10:34:40 AM org.openqa.selenium.chromium.ChromiumDriver lambda$new$3
WARNING: Unable to find version of CDP to use for . You may need to include a dependency on a specific version of the CDP using something similar to `org.seleniumhq.selenium:selenium-devtools-v86:4.8.0` where the version ("v86") matches the version of the chromium-based browser you're using and the version number of the artifact is the same as Selenium's.
]]></system-err>
  </testcase>
  <testcase name="sendTextToTextBox" classname="com.test.classes.TestElements" time="7.901">
    <system-out><![CDATA[2025-01-23 10:34:44 DEBUG i.g.bonigarcia.wdm.WebDriverManager - Using WebDriverManager 5.9.2
2025-01-23 10:34:44 DEBUG i.g.b.wdm.cache.ResolutionCache - Resolution chrome=132 in cache (valid until 11:34:29 23/01/2025 CET)
2025-01-23 10:34:44 DEBUG i.g.b.wdm.cache.ResolutionCache - Resolution chrome132=132.0.6834.83 in cache (valid until 10:35:46 23/01/2025 CET)
2025-01-23 10:34:44 INFO  i.g.bonigarcia.wdm.WebDriverManager - Using chromedriver 132.0.6834.83 (resolved driver for Chrome 132)
2025-01-23 10:34:44 DEBUG i.g.bonigarcia.wdm.WebDriverManager - Driver chromedriver 132.0.6834.83 found in cache
2025-01-23 10:34:44 INFO  i.g.bonigarcia.wdm.WebDriverManager - Exporting webdriver.chrome.driver as C:\Users\gabor.szabo\.cache\selenium\chromedriver\win64\132.0.6834.83\chromedriver.exe
2025-01-23 10:34:44 DEBUG o.a.n.channel.NettyConnectListener - Using new Channel '[id: 0xd728d0fa, L:/127.0.0.1:65516 - R:localhost/127.0.0.1:36849]' for 'POST' to '/session'
2025-01-23 10:34:45 DEBUG o.a.netty.handler.HttpHandler - 

Request DefaultHttpRequest(decodeResult: success, version: HTTP/1.1)
POST /session HTTP/1.1
User-Agent: selenium/4.8.0 (java windows)
Content-Length: 501
Content-Type: application/json; charset=utf-8
host: localhost:36849
accept: */*

Response DefaultHttpResponse(decodeResult: success, version: HTTP/1.1)
HTTP/1.1 200 OK
Content-Length: 887
Content-Type: application/json; charset=utf-8
cache-control: no-cache

2025-01-23 10:34:45 DEBUG o.a.netty.channel.ChannelManager - Adding key: http://localhost:36849 for channel [id: 0xd728d0fa, L:/127.0.0.1:65516 - R:localhost/127.0.0.1:36849]
2025-01-23 10:34:45 DEBUG o.a.n.channel.NettyConnectListener - Using new Channel '[id: 0x36a79b6c, L:/127.0.0.1:65523 - R:localhost/127.0.0.1:65517]' for 'GET' to '/json/version'
2025-01-23 10:34:45 DEBUG o.a.netty.handler.HttpHandler - 

Request DefaultFullHttpRequest(decodeResult: success, version: HTTP/1.1, content: EmptyByteBufBE)
GET /json/version HTTP/1.1
User-Agent: selenium/4.8.0 (java windows)
host: localhost:65517
accept: */*

Response DefaultHttpResponse(decodeResult: success, version: HTTP/1.1)
HTTP/1.1 200 OK
Content-Security-Policy: frame-ancestors 'none'
Content-Length: 423
Content-Type: application/json; charset=UTF-8

2025-01-23 10:34:45 DEBUG o.a.netty.channel.ChannelManager - Adding key: http://localhost:65517 for channel [id: 0x36a79b6c, L:/127.0.0.1:65523 - R:localhost/127.0.0.1:65517]
2025-01-23 10:34:45 DEBUG o.a.n.channel.NettyConnectListener - Using new Channel '[id: 0x67ba3b17, L:/127.0.0.1:65524 - R:localhost/127.0.0.1:65517]' for 'GET' to '/devtools/browser/874bc73a-9c74-435f-a9a3-1b9ac33b68f7'
2025-01-23 10:34:45 DEBUG o.a.netty.handler.WebSocketHandler - 

Request DefaultFullHttpRequest(decodeResult: success, version: HTTP/1.1, content: EmptyByteBufBE)
GET /devtools/browser/874bc73a-9c74-435f-a9a3-1b9ac33b68f7 HTTP/1.1
upgrade: websocket
connection: upgrade
sec-websocket-key: fmEc7DjsK/CmW86OJQzfXQ==
sec-websocket-version: 13
origin: http://localhost:65517
host: localhost:65517
accept: */*
user-agent: AHC/2.1

Response DefaultHttpResponse(decodeResult: success, version: HTTP/1.1)
HTTP/1.1 101 WebSocket Protocol Handshake
Upgrade: WebSocket
Connection: Upgrade
Sec-WebSocket-Accept: T2qwl8uiAGAwyxt4RB9fCOxhLf8=

setupTest() method is running
2025-01-23 10:34:45 DEBUG i.g.bonigarcia.wdm.WebDriverManager - Using WebDriverManager 5.9.2
2025-01-23 10:34:45 DEBUG i.g.b.wdm.cache.ResolutionCache - Resolution chrome=132 in cache (valid until 11:34:29 23/01/2025 CET)
2025-01-23 10:34:45 DEBUG i.g.b.wdm.cache.ResolutionCache - Resolution chrome132=132.0.6834.83 in cache (valid until 10:35:46 23/01/2025 CET)
2025-01-23 10:34:45 INFO  i.g.bonigarcia.wdm.WebDriverManager - Using chromedriver 132.0.6834.83 (resolved driver for Chrome 132)
2025-01-23 10:34:45 DEBUG o.a.netty.channel.DefaultChannelPool - Entry count for : http://localhost:65380 : 1
2025-01-23 10:34:45 DEBUG o.a.netty.channel.DefaultChannelPool - Entry count for : http://localhost:65517 : 1
2025-01-23 10:34:45 DEBUG o.a.netty.channel.DefaultChannelPool - Entry count for : http://localhost:8723 : 1
2025-01-23 10:34:45 DEBUG o.a.netty.channel.DefaultChannelPool - Entry count for : http://localhost:13436 : 1
2025-01-23 10:34:45 DEBUG o.a.netty.channel.DefaultChannelPool - Entry count for : http://localhost:36849 : 1
2025-01-23 10:34:45 DEBUG o.a.netty.channel.DefaultChannelPool - Entry count for : http://localhost:65454 : 1
2025-01-23 10:34:45 DEBUG o.a.netty.channel.DefaultChannelPool - Entry count for : http://localhost:14394 : 1
2025-01-23 10:34:45 DEBUG o.a.netty.channel.DefaultChannelPool - Entry count for : http://localhost:65466 : 1
2025-01-23 10:34:45 DEBUG o.a.netty.channel.DefaultChannelPool - Adding Candidate expired Channel [id: 0xc1d49604, L:/127.0.0.1:65464 ! R:localhost/127.0.0.1:14394] isIdleTimeoutExpired=false isRemotelyClosed=true isTtlExpired=false
2025-01-23 10:34:45 DEBUG o.a.netty.channel.DefaultChannelPool - Closing Idle Channel [id: 0xc1d49604, L:/127.0.0.1:65464 ! R:localhost/127.0.0.1:14394]
2025-01-23 10:34:45 DEBUG o.a.netty.channel.DefaultChannelPool - Adding Candidate expired Channel [id: 0xc1243783, L:/127.0.0.1:65472 ! R:localhost/127.0.0.1:65466] isIdleTimeoutExpired=false isRemotelyClosed=true isTtlExpired=false
2025-01-23 10:34:45 DEBUG o.a.netty.channel.DefaultChannelPool - Closing Idle Channel [id: 0xc1243783, L:/127.0.0.1:65472 ! R:localhost/127.0.0.1:65466]
2025-01-23 10:34:45 DEBUG o.a.netty.channel.DefaultChannelPool - Closed 2 connections out of 8 in 1 ms
2025-01-23 10:34:45 DEBUG i.g.bonigarcia.wdm.WebDriverManager - Driver chromedriver 132.0.6834.83 found in cache
2025-01-23 10:34:45 INFO  i.g.bonigarcia.wdm.WebDriverManager - Exporting webdriver.chrome.driver as C:\Users\gabor.szabo\.cache\selenium\chromedriver\win64\132.0.6834.83\chromedriver.exe
2025-01-23 10:34:45 DEBUG o.a.n.channel.NettyConnectListener - Using new Channel '[id: 0x43f09f45, L:/127.0.0.1:65526 - R:localhost/127.0.0.1:5246]' for 'POST' to '/session'
2025-01-23 10:34:46 DEBUG o.a.netty.handler.HttpHandler - 

Request DefaultHttpRequest(decodeResult: success, version: HTTP/1.1)
POST /session HTTP/1.1
User-Agent: selenium/4.8.0 (java windows)
Content-Length: 501
Content-Type: application/json; charset=utf-8
host: localhost:5246
accept: */*

Response DefaultHttpResponse(decodeResult: success, version: HTTP/1.1)
HTTP/1.1 200 OK
Content-Length: 887
Content-Type: application/json; charset=utf-8
cache-control: no-cache

2025-01-23 10:34:46 DEBUG o.a.netty.channel.ChannelManager - Adding key: http://localhost:5246 for channel [id: 0x43f09f45, L:/127.0.0.1:65526 - R:localhost/127.0.0.1:5246]
2025-01-23 10:34:46 DEBUG o.a.n.channel.NettyConnectListener - Using new Channel '[id: 0x65e103f0, L:/127.0.0.1:49152 - R:localhost/127.0.0.1:65528]' for 'GET' to '/json/version'
2025-01-23 10:34:46 DEBUG o.a.netty.handler.HttpHandler - 

Request DefaultFullHttpRequest(decodeResult: success, version: HTTP/1.1, content: EmptyByteBufBE)
GET /json/version HTTP/1.1
User-Agent: selenium/4.8.0 (java windows)
host: localhost:65528
accept: */*

Response DefaultHttpResponse(decodeResult: success, version: HTTP/1.1)
HTTP/1.1 200 OK
Content-Security-Policy: frame-ancestors 'none'
Content-Length: 423
Content-Type: application/json; charset=UTF-8

2025-01-23 10:34:46 DEBUG o.a.netty.channel.ChannelManager - Adding key: http://localhost:65528 for channel [id: 0x65e103f0, L:/127.0.0.1:49152 - R:localhost/127.0.0.1:65528]
2025-01-23 10:34:46 DEBUG o.a.n.channel.NettyConnectListener - Using new Channel '[id: 0x10a91fa8, L:/127.0.0.1:49153 - R:localhost/127.0.0.1:65528]' for 'GET' to '/devtools/browser/cca6caa7-ee5e-4bf7-8139-6e56bfacbfd0'
2025-01-23 10:34:46 DEBUG o.a.netty.handler.WebSocketHandler - 

Request DefaultFullHttpRequest(decodeResult: success, version: HTTP/1.1, content: EmptyByteBufBE)
GET /devtools/browser/cca6caa7-ee5e-4bf7-8139-6e56bfacbfd0 HTTP/1.1
upgrade: websocket
connection: upgrade
sec-websocket-key: LwdNb2Zm0ovc1Te6dkZzLQ==
sec-websocket-version: 13
origin: http://localhost:65528
host: localhost:65528
accept: */*
user-agent: AHC/2.1

Response DefaultHttpResponse(decodeResult: success, version: HTTP/1.1)
HTTP/1.1 101 WebSocket Protocol Handshake
Upgrade: WebSocket
Connection: Upgrade
Sec-WebSocket-Accept: MX4/qnjLaR4OwgtcMjXHWNj5hiY=

setupTest() method is running
2025-01-23 10:34:46 DEBUG o.a.netty.request.NettyRequestSender - Using pooled Channel '[id: 0x43f09f45, L:/127.0.0.1:65526 - R:localhost/127.0.0.1:5246]' for 'POST' to 'http://localhost:5246/session/b7b3a3502937bbe104cbd3e6258fc12e/url'
2025-01-23 10:34:46 DEBUG o.a.netty.request.NettyRequestSender - Using open Channel [id: 0x43f09f45, L:/127.0.0.1:65526 - R:localhost/127.0.0.1:5246] for POST '/session/b7b3a3502937bbe104cbd3e6258fc12e/url'
2025-01-23 10:34:46 DEBUG o.a.netty.channel.DefaultChannelPool - Entry count for : http://localhost:65517 : 1
2025-01-23 10:34:46 DEBUG o.a.netty.channel.DefaultChannelPool - Entry count for : http://localhost:65528 : 1
2025-01-23 10:34:46 DEBUG o.a.netty.channel.DefaultChannelPool - Entry count for : http://localhost:8723 : 1
2025-01-23 10:34:46 DEBUG o.a.netty.channel.DefaultChannelPool - Entry count for : http://localhost:13436 : 1
2025-01-23 10:34:46 DEBUG o.a.netty.channel.DefaultChannelPool - Entry count for : http://localhost:65380 : 1
2025-01-23 10:34:46 DEBUG o.a.netty.channel.DefaultChannelPool - Entry count for : http://localhost:36849 : 1
2025-01-23 10:34:46 DEBUG o.a.netty.channel.DefaultChannelPool - Entry count for : http://localhost:65454 : 1
2025-01-23 10:34:47 DEBUG o.a.netty.handler.HttpHandler - 

Request DefaultHttpRequest(decodeResult: success, version: HTTP/1.1)
POST /session/b7b3a3502937bbe104cbd3e6258fc12e/url HTTP/1.1
User-Agent: selenium/4.8.0 (java windows)
Content-Length: 57
Content-Type: application/json; charset=utf-8
host: localhost:5246
accept: */*

Response DefaultHttpResponse(decodeResult: success, version: HTTP/1.1)
HTTP/1.1 200 OK
Content-Length: 14
Content-Type: application/json; charset=utf-8
cache-control: no-cache

2025-01-23 10:34:47 DEBUG o.a.netty.channel.ChannelManager - Adding key: http://localhost:5246 for channel [id: 0x43f09f45, L:/127.0.0.1:65526 - R:localhost/127.0.0.1:5246]
2025-01-23 10:34:47 DEBUG o.a.netty.request.NettyRequestSender - Using pooled Channel '[id: 0x43f09f45, L:/127.0.0.1:65526 - R:localhost/127.0.0.1:5246]' for 'POST' to 'http://localhost:5246/session/b7b3a3502937bbe104cbd3e6258fc12e/element'
2025-01-23 10:34:47 DEBUG o.a.netty.request.NettyRequestSender - Using open Channel [id: 0x43f09f45, L:/127.0.0.1:65526 - R:localhost/127.0.0.1:5246] for POST '/session/b7b3a3502937bbe104cbd3e6258fc12e/element'
2025-01-23 10:34:47 DEBUG o.a.netty.handler.HttpHandler - 

Request DefaultHttpRequest(decodeResult: success, version: HTTP/1.1)
POST /session/b7b3a3502937bbe104cbd3e6258fc12e/element HTTP/1.1
User-Agent: selenium/4.8.0 (java windows)
Content-Length: 53
Content-Type: application/json; charset=utf-8
host: localhost:5246
accept: */*

Response DefaultHttpResponse(decodeResult: success, version: HTTP/1.1)
HTTP/1.1 200 OK
Content-Length: 125
Content-Type: application/json; charset=utf-8
cache-control: no-cache

2025-01-23 10:34:47 DEBUG o.a.netty.channel.ChannelManager - Adding key: http://localhost:5246 for channel [id: 0x43f09f45, L:/127.0.0.1:65526 - R:localhost/127.0.0.1:5246]
2025-01-23 10:34:47 DEBUG o.a.netty.request.NettyRequestSender - Using pooled Channel '[id: 0x43f09f45, L:/127.0.0.1:65526 - R:localhost/127.0.0.1:5246]' for 'POST' to 'http://localhost:5246/session/b7b3a3502937bbe104cbd3e6258fc12e/element/f.0DCD61C51EAB00DA30EE273602B91617.d.FDCCADA69E39C1659BFF4CC2BCF2636B.e.9/value'
2025-01-23 10:34:47 DEBUG o.a.netty.request.NettyRequestSender - Using open Channel [id: 0x43f09f45, L:/127.0.0.1:65526 - R:localhost/127.0.0.1:5246] for POST '/session/b7b3a3502937bbe104cbd3e6258fc12e/element/f.0DCD61C51EAB00DA30EE273602B91617.d.FDCCADA69E39C1659BFF4CC2BCF2636B.e.9/value'
2025-01-23 10:34:47 DEBUG o.a.netty.handler.HttpHandler - 

Request DefaultHttpRequest(decodeResult: success, version: HTTP/1.1)
POST /session/b7b3a3502937bbe104cbd3e6258fc12e/element/f.0DCD61C51EAB00DA30EE273602B91617.d.FDCCADA69E39C1659BFF4CC2BCF2636B.e.9/value HTTP/1.1
User-Agent: selenium/4.8.0 (java windows)
Content-Length: 228
Content-Type: application/json; charset=utf-8
host: localhost:5246
accept: */*

Response DefaultHttpResponse(decodeResult: success, version: HTTP/1.1)
HTTP/1.1 200 OK
Content-Length: 14
Content-Type: application/json; charset=utf-8
cache-control: no-cache

2025-01-23 10:34:47 DEBUG o.a.netty.channel.ChannelManager - Adding key: http://localhost:5246 for channel [id: 0x43f09f45, L:/127.0.0.1:65526 - R:localhost/127.0.0.1:5246]
User entered name.
2025-01-23 10:34:47 DEBUG o.a.netty.request.NettyRequestSender - Using pooled Channel '[id: 0x43f09f45, L:/127.0.0.1:65526 - R:localhost/127.0.0.1:5246]' for 'POST' to 'http://localhost:5246/session/b7b3a3502937bbe104cbd3e6258fc12e/element'
2025-01-23 10:34:47 DEBUG o.a.netty.request.NettyRequestSender - Using open Channel [id: 0x43f09f45, L:/127.0.0.1:65526 - R:localhost/127.0.0.1:5246] for POST '/session/b7b3a3502937bbe104cbd3e6258fc12e/element'
2025-01-23 10:34:47 DEBUG o.a.netty.handler.HttpHandler - 

Request DefaultHttpRequest(decodeResult: success, version: HTTP/1.1)
POST /session/b7b3a3502937bbe104cbd3e6258fc12e/element HTTP/1.1
User-Agent: selenium/4.8.0 (java windows)
Content-Length: 54
Content-Type: application/json; charset=utf-8
host: localhost:5246
accept: */*

Response DefaultHttpResponse(decodeResult: success, version: HTTP/1.1)
HTTP/1.1 200 OK
Content-Length: 126
Content-Type: application/json; charset=utf-8
cache-control: no-cache

2025-01-23 10:34:47 DEBUG o.a.netty.channel.ChannelManager - Adding key: http://localhost:5246 for channel [id: 0x43f09f45, L:/127.0.0.1:65526 - R:localhost/127.0.0.1:5246]
2025-01-23 10:34:47 DEBUG o.a.netty.request.NettyRequestSender - Using pooled Channel '[id: 0x43f09f45, L:/127.0.0.1:65526 - R:localhost/127.0.0.1:5246]' for 'POST' to 'http://localhost:5246/session/b7b3a3502937bbe104cbd3e6258fc12e/element/f.0DCD61C51EAB00DA30EE273602B91617.d.FDCCADA69E39C1659BFF4CC2BCF2636B.e.11/value'
2025-01-23 10:34:47 DEBUG o.a.netty.request.NettyRequestSender - Using open Channel [id: 0x43f09f45, L:/127.0.0.1:65526 - R:localhost/127.0.0.1:5246] for POST '/session/b7b3a3502937bbe104cbd3e6258fc12e/element/f.0DCD61C51EAB00DA30EE273602B91617.d.FDCCADA69E39C1659BFF4CC2BCF2636B.e.11/value'
2025-01-23 10:34:47 DEBUG o.a.netty.channel.DefaultChannelPool - Entry count for : http://localhost:65517 : 1
2025-01-23 10:34:47 DEBUG o.a.netty.channel.DefaultChannelPool - Entry count for : http://localhost:65528 : 1
2025-01-23 10:34:47 DEBUG o.a.netty.channel.DefaultChannelPool - Entry count for : http://localhost:8723 : 1
2025-01-23 10:34:47 DEBUG o.a.netty.channel.DefaultChannelPool - Entry count for : http://localhost:13436 : 1
2025-01-23 10:34:47 DEBUG o.a.netty.channel.DefaultChannelPool - Entry count for : http://localhost:65380 : 1
2025-01-23 10:34:47 DEBUG o.a.netty.channel.DefaultChannelPool - Entry count for : http://localhost:36849 : 1
2025-01-23 10:34:47 DEBUG o.a.netty.channel.DefaultChannelPool - Entry count for : http://localhost:65454 : 1
2025-01-23 10:34:47 DEBUG o.a.netty.handler.HttpHandler - 

Request DefaultHttpRequest(decodeResult: success, version: HTTP/1.1)
POST /session/b7b3a3502937bbe104cbd3e6258fc12e/element/f.0DCD61C51EAB00DA30EE273602B91617.d.FDCCADA69E39C1659BFF4CC2BCF2636B.e.11/value HTTP/1.1
User-Agent: selenium/4.8.0 (java windows)
Content-Length: 279
Content-Type: application/json; charset=utf-8
host: localhost:5246
accept: */*

Response DefaultHttpResponse(decodeResult: success, version: HTTP/1.1)
HTTP/1.1 200 OK
Content-Length: 14
Content-Type: application/json; charset=utf-8
cache-control: no-cache

2025-01-23 10:34:47 DEBUG o.a.netty.channel.ChannelManager - Adding key: http://localhost:5246 for channel [id: 0x43f09f45, L:/127.0.0.1:65526 - R:localhost/127.0.0.1:5246]
User entered email address.
2025-01-23 10:34:47 DEBUG o.a.netty.request.NettyRequestSender - Using pooled Channel '[id: 0x43f09f45, L:/127.0.0.1:65526 - R:localhost/127.0.0.1:5246]' for 'POST' to 'http://localhost:5246/session/b7b3a3502937bbe104cbd3e6258fc12e/element'
2025-01-23 10:34:47 DEBUG o.a.netty.request.NettyRequestSender - Using open Channel [id: 0x43f09f45, L:/127.0.0.1:65526 - R:localhost/127.0.0.1:5246] for POST '/session/b7b3a3502937bbe104cbd3e6258fc12e/element'
2025-01-23 10:34:47 DEBUG o.a.netty.handler.HttpHandler - 

Request DefaultHttpRequest(decodeResult: success, version: HTTP/1.1)
POST /session/b7b3a3502937bbe104cbd3e6258fc12e/element HTTP/1.1
User-Agent: selenium/4.8.0 (java windows)
Content-Length: 59
Content-Type: application/json; charset=utf-8
host: localhost:5246
accept: */*

Response DefaultHttpResponse(decodeResult: success, version: HTTP/1.1)
HTTP/1.1 200 OK
Content-Length: 126
Content-Type: application/json; charset=utf-8
cache-control: no-cache

2025-01-23 10:34:47 DEBUG o.a.netty.channel.ChannelManager - Adding key: http://localhost:5246 for channel [id: 0x43f09f45, L:/127.0.0.1:65526 - R:localhost/127.0.0.1:5246]
2025-01-23 10:34:47 DEBUG o.a.netty.request.NettyRequestSender - Using pooled Channel '[id: 0x43f09f45, L:/127.0.0.1:65526 - R:localhost/127.0.0.1:5246]' for 'POST' to 'http://localhost:5246/session/b7b3a3502937bbe104cbd3e6258fc12e/element/f.0DCD61C51EAB00DA30EE273602B91617.d.FDCCADA69E39C1659BFF4CC2BCF2636B.e.12/value'
2025-01-23 10:34:47 DEBUG o.a.netty.request.NettyRequestSender - Using open Channel [id: 0x43f09f45, L:/127.0.0.1:65526 - R:localhost/127.0.0.1:5246] for POST '/session/b7b3a3502937bbe104cbd3e6258fc12e/element/f.0DCD61C51EAB00DA30EE273602B91617.d.FDCCADA69E39C1659BFF4CC2BCF2636B.e.12/value'
2025-01-23 10:34:47 DEBUG o.a.netty.handler.HttpHandler - 

Request DefaultHttpRequest(decodeResult: success, version: HTTP/1.1)
POST /session/b7b3a3502937bbe104cbd3e6258fc12e/element/f.0DCD61C51EAB00DA30EE273602B91617.d.FDCCADA69E39C1659BFF4CC2BCF2636B.e.12/value HTTP/1.1
User-Agent: selenium/4.8.0 (java windows)
Content-Length: 339
Content-Type: application/json; charset=utf-8
host: localhost:5246
accept: */*

Response DefaultHttpResponse(decodeResult: success, version: HTTP/1.1)
HTTP/1.1 200 OK
Content-Length: 14
Content-Type: application/json; charset=utf-8
cache-control: no-cache

2025-01-23 10:34:47 DEBUG o.a.netty.channel.ChannelManager - Adding key: http://localhost:5246 for channel [id: 0x43f09f45, L:/127.0.0.1:65526 - R:localhost/127.0.0.1:5246]
User entered current address.
2025-01-23 10:34:47 DEBUG o.a.netty.request.NettyRequestSender - Using pooled Channel '[id: 0x43f09f45, L:/127.0.0.1:65526 - R:localhost/127.0.0.1:5246]' for 'POST' to 'http://localhost:5246/session/b7b3a3502937bbe104cbd3e6258fc12e/element'
2025-01-23 10:34:47 DEBUG o.a.netty.request.NettyRequestSender - Using open Channel [id: 0x43f09f45, L:/127.0.0.1:65526 - R:localhost/127.0.0.1:5246] for POST '/session/b7b3a3502937bbe104cbd3e6258fc12e/element'
2025-01-23 10:34:47 DEBUG o.a.netty.handler.HttpHandler - 

Request DefaultHttpRequest(decodeResult: success, version: HTTP/1.1)
POST /session/b7b3a3502937bbe104cbd3e6258fc12e/element HTTP/1.1
User-Agent: selenium/4.8.0 (java windows)
Content-Length: 61
Content-Type: application/json; charset=utf-8
host: localhost:5246
accept: */*

Response DefaultHttpResponse(decodeResult: success, version: HTTP/1.1)
HTTP/1.1 200 OK
Content-Length: 126
Content-Type: application/json; charset=utf-8
cache-control: no-cache

2025-01-23 10:34:47 DEBUG o.a.netty.channel.ChannelManager - Adding key: http://localhost:5246 for channel [id: 0x43f09f45, L:/127.0.0.1:65526 - R:localhost/127.0.0.1:5246]
2025-01-23 10:34:47 DEBUG o.a.netty.request.NettyRequestSender - Using pooled Channel '[id: 0x43f09f45, L:/127.0.0.1:65526 - R:localhost/127.0.0.1:5246]' for 'POST' to 'http://localhost:5246/session/b7b3a3502937bbe104cbd3e6258fc12e/element/f.0DCD61C51EAB00DA30EE273602B91617.d.FDCCADA69E39C1659BFF4CC2BCF2636B.e.13/value'
2025-01-23 10:34:47 DEBUG o.a.netty.request.NettyRequestSender - Using open Channel [id: 0x43f09f45, L:/127.0.0.1:65526 - R:localhost/127.0.0.1:5246] for POST '/session/b7b3a3502937bbe104cbd3e6258fc12e/element/f.0DCD61C51EAB00DA30EE273602B91617.d.FDCCADA69E39C1659BFF4CC2BCF2636B.e.13/value'
2025-01-23 10:34:48 DEBUG o.a.netty.handler.HttpHandler - 

Request DefaultHttpRequest(decodeResult: success, version: HTTP/1.1)
POST /session/b7b3a3502937bbe104cbd3e6258fc12e/element/f.0DCD61C51EAB00DA30EE273602B91617.d.FDCCADA69E39C1659BFF4CC2BCF2636B.e.13/value HTTP/1.1
User-Agent: selenium/4.8.0 (java windows)
Content-Length: 389
Content-Type: application/json; charset=utf-8
host: localhost:5246
accept: */*

Response DefaultHttpResponse(decodeResult: success, version: HTTP/1.1)
HTTP/1.1 200 OK
Content-Length: 14
Content-Type: application/json; charset=utf-8
cache-control: no-cache

2025-01-23 10:34:48 DEBUG o.a.netty.channel.ChannelManager - Adding key: http://localhost:5246 for channel [id: 0x43f09f45, L:/127.0.0.1:65526 - R:localhost/127.0.0.1:5246]
User entered permanent address.
2025-01-23 10:34:48 DEBUG o.a.netty.request.NettyRequestSender - Using pooled Channel '[id: 0x43f09f45, L:/127.0.0.1:65526 - R:localhost/127.0.0.1:5246]' for 'POST' to 'http://localhost:5246/session/b7b3a3502937bbe104cbd3e6258fc12e/element'
2025-01-23 10:34:48 DEBUG o.a.netty.request.NettyRequestSender - Using open Channel [id: 0x43f09f45, L:/127.0.0.1:65526 - R:localhost/127.0.0.1:5246] for POST '/session/b7b3a3502937bbe104cbd3e6258fc12e/element'
2025-01-23 10:34:48 DEBUG o.a.netty.handler.HttpHandler - 

Request DefaultHttpRequest(decodeResult: success, version: HTTP/1.1)
POST /session/b7b3a3502937bbe104cbd3e6258fc12e/element HTTP/1.1
User-Agent: selenium/4.8.0 (java windows)
Content-Length: 51
Content-Type: application/json; charset=utf-8
host: localhost:5246
accept: */*

Response DefaultHttpResponse(decodeResult: success, version: HTTP/1.1)
HTTP/1.1 200 OK
Content-Length: 126
Content-Type: application/json; charset=utf-8
cache-control: no-cache

2025-01-23 10:34:48 DEBUG o.a.netty.channel.ChannelManager - Adding key: http://localhost:5246 for channel [id: 0x43f09f45, L:/127.0.0.1:65526 - R:localhost/127.0.0.1:5246]
2025-01-23 10:34:48 DEBUG o.a.netty.request.NettyRequestSender - Using pooled Channel '[id: 0x43f09f45, L:/127.0.0.1:65526 - R:localhost/127.0.0.1:5246]' for 'POST' to 'http://localhost:5246/session/b7b3a3502937bbe104cbd3e6258fc12e/execute/sync'
2025-01-23 10:34:48 DEBUG o.a.netty.request.NettyRequestSender - Using open Channel [id: 0x43f09f45, L:/127.0.0.1:65526 - R:localhost/127.0.0.1:5246] for POST '/session/b7b3a3502937bbe104cbd3e6258fc12e/execute/sync'
2025-01-23 10:34:48 DEBUG o.a.netty.handler.HttpHandler - 

Request DefaultHttpRequest(decodeResult: success, version: HTTP/1.1)
POST /session/b7b3a3502937bbe104cbd3e6258fc12e/execute/sync HTTP/1.1
User-Agent: selenium/4.8.0 (java windows)
Content-Length: 298
Content-Type: application/json; charset=utf-8
host: localhost:5246
accept: */*

Response DefaultHttpResponse(decodeResult: success, version: HTTP/1.1)
HTTP/1.1 200 OK
Content-Length: 14
Content-Type: application/json; charset=utf-8
cache-control: no-cache

2025-01-23 10:34:48 DEBUG o.a.netty.channel.ChannelManager - Adding key: http://localhost:5246 for channel [id: 0x43f09f45, L:/127.0.0.1:65526 - R:localhost/127.0.0.1:5246]
2025-01-23 10:34:48 DEBUG o.a.netty.request.NettyRequestSender - Using pooled Channel '[id: 0x43f09f45, L:/127.0.0.1:65526 - R:localhost/127.0.0.1:5246]' for 'POST' to 'http://localhost:5246/session/b7b3a3502937bbe104cbd3e6258fc12e/actions'
2025-01-23 10:34:48 DEBUG o.a.netty.request.NettyRequestSender - Using open Channel [id: 0x43f09f45, L:/127.0.0.1:65526 - R:localhost/127.0.0.1:5246] for POST '/session/b7b3a3502937bbe104cbd3e6258fc12e/actions'
2025-01-23 10:34:48 DEBUG o.a.netty.handler.HttpHandler - 

Request DefaultHttpRequest(decodeResult: success, version: HTTP/1.1)
POST /session/b7b3a3502937bbe104cbd3e6258fc12e/actions HTTP/1.1
User-Agent: selenium/4.8.0 (java windows)
Content-Length: 706
Content-Type: application/json; charset=utf-8
host: localhost:5246
accept: */*

Response DefaultHttpResponse(decodeResult: success, version: HTTP/1.1)
HTTP/1.1 200 OK
Content-Length: 14
Content-Type: application/json; charset=utf-8
cache-control: no-cache

2025-01-23 10:34:48 DEBUG o.a.netty.channel.ChannelManager - Adding key: http://localhost:5246 for channel [id: 0x43f09f45, L:/127.0.0.1:65526 - R:localhost/127.0.0.1:5246]
User clicked on the 'Submit' button.
2025-01-23 10:34:48 DEBUG o.a.netty.request.NettyRequestSender - Using pooled Channel '[id: 0x43f09f45, L:/127.0.0.1:65526 - R:localhost/127.0.0.1:5246]' for 'POST' to 'http://localhost:5246/session/b7b3a3502937bbe104cbd3e6258fc12e/element'
2025-01-23 10:34:48 DEBUG o.a.netty.request.NettyRequestSender - Using open Channel [id: 0x43f09f45, L:/127.0.0.1:65526 - R:localhost/127.0.0.1:5246] for POST '/session/b7b3a3502937bbe104cbd3e6258fc12e/element'
2025-01-23 10:34:48 DEBUG o.a.netty.handler.HttpHandler - 

Request DefaultHttpRequest(decodeResult: success, version: HTTP/1.1)
POST /session/b7b3a3502937bbe104cbd3e6258fc12e/element HTTP/1.1
User-Agent: selenium/4.8.0 (java windows)
Content-Length: 51
Content-Type: application/json; charset=utf-8
host: localhost:5246
accept: */*

Response DefaultHttpResponse(decodeResult: success, version: HTTP/1.1)
HTTP/1.1 200 OK
Content-Length: 126
Content-Type: application/json; charset=utf-8
cache-control: no-cache

2025-01-23 10:34:48 DEBUG o.a.netty.channel.ChannelManager - Adding key: http://localhost:5246 for channel [id: 0x43f09f45, L:/127.0.0.1:65526 - R:localhost/127.0.0.1:5246]
2025-01-23 10:34:48 DEBUG o.a.netty.request.NettyRequestSender - Using pooled Channel '[id: 0x43f09f45, L:/127.0.0.1:65526 - R:localhost/127.0.0.1:5246]' for 'GET' to 'http://localhost:5246/session/b7b3a3502937bbe104cbd3e6258fc12e/element/f.0DCD61C51EAB00DA30EE273602B91617.d.FDCCADA69E39C1659BFF4CC2BCF2636B.e.58/text'
2025-01-23 10:34:48 DEBUG o.a.netty.request.NettyRequestSender - Using open Channel [id: 0x43f09f45, L:/127.0.0.1:65526 - R:localhost/127.0.0.1:5246] for GET '/session/b7b3a3502937bbe104cbd3e6258fc12e/element/f.0DCD61C51EAB00DA30EE273602B91617.d.FDCCADA69E39C1659BFF4CC2BCF2636B.e.58/text'
2025-01-23 10:34:48 DEBUG o.a.netty.handler.HttpHandler - 

Request DefaultFullHttpRequest(decodeResult: success, version: HTTP/1.1, content: EmptyByteBufBE)
GET /session/b7b3a3502937bbe104cbd3e6258fc12e/element/f.0DCD61C51EAB00DA30EE273602B91617.d.FDCCADA69E39C1659BFF4CC2BCF2636B.e.58/text HTTP/1.1
User-Agent: selenium/4.8.0 (java windows)
Cache-Control: no-cache
Content-Type: application/json; charset=utf-8
host: localhost:5246
accept: */*

Response DefaultHttpResponse(decodeResult: success, version: HTTP/1.1)
HTTP/1.1 200 OK
Content-Length: 142
Content-Type: application/json; charset=utf-8
cache-control: no-cache

2025-01-23 10:34:48 DEBUG o.a.netty.channel.ChannelManager - Adding key: http://localhost:5246 for channel [id: 0x43f09f45, L:/127.0.0.1:65526 - R:localhost/127.0.0.1:5246]
Submitted information is present in output box.
2025-01-23 10:34:48 DEBUG o.a.netty.channel.DefaultChannelPool - Entry count for : http://localhost:65517 : 1
2025-01-23 10:34:48 DEBUG o.a.netty.channel.DefaultChannelPool - Entry count for : http://localhost:65528 : 1
2025-01-23 10:34:48 DEBUG o.a.netty.channel.DefaultChannelPool - Entry count for : http://localhost:8723 : 1
2025-01-23 10:34:48 DEBUG o.a.netty.channel.DefaultChannelPool - Entry count for : http://localhost:5246 : 1
2025-01-23 10:34:48 DEBUG o.a.netty.channel.DefaultChannelPool - Entry count for : http://localhost:13436 : 1
2025-01-23 10:34:48 DEBUG o.a.netty.channel.DefaultChannelPool - Entry count for : http://localhost:65380 : 1
2025-01-23 10:34:48 DEBUG o.a.netty.channel.DefaultChannelPool - Entry count for : http://localhost:36849 : 1
2025-01-23 10:34:48 DEBUG o.a.netty.channel.DefaultChannelPool - Entry count for : http://localhost:65454 : 1
2025-01-23 10:34:49 DEBUG o.a.netty.channel.DefaultChannelPool - Entry count for : http://localhost:65517 : 1
2025-01-23 10:34:49 DEBUG o.a.netty.channel.DefaultChannelPool - Entry count for : http://localhost:65528 : 1
2025-01-23 10:34:49 DEBUG o.a.netty.channel.DefaultChannelPool - Entry count for : http://localhost:8723 : 1
2025-01-23 10:34:49 DEBUG o.a.netty.channel.DefaultChannelPool - Entry count for : http://localhost:5246 : 1
2025-01-23 10:34:49 DEBUG o.a.netty.channel.DefaultChannelPool - Entry count for : http://localhost:13436 : 1
2025-01-23 10:34:49 DEBUG o.a.netty.channel.DefaultChannelPool - Entry count for : http://localhost:65380 : 1
2025-01-23 10:34:49 DEBUG o.a.netty.channel.DefaultChannelPool - Entry count for : http://localhost:36849 : 1
2025-01-23 10:34:49 DEBUG o.a.netty.channel.DefaultChannelPool - Entry count for : http://localhost:65454 : 1
2025-01-23 10:34:50 DEBUG o.a.netty.channel.DefaultChannelPool - Entry count for : http://localhost:65517 : 1
2025-01-23 10:34:50 DEBUG o.a.netty.channel.DefaultChannelPool - Entry count for : http://localhost:65528 : 1
2025-01-23 10:34:50 DEBUG o.a.netty.channel.DefaultChannelPool - Entry count for : http://localhost:8723 : 1
2025-01-23 10:34:50 DEBUG o.a.netty.channel.DefaultChannelPool - Entry count for : http://localhost:5246 : 1
2025-01-23 10:34:50 DEBUG o.a.netty.channel.DefaultChannelPool - Entry count for : http://localhost:13436 : 1
2025-01-23 10:34:50 DEBUG o.a.netty.channel.DefaultChannelPool - Entry count for : http://localhost:65380 : 1
2025-01-23 10:34:50 DEBUG o.a.netty.channel.DefaultChannelPool - Entry count for : http://localhost:36849 : 1
2025-01-23 10:34:50 DEBUG o.a.netty.channel.DefaultChannelPool - Entry count for : http://localhost:65454 : 1
2025-01-23 10:34:52 DEBUG o.a.netty.channel.DefaultChannelPool - Entry count for : http://localhost:65517 : 1
2025-01-23 10:34:52 DEBUG o.a.netty.channel.DefaultChannelPool - Entry count for : http://localhost:65528 : 1
2025-01-23 10:34:52 DEBUG o.a.netty.channel.DefaultChannelPool - Entry count for : http://localhost:8723 : 1
2025-01-23 10:34:52 DEBUG o.a.netty.channel.DefaultChannelPool - Entry count for : http://localhost:5246 : 1
2025-01-23 10:34:52 DEBUG o.a.netty.channel.DefaultChannelPool - Entry count for : http://localhost:13436 : 1
2025-01-23 10:34:52 DEBUG o.a.netty.channel.DefaultChannelPool - Entry count for : http://localhost:65380 : 1
2025-01-23 10:34:52 DEBUG o.a.netty.channel.DefaultChannelPool - Entry count for : http://localhost:36849 : 1
2025-01-23 10:34:52 DEBUG o.a.netty.channel.DefaultChannelPool - Entry count for : http://localhost:65454 : 1
2025-01-23 10:34:52 DEBUG o.a.netty.handler.WebSocketHandler - Channel Closed: [id: 0x10a91fa8, L:/127.0.0.1:49153 ! R:localhost/127.0.0.1:65528] with attribute DISCARD
2025-01-23 10:34:52 DEBUG o.a.netty.request.NettyRequestSender - Using pooled Channel '[id: 0x43f09f45, L:/127.0.0.1:65526 - R:localhost/127.0.0.1:5246]' for 'DELETE' to 'http://localhost:5246/session/b7b3a3502937bbe104cbd3e6258fc12e'
2025-01-23 10:34:52 DEBUG o.a.netty.request.NettyRequestSender - Using open Channel [id: 0x43f09f45, L:/127.0.0.1:65526 - R:localhost/127.0.0.1:5246] for DELETE '/session/b7b3a3502937bbe104cbd3e6258fc12e'
2025-01-23 10:34:52 DEBUG o.a.netty.handler.HttpHandler - Unexpected I/O exception on channel [id: 0x65e103f0, L:/127.0.0.1:49152 - R:localhost/127.0.0.1:65528]
java.io.IOException: An existing connection was forcibly closed by the remote host
	at java.base/sun.nio.ch.SocketDispatcher.read0(Native Method)
	at java.base/sun.nio.ch.SocketDispatcher.read(SocketDispatcher.java:43)
	at java.base/sun.nio.ch.IOUtil.readIntoNativeBuffer(IOUtil.java:276)
	at java.base/sun.nio.ch.IOUtil.read(IOUtil.java:233)
	at java.base/sun.nio.ch.IOUtil.read(IOUtil.java:223)
	at java.base/sun.nio.ch.SocketChannelImpl.read(SocketChannelImpl.java:358)
	at io.netty.buffer.PooledByteBuf.setBytes(PooledByteBuf.java:259)
	at io.netty.buffer.AbstractByteBuf.writeBytes(AbstractByteBuf.java:1132)
	at io.netty.channel.socket.nio.NioSocketChannel.doReadBytes(NioSocketChannel.java:357)
	at io.netty.channel.nio.AbstractNioByteChannel$NioByteUnsafe.read(AbstractNioByteChannel.java:151)
	at io.netty.channel.nio.NioEventLoop.processSelectedKey(NioEventLoop.java:788)
	at io.netty.channel.nio.NioEventLoop.processSelectedKeysOptimized(NioEventLoop.java:724)
	at io.netty.channel.nio.NioEventLoop.processSelectedKeys(NioEventLoop.java:650)
	at io.netty.channel.nio.NioEventLoop.run(NioEventLoop.java:562)
	at io.netty.util.concurrent.SingleThreadEventExecutor$4.run(SingleThreadEventExecutor.java:997)
	at io.netty.util.internal.ThreadExecutorMap$2.run(ThreadExecutorMap.java:74)
	at io.netty.util.concurrent.FastThreadLocalRunnable.run(FastThreadLocalRunnable.java:30)
	at java.base/java.lang.Thread.run(Thread.java:834)
2025-01-23 10:34:52 DEBUG o.a.netty.channel.ChannelManager - Closing Channel [id: 0x65e103f0, L:/127.0.0.1:49152 - R:localhost/127.0.0.1:65528] 
2025-01-23 10:34:52 DEBUG o.a.netty.handler.HttpHandler - Channel Closed: [id: 0x65e103f0, L:/127.0.0.1:49152 ! R:localhost/127.0.0.1:65528] with attribute DISCARD
2025-01-23 10:34:52 DEBUG o.a.netty.handler.HttpHandler - 

Request DefaultFullHttpRequest(decodeResult: success, version: HTTP/1.1, content: EmptyByteBufBE)
DELETE /session/b7b3a3502937bbe104cbd3e6258fc12e HTTP/1.1
User-Agent: selenium/4.8.0 (java windows)
Content-Type: application/json; charset=utf-8
host: localhost:5246
accept: */*

Response DefaultHttpResponse(decodeResult: success, version: HTTP/1.1)
HTTP/1.1 200 OK
Content-Length: 14
Content-Type: application/json; charset=utf-8
cache-control: no-cache

2025-01-23 10:34:52 DEBUG o.a.netty.channel.ChannelManager - Adding key: http://localhost:5246 for channel [id: 0x43f09f45, L:/127.0.0.1:65526 - R:localhost/127.0.0.1:5246]
2025-01-23 10:34:52 DEBUG o.a.netty.handler.HttpHandler - Channel Closed: [id: 0x43f09f45, L:/127.0.0.1:65526 ! R:localhost/127.0.0.1:5246] with attribute DISCARD
]]></system-out>
    <system-err><![CDATA[Starting ChromeDriver 132.0.6834.83 (03d59cf5ecf1d8444838ff9a1e96231304d4ff9c-refs/branch-heads/6834@{#3390}) on port 36849
Only local connections are allowed.
Please see https://chromedriver.chromium.org/security-considerations for suggestions on keeping ChromeDriver safe.
ChromeDriver was started successfully on port 36849.
Jan 23, 2025 10:34:45 AM org.openqa.selenium.devtools.CdpVersionFinder findNearestMatch
WARNING: Unable to find CDP implementation matching 132
Jan 23, 2025 10:34:45 AM org.openqa.selenium.chromium.ChromiumDriver lambda$new$3
WARNING: Unable to find version of CDP to use for . You may need to include a dependency on a specific version of the CDP using something similar to `org.seleniumhq.selenium:selenium-devtools-v86:4.8.0` where the version ("v86") matches the version of the chromium-based browser you're using and the version number of the artifact is the same as Selenium's.
Starting ChromeDriver 132.0.6834.83 (03d59cf5ecf1d8444838ff9a1e96231304d4ff9c-refs/branch-heads/6834@{#3390}) on port 5246
Only local connections are allowed.
Please see https://chromedriver.chromium.org/security-considerations for suggestions on keeping ChromeDriver safe.
ChromeDriver was started successfully on port 5246.
Jan 23, 2025 10:34:46 AM org.openqa.selenium.devtools.CdpVersionFinder findNearestMatch
WARNING: Unable to find CDP implementation matching 132
Jan 23, 2025 10:34:46 AM org.openqa.selenium.chromium.ChromiumDriver lambda$new$3
WARNING: Unable to find version of CDP to use for . You may need to include a dependency on a specific version of the CDP using something similar to `org.seleniumhq.selenium:selenium-devtools-v86:4.8.0` where the version ("v86") matches the version of the chromium-based browser you're using and the version number of the artifact is the same as Selenium's.
]]></system-err>
  </testcase>
  <testcase name="pageUrl" classname="com.test.classes.TestElements" time="3.032">
    <system-out><![CDATA[2025-01-23 10:34:52 DEBUG i.g.bonigarcia.wdm.WebDriverManager - Using WebDriverManager 5.9.2
2025-01-23 10:34:52 DEBUG i.g.b.wdm.cache.ResolutionCache - Resolution chrome=132 in cache (valid until 11:34:29 23/01/2025 CET)
2025-01-23 10:34:52 DEBUG i.g.b.wdm.cache.ResolutionCache - Resolution chrome132=132.0.6834.83 in cache (valid until 10:35:46 23/01/2025 CET)
2025-01-23 10:34:52 INFO  i.g.bonigarcia.wdm.WebDriverManager - Using chromedriver 132.0.6834.83 (resolved driver for Chrome 132)
2025-01-23 10:34:52 DEBUG i.g.bonigarcia.wdm.WebDriverManager - Driver chromedriver 132.0.6834.83 found in cache
2025-01-23 10:34:52 INFO  i.g.bonigarcia.wdm.WebDriverManager - Exporting webdriver.chrome.driver as C:\Users\gabor.szabo\.cache\selenium\chromedriver\win64\132.0.6834.83\chromedriver.exe
2025-01-23 10:34:52 DEBUG o.a.n.channel.NettyConnectListener - Using new Channel '[id: 0x60786d39, L:/127.0.0.1:49196 - R:localhost/127.0.0.1:28894]' for 'POST' to '/session'
2025-01-23 10:34:53 DEBUG o.a.netty.channel.DefaultChannelPool - Entry count for : http://localhost:65517 : 1
2025-01-23 10:34:53 DEBUG o.a.netty.channel.DefaultChannelPool - Entry count for : http://localhost:65528 : 1
2025-01-23 10:34:53 DEBUG o.a.netty.channel.DefaultChannelPool - Entry count for : http://localhost:8723 : 1
2025-01-23 10:34:53 DEBUG o.a.netty.channel.DefaultChannelPool - Entry count for : http://localhost:5246 : 1
2025-01-23 10:34:53 DEBUG o.a.netty.channel.DefaultChannelPool - Entry count for : http://localhost:13436 : 1
2025-01-23 10:34:53 DEBUG o.a.netty.channel.DefaultChannelPool - Entry count for : http://localhost:65380 : 1
2025-01-23 10:34:53 DEBUG o.a.netty.channel.DefaultChannelPool - Entry count for : http://localhost:36849 : 1
2025-01-23 10:34:53 DEBUG o.a.netty.channel.DefaultChannelPool - Entry count for : http://localhost:65454 : 1
2025-01-23 10:34:53 DEBUG o.a.netty.channel.DefaultChannelPool - Adding Candidate expired Channel [id: 0x65e103f0, L:/127.0.0.1:49152 ! R:localhost/127.0.0.1:65528] isIdleTimeoutExpired=false isRemotelyClosed=true isTtlExpired=false
2025-01-23 10:34:53 DEBUG o.a.netty.channel.DefaultChannelPool - Closing Idle Channel [id: 0x65e103f0, L:/127.0.0.1:49152 ! R:localhost/127.0.0.1:65528]
2025-01-23 10:34:53 DEBUG o.a.netty.channel.DefaultChannelPool - Adding Candidate expired Channel [id: 0x43f09f45, L:/127.0.0.1:65526 ! R:localhost/127.0.0.1:5246] isIdleTimeoutExpired=false isRemotelyClosed=true isTtlExpired=false
2025-01-23 10:34:53 DEBUG o.a.netty.channel.DefaultChannelPool - Closing Idle Channel [id: 0x43f09f45, L:/127.0.0.1:65526 ! R:localhost/127.0.0.1:5246]
2025-01-23 10:34:53 DEBUG o.a.netty.channel.DefaultChannelPool - Closed 2 connections out of 8 in 0 ms
2025-01-23 10:34:53 DEBUG o.a.netty.handler.HttpHandler - 

Request DefaultHttpRequest(decodeResult: success, version: HTTP/1.1)
POST /session HTTP/1.1
User-Agent: selenium/4.8.0 (java windows)
Content-Length: 501
Content-Type: application/json; charset=utf-8
host: localhost:28894
accept: */*

Response DefaultHttpResponse(decodeResult: success, version: HTTP/1.1)
HTTP/1.1 200 OK
Content-Length: 888
Content-Type: application/json; charset=utf-8
cache-control: no-cache

2025-01-23 10:34:53 DEBUG o.a.netty.channel.ChannelManager - Adding key: http://localhost:28894 for channel [id: 0x60786d39, L:/127.0.0.1:49196 - R:localhost/127.0.0.1:28894]
2025-01-23 10:34:53 DEBUG o.a.n.channel.NettyConnectListener - Using new Channel '[id: 0x945f274b, L:/127.0.0.1:49203 - R:localhost/127.0.0.1:49197]' for 'GET' to '/json/version'
2025-01-23 10:34:53 DEBUG o.a.netty.handler.HttpHandler - 

Request DefaultFullHttpRequest(decodeResult: success, version: HTTP/1.1, content: EmptyByteBufBE)
GET /json/version HTTP/1.1
User-Agent: selenium/4.8.0 (java windows)
host: localhost:49197
accept: */*

Response DefaultHttpResponse(decodeResult: success, version: HTTP/1.1)
HTTP/1.1 200 OK
Content-Security-Policy: frame-ancestors 'none'
Content-Length: 423
Content-Type: application/json; charset=UTF-8

2025-01-23 10:34:53 DEBUG o.a.netty.channel.ChannelManager - Adding key: http://localhost:49197 for channel [id: 0x945f274b, L:/127.0.0.1:49203 - R:localhost/127.0.0.1:49197]
2025-01-23 10:34:53 DEBUG o.a.n.channel.NettyConnectListener - Using new Channel '[id: 0x7bd4ce82, L:/127.0.0.1:49204 - R:localhost/127.0.0.1:49197]' for 'GET' to '/devtools/browser/725dd32b-6ce8-4606-b689-2c9ea1f80139'
2025-01-23 10:34:53 DEBUG o.a.netty.handler.WebSocketHandler - 

Request DefaultFullHttpRequest(decodeResult: success, version: HTTP/1.1, content: EmptyByteBufBE)
GET /devtools/browser/725dd32b-6ce8-4606-b689-2c9ea1f80139 HTTP/1.1
upgrade: websocket
connection: upgrade
sec-websocket-key: kQk0HNBS50vDmWIUNA8CLQ==
sec-websocket-version: 13
origin: http://localhost:49197
host: localhost:49197
accept: */*
user-agent: AHC/2.1

Response DefaultHttpResponse(decodeResult: success, version: HTTP/1.1)
HTTP/1.1 101 WebSocket Protocol Handshake
Upgrade: WebSocket
Connection: Upgrade
Sec-WebSocket-Accept: yltNJ9mOCw+BKEvf942bgsUQiEo=

setupTest() method is running
2025-01-23 10:34:53 DEBUG i.g.bonigarcia.wdm.WebDriverManager - Using WebDriverManager 5.9.2
2025-01-23 10:34:53 DEBUG i.g.b.wdm.cache.ResolutionCache - Resolution chrome=132 in cache (valid until 11:34:29 23/01/2025 CET)
2025-01-23 10:34:53 DEBUG i.g.b.wdm.cache.ResolutionCache - Resolution chrome132=132.0.6834.83 in cache (valid until 10:35:46 23/01/2025 CET)
2025-01-23 10:34:53 INFO  i.g.bonigarcia.wdm.WebDriverManager - Using chromedriver 132.0.6834.83 (resolved driver for Chrome 132)
2025-01-23 10:34:53 DEBUG i.g.bonigarcia.wdm.WebDriverManager - Driver chromedriver 132.0.6834.83 found in cache
2025-01-23 10:34:53 INFO  i.g.bonigarcia.wdm.WebDriverManager - Exporting webdriver.chrome.driver as C:\Users\gabor.szabo\.cache\selenium\chromedriver\win64\132.0.6834.83\chromedriver.exe
2025-01-23 10:34:53 DEBUG o.a.n.channel.NettyConnectListener - Using new Channel '[id: 0x582ac3d9, L:/127.0.0.1:49206 - R:localhost/127.0.0.1:20467]' for 'POST' to '/session'
2025-01-23 10:34:53 DEBUG o.a.netty.handler.HttpHandler - 

Request DefaultHttpRequest(decodeResult: success, version: HTTP/1.1)
POST /session HTTP/1.1
User-Agent: selenium/4.8.0 (java windows)
Content-Length: 501
Content-Type: application/json; charset=utf-8
host: localhost:20467
accept: */*

Response DefaultHttpResponse(decodeResult: success, version: HTTP/1.1)
HTTP/1.1 200 OK
Content-Length: 887
Content-Type: application/json; charset=utf-8
cache-control: no-cache

2025-01-23 10:34:53 DEBUG o.a.netty.channel.ChannelManager - Adding key: http://localhost:20467 for channel [id: 0x582ac3d9, L:/127.0.0.1:49206 - R:localhost/127.0.0.1:20467]
2025-01-23 10:34:53 DEBUG o.a.n.channel.NettyConnectListener - Using new Channel '[id: 0x2febbd06, L:/127.0.0.1:49214 - R:localhost/127.0.0.1:49208]' for 'GET' to '/json/version'
2025-01-23 10:34:53 DEBUG o.a.netty.handler.HttpHandler - 

Request DefaultFullHttpRequest(decodeResult: success, version: HTTP/1.1, content: EmptyByteBufBE)
GET /json/version HTTP/1.1
User-Agent: selenium/4.8.0 (java windows)
host: localhost:49208
accept: */*

Response DefaultHttpResponse(decodeResult: success, version: HTTP/1.1)
HTTP/1.1 200 OK
Content-Security-Policy: frame-ancestors 'none'
Content-Length: 423
Content-Type: application/json; charset=UTF-8

2025-01-23 10:34:53 DEBUG o.a.netty.channel.ChannelManager - Adding key: http://localhost:49208 for channel [id: 0x2febbd06, L:/127.0.0.1:49214 - R:localhost/127.0.0.1:49208]
2025-01-23 10:34:53 DEBUG o.a.n.channel.NettyConnectListener - Using new Channel '[id: 0x90da137d, L:/127.0.0.1:49215 - R:localhost/127.0.0.1:49208]' for 'GET' to '/devtools/browser/fe020750-19c8-4029-b240-af4441ff2519'
2025-01-23 10:34:53 DEBUG o.a.netty.handler.WebSocketHandler - 

Request DefaultFullHttpRequest(decodeResult: success, version: HTTP/1.1, content: EmptyByteBufBE)
GET /devtools/browser/fe020750-19c8-4029-b240-af4441ff2519 HTTP/1.1
upgrade: websocket
connection: upgrade
sec-websocket-key: yusaEZKhENWqFskmMbjd3Q==
sec-websocket-version: 13
origin: http://localhost:49208
host: localhost:49208
accept: */*
user-agent: AHC/2.1

Response DefaultHttpResponse(decodeResult: success, version: HTTP/1.1)
HTTP/1.1 101 WebSocket Protocol Handshake
Upgrade: WebSocket
Connection: Upgrade
Sec-WebSocket-Accept: c55NRgsHLt09XAZrLliRHee2ubE=

setupTest() method is running
2025-01-23 10:34:54 DEBUG o.a.netty.request.NettyRequestSender - Using pooled Channel '[id: 0x582ac3d9, L:/127.0.0.1:49206 - R:localhost/127.0.0.1:20467]' for 'POST' to 'http://localhost:20467/session/c4fcc5052138290ac62b313974237756/url'
2025-01-23 10:34:54 DEBUG o.a.netty.request.NettyRequestSender - Using open Channel [id: 0x582ac3d9, L:/127.0.0.1:49206 - R:localhost/127.0.0.1:20467] for POST '/session/c4fcc5052138290ac62b313974237756/url'
2025-01-23 10:34:54 DEBUG o.a.netty.channel.DefaultChannelPool - Entry count for : http://localhost:65517 : 1
2025-01-23 10:34:54 DEBUG o.a.netty.channel.DefaultChannelPool - Entry count for : http://localhost:8723 : 1
2025-01-23 10:34:54 DEBUG o.a.netty.channel.DefaultChannelPool - Entry count for : http://localhost:13436 : 1
2025-01-23 10:34:54 DEBUG o.a.netty.channel.DefaultChannelPool - Entry count for : http://localhost:65380 : 1
2025-01-23 10:34:54 DEBUG o.a.netty.channel.DefaultChannelPool - Entry count for : http://localhost:36849 : 1
2025-01-23 10:34:54 DEBUG o.a.netty.channel.DefaultChannelPool - Entry count for : http://localhost:49197 : 1
2025-01-23 10:34:54 DEBUG o.a.netty.channel.DefaultChannelPool - Entry count for : http://localhost:49208 : 1
2025-01-23 10:34:54 DEBUG o.a.netty.channel.DefaultChannelPool - Entry count for : http://localhost:65454 : 1
2025-01-23 10:34:54 DEBUG o.a.netty.channel.DefaultChannelPool - Entry count for : http://localhost:28894 : 1
2025-01-23 10:34:55 DEBUG o.a.netty.handler.HttpHandler - 

Request DefaultHttpRequest(decodeResult: success, version: HTTP/1.1)
POST /session/c4fcc5052138290ac62b313974237756/url HTTP/1.1
User-Agent: selenium/4.8.0 (java windows)
Content-Length: 56
Content-Type: application/json; charset=utf-8
host: localhost:20467
accept: */*

Response DefaultHttpResponse(decodeResult: success, version: HTTP/1.1)
HTTP/1.1 200 OK
Content-Length: 14
Content-Type: application/json; charset=utf-8
cache-control: no-cache

2025-01-23 10:34:55 DEBUG o.a.netty.channel.ChannelManager - Adding key: http://localhost:20467 for channel [id: 0x582ac3d9, L:/127.0.0.1:49206 - R:localhost/127.0.0.1:20467]
2025-01-23 10:34:55 DEBUG o.a.netty.request.NettyRequestSender - Using pooled Channel '[id: 0x582ac3d9, L:/127.0.0.1:49206 - R:localhost/127.0.0.1:20467]' for 'GET' to 'http://localhost:20467/session/c4fcc5052138290ac62b313974237756/url'
2025-01-23 10:34:55 DEBUG o.a.netty.request.NettyRequestSender - Using open Channel [id: 0x582ac3d9, L:/127.0.0.1:49206 - R:localhost/127.0.0.1:20467] for GET '/session/c4fcc5052138290ac62b313974237756/url'
2025-01-23 10:34:55 DEBUG o.a.netty.handler.HttpHandler - 

Request DefaultFullHttpRequest(decodeResult: success, version: HTTP/1.1, content: EmptyByteBufBE)
GET /session/c4fcc5052138290ac62b313974237756/url HTTP/1.1
User-Agent: selenium/4.8.0 (java windows)
Cache-Control: no-cache
Content-Type: application/json; charset=utf-8
host: localhost:20467
accept: */*

Response DefaultHttpResponse(decodeResult: success, version: HTTP/1.1)
HTTP/1.1 200 OK
Content-Length: 38
Content-Type: application/json; charset=utf-8
cache-control: no-cache

2025-01-23 10:34:55 DEBUG o.a.netty.channel.ChannelManager - Adding key: http://localhost:20467 for channel [id: 0x582ac3d9, L:/127.0.0.1:49206 - R:localhost/127.0.0.1:20467]
2025-01-23 10:34:55 DEBUG o.a.netty.request.NettyRequestSender - Using pooled Channel '[id: 0x582ac3d9, L:/127.0.0.1:49206 - R:localhost/127.0.0.1:20467]' for 'GET' to 'http://localhost:20467/session/c4fcc5052138290ac62b313974237756/url'
2025-01-23 10:34:55 DEBUG o.a.netty.request.NettyRequestSender - Using open Channel [id: 0x582ac3d9, L:/127.0.0.1:49206 - R:localhost/127.0.0.1:20467] for GET '/session/c4fcc5052138290ac62b313974237756/url'
2025-01-23 10:34:55 DEBUG o.a.netty.handler.HttpHandler - 

Request DefaultFullHttpRequest(decodeResult: success, version: HTTP/1.1, content: EmptyByteBufBE)
GET /session/c4fcc5052138290ac62b313974237756/url HTTP/1.1
User-Agent: selenium/4.8.0 (java windows)
Cache-Control: no-cache
Content-Type: application/json; charset=utf-8
host: localhost:20467
accept: */*

Response DefaultHttpResponse(decodeResult: success, version: HTTP/1.1)
HTTP/1.1 200 OK
Content-Length: 38
Content-Type: application/json; charset=utf-8
cache-control: no-cache

2025-01-23 10:34:55 DEBUG o.a.netty.channel.ChannelManager - Adding key: http://localhost:20467 for channel [id: 0x582ac3d9, L:/127.0.0.1:49206 - R:localhost/127.0.0.1:20467]
User is on the expected page.
2025-01-23 10:34:55 DEBUG o.a.netty.handler.WebSocketHandler - Channel Closed: [id: 0x90da137d, L:/127.0.0.1:49215 ! R:localhost/127.0.0.1:49208] with attribute DISCARD
2025-01-23 10:34:55 DEBUG o.a.netty.request.NettyRequestSender - Using pooled Channel '[id: 0x582ac3d9, L:/127.0.0.1:49206 - R:localhost/127.0.0.1:20467]' for 'DELETE' to 'http://localhost:20467/session/c4fcc5052138290ac62b313974237756'
2025-01-23 10:34:55 DEBUG o.a.netty.request.NettyRequestSender - Using open Channel [id: 0x582ac3d9, L:/127.0.0.1:49206 - R:localhost/127.0.0.1:20467] for DELETE '/session/c4fcc5052138290ac62b313974237756'
2025-01-23 10:34:55 DEBUG o.a.netty.channel.DefaultChannelPool - Entry count for : http://localhost:65517 : 1
2025-01-23 10:34:55 DEBUG o.a.netty.channel.DefaultChannelPool - Entry count for : http://localhost:8723 : 1
2025-01-23 10:34:55 DEBUG o.a.netty.channel.DefaultChannelPool - Entry count for : http://localhost:13436 : 1
2025-01-23 10:34:55 DEBUG o.a.netty.channel.DefaultChannelPool - Entry count for : http://localhost:65380 : 1
2025-01-23 10:34:55 DEBUG o.a.netty.channel.DefaultChannelPool - Entry count for : http://localhost:36849 : 1
2025-01-23 10:34:55 DEBUG o.a.netty.channel.DefaultChannelPool - Entry count for : http://localhost:49197 : 1
2025-01-23 10:34:55 DEBUG o.a.netty.channel.DefaultChannelPool - Entry count for : http://localhost:49208 : 1
2025-01-23 10:34:55 DEBUG o.a.netty.channel.DefaultChannelPool - Entry count for : http://localhost:65454 : 1
2025-01-23 10:34:55 DEBUG o.a.netty.channel.DefaultChannelPool - Entry count for : http://localhost:28894 : 1
2025-01-23 10:34:55 DEBUG o.a.netty.handler.HttpHandler - Unexpected I/O exception on channel [id: 0x2febbd06, L:/127.0.0.1:49214 - R:localhost/127.0.0.1:49208]
java.io.IOException: An existing connection was forcibly closed by the remote host
	at java.base/sun.nio.ch.SocketDispatcher.read0(Native Method)
	at java.base/sun.nio.ch.SocketDispatcher.read(SocketDispatcher.java:43)
	at java.base/sun.nio.ch.IOUtil.readIntoNativeBuffer(IOUtil.java:276)
	at java.base/sun.nio.ch.IOUtil.read(IOUtil.java:233)
	at java.base/sun.nio.ch.IOUtil.read(IOUtil.java:223)
	at java.base/sun.nio.ch.SocketChannelImpl.read(SocketChannelImpl.java:358)
	at io.netty.buffer.PooledByteBuf.setBytes(PooledByteBuf.java:259)
	at io.netty.buffer.AbstractByteBuf.writeBytes(AbstractByteBuf.java:1132)
	at io.netty.channel.socket.nio.NioSocketChannel.doReadBytes(NioSocketChannel.java:357)
	at io.netty.channel.nio.AbstractNioByteChannel$NioByteUnsafe.read(AbstractNioByteChannel.java:151)
	at io.netty.channel.nio.NioEventLoop.processSelectedKey(NioEventLoop.java:788)
	at io.netty.channel.nio.NioEventLoop.processSelectedKeysOptimized(NioEventLoop.java:724)
	at io.netty.channel.nio.NioEventLoop.processSelectedKeys(NioEventLoop.java:650)
	at io.netty.channel.nio.NioEventLoop.run(NioEventLoop.java:562)
	at io.netty.util.concurrent.SingleThreadEventExecutor$4.run(SingleThreadEventExecutor.java:997)
	at io.netty.util.internal.ThreadExecutorMap$2.run(ThreadExecutorMap.java:74)
	at io.netty.util.concurrent.FastThreadLocalRunnable.run(FastThreadLocalRunnable.java:30)
	at java.base/java.lang.Thread.run(Thread.java:834)
2025-01-23 10:34:55 DEBUG o.a.netty.channel.ChannelManager - Closing Channel [id: 0x2febbd06, L:/127.0.0.1:49214 - R:localhost/127.0.0.1:49208] 
2025-01-23 10:34:55 DEBUG o.a.netty.handler.HttpHandler - Channel Closed: [id: 0x2febbd06, L:/127.0.0.1:49214 ! R:localhost/127.0.0.1:49208] with attribute DISCARD
2025-01-23 10:34:55 DEBUG o.a.netty.handler.HttpHandler - 

Request DefaultFullHttpRequest(decodeResult: success, version: HTTP/1.1, content: EmptyByteBufBE)
DELETE /session/c4fcc5052138290ac62b313974237756 HTTP/1.1
User-Agent: selenium/4.8.0 (java windows)
Content-Type: application/json; charset=utf-8
host: localhost:20467
accept: */*

Response DefaultHttpResponse(decodeResult: success, version: HTTP/1.1)
HTTP/1.1 200 OK
Content-Length: 14
Content-Type: application/json; charset=utf-8
cache-control: no-cache

2025-01-23 10:34:55 DEBUG o.a.netty.channel.ChannelManager - Adding key: http://localhost:20467 for channel [id: 0x582ac3d9, L:/127.0.0.1:49206 - R:localhost/127.0.0.1:20467]
2025-01-23 10:34:55 DEBUG o.a.netty.handler.HttpHandler - Channel Closed: [id: 0x582ac3d9, L:/127.0.0.1:49206 ! R:localhost/127.0.0.1:20467] with attribute DISCARD
]]></system-out>
    <system-err><![CDATA[Starting ChromeDriver 132.0.6834.83 (03d59cf5ecf1d8444838ff9a1e96231304d4ff9c-refs/branch-heads/6834@{#3390}) on port 28894
Only local connections are allowed.
Please see https://chromedriver.chromium.org/security-considerations for suggestions on keeping ChromeDriver safe.
ChromeDriver was started successfully on port 28894.
Jan 23, 2025 10:34:53 AM org.openqa.selenium.devtools.CdpVersionFinder findNearestMatch
WARNING: Unable to find CDP implementation matching 132
Jan 23, 2025 10:34:53 AM org.openqa.selenium.chromium.ChromiumDriver lambda$new$3
WARNING: Unable to find version of CDP to use for . You may need to include a dependency on a specific version of the CDP using something similar to `org.seleniumhq.selenium:selenium-devtools-v86:4.8.0` where the version ("v86") matches the version of the chromium-based browser you're using and the version number of the artifact is the same as Selenium's.
Starting ChromeDriver 132.0.6834.83 (03d59cf5ecf1d8444838ff9a1e96231304d4ff9c-refs/branch-heads/6834@{#3390}) on port 20467
Only local connections are allowed.
Please see https://chromedriver.chromium.org/security-considerations for suggestions on keeping ChromeDriver safe.
ChromeDriver was started successfully on port 20467.
Jan 23, 2025 10:34:53 AM org.openqa.selenium.devtools.CdpVersionFinder findNearestMatch
WARNING: Unable to find CDP implementation matching 132
Jan 23, 2025 10:34:53 AM org.openqa.selenium.chromium.ChromiumDriver lambda$new$3
WARNING: Unable to find version of CDP to use for . You may need to include a dependency on a specific version of the CDP using something similar to `org.seleniumhq.selenium:selenium-devtools-v86:4.8.0` where the version ("v86") matches the version of the chromium-based browser you're using and the version number of the artifact is the same as Selenium's.
]]></system-err>
  </testcase>
  <testcase name="addNewToWebTable" classname="com.test.classes.TestElements" time="8.576">
    <system-out><![CDATA[2025-01-23 10:34:55 DEBUG i.g.bonigarcia.wdm.WebDriverManager - Using WebDriverManager 5.9.2
2025-01-23 10:34:55 DEBUG i.g.b.wdm.cache.ResolutionCache - Resolution chrome=132 in cache (valid until 11:34:29 23/01/2025 CET)
2025-01-23 10:34:55 DEBUG i.g.b.wdm.cache.ResolutionCache - Resolution chrome132=132.0.6834.83 in cache (valid until 10:35:46 23/01/2025 CET)
2025-01-23 10:34:55 INFO  i.g.bonigarcia.wdm.WebDriverManager - Using chromedriver 132.0.6834.83 (resolved driver for Chrome 132)
2025-01-23 10:34:55 DEBUG i.g.bonigarcia.wdm.WebDriverManager - Driver chromedriver 132.0.6834.83 found in cache
2025-01-23 10:34:55 INFO  i.g.bonigarcia.wdm.WebDriverManager - Exporting webdriver.chrome.driver as C:\Users\gabor.szabo\.cache\selenium\chromedriver\win64\132.0.6834.83\chromedriver.exe
2025-01-23 10:34:55 DEBUG o.a.n.channel.NettyConnectListener - Using new Channel '[id: 0xda9eaf71, L:/127.0.0.1:49254 - R:localhost/127.0.0.1:34890]' for 'POST' to '/session'
2025-01-23 10:34:56 DEBUG o.a.netty.channel.DefaultChannelPool - Entry count for : http://localhost:65517 : 1
2025-01-23 10:34:56 DEBUG o.a.netty.channel.DefaultChannelPool - Entry count for : http://localhost:8723 : 1
2025-01-23 10:34:56 DEBUG o.a.netty.channel.DefaultChannelPool - Entry count for : http://localhost:13436 : 1
2025-01-23 10:34:56 DEBUG o.a.netty.channel.DefaultChannelPool - Entry count for : http://localhost:65380 : 1
2025-01-23 10:34:56 DEBUG o.a.netty.channel.DefaultChannelPool - Entry count for : http://localhost:36849 : 1
2025-01-23 10:34:56 DEBUG o.a.netty.channel.DefaultChannelPool - Entry count for : http://localhost:49197 : 1
2025-01-23 10:34:56 DEBUG o.a.netty.channel.DefaultChannelPool - Entry count for : http://localhost:49208 : 1
2025-01-23 10:34:56 DEBUG o.a.netty.channel.DefaultChannelPool - Entry count for : http://localhost:65454 : 1
2025-01-23 10:34:56 DEBUG o.a.netty.channel.DefaultChannelPool - Entry count for : http://localhost:20467 : 1
2025-01-23 10:34:56 DEBUG o.a.netty.channel.DefaultChannelPool - Entry count for : http://localhost:28894 : 1
2025-01-23 10:34:56 DEBUG o.a.netty.channel.DefaultChannelPool - Adding Candidate expired Channel [id: 0x2febbd06, L:/127.0.0.1:49214 ! R:localhost/127.0.0.1:49208] isIdleTimeoutExpired=false isRemotelyClosed=true isTtlExpired=false
2025-01-23 10:34:56 DEBUG o.a.netty.channel.DefaultChannelPool - Closing Idle Channel [id: 0x2febbd06, L:/127.0.0.1:49214 ! R:localhost/127.0.0.1:49208]
2025-01-23 10:34:56 DEBUG o.a.netty.channel.DefaultChannelPool - Adding Candidate expired Channel [id: 0x582ac3d9, L:/127.0.0.1:49206 ! R:localhost/127.0.0.1:20467] isIdleTimeoutExpired=false isRemotelyClosed=true isTtlExpired=false
2025-01-23 10:34:56 DEBUG o.a.netty.channel.DefaultChannelPool - Closing Idle Channel [id: 0x582ac3d9, L:/127.0.0.1:49206 ! R:localhost/127.0.0.1:20467]
2025-01-23 10:34:56 DEBUG o.a.netty.channel.DefaultChannelPool - Closed 2 connections out of 10 in 0 ms
2025-01-23 10:34:56 DEBUG o.a.netty.handler.HttpHandler - 

Request DefaultHttpRequest(decodeResult: success, version: HTTP/1.1)
POST /session HTTP/1.1
User-Agent: selenium/4.8.0 (java windows)
Content-Length: 501
Content-Type: application/json; charset=utf-8
host: localhost:34890
accept: */*

Response DefaultHttpResponse(decodeResult: success, version: HTTP/1.1)
HTTP/1.1 200 OK
Content-Length: 887
Content-Type: application/json; charset=utf-8
cache-control: no-cache

2025-01-23 10:34:56 DEBUG o.a.netty.channel.ChannelManager - Adding key: http://localhost:34890 for channel [id: 0xda9eaf71, L:/127.0.0.1:49254 - R:localhost/127.0.0.1:34890]
2025-01-23 10:34:56 DEBUG o.a.n.channel.NettyConnectListener - Using new Channel '[id: 0xb28915c6, L:/127.0.0.1:49261 - R:localhost/127.0.0.1:49255]' for 'GET' to '/json/version'
2025-01-23 10:34:56 DEBUG o.a.netty.handler.HttpHandler - 

Request DefaultFullHttpRequest(decodeResult: success, version: HTTP/1.1, content: EmptyByteBufBE)
GET /json/version HTTP/1.1
User-Agent: selenium/4.8.0 (java windows)
host: localhost:49255
accept: */*

Response DefaultHttpResponse(decodeResult: success, version: HTTP/1.1)
HTTP/1.1 200 OK
Content-Security-Policy: frame-ancestors 'none'
Content-Length: 423
Content-Type: application/json; charset=UTF-8

2025-01-23 10:34:56 DEBUG o.a.netty.channel.ChannelManager - Adding key: http://localhost:49255 for channel [id: 0xb28915c6, L:/127.0.0.1:49261 - R:localhost/127.0.0.1:49255]
2025-01-23 10:34:56 DEBUG o.a.n.channel.NettyConnectListener - Using new Channel '[id: 0x4df17865, L:/127.0.0.1:49262 - R:localhost/127.0.0.1:49255]' for 'GET' to '/devtools/browser/07088dd0-3cca-4b3f-bc64-0fefa67f5807'
2025-01-23 10:34:56 DEBUG o.a.netty.handler.WebSocketHandler - 

Request DefaultFullHttpRequest(decodeResult: success, version: HTTP/1.1, content: EmptyByteBufBE)
GET /devtools/browser/07088dd0-3cca-4b3f-bc64-0fefa67f5807 HTTP/1.1
upgrade: websocket
connection: upgrade
sec-websocket-key: MhUxnIdLVIoYFrYNWdUwJQ==
sec-websocket-version: 13
origin: http://localhost:49255
host: localhost:49255
accept: */*
user-agent: AHC/2.1

Response DefaultHttpResponse(decodeResult: success, version: HTTP/1.1)
HTTP/1.1 101 WebSocket Protocol Handshake
Upgrade: WebSocket
Connection: Upgrade
Sec-WebSocket-Accept: DdT0i7k9RAcC01/MdjBkFzsLzzA=

setupTest() method is running
2025-01-23 10:34:56 DEBUG i.g.bonigarcia.wdm.WebDriverManager - Using WebDriverManager 5.9.2
2025-01-23 10:34:56 DEBUG i.g.b.wdm.cache.ResolutionCache - Resolution chrome=132 in cache (valid until 11:34:29 23/01/2025 CET)
2025-01-23 10:34:56 DEBUG i.g.b.wdm.cache.ResolutionCache - Resolution chrome132=132.0.6834.83 in cache (valid until 10:35:46 23/01/2025 CET)
2025-01-23 10:34:56 INFO  i.g.bonigarcia.wdm.WebDriverManager - Using chromedriver 132.0.6834.83 (resolved driver for Chrome 132)
2025-01-23 10:34:56 DEBUG i.g.bonigarcia.wdm.WebDriverManager - Driver chromedriver 132.0.6834.83 found in cache
2025-01-23 10:34:56 INFO  i.g.bonigarcia.wdm.WebDriverManager - Exporting webdriver.chrome.driver as C:\Users\gabor.szabo\.cache\selenium\chromedriver\win64\132.0.6834.83\chromedriver.exe
2025-01-23 10:34:56 DEBUG o.a.n.channel.NettyConnectListener - Using new Channel '[id: 0xb69b4612, L:/127.0.0.1:49264 - R:localhost/127.0.0.1:19548]' for 'POST' to '/session'
2025-01-23 10:34:57 DEBUG o.a.netty.handler.HttpHandler - 

Request DefaultHttpRequest(decodeResult: success, version: HTTP/1.1)
POST /session HTTP/1.1
User-Agent: selenium/4.8.0 (java windows)
Content-Length: 501
Content-Type: application/json; charset=utf-8
host: localhost:19548
accept: */*

Response DefaultHttpResponse(decodeResult: success, version: HTTP/1.1)
HTTP/1.1 200 OK
Content-Length: 887
Content-Type: application/json; charset=utf-8
cache-control: no-cache

2025-01-23 10:34:57 DEBUG o.a.netty.channel.ChannelManager - Adding key: http://localhost:19548 for channel [id: 0xb69b4612, L:/127.0.0.1:49264 - R:localhost/127.0.0.1:19548]
2025-01-23 10:34:57 DEBUG o.a.n.channel.NettyConnectListener - Using new Channel '[id: 0x7f683f9e, L:/127.0.0.1:49273 - R:localhost/127.0.0.1:49266]' for 'GET' to '/json/version'
2025-01-23 10:34:57 DEBUG o.a.netty.handler.HttpHandler - 

Request DefaultFullHttpRequest(decodeResult: success, version: HTTP/1.1, content: EmptyByteBufBE)
GET /json/version HTTP/1.1
User-Agent: selenium/4.8.0 (java windows)
host: localhost:49266
accept: */*

Response DefaultHttpResponse(decodeResult: success, version: HTTP/1.1)
HTTP/1.1 200 OK
Content-Security-Policy: frame-ancestors 'none'
Content-Length: 423
Content-Type: application/json; charset=UTF-8

2025-01-23 10:34:57 DEBUG o.a.netty.channel.ChannelManager - Adding key: http://localhost:49266 for channel [id: 0x7f683f9e, L:/127.0.0.1:49273 - R:localhost/127.0.0.1:49266]
2025-01-23 10:34:57 DEBUG o.a.n.channel.NettyConnectListener - Using new Channel '[id: 0x94e65968, L:/127.0.0.1:49274 - R:localhost/127.0.0.1:49266]' for 'GET' to '/devtools/browser/a6905480-ab37-4ee2-846b-13d20744e2b2'
2025-01-23 10:34:57 DEBUG o.a.netty.handler.WebSocketHandler - 

Request DefaultFullHttpRequest(decodeResult: success, version: HTTP/1.1, content: EmptyByteBufBE)
GET /devtools/browser/a6905480-ab37-4ee2-846b-13d20744e2b2 HTTP/1.1
upgrade: websocket
connection: upgrade
sec-websocket-key: KbKRU5EqnAB8YrBqXPZnAg==
sec-websocket-version: 13
origin: http://localhost:49266
host: localhost:49266
accept: */*
user-agent: AHC/2.1

Response DefaultHttpResponse(decodeResult: success, version: HTTP/1.1)
HTTP/1.1 101 WebSocket Protocol Handshake
Upgrade: WebSocket
Connection: Upgrade
Sec-WebSocket-Accept: 7uC7bKaP1Y1cNHOEZ59HSbCr1oU=

setupTest() method is running
2025-01-23 10:34:57 DEBUG o.a.netty.request.NettyRequestSender - Using pooled Channel '[id: 0xb69b4612, L:/127.0.0.1:49264 - R:localhost/127.0.0.1:19548]' for 'POST' to 'http://localhost:19548/session/d0754aada7b0803c8d14ac7f0b5d5728/url'
2025-01-23 10:34:57 DEBUG o.a.netty.request.NettyRequestSender - Using open Channel [id: 0xb69b4612, L:/127.0.0.1:49264 - R:localhost/127.0.0.1:19548] for POST '/session/d0754aada7b0803c8d14ac7f0b5d5728/url'
2025-01-23 10:34:57 DEBUG o.a.netty.channel.DefaultChannelPool - Entry count for : http://localhost:34890 : 1
2025-01-23 10:34:57 DEBUG o.a.netty.channel.DefaultChannelPool - Entry count for : http://localhost:65517 : 1
2025-01-23 10:34:57 DEBUG o.a.netty.channel.DefaultChannelPool - Entry count for : http://localhost:8723 : 1
2025-01-23 10:34:57 DEBUG o.a.netty.channel.DefaultChannelPool - Entry count for : http://localhost:13436 : 1
2025-01-23 10:34:57 DEBUG o.a.netty.channel.DefaultChannelPool - Entry count for : http://localhost:49255 : 1
2025-01-23 10:34:57 DEBUG o.a.netty.channel.DefaultChannelPool - Entry count for : http://localhost:49266 : 1
2025-01-23 10:34:57 DEBUG o.a.netty.channel.DefaultChannelPool - Entry count for : http://localhost:65380 : 1
2025-01-23 10:34:57 DEBUG o.a.netty.channel.DefaultChannelPool - Entry count for : http://localhost:36849 : 1
2025-01-23 10:34:57 DEBUG o.a.netty.channel.DefaultChannelPool - Entry count for : http://localhost:49197 : 1
2025-01-23 10:34:57 DEBUG o.a.netty.channel.DefaultChannelPool - Entry count for : http://localhost:65454 : 1
2025-01-23 10:34:57 DEBUG o.a.netty.channel.DefaultChannelPool - Entry count for : http://localhost:28894 : 1
2025-01-23 10:34:58 DEBUG o.a.netty.handler.HttpHandler - 

Request DefaultHttpRequest(decodeResult: success, version: HTTP/1.1)
POST /session/d0754aada7b0803c8d14ac7f0b5d5728/url HTTP/1.1
User-Agent: selenium/4.8.0 (java windows)
Content-Length: 58
Content-Type: application/json; charset=utf-8
host: localhost:19548
accept: */*

Response DefaultHttpResponse(decodeResult: success, version: HTTP/1.1)
HTTP/1.1 200 OK
Content-Length: 14
Content-Type: application/json; charset=utf-8
cache-control: no-cache

2025-01-23 10:34:58 DEBUG o.a.netty.channel.ChannelManager - Adding key: http://localhost:19548 for channel [id: 0xb69b4612, L:/127.0.0.1:49264 - R:localhost/127.0.0.1:19548]
2025-01-23 10:34:58 DEBUG o.a.netty.request.NettyRequestSender - Using pooled Channel '[id: 0xb69b4612, L:/127.0.0.1:49264 - R:localhost/127.0.0.1:19548]' for 'POST' to 'http://localhost:19548/session/d0754aada7b0803c8d14ac7f0b5d5728/element'
2025-01-23 10:34:58 DEBUG o.a.netty.request.NettyRequestSender - Using open Channel [id: 0xb69b4612, L:/127.0.0.1:49264 - R:localhost/127.0.0.1:19548] for POST '/session/d0754aada7b0803c8d14ac7f0b5d5728/element'
2025-01-23 10:34:58 DEBUG o.a.netty.handler.HttpHandler - 

Request DefaultHttpRequest(decodeResult: success, version: HTTP/1.1)
POST /session/d0754aada7b0803c8d14ac7f0b5d5728/element HTTP/1.1
User-Agent: selenium/4.8.0 (java windows)
Content-Length: 63
Content-Type: application/json; charset=utf-8
host: localhost:19548
accept: */*

Response DefaultHttpResponse(decodeResult: success, version: HTTP/1.1)
HTTP/1.1 200 OK
Content-Length: 126
Content-Type: application/json; charset=utf-8
cache-control: no-cache

2025-01-23 10:34:58 DEBUG o.a.netty.channel.ChannelManager - Adding key: http://localhost:19548 for channel [id: 0xb69b4612, L:/127.0.0.1:49264 - R:localhost/127.0.0.1:19548]
2025-01-23 10:34:58 DEBUG o.a.netty.request.NettyRequestSender - Using pooled Channel '[id: 0xb69b4612, L:/127.0.0.1:49264 - R:localhost/127.0.0.1:19548]' for 'POST' to 'http://localhost:19548/session/d0754aada7b0803c8d14ac7f0b5d5728/execute/sync'
2025-01-23 10:34:58 DEBUG o.a.netty.request.NettyRequestSender - Using open Channel [id: 0xb69b4612, L:/127.0.0.1:49264 - R:localhost/127.0.0.1:19548] for POST '/session/d0754aada7b0803c8d14ac7f0b5d5728/execute/sync'
2025-01-23 10:34:58 DEBUG o.a.netty.handler.HttpHandler - 

Request DefaultHttpRequest(decodeResult: success, version: HTTP/1.1)
POST /session/d0754aada7b0803c8d14ac7f0b5d5728/execute/sync HTTP/1.1
User-Agent: selenium/4.8.0 (java windows)
Content-Length: 298
Content-Type: application/json; charset=utf-8
host: localhost:19548
accept: */*

Response DefaultHttpResponse(decodeResult: success, version: HTTP/1.1)
HTTP/1.1 200 OK
Content-Length: 14
Content-Type: application/json; charset=utf-8
cache-control: no-cache

2025-01-23 10:34:58 DEBUG o.a.netty.channel.ChannelManager - Adding key: http://localhost:19548 for channel [id: 0xb69b4612, L:/127.0.0.1:49264 - R:localhost/127.0.0.1:19548]
2025-01-23 10:34:58 DEBUG o.a.netty.request.NettyRequestSender - Using pooled Channel '[id: 0xb69b4612, L:/127.0.0.1:49264 - R:localhost/127.0.0.1:19548]' for 'POST' to 'http://localhost:19548/session/d0754aada7b0803c8d14ac7f0b5d5728/actions'
2025-01-23 10:34:58 DEBUG o.a.netty.request.NettyRequestSender - Using open Channel [id: 0xb69b4612, L:/127.0.0.1:49264 - R:localhost/127.0.0.1:19548] for POST '/session/d0754aada7b0803c8d14ac7f0b5d5728/actions'
2025-01-23 10:34:58 DEBUG o.a.netty.channel.DefaultChannelPool - Entry count for : http://localhost:34890 : 1
2025-01-23 10:34:58 DEBUG o.a.netty.channel.DefaultChannelPool - Entry count for : http://localhost:65517 : 1
2025-01-23 10:34:58 DEBUG o.a.netty.channel.DefaultChannelPool - Entry count for : http://localhost:8723 : 1
2025-01-23 10:34:58 DEBUG o.a.netty.channel.DefaultChannelPool - Entry count for : http://localhost:13436 : 1
2025-01-23 10:34:58 DEBUG o.a.netty.channel.DefaultChannelPool - Entry count for : http://localhost:49255 : 1
2025-01-23 10:34:58 DEBUG o.a.netty.channel.DefaultChannelPool - Entry count for : http://localhost:49266 : 1
2025-01-23 10:34:58 DEBUG o.a.netty.channel.DefaultChannelPool - Entry count for : http://localhost:65380 : 1
2025-01-23 10:34:58 DEBUG o.a.netty.channel.DefaultChannelPool - Entry count for : http://localhost:36849 : 1
2025-01-23 10:34:58 DEBUG o.a.netty.channel.DefaultChannelPool - Entry count for : http://localhost:49197 : 1
2025-01-23 10:34:58 DEBUG o.a.netty.channel.DefaultChannelPool - Entry count for : http://localhost:65454 : 1
2025-01-23 10:34:58 DEBUG o.a.netty.channel.DefaultChannelPool - Entry count for : http://localhost:28894 : 1
2025-01-23 10:34:58 DEBUG o.a.netty.handler.HttpHandler - 

Request DefaultHttpRequest(decodeResult: success, version: HTTP/1.1)
POST /session/d0754aada7b0803c8d14ac7f0b5d5728/actions HTTP/1.1
User-Agent: selenium/4.8.0 (java windows)
Content-Length: 706
Content-Type: application/json; charset=utf-8
host: localhost:19548
accept: */*

Response DefaultHttpResponse(decodeResult: success, version: HTTP/1.1)
HTTP/1.1 200 OK
Content-Length: 14
Content-Type: application/json; charset=utf-8
cache-control: no-cache

2025-01-23 10:34:58 DEBUG o.a.netty.channel.ChannelManager - Adding key: http://localhost:19548 for channel [id: 0xb69b4612, L:/127.0.0.1:49264 - R:localhost/127.0.0.1:19548]
User clicked on the 'Add' button.
2025-01-23 10:34:58 DEBUG o.a.netty.request.NettyRequestSender - Using pooled Channel '[id: 0xb69b4612, L:/127.0.0.1:49264 - R:localhost/127.0.0.1:19548]' for 'POST' to 'http://localhost:19548/session/d0754aada7b0803c8d14ac7f0b5d5728/element'
2025-01-23 10:34:58 DEBUG o.a.netty.request.NettyRequestSender - Using open Channel [id: 0xb69b4612, L:/127.0.0.1:49264 - R:localhost/127.0.0.1:19548] for POST '/session/d0754aada7b0803c8d14ac7f0b5d5728/element'
2025-01-23 10:34:58 DEBUG o.a.netty.handler.HttpHandler - 

Request DefaultHttpRequest(decodeResult: success, version: HTTP/1.1)
POST /session/d0754aada7b0803c8d14ac7f0b5d5728/element HTTP/1.1
User-Agent: selenium/4.8.0 (java windows)
Content-Length: 54
Content-Type: application/json; charset=utf-8
host: localhost:19548
accept: */*

Response DefaultHttpResponse(decodeResult: success, version: HTTP/1.1)
HTTP/1.1 200 OK
Content-Length: 126
Content-Type: application/json; charset=utf-8
cache-control: no-cache

2025-01-23 10:34:58 DEBUG o.a.netty.channel.ChannelManager - Adding key: http://localhost:19548 for channel [id: 0xb69b4612, L:/127.0.0.1:49264 - R:localhost/127.0.0.1:19548]
2025-01-23 10:34:58 DEBUG o.a.netty.request.NettyRequestSender - Using pooled Channel '[id: 0xb69b4612, L:/127.0.0.1:49264 - R:localhost/127.0.0.1:19548]' for 'POST' to 'http://localhost:19548/session/d0754aada7b0803c8d14ac7f0b5d5728/element/f.D415860AA5217FC4A69CB4BE263A036A.d.8018BC23A507E5C8CB5EADAEBE761331.e.36/value'
2025-01-23 10:34:58 DEBUG o.a.netty.request.NettyRequestSender - Using open Channel [id: 0xb69b4612, L:/127.0.0.1:49264 - R:localhost/127.0.0.1:19548] for POST '/session/d0754aada7b0803c8d14ac7f0b5d5728/element/f.D415860AA5217FC4A69CB4BE263A036A.d.8018BC23A507E5C8CB5EADAEBE761331.e.36/value'
2025-01-23 10:34:58 DEBUG o.a.netty.handler.HttpHandler - 

Request DefaultHttpRequest(decodeResult: success, version: HTTP/1.1)
POST /session/d0754aada7b0803c8d14ac7f0b5d5728/element/f.D415860AA5217FC4A69CB4BE263A036A.d.8018BC23A507E5C8CB5EADAEBE761331.e.36/value HTTP/1.1
User-Agent: selenium/4.8.0 (java windows)
Content-Length: 179
Content-Type: application/json; charset=utf-8
host: localhost:19548
accept: */*

Response DefaultHttpResponse(decodeResult: success, version: HTTP/1.1)
HTTP/1.1 200 OK
Content-Length: 14
Content-Type: application/json; charset=utf-8
cache-control: no-cache

2025-01-23 10:34:58 DEBUG o.a.netty.channel.ChannelManager - Adding key: http://localhost:19548 for channel [id: 0xb69b4612, L:/127.0.0.1:49264 - R:localhost/127.0.0.1:19548]
User entered Random in the field: #firstName
2025-01-23 10:34:58 DEBUG o.a.netty.request.NettyRequestSender - Using pooled Channel '[id: 0xb69b4612, L:/127.0.0.1:49264 - R:localhost/127.0.0.1:19548]' for 'POST' to 'http://localhost:19548/session/d0754aada7b0803c8d14ac7f0b5d5728/element'
2025-01-23 10:34:58 DEBUG o.a.netty.request.NettyRequestSender - Using open Channel [id: 0xb69b4612, L:/127.0.0.1:49264 - R:localhost/127.0.0.1:19548] for POST '/session/d0754aada7b0803c8d14ac7f0b5d5728/element'
2025-01-23 10:34:58 DEBUG o.a.netty.handler.HttpHandler - 

Request DefaultHttpRequest(decodeResult: success, version: HTTP/1.1)
POST /session/d0754aada7b0803c8d14ac7f0b5d5728/element HTTP/1.1
User-Agent: selenium/4.8.0 (java windows)
Content-Length: 53
Content-Type: application/json; charset=utf-8
host: localhost:19548
accept: */*

Response DefaultHttpResponse(decodeResult: success, version: HTTP/1.1)
HTTP/1.1 200 OK
Content-Length: 126
Content-Type: application/json; charset=utf-8
cache-control: no-cache

2025-01-23 10:34:58 DEBUG o.a.netty.channel.ChannelManager - Adding key: http://localhost:19548 for channel [id: 0xb69b4612, L:/127.0.0.1:49264 - R:localhost/127.0.0.1:19548]
2025-01-23 10:34:58 DEBUG o.a.netty.request.NettyRequestSender - Using pooled Channel '[id: 0xb69b4612, L:/127.0.0.1:49264 - R:localhost/127.0.0.1:19548]' for 'POST' to 'http://localhost:19548/session/d0754aada7b0803c8d14ac7f0b5d5728/element/f.D415860AA5217FC4A69CB4BE263A036A.d.8018BC23A507E5C8CB5EADAEBE761331.e.52/value'
2025-01-23 10:34:58 DEBUG o.a.netty.request.NettyRequestSender - Using open Channel [id: 0xb69b4612, L:/127.0.0.1:49264 - R:localhost/127.0.0.1:19548] for POST '/session/d0754aada7b0803c8d14ac7f0b5d5728/element/f.D415860AA5217FC4A69CB4BE263A036A.d.8018BC23A507E5C8CB5EADAEBE761331.e.52/value'
2025-01-23 10:34:59 DEBUG o.a.netty.handler.HttpHandler - 

Request DefaultHttpRequest(decodeResult: success, version: HTTP/1.1)
POST /session/d0754aada7b0803c8d14ac7f0b5d5728/element/f.D415860AA5217FC4A69CB4BE263A036A.d.8018BC23A507E5C8CB5EADAEBE761331.e.52/value HTTP/1.1
User-Agent: selenium/4.8.0 (java windows)
Content-Length: 159
Content-Type: application/json; charset=utf-8
host: localhost:19548
accept: */*

Response DefaultHttpResponse(decodeResult: success, version: HTTP/1.1)
HTTP/1.1 200 OK
Content-Length: 14
Content-Type: application/json; charset=utf-8
cache-control: no-cache

2025-01-23 10:34:59 DEBUG o.a.netty.channel.ChannelManager - Adding key: http://localhost:19548 for channel [id: 0xb69b4612, L:/127.0.0.1:49264 - R:localhost/127.0.0.1:19548]
User entered Name in the field: #lastName
2025-01-23 10:34:59 DEBUG o.a.netty.request.NettyRequestSender - Using pooled Channel '[id: 0xb69b4612, L:/127.0.0.1:49264 - R:localhost/127.0.0.1:19548]' for 'POST' to 'http://localhost:19548/session/d0754aada7b0803c8d14ac7f0b5d5728/element'
2025-01-23 10:34:59 DEBUG o.a.netty.request.NettyRequestSender - Using open Channel [id: 0xb69b4612, L:/127.0.0.1:49264 - R:localhost/127.0.0.1:19548] for POST '/session/d0754aada7b0803c8d14ac7f0b5d5728/element'
2025-01-23 10:34:59 DEBUG o.a.netty.handler.HttpHandler - 

Request DefaultHttpRequest(decodeResult: success, version: HTTP/1.1)
POST /session/d0754aada7b0803c8d14ac7f0b5d5728/element HTTP/1.1
User-Agent: selenium/4.8.0 (java windows)
Content-Length: 54
Content-Type: application/json; charset=utf-8
host: localhost:19548
accept: */*

Response DefaultHttpResponse(decodeResult: success, version: HTTP/1.1)
HTTP/1.1 200 OK
Content-Length: 126
Content-Type: application/json; charset=utf-8
cache-control: no-cache

2025-01-23 10:34:59 DEBUG o.a.netty.channel.ChannelManager - Adding key: http://localhost:19548 for channel [id: 0xb69b4612, L:/127.0.0.1:49264 - R:localhost/127.0.0.1:19548]
2025-01-23 10:34:59 DEBUG o.a.netty.request.NettyRequestSender - Using pooled Channel '[id: 0xb69b4612, L:/127.0.0.1:49264 - R:localhost/127.0.0.1:19548]' for 'POST' to 'http://localhost:19548/session/d0754aada7b0803c8d14ac7f0b5d5728/element/f.D415860AA5217FC4A69CB4BE263A036A.d.8018BC23A507E5C8CB5EADAEBE761331.e.53/value'
2025-01-23 10:34:59 DEBUG o.a.netty.request.NettyRequestSender - Using open Channel [id: 0xb69b4612, L:/127.0.0.1:49264 - R:localhost/127.0.0.1:19548] for POST '/session/d0754aada7b0803c8d14ac7f0b5d5728/element/f.D415860AA5217FC4A69CB4BE263A036A.d.8018BC23A507E5C8CB5EADAEBE761331.e.53/value'
2025-01-23 10:34:59 DEBUG o.a.netty.handler.HttpHandler - 

Request DefaultHttpRequest(decodeResult: success, version: HTTP/1.1)
POST /session/d0754aada7b0803c8d14ac7f0b5d5728/element/f.D415860AA5217FC4A69CB4BE263A036A.d.8018BC23A507E5C8CB5EADAEBE761331.e.53/value HTTP/1.1
User-Agent: selenium/4.8.0 (java windows)
Content-Length: 279
Content-Type: application/json; charset=utf-8
host: localhost:19548
accept: */*

Response DefaultHttpResponse(decodeResult: success, version: HTTP/1.1)
HTTP/1.1 200 OK
Content-Length: 14
Content-Type: application/json; charset=utf-8
cache-control: no-cache

2025-01-23 10:34:59 DEBUG o.a.netty.channel.ChannelManager - Adding key: http://localhost:19548 for channel [id: 0xb69b4612, L:/127.0.0.1:49264 - R:localhost/127.0.0.1:19548]
User entered random@email.com in the field: #userEmail
2025-01-23 10:34:59 DEBUG o.a.netty.request.NettyRequestSender - Using pooled Channel '[id: 0xb69b4612, L:/127.0.0.1:49264 - R:localhost/127.0.0.1:19548]' for 'POST' to 'http://localhost:19548/session/d0754aada7b0803c8d14ac7f0b5d5728/element'
2025-01-23 10:34:59 DEBUG o.a.netty.request.NettyRequestSender - Using open Channel [id: 0xb69b4612, L:/127.0.0.1:49264 - R:localhost/127.0.0.1:19548] for POST '/session/d0754aada7b0803c8d14ac7f0b5d5728/element'
2025-01-23 10:34:59 DEBUG o.a.netty.handler.HttpHandler - 

Request DefaultHttpRequest(decodeResult: success, version: HTTP/1.1)
POST /session/d0754aada7b0803c8d14ac7f0b5d5728/element HTTP/1.1
User-Agent: selenium/4.8.0 (java windows)
Content-Length: 48
Content-Type: application/json; charset=utf-8
host: localhost:19548
accept: */*

Response DefaultHttpResponse(decodeResult: success, version: HTTP/1.1)
HTTP/1.1 200 OK
Content-Length: 126
Content-Type: application/json; charset=utf-8
cache-control: no-cache

2025-01-23 10:34:59 DEBUG o.a.netty.channel.ChannelManager - Adding key: http://localhost:19548 for channel [id: 0xb69b4612, L:/127.0.0.1:49264 - R:localhost/127.0.0.1:19548]
2025-01-23 10:34:59 DEBUG o.a.netty.request.NettyRequestSender - Using pooled Channel '[id: 0xb69b4612, L:/127.0.0.1:49264 - R:localhost/127.0.0.1:19548]' for 'POST' to 'http://localhost:19548/session/d0754aada7b0803c8d14ac7f0b5d5728/element/f.D415860AA5217FC4A69CB4BE263A036A.d.8018BC23A507E5C8CB5EADAEBE761331.e.54/value'
2025-01-23 10:34:59 DEBUG o.a.netty.request.NettyRequestSender - Using open Channel [id: 0xb69b4612, L:/127.0.0.1:49264 - R:localhost/127.0.0.1:19548] for POST '/session/d0754aada7b0803c8d14ac7f0b5d5728/element/f.D415860AA5217FC4A69CB4BE263A036A.d.8018BC23A507E5C8CB5EADAEBE761331.e.54/value'
2025-01-23 10:34:59 DEBUG o.a.netty.handler.HttpHandler - 

Request DefaultHttpRequest(decodeResult: success, version: HTTP/1.1)
POST /session/d0754aada7b0803c8d14ac7f0b5d5728/element/f.D415860AA5217FC4A69CB4BE263A036A.d.8018BC23A507E5C8CB5EADAEBE761331.e.54/value HTTP/1.1
User-Agent: selenium/4.8.0 (java windows)
Content-Length: 139
Content-Type: application/json; charset=utf-8
host: localhost:19548
accept: */*

Response DefaultHttpResponse(decodeResult: success, version: HTTP/1.1)
HTTP/1.1 200 OK
Content-Length: 14
Content-Type: application/json; charset=utf-8
cache-control: no-cache

2025-01-23 10:34:59 DEBUG o.a.netty.channel.ChannelManager - Adding key: http://localhost:19548 for channel [id: 0xb69b4612, L:/127.0.0.1:49264 - R:localhost/127.0.0.1:19548]
User entered 40 in the field: #age
2025-01-23 10:34:59 DEBUG o.a.netty.request.NettyRequestSender - Using pooled Channel '[id: 0xb69b4612, L:/127.0.0.1:49264 - R:localhost/127.0.0.1:19548]' for 'POST' to 'http://localhost:19548/session/d0754aada7b0803c8d14ac7f0b5d5728/element'
2025-01-23 10:34:59 DEBUG o.a.netty.request.NettyRequestSender - Using open Channel [id: 0xb69b4612, L:/127.0.0.1:49264 - R:localhost/127.0.0.1:19548] for POST '/session/d0754aada7b0803c8d14ac7f0b5d5728/element'
2025-01-23 10:34:59 DEBUG o.a.netty.handler.HttpHandler - 

Request DefaultHttpRequest(decodeResult: success, version: HTTP/1.1)
POST /session/d0754aada7b0803c8d14ac7f0b5d5728/element HTTP/1.1
User-Agent: selenium/4.8.0 (java windows)
Content-Length: 51
Content-Type: application/json; charset=utf-8
host: localhost:19548
accept: */*

Response DefaultHttpResponse(decodeResult: success, version: HTTP/1.1)
HTTP/1.1 200 OK
Content-Length: 126
Content-Type: application/json; charset=utf-8
cache-control: no-cache

2025-01-23 10:34:59 DEBUG o.a.netty.channel.ChannelManager - Adding key: http://localhost:19548 for channel [id: 0xb69b4612, L:/127.0.0.1:49264 - R:localhost/127.0.0.1:19548]
2025-01-23 10:34:59 DEBUG o.a.netty.request.NettyRequestSender - Using pooled Channel '[id: 0xb69b4612, L:/127.0.0.1:49264 - R:localhost/127.0.0.1:19548]' for 'POST' to 'http://localhost:19548/session/d0754aada7b0803c8d14ac7f0b5d5728/element/f.D415860AA5217FC4A69CB4BE263A036A.d.8018BC23A507E5C8CB5EADAEBE761331.e.55/value'
2025-01-23 10:34:59 DEBUG o.a.netty.request.NettyRequestSender - Using open Channel [id: 0xb69b4612, L:/127.0.0.1:49264 - R:localhost/127.0.0.1:19548] for POST '/session/d0754aada7b0803c8d14ac7f0b5d5728/element/f.D415860AA5217FC4A69CB4BE263A036A.d.8018BC23A507E5C8CB5EADAEBE761331.e.55/value'
2025-01-23 10:34:59 DEBUG o.a.netty.handler.HttpHandler - 

Request DefaultHttpRequest(decodeResult: success, version: HTTP/1.1)
POST /session/d0754aada7b0803c8d14ac7f0b5d5728/element/f.D415860AA5217FC4A69CB4BE263A036A.d.8018BC23A507E5C8CB5EADAEBE761331.e.55/value HTTP/1.1
User-Agent: selenium/4.8.0 (java windows)
Content-Length: 189
Content-Type: application/json; charset=utf-8
host: localhost:19548
accept: */*

Response DefaultHttpResponse(decodeResult: success, version: HTTP/1.1)
HTTP/1.1 200 OK
Content-Length: 14
Content-Type: application/json; charset=utf-8
cache-control: no-cache

2025-01-23 10:34:59 DEBUG o.a.netty.channel.ChannelManager - Adding key: http://localhost:19548 for channel [id: 0xb69b4612, L:/127.0.0.1:49264 - R:localhost/127.0.0.1:19548]
User entered 1000000 in the field: #salary
2025-01-23 10:34:59 DEBUG o.a.netty.request.NettyRequestSender - Using pooled Channel '[id: 0xb69b4612, L:/127.0.0.1:49264 - R:localhost/127.0.0.1:19548]' for 'POST' to 'http://localhost:19548/session/d0754aada7b0803c8d14ac7f0b5d5728/element'
2025-01-23 10:34:59 DEBUG o.a.netty.request.NettyRequestSender - Using open Channel [id: 0xb69b4612, L:/127.0.0.1:49264 - R:localhost/127.0.0.1:19548] for POST '/session/d0754aada7b0803c8d14ac7f0b5d5728/element'
2025-01-23 10:34:59 DEBUG o.a.netty.handler.HttpHandler - 

Request DefaultHttpRequest(decodeResult: success, version: HTTP/1.1)
POST /session/d0754aada7b0803c8d14ac7f0b5d5728/element HTTP/1.1
User-Agent: selenium/4.8.0 (java windows)
Content-Length: 55
Content-Type: application/json; charset=utf-8
host: localhost:19548
accept: */*

Response DefaultHttpResponse(decodeResult: success, version: HTTP/1.1)
HTTP/1.1 200 OK
Content-Length: 126
Content-Type: application/json; charset=utf-8
cache-control: no-cache

2025-01-23 10:34:59 DEBUG o.a.netty.channel.ChannelManager - Adding key: http://localhost:19548 for channel [id: 0xb69b4612, L:/127.0.0.1:49264 - R:localhost/127.0.0.1:19548]
2025-01-23 10:34:59 DEBUG o.a.netty.request.NettyRequestSender - Using pooled Channel '[id: 0xb69b4612, L:/127.0.0.1:49264 - R:localhost/127.0.0.1:19548]' for 'POST' to 'http://localhost:19548/session/d0754aada7b0803c8d14ac7f0b5d5728/element/f.D415860AA5217FC4A69CB4BE263A036A.d.8018BC23A507E5C8CB5EADAEBE761331.e.56/value'
2025-01-23 10:34:59 DEBUG o.a.netty.request.NettyRequestSender - Using open Channel [id: 0xb69b4612, L:/127.0.0.1:49264 - R:localhost/127.0.0.1:19548] for POST '/session/d0754aada7b0803c8d14ac7f0b5d5728/element/f.D415860AA5217FC4A69CB4BE263A036A.d.8018BC23A507E5C8CB5EADAEBE761331.e.56/value'
2025-01-23 10:34:59 DEBUG o.a.netty.handler.HttpHandler - 

Request DefaultHttpRequest(decodeResult: success, version: HTTP/1.1)
POST /session/d0754aada7b0803c8d14ac7f0b5d5728/element/f.D415860AA5217FC4A69CB4BE263A036A.d.8018BC23A507E5C8CB5EADAEBE761331.e.56/value HTTP/1.1
User-Agent: selenium/4.8.0 (java windows)
Content-Length: 299
Content-Type: application/json; charset=utf-8
host: localhost:19548
accept: */*

Response DefaultHttpResponse(decodeResult: success, version: HTTP/1.1)
HTTP/1.1 200 OK
Content-Length: 14
Content-Type: application/json; charset=utf-8
cache-control: no-cache

2025-01-23 10:34:59 DEBUG o.a.netty.channel.ChannelManager - Adding key: http://localhost:19548 for channel [id: 0xb69b4612, L:/127.0.0.1:49264 - R:localhost/127.0.0.1:19548]
User entered Doing Things Dept. in the field: #department
2025-01-23 10:34:59 DEBUG o.a.netty.request.NettyRequestSender - Using pooled Channel '[id: 0xb69b4612, L:/127.0.0.1:49264 - R:localhost/127.0.0.1:19548]' for 'POST' to 'http://localhost:19548/session/d0754aada7b0803c8d14ac7f0b5d5728/element'
2025-01-23 10:34:59 DEBUG o.a.netty.request.NettyRequestSender - Using open Channel [id: 0xb69b4612, L:/127.0.0.1:49264 - R:localhost/127.0.0.1:19548] for POST '/session/d0754aada7b0803c8d14ac7f0b5d5728/element'
2025-01-23 10:34:59 DEBUG o.a.netty.handler.HttpHandler - 

Request DefaultHttpRequest(decodeResult: success, version: HTTP/1.1)
POST /session/d0754aada7b0803c8d14ac7f0b5d5728/element HTTP/1.1
User-Agent: selenium/4.8.0 (java windows)
Content-Length: 51
Content-Type: application/json; charset=utf-8
host: localhost:19548
accept: */*

Response DefaultHttpResponse(decodeResult: success, version: HTTP/1.1)
HTTP/1.1 200 OK
Content-Length: 126
Content-Type: application/json; charset=utf-8
cache-control: no-cache

2025-01-23 10:34:59 DEBUG o.a.netty.channel.ChannelManager - Adding key: http://localhost:19548 for channel [id: 0xb69b4612, L:/127.0.0.1:49264 - R:localhost/127.0.0.1:19548]
2025-01-23 10:34:59 DEBUG o.a.netty.request.NettyRequestSender - Using pooled Channel '[id: 0xb69b4612, L:/127.0.0.1:49264 - R:localhost/127.0.0.1:19548]' for 'POST' to 'http://localhost:19548/session/d0754aada7b0803c8d14ac7f0b5d5728/execute/sync'
2025-01-23 10:34:59 DEBUG o.a.netty.request.NettyRequestSender - Using open Channel [id: 0xb69b4612, L:/127.0.0.1:49264 - R:localhost/127.0.0.1:19548] for POST '/session/d0754aada7b0803c8d14ac7f0b5d5728/execute/sync'
2025-01-23 10:34:59 DEBUG o.a.netty.handler.HttpHandler - 

Request DefaultHttpRequest(decodeResult: success, version: HTTP/1.1)
POST /session/d0754aada7b0803c8d14ac7f0b5d5728/execute/sync HTTP/1.1
User-Agent: selenium/4.8.0 (java windows)
Content-Length: 298
Content-Type: application/json; charset=utf-8
host: localhost:19548
accept: */*

Response DefaultHttpResponse(decodeResult: success, version: HTTP/1.1)
HTTP/1.1 200 OK
Content-Length: 14
Content-Type: application/json; charset=utf-8
cache-control: no-cache

2025-01-23 10:34:59 DEBUG o.a.netty.channel.ChannelManager - Adding key: http://localhost:19548 for channel [id: 0xb69b4612, L:/127.0.0.1:49264 - R:localhost/127.0.0.1:19548]
2025-01-23 10:34:59 DEBUG o.a.netty.request.NettyRequestSender - Using pooled Channel '[id: 0xb69b4612, L:/127.0.0.1:49264 - R:localhost/127.0.0.1:19548]' for 'POST' to 'http://localhost:19548/session/d0754aada7b0803c8d14ac7f0b5d5728/actions'
2025-01-23 10:34:59 DEBUG o.a.netty.request.NettyRequestSender - Using open Channel [id: 0xb69b4612, L:/127.0.0.1:49264 - R:localhost/127.0.0.1:19548] for POST '/session/d0754aada7b0803c8d14ac7f0b5d5728/actions'
2025-01-23 10:34:59 DEBUG o.a.netty.channel.DefaultChannelPool - Entry count for : http://localhost:34890 : 1
2025-01-23 10:34:59 DEBUG o.a.netty.channel.DefaultChannelPool - Entry count for : http://localhost:65517 : 1
2025-01-23 10:34:59 DEBUG o.a.netty.channel.DefaultChannelPool - Entry count for : http://localhost:8723 : 1
2025-01-23 10:34:59 DEBUG o.a.netty.channel.DefaultChannelPool - Entry count for : http://localhost:13436 : 1
2025-01-23 10:34:59 DEBUG o.a.netty.channel.DefaultChannelPool - Entry count for : http://localhost:49255 : 1
2025-01-23 10:34:59 DEBUG o.a.netty.channel.DefaultChannelPool - Entry count for : http://localhost:49266 : 1
2025-01-23 10:34:59 DEBUG o.a.netty.channel.DefaultChannelPool - Entry count for : http://localhost:65380 : 1
2025-01-23 10:34:59 DEBUG o.a.netty.channel.DefaultChannelPool - Entry count for : http://localhost:36849 : 1
2025-01-23 10:34:59 DEBUG o.a.netty.channel.DefaultChannelPool - Entry count for : http://localhost:49197 : 1
2025-01-23 10:34:59 DEBUG o.a.netty.channel.DefaultChannelPool - Entry count for : http://localhost:65454 : 1
2025-01-23 10:34:59 DEBUG o.a.netty.channel.DefaultChannelPool - Entry count for : http://localhost:28894 : 1
2025-01-23 10:34:59 DEBUG o.a.netty.handler.HttpHandler - 

Request DefaultHttpRequest(decodeResult: success, version: HTTP/1.1)
POST /session/d0754aada7b0803c8d14ac7f0b5d5728/actions HTTP/1.1
User-Agent: selenium/4.8.0 (java windows)
Content-Length: 706
Content-Type: application/json; charset=utf-8
host: localhost:19548
accept: */*

Response DefaultHttpResponse(decodeResult: success, version: HTTP/1.1)
HTTP/1.1 200 OK
Content-Length: 14
Content-Type: application/json; charset=utf-8
cache-control: no-cache

2025-01-23 10:34:59 DEBUG o.a.netty.channel.ChannelManager - Adding key: http://localhost:19548 for channel [id: 0xb69b4612, L:/127.0.0.1:49264 - R:localhost/127.0.0.1:19548]
User clicked on the 'Submit' button.
2025-01-23 10:35:00 DEBUG o.a.netty.channel.DefaultChannelPool - Entry count for : http://localhost:34890 : 1
2025-01-23 10:35:00 DEBUG o.a.netty.channel.DefaultChannelPool - Entry count for : http://localhost:65517 : 1
2025-01-23 10:35:00 DEBUG o.a.netty.channel.DefaultChannelPool - Entry count for : http://localhost:19548 : 1
2025-01-23 10:35:00 DEBUG o.a.netty.channel.DefaultChannelPool - Entry count for : http://localhost:8723 : 1
2025-01-23 10:35:00 DEBUG o.a.netty.channel.DefaultChannelPool - Entry count for : http://localhost:13436 : 1
2025-01-23 10:35:00 DEBUG o.a.netty.channel.DefaultChannelPool - Entry count for : http://localhost:49255 : 1
2025-01-23 10:35:00 DEBUG o.a.netty.channel.DefaultChannelPool - Entry count for : http://localhost:49266 : 1
2025-01-23 10:35:00 DEBUG o.a.netty.channel.DefaultChannelPool - Entry count for : http://localhost:65380 : 1
2025-01-23 10:35:00 DEBUG o.a.netty.channel.DefaultChannelPool - Entry count for : http://localhost:36849 : 1
2025-01-23 10:35:00 DEBUG o.a.netty.channel.DefaultChannelPool - Entry count for : http://localhost:49197 : 1
2025-01-23 10:35:00 DEBUG o.a.netty.channel.DefaultChannelPool - Entry count for : http://localhost:65454 : 1
2025-01-23 10:35:00 DEBUG o.a.netty.channel.DefaultChannelPool - Entry count for : http://localhost:28894 : 1
2025-01-23 10:35:01 DEBUG o.a.netty.channel.DefaultChannelPool - Entry count for : http://localhost:34890 : 1
2025-01-23 10:35:01 DEBUG o.a.netty.channel.DefaultChannelPool - Entry count for : http://localhost:65517 : 1
2025-01-23 10:35:01 DEBUG o.a.netty.channel.DefaultChannelPool - Entry count for : http://localhost:19548 : 1
2025-01-23 10:35:01 DEBUG o.a.netty.channel.DefaultChannelPool - Entry count for : http://localhost:8723 : 1
2025-01-23 10:35:01 DEBUG o.a.netty.channel.DefaultChannelPool - Entry count for : http://localhost:13436 : 1
2025-01-23 10:35:01 DEBUG o.a.netty.channel.DefaultChannelPool - Entry count for : http://localhost:49255 : 1
2025-01-23 10:35:01 DEBUG o.a.netty.channel.DefaultChannelPool - Entry count for : http://localhost:49266 : 1
2025-01-23 10:35:01 DEBUG o.a.netty.channel.DefaultChannelPool - Entry count for : http://localhost:65380 : 1
2025-01-23 10:35:01 DEBUG o.a.netty.channel.DefaultChannelPool - Entry count for : http://localhost:36849 : 1
2025-01-23 10:35:01 DEBUG o.a.netty.channel.DefaultChannelPool - Entry count for : http://localhost:49197 : 1
2025-01-23 10:35:01 DEBUG o.a.netty.channel.DefaultChannelPool - Entry count for : http://localhost:65454 : 1
2025-01-23 10:35:01 DEBUG o.a.netty.channel.DefaultChannelPool - Entry count for : http://localhost:28894 : 1
2025-01-23 10:35:03 DEBUG o.a.netty.channel.DefaultChannelPool - Entry count for : http://localhost:34890 : 1
2025-01-23 10:35:03 DEBUG o.a.netty.channel.DefaultChannelPool - Entry count for : http://localhost:65517 : 1
2025-01-23 10:35:03 DEBUG o.a.netty.channel.DefaultChannelPool - Entry count for : http://localhost:19548 : 1
2025-01-23 10:35:03 DEBUG o.a.netty.channel.DefaultChannelPool - Entry count for : http://localhost:8723 : 1
2025-01-23 10:35:03 DEBUG o.a.netty.channel.DefaultChannelPool - Entry count for : http://localhost:13436 : 1
2025-01-23 10:35:03 DEBUG o.a.netty.channel.DefaultChannelPool - Entry count for : http://localhost:49255 : 1
2025-01-23 10:35:03 DEBUG o.a.netty.channel.DefaultChannelPool - Entry count for : http://localhost:49266 : 1
2025-01-23 10:35:03 DEBUG o.a.netty.channel.DefaultChannelPool - Entry count for : http://localhost:65380 : 1
2025-01-23 10:35:03 DEBUG o.a.netty.channel.DefaultChannelPool - Entry count for : http://localhost:36849 : 1
2025-01-23 10:35:03 DEBUG o.a.netty.channel.DefaultChannelPool - Entry count for : http://localhost:49197 : 1
2025-01-23 10:35:03 DEBUG o.a.netty.channel.DefaultChannelPool - Entry count for : http://localhost:65454 : 1
2025-01-23 10:35:03 DEBUG o.a.netty.channel.DefaultChannelPool - Entry count for : http://localhost:28894 : 1
2025-01-23 10:35:03 DEBUG o.a.netty.handler.WebSocketHandler - Channel Closed: [id: 0x94e65968, L:/127.0.0.1:49274 ! R:localhost/127.0.0.1:49266] with attribute DISCARD
2025-01-23 10:35:03 DEBUG o.a.netty.request.NettyRequestSender - Using pooled Channel '[id: 0xb69b4612, L:/127.0.0.1:49264 - R:localhost/127.0.0.1:19548]' for 'DELETE' to 'http://localhost:19548/session/d0754aada7b0803c8d14ac7f0b5d5728'
2025-01-23 10:35:03 DEBUG o.a.netty.request.NettyRequestSender - Using open Channel [id: 0xb69b4612, L:/127.0.0.1:49264 - R:localhost/127.0.0.1:19548] for DELETE '/session/d0754aada7b0803c8d14ac7f0b5d5728'
2025-01-23 10:35:03 DEBUG o.a.netty.handler.HttpHandler - Unexpected I/O exception on channel [id: 0x7f683f9e, L:/127.0.0.1:49273 - R:localhost/127.0.0.1:49266]
java.io.IOException: An existing connection was forcibly closed by the remote host
	at java.base/sun.nio.ch.SocketDispatcher.read0(Native Method)
	at java.base/sun.nio.ch.SocketDispatcher.read(SocketDispatcher.java:43)
	at java.base/sun.nio.ch.IOUtil.readIntoNativeBuffer(IOUtil.java:276)
	at java.base/sun.nio.ch.IOUtil.read(IOUtil.java:233)
	at java.base/sun.nio.ch.IOUtil.read(IOUtil.java:223)
	at java.base/sun.nio.ch.SocketChannelImpl.read(SocketChannelImpl.java:358)
	at io.netty.buffer.PooledByteBuf.setBytes(PooledByteBuf.java:259)
	at io.netty.buffer.AbstractByteBuf.writeBytes(AbstractByteBuf.java:1132)
	at io.netty.channel.socket.nio.NioSocketChannel.doReadBytes(NioSocketChannel.java:357)
	at io.netty.channel.nio.AbstractNioByteChannel$NioByteUnsafe.read(AbstractNioByteChannel.java:151)
	at io.netty.channel.nio.NioEventLoop.processSelectedKey(NioEventLoop.java:788)
	at io.netty.channel.nio.NioEventLoop.processSelectedKeysOptimized(NioEventLoop.java:724)
	at io.netty.channel.nio.NioEventLoop.processSelectedKeys(NioEventLoop.java:650)
	at io.netty.channel.nio.NioEventLoop.run(NioEventLoop.java:562)
	at io.netty.util.concurrent.SingleThreadEventExecutor$4.run(SingleThreadEventExecutor.java:997)
	at io.netty.util.internal.ThreadExecutorMap$2.run(ThreadExecutorMap.java:74)
	at io.netty.util.concurrent.FastThreadLocalRunnable.run(FastThreadLocalRunnable.java:30)
	at java.base/java.lang.Thread.run(Thread.java:834)
2025-01-23 10:35:03 DEBUG o.a.netty.channel.ChannelManager - Closing Channel [id: 0x7f683f9e, L:/127.0.0.1:49273 - R:localhost/127.0.0.1:49266] 
2025-01-23 10:35:03 DEBUG o.a.netty.handler.HttpHandler - Channel Closed: [id: 0x7f683f9e, L:/127.0.0.1:49273 ! R:localhost/127.0.0.1:49266] with attribute DISCARD
2025-01-23 10:35:03 DEBUG o.a.netty.handler.HttpHandler - 

Request DefaultFullHttpRequest(decodeResult: success, version: HTTP/1.1, content: EmptyByteBufBE)
DELETE /session/d0754aada7b0803c8d14ac7f0b5d5728 HTTP/1.1
User-Agent: selenium/4.8.0 (java windows)
Content-Type: application/json; charset=utf-8
host: localhost:19548
accept: */*

Response DefaultHttpResponse(decodeResult: success, version: HTTP/1.1)
HTTP/1.1 200 OK
Content-Length: 14
Content-Type: application/json; charset=utf-8
cache-control: no-cache

2025-01-23 10:35:03 DEBUG o.a.netty.channel.ChannelManager - Adding key: http://localhost:19548 for channel [id: 0xb69b4612, L:/127.0.0.1:49264 - R:localhost/127.0.0.1:19548]
2025-01-23 10:35:04 DEBUG o.a.netty.handler.HttpHandler - Channel Closed: [id: 0xb69b4612, L:/127.0.0.1:49264 ! R:localhost/127.0.0.1:19548] with attribute DISCARD
2025-01-23 10:35:04 DEBUG o.a.netty.channel.DefaultChannelPool - Entry count for : http://localhost:34890 : 1
2025-01-23 10:35:04 DEBUG o.a.netty.channel.DefaultChannelPool - Entry count for : http://localhost:65517 : 1
2025-01-23 10:35:04 DEBUG o.a.netty.channel.DefaultChannelPool - Entry count for : http://localhost:19548 : 1
2025-01-23 10:35:04 DEBUG o.a.netty.channel.DefaultChannelPool - Entry count for : http://localhost:8723 : 1
2025-01-23 10:35:04 DEBUG o.a.netty.channel.DefaultChannelPool - Entry count for : http://localhost:13436 : 1
2025-01-23 10:35:04 DEBUG o.a.netty.channel.DefaultChannelPool - Entry count for : http://localhost:49255 : 1
2025-01-23 10:35:04 DEBUG o.a.netty.channel.DefaultChannelPool - Entry count for : http://localhost:49266 : 1
2025-01-23 10:35:04 DEBUG o.a.netty.channel.DefaultChannelPool - Entry count for : http://localhost:65380 : 1
2025-01-23 10:35:04 DEBUG o.a.netty.channel.DefaultChannelPool - Entry count for : http://localhost:36849 : 1
2025-01-23 10:35:04 DEBUG o.a.netty.channel.DefaultChannelPool - Entry count for : http://localhost:49197 : 1
2025-01-23 10:35:04 DEBUG o.a.netty.channel.DefaultChannelPool - Entry count for : http://localhost:65454 : 1
2025-01-23 10:35:04 DEBUG o.a.netty.channel.DefaultChannelPool - Entry count for : http://localhost:28894 : 1
2025-01-23 10:35:04 DEBUG o.a.netty.channel.DefaultChannelPool - Adding Candidate expired Channel [id: 0xb69b4612, L:/127.0.0.1:49264 ! R:localhost/127.0.0.1:19548] isIdleTimeoutExpired=false isRemotelyClosed=true isTtlExpired=false
2025-01-23 10:35:04 DEBUG o.a.netty.channel.DefaultChannelPool - Closing Idle Channel [id: 0xb69b4612, L:/127.0.0.1:49264 ! R:localhost/127.0.0.1:19548]
2025-01-23 10:35:04 DEBUG o.a.netty.channel.DefaultChannelPool - Adding Candidate expired Channel [id: 0x7f683f9e, L:/127.0.0.1:49273 ! R:localhost/127.0.0.1:49266] isIdleTimeoutExpired=false isRemotelyClosed=true isTtlExpired=false
2025-01-23 10:35:04 DEBUG o.a.netty.channel.DefaultChannelPool - Closing Idle Channel [id: 0x7f683f9e, L:/127.0.0.1:49273 ! R:localhost/127.0.0.1:49266]
2025-01-23 10:35:04 DEBUG o.a.netty.channel.DefaultChannelPool - Closed 2 connections out of 12 in 0 ms
]]></system-out>
    <system-err><![CDATA[Starting ChromeDriver 132.0.6834.83 (03d59cf5ecf1d8444838ff9a1e96231304d4ff9c-refs/branch-heads/6834@{#3390}) on port 34890
Only local connections are allowed.
Please see https://chromedriver.chromium.org/security-considerations for suggestions on keeping ChromeDriver safe.
ChromeDriver was started successfully on port 34890.
Jan 23, 2025 10:34:56 AM org.openqa.selenium.devtools.CdpVersionFinder findNearestMatch
WARNING: Unable to find CDP implementation matching 132
Jan 23, 2025 10:34:56 AM org.openqa.selenium.chromium.ChromiumDriver lambda$new$3
WARNING: Unable to find version of CDP to use for . You may need to include a dependency on a specific version of the CDP using something similar to `org.seleniumhq.selenium:selenium-devtools-v86:4.8.0` where the version ("v86") matches the version of the chromium-based browser you're using and the version number of the artifact is the same as Selenium's.
Starting ChromeDriver 132.0.6834.83 (03d59cf5ecf1d8444838ff9a1e96231304d4ff9c-refs/branch-heads/6834@{#3390}) on port 19548
Only local connections are allowed.
Please see https://chromedriver.chromium.org/security-considerations for suggestions on keeping ChromeDriver safe.
ChromeDriver was started successfully on port 19548.
Jan 23, 2025 10:34:57 AM org.openqa.selenium.devtools.CdpVersionFinder findNearestMatch
WARNING: Unable to find CDP implementation matching 132
Jan 23, 2025 10:34:57 AM org.openqa.selenium.chromium.ChromiumDriver lambda$new$3
WARNING: Unable to find version of CDP to use for . You may need to include a dependency on a specific version of the CDP using something similar to `org.seleniumhq.selenium:selenium-devtools-v86:4.8.0` where the version ("v86") matches the version of the chromium-based browser you're using and the version number of the artifact is the same as Selenium's.
]]></system-err>
  </testcase>
  <testcase name="doubleClickButton" classname="com.test.classes.TestElements" time="3.184">
    <system-out><![CDATA[2025-01-23 10:35:04 DEBUG i.g.bonigarcia.wdm.WebDriverManager - Using WebDriverManager 5.9.2
2025-01-23 10:35:04 DEBUG i.g.b.wdm.cache.ResolutionCache - Resolution chrome=132 in cache (valid until 11:34:29 23/01/2025 CET)
2025-01-23 10:35:04 DEBUG i.g.b.wdm.cache.ResolutionCache - Resolution chrome132=132.0.6834.83 in cache (valid until 10:35:46 23/01/2025 CET)
2025-01-23 10:35:04 INFO  i.g.bonigarcia.wdm.WebDriverManager - Using chromedriver 132.0.6834.83 (resolved driver for Chrome 132)
2025-01-23 10:35:04 DEBUG i.g.bonigarcia.wdm.WebDriverManager - Driver chromedriver 132.0.6834.83 found in cache
2025-01-23 10:35:04 INFO  i.g.bonigarcia.wdm.WebDriverManager - Exporting webdriver.chrome.driver as C:\Users\gabor.szabo\.cache\selenium\chromedriver\win64\132.0.6834.83\chromedriver.exe
2025-01-23 10:35:04 DEBUG o.a.n.channel.NettyConnectListener - Using new Channel '[id: 0x893f2605, L:/127.0.0.1:49323 - R:localhost/127.0.0.1:4899]' for 'POST' to '/session'
2025-01-23 10:35:04 DEBUG o.a.netty.handler.HttpHandler - 

Request DefaultHttpRequest(decodeResult: success, version: HTTP/1.1)
POST /session HTTP/1.1
User-Agent: selenium/4.8.0 (java windows)
Content-Length: 501
Content-Type: application/json; charset=utf-8
host: localhost:4899
accept: */*

Response DefaultHttpResponse(decodeResult: success, version: HTTP/1.1)
HTTP/1.1 200 OK
Content-Length: 887
Content-Type: application/json; charset=utf-8
cache-control: no-cache

2025-01-23 10:35:04 DEBUG o.a.netty.channel.ChannelManager - Adding key: http://localhost:4899 for channel [id: 0x893f2605, L:/127.0.0.1:49323 - R:localhost/127.0.0.1:4899]
2025-01-23 10:35:04 DEBUG o.a.n.channel.NettyConnectListener - Using new Channel '[id: 0x6618bf07, L:/127.0.0.1:49331 - R:localhost/127.0.0.1:49325]' for 'GET' to '/json/version'
2025-01-23 10:35:04 DEBUG o.a.netty.handler.HttpHandler - 

Request DefaultFullHttpRequest(decodeResult: success, version: HTTP/1.1, content: EmptyByteBufBE)
GET /json/version HTTP/1.1
User-Agent: selenium/4.8.0 (java windows)
host: localhost:49325
accept: */*

Response DefaultHttpResponse(decodeResult: success, version: HTTP/1.1)
HTTP/1.1 200 OK
Content-Security-Policy: frame-ancestors 'none'
Content-Length: 423
Content-Type: application/json; charset=UTF-8

2025-01-23 10:35:04 DEBUG o.a.netty.channel.ChannelManager - Adding key: http://localhost:49325 for channel [id: 0x6618bf07, L:/127.0.0.1:49331 - R:localhost/127.0.0.1:49325]
2025-01-23 10:35:04 DEBUG o.a.n.channel.NettyConnectListener - Using new Channel '[id: 0x31a39163, L:/127.0.0.1:49332 - R:localhost/127.0.0.1:49325]' for 'GET' to '/devtools/browser/e967c9af-b02d-4e16-9165-63336e99d6d9'
2025-01-23 10:35:04 DEBUG o.a.netty.handler.WebSocketHandler - 

Request DefaultFullHttpRequest(decodeResult: success, version: HTTP/1.1, content: EmptyByteBufBE)
GET /devtools/browser/e967c9af-b02d-4e16-9165-63336e99d6d9 HTTP/1.1
upgrade: websocket
connection: upgrade
sec-websocket-key: GvDFWTIZWkVbDnlKet6MHw==
sec-websocket-version: 13
origin: http://localhost:49325
host: localhost:49325
accept: */*
user-agent: AHC/2.1

Response DefaultHttpResponse(decodeResult: success, version: HTTP/1.1)
HTTP/1.1 101 WebSocket Protocol Handshake
Upgrade: WebSocket
Connection: Upgrade
Sec-WebSocket-Accept: yz63HskB668rb3fUzIdlioO9CdU=

setupTest() method is running
2025-01-23 10:35:04 DEBUG i.g.bonigarcia.wdm.WebDriverManager - Using WebDriverManager 5.9.2
2025-01-23 10:35:04 DEBUG i.g.b.wdm.cache.ResolutionCache - Resolution chrome=132 in cache (valid until 11:34:29 23/01/2025 CET)
2025-01-23 10:35:04 DEBUG i.g.b.wdm.cache.ResolutionCache - Resolution chrome132=132.0.6834.83 in cache (valid until 10:35:46 23/01/2025 CET)
2025-01-23 10:35:04 INFO  i.g.bonigarcia.wdm.WebDriverManager - Using chromedriver 132.0.6834.83 (resolved driver for Chrome 132)
2025-01-23 10:35:04 DEBUG i.g.bonigarcia.wdm.WebDriverManager - Driver chromedriver 132.0.6834.83 found in cache
2025-01-23 10:35:04 INFO  i.g.bonigarcia.wdm.WebDriverManager - Exporting webdriver.chrome.driver as C:\Users\gabor.szabo\.cache\selenium\chromedriver\win64\132.0.6834.83\chromedriver.exe
2025-01-23 10:35:04 DEBUG o.a.n.channel.NettyConnectListener - Using new Channel '[id: 0xa847cbf0, L:/127.0.0.1:49334 - R:localhost/127.0.0.1:28661]' for 'POST' to '/session'
2025-01-23 10:35:05 DEBUG o.a.netty.channel.DefaultChannelPool - Entry count for : http://localhost:34890 : 1
2025-01-23 10:35:05 DEBUG o.a.netty.channel.DefaultChannelPool - Entry count for : http://localhost:4899 : 1
2025-01-23 10:35:05 DEBUG o.a.netty.channel.DefaultChannelPool - Entry count for : http://localhost:65517 : 1
2025-01-23 10:35:05 DEBUG o.a.netty.channel.DefaultChannelPool - Entry count for : http://localhost:8723 : 1
2025-01-23 10:35:05 DEBUG o.a.netty.channel.DefaultChannelPool - Entry count for : http://localhost:13436 : 1
2025-01-23 10:35:05 DEBUG o.a.netty.channel.DefaultChannelPool - Entry count for : http://localhost:49255 : 1
2025-01-23 10:35:05 DEBUG o.a.netty.channel.DefaultChannelPool - Entry count for : http://localhost:65380 : 1
2025-01-23 10:35:05 DEBUG o.a.netty.channel.DefaultChannelPool - Entry count for : http://localhost:36849 : 1
2025-01-23 10:35:05 DEBUG o.a.netty.channel.DefaultChannelPool - Entry count for : http://localhost:49197 : 1
2025-01-23 10:35:05 DEBUG o.a.netty.channel.DefaultChannelPool - Entry count for : http://localhost:65454 : 1
2025-01-23 10:35:05 DEBUG o.a.netty.channel.DefaultChannelPool - Entry count for : http://localhost:28894 : 1
2025-01-23 10:35:05 DEBUG o.a.netty.channel.DefaultChannelPool - Entry count for : http://localhost:49325 : 1
2025-01-23 10:35:05 DEBUG o.a.netty.handler.HttpHandler - 

Request DefaultHttpRequest(decodeResult: success, version: HTTP/1.1)
POST /session HTTP/1.1
User-Agent: selenium/4.8.0 (java windows)
Content-Length: 501
Content-Type: application/json; charset=utf-8
host: localhost:28661
accept: */*

Response DefaultHttpResponse(decodeResult: success, version: HTTP/1.1)
HTTP/1.1 200 OK
Content-Length: 888
Content-Type: application/json; charset=utf-8
cache-control: no-cache

2025-01-23 10:35:05 DEBUG o.a.netty.channel.ChannelManager - Adding key: http://localhost:28661 for channel [id: 0xa847cbf0, L:/127.0.0.1:49334 - R:localhost/127.0.0.1:28661]
2025-01-23 10:35:05 DEBUG o.a.n.channel.NettyConnectListener - Using new Channel '[id: 0x9aed65b1, L:/127.0.0.1:49342 - R:localhost/127.0.0.1:49336]' for 'GET' to '/json/version'
2025-01-23 10:35:05 DEBUG o.a.netty.handler.HttpHandler - 

Request DefaultFullHttpRequest(decodeResult: success, version: HTTP/1.1, content: EmptyByteBufBE)
GET /json/version HTTP/1.1
User-Agent: selenium/4.8.0 (java windows)
host: localhost:49336
accept: */*

Response DefaultHttpResponse(decodeResult: success, version: HTTP/1.1)
HTTP/1.1 200 OK
Content-Security-Policy: frame-ancestors 'none'
Content-Length: 423
Content-Type: application/json; charset=UTF-8

2025-01-23 10:35:05 DEBUG o.a.netty.channel.ChannelManager - Adding key: http://localhost:49336 for channel [id: 0x9aed65b1, L:/127.0.0.1:49342 - R:localhost/127.0.0.1:49336]
2025-01-23 10:35:05 DEBUG o.a.n.channel.NettyConnectListener - Using new Channel '[id: 0xfe253361, L:/127.0.0.1:49343 - R:localhost/127.0.0.1:49336]' for 'GET' to '/devtools/browser/20841802-0979-434b-b8cb-63ad103119ea'
2025-01-23 10:35:05 DEBUG o.a.netty.handler.WebSocketHandler - 

Request DefaultFullHttpRequest(decodeResult: success, version: HTTP/1.1, content: EmptyByteBufBE)
GET /devtools/browser/20841802-0979-434b-b8cb-63ad103119ea HTTP/1.1
upgrade: websocket
connection: upgrade
sec-websocket-key: 8GgUQ6kSHOhYyelV2YCC3Q==
sec-websocket-version: 13
origin: http://localhost:49336
host: localhost:49336
accept: */*
user-agent: AHC/2.1

Response DefaultHttpResponse(decodeResult: success, version: HTTP/1.1)
HTTP/1.1 101 WebSocket Protocol Handshake
Upgrade: WebSocket
Connection: Upgrade
Sec-WebSocket-Accept: ObI+vYWr+6SNWmk8QLa5SJjvZLI=

setupTest() method is running
2025-01-23 10:35:05 DEBUG o.a.netty.request.NettyRequestSender - Using pooled Channel '[id: 0xa847cbf0, L:/127.0.0.1:49334 - R:localhost/127.0.0.1:28661]' for 'POST' to 'http://localhost:28661/session/2bb0cd661bc5e73ee97533e79915318b/url'
2025-01-23 10:35:05 DEBUG o.a.netty.request.NettyRequestSender - Using open Channel [id: 0xa847cbf0, L:/127.0.0.1:49334 - R:localhost/127.0.0.1:28661] for POST '/session/2bb0cd661bc5e73ee97533e79915318b/url'
2025-01-23 10:35:06 DEBUG o.a.netty.channel.DefaultChannelPool - Entry count for : http://localhost:34890 : 1
2025-01-23 10:35:06 DEBUG o.a.netty.channel.DefaultChannelPool - Entry count for : http://localhost:65517 : 1
2025-01-23 10:35:06 DEBUG o.a.netty.channel.DefaultChannelPool - Entry count for : http://localhost:8723 : 1
2025-01-23 10:35:06 DEBUG o.a.netty.channel.DefaultChannelPool - Entry count for : http://localhost:13436 : 1
2025-01-23 10:35:06 DEBUG o.a.netty.channel.DefaultChannelPool - Entry count for : http://localhost:49255 : 1
2025-01-23 10:35:06 DEBUG o.a.netty.channel.DefaultChannelPool - Entry count for : http://localhost:65380 : 1
2025-01-23 10:35:06 DEBUG o.a.netty.channel.DefaultChannelPool - Entry count for : http://localhost:36849 : 1
2025-01-23 10:35:06 DEBUG o.a.netty.channel.DefaultChannelPool - Entry count for : http://localhost:49197 : 1
2025-01-23 10:35:06 DEBUG o.a.netty.channel.DefaultChannelPool - Entry count for : http://localhost:28894 : 1
2025-01-23 10:35:06 DEBUG o.a.netty.channel.DefaultChannelPool - Entry count for : http://localhost:49336 : 1
2025-01-23 10:35:06 DEBUG o.a.netty.channel.DefaultChannelPool - Entry count for : http://localhost:4899 : 1
2025-01-23 10:35:06 DEBUG o.a.netty.channel.DefaultChannelPool - Entry count for : http://localhost:65454 : 1
2025-01-23 10:35:06 DEBUG o.a.netty.channel.DefaultChannelPool - Entry count for : http://localhost:49325 : 1
2025-01-23 10:35:06 DEBUG o.a.netty.handler.HttpHandler - 

Request DefaultHttpRequest(decodeResult: success, version: HTTP/1.1)
POST /session/2bb0cd661bc5e73ee97533e79915318b/url HTTP/1.1
User-Agent: selenium/4.8.0 (java windows)
Content-Length: 56
Content-Type: application/json; charset=utf-8
host: localhost:28661
accept: */*

Response DefaultHttpResponse(decodeResult: success, version: HTTP/1.1)
HTTP/1.1 200 OK
Content-Length: 14
Content-Type: application/json; charset=utf-8
cache-control: no-cache

2025-01-23 10:35:06 DEBUG o.a.netty.channel.ChannelManager - Adding key: http://localhost:28661 for channel [id: 0xa847cbf0, L:/127.0.0.1:49334 - R:localhost/127.0.0.1:28661]
2025-01-23 10:35:06 DEBUG o.a.netty.request.NettyRequestSender - Using pooled Channel '[id: 0xa847cbf0, L:/127.0.0.1:49334 - R:localhost/127.0.0.1:28661]' for 'POST' to 'http://localhost:28661/session/2bb0cd661bc5e73ee97533e79915318b/element'
2025-01-23 10:35:06 DEBUG o.a.netty.request.NettyRequestSender - Using open Channel [id: 0xa847cbf0, L:/127.0.0.1:49334 - R:localhost/127.0.0.1:28661] for POST '/session/2bb0cd661bc5e73ee97533e79915318b/element'
2025-01-23 10:35:06 DEBUG o.a.netty.handler.HttpHandler - 

Request DefaultHttpRequest(decodeResult: success, version: HTTP/1.1)
POST /session/2bb0cd661bc5e73ee97533e79915318b/element HTTP/1.1
User-Agent: selenium/4.8.0 (java windows)
Content-Length: 59
Content-Type: application/json; charset=utf-8
host: localhost:28661
accept: */*

Response DefaultHttpResponse(decodeResult: success, version: HTTP/1.1)
HTTP/1.1 200 OK
Content-Length: 126
Content-Type: application/json; charset=utf-8
cache-control: no-cache

2025-01-23 10:35:06 DEBUG o.a.netty.channel.ChannelManager - Adding key: http://localhost:28661 for channel [id: 0xa847cbf0, L:/127.0.0.1:49334 - R:localhost/127.0.0.1:28661]
2025-01-23 10:35:06 DEBUG o.a.netty.request.NettyRequestSender - Using pooled Channel '[id: 0xa847cbf0, L:/127.0.0.1:49334 - R:localhost/127.0.0.1:28661]' for 'POST' to 'http://localhost:28661/session/2bb0cd661bc5e73ee97533e79915318b/execute/sync'
2025-01-23 10:35:06 DEBUG o.a.netty.request.NettyRequestSender - Using open Channel [id: 0xa847cbf0, L:/127.0.0.1:49334 - R:localhost/127.0.0.1:28661] for POST '/session/2bb0cd661bc5e73ee97533e79915318b/execute/sync'
2025-01-23 10:35:06 DEBUG o.a.netty.handler.HttpHandler - 

Request DefaultHttpRequest(decodeResult: success, version: HTTP/1.1)
POST /session/2bb0cd661bc5e73ee97533e79915318b/execute/sync HTTP/1.1
User-Agent: selenium/4.8.0 (java windows)
Content-Length: 298
Content-Type: application/json; charset=utf-8
host: localhost:28661
accept: */*

Response DefaultHttpResponse(decodeResult: success, version: HTTP/1.1)
HTTP/1.1 200 OK
Content-Length: 14
Content-Type: application/json; charset=utf-8
cache-control: no-cache

2025-01-23 10:35:06 DEBUG o.a.netty.channel.ChannelManager - Adding key: http://localhost:28661 for channel [id: 0xa847cbf0, L:/127.0.0.1:49334 - R:localhost/127.0.0.1:28661]
2025-01-23 10:35:06 DEBUG o.a.netty.request.NettyRequestSender - Using pooled Channel '[id: 0xa847cbf0, L:/127.0.0.1:49334 - R:localhost/127.0.0.1:28661]' for 'POST' to 'http://localhost:28661/session/2bb0cd661bc5e73ee97533e79915318b/actions'
2025-01-23 10:35:06 DEBUG o.a.netty.request.NettyRequestSender - Using open Channel [id: 0xa847cbf0, L:/127.0.0.1:49334 - R:localhost/127.0.0.1:28661] for POST '/session/2bb0cd661bc5e73ee97533e79915318b/actions'
2025-01-23 10:35:06 DEBUG o.a.netty.handler.HttpHandler - 

Request DefaultHttpRequest(decodeResult: success, version: HTTP/1.1)
POST /session/2bb0cd661bc5e73ee97533e79915318b/actions HTTP/1.1
User-Agent: selenium/4.8.0 (java windows)
Content-Length: 856
Content-Type: application/json; charset=utf-8
host: localhost:28661
accept: */*

Response DefaultHttpResponse(decodeResult: success, version: HTTP/1.1)
HTTP/1.1 200 OK
Content-Length: 14
Content-Type: application/json; charset=utf-8
cache-control: no-cache

2025-01-23 10:35:06 DEBUG o.a.netty.channel.ChannelManager - Adding key: http://localhost:28661 for channel [id: 0xa847cbf0, L:/127.0.0.1:49334 - R:localhost/127.0.0.1:28661]
User clicked on the 'Double Click Me' button.
2025-01-23 10:35:06 DEBUG o.a.netty.request.NettyRequestSender - Using pooled Channel '[id: 0xa847cbf0, L:/127.0.0.1:49334 - R:localhost/127.0.0.1:28661]' for 'POST' to 'http://localhost:28661/session/2bb0cd661bc5e73ee97533e79915318b/element'
2025-01-23 10:35:06 DEBUG o.a.netty.request.NettyRequestSender - Using open Channel [id: 0xa847cbf0, L:/127.0.0.1:49334 - R:localhost/127.0.0.1:28661] for POST '/session/2bb0cd661bc5e73ee97533e79915318b/element'
2025-01-23 10:35:06 DEBUG o.a.netty.handler.HttpHandler - 

Request DefaultHttpRequest(decodeResult: success, version: HTTP/1.1)
POST /session/2bb0cd661bc5e73ee97533e79915318b/element HTTP/1.1
User-Agent: selenium/4.8.0 (java windows)
Content-Length: 63
Content-Type: application/json; charset=utf-8
host: localhost:28661
accept: */*

Response DefaultHttpResponse(decodeResult: success, version: HTTP/1.1)
HTTP/1.1 200 OK
Content-Length: 126
Content-Type: application/json; charset=utf-8
cache-control: no-cache

2025-01-23 10:35:06 DEBUG o.a.netty.channel.ChannelManager - Adding key: http://localhost:28661 for channel [id: 0xa847cbf0, L:/127.0.0.1:49334 - R:localhost/127.0.0.1:28661]
2025-01-23 10:35:06 DEBUG o.a.netty.request.NettyRequestSender - Using pooled Channel '[id: 0xa847cbf0, L:/127.0.0.1:49334 - R:localhost/127.0.0.1:28661]' for 'GET' to 'http://localhost:28661/session/2bb0cd661bc5e73ee97533e79915318b/element/f.A3D4FAF324A521A6DA1539930F677A05.d.A2F9187506A32FF81C117D9B1D84A812.e.17/text'
2025-01-23 10:35:06 DEBUG o.a.netty.request.NettyRequestSender - Using open Channel [id: 0xa847cbf0, L:/127.0.0.1:49334 - R:localhost/127.0.0.1:28661] for GET '/session/2bb0cd661bc5e73ee97533e79915318b/element/f.A3D4FAF324A521A6DA1539930F677A05.d.A2F9187506A32FF81C117D9B1D84A812.e.17/text'
2025-01-23 10:35:06 DEBUG o.a.netty.handler.HttpHandler - 

Request DefaultFullHttpRequest(decodeResult: success, version: HTTP/1.1, content: EmptyByteBufBE)
GET /session/2bb0cd661bc5e73ee97533e79915318b/element/f.A3D4FAF324A521A6DA1539930F677A05.d.A2F9187506A32FF81C117D9B1D84A812.e.17/text HTTP/1.1
User-Agent: selenium/4.8.0 (java windows)
Cache-Control: no-cache
Content-Type: application/json; charset=utf-8
host: localhost:28661
accept: */*

Response DefaultHttpResponse(decodeResult: success, version: HTTP/1.1)
HTTP/1.1 200 OK
Content-Length: 40
Content-Type: application/json; charset=utf-8
cache-control: no-cache

2025-01-23 10:35:06 DEBUG o.a.netty.channel.ChannelManager - Adding key: http://localhost:28661 for channel [id: 0xa847cbf0, L:/127.0.0.1:49334 - R:localhost/127.0.0.1:28661]
'You have done a double click message' is displayed
2025-01-23 10:35:06 DEBUG o.a.netty.handler.WebSocketHandler - Channel Closed: [id: 0xfe253361, L:/127.0.0.1:49343 ! R:localhost/127.0.0.1:49336] with attribute DISCARD
2025-01-23 10:35:06 DEBUG o.a.netty.request.NettyRequestSender - Using pooled Channel '[id: 0xa847cbf0, L:/127.0.0.1:49334 - R:localhost/127.0.0.1:28661]' for 'DELETE' to 'http://localhost:28661/session/2bb0cd661bc5e73ee97533e79915318b'
2025-01-23 10:35:06 DEBUG o.a.netty.request.NettyRequestSender - Using open Channel [id: 0xa847cbf0, L:/127.0.0.1:49334 - R:localhost/127.0.0.1:28661] for DELETE '/session/2bb0cd661bc5e73ee97533e79915318b'
2025-01-23 10:35:07 DEBUG o.a.netty.handler.HttpHandler - Unexpected I/O exception on channel [id: 0x9aed65b1, L:/127.0.0.1:49342 - R:localhost/127.0.0.1:49336]
java.io.IOException: An existing connection was forcibly closed by the remote host
	at java.base/sun.nio.ch.SocketDispatcher.read0(Native Method)
	at java.base/sun.nio.ch.SocketDispatcher.read(SocketDispatcher.java:43)
	at java.base/sun.nio.ch.IOUtil.readIntoNativeBuffer(IOUtil.java:276)
	at java.base/sun.nio.ch.IOUtil.read(IOUtil.java:233)
	at java.base/sun.nio.ch.IOUtil.read(IOUtil.java:223)
	at java.base/sun.nio.ch.SocketChannelImpl.read(SocketChannelImpl.java:358)
	at io.netty.buffer.PooledByteBuf.setBytes(PooledByteBuf.java:259)
	at io.netty.buffer.AbstractByteBuf.writeBytes(AbstractByteBuf.java:1132)
	at io.netty.channel.socket.nio.NioSocketChannel.doReadBytes(NioSocketChannel.java:357)
	at io.netty.channel.nio.AbstractNioByteChannel$NioByteUnsafe.read(AbstractNioByteChannel.java:151)
	at io.netty.channel.nio.NioEventLoop.processSelectedKey(NioEventLoop.java:788)
	at io.netty.channel.nio.NioEventLoop.processSelectedKeysOptimized(NioEventLoop.java:724)
	at io.netty.channel.nio.NioEventLoop.processSelectedKeys(NioEventLoop.java:650)
	at io.netty.channel.nio.NioEventLoop.run(NioEventLoop.java:562)
	at io.netty.util.concurrent.SingleThreadEventExecutor$4.run(SingleThreadEventExecutor.java:997)
	at io.netty.util.internal.ThreadExecutorMap$2.run(ThreadExecutorMap.java:74)
	at io.netty.util.concurrent.FastThreadLocalRunnable.run(FastThreadLocalRunnable.java:30)
	at java.base/java.lang.Thread.run(Thread.java:834)
2025-01-23 10:35:07 DEBUG o.a.netty.channel.ChannelManager - Closing Channel [id: 0x9aed65b1, L:/127.0.0.1:49342 - R:localhost/127.0.0.1:49336] 
2025-01-23 10:35:07 DEBUG o.a.netty.handler.HttpHandler - Channel Closed: [id: 0x9aed65b1, L:/127.0.0.1:49342 ! R:localhost/127.0.0.1:49336] with attribute DISCARD
2025-01-23 10:35:07 DEBUG o.a.netty.handler.HttpHandler - 

Request DefaultFullHttpRequest(decodeResult: success, version: HTTP/1.1, content: EmptyByteBufBE)
DELETE /session/2bb0cd661bc5e73ee97533e79915318b HTTP/1.1
User-Agent: selenium/4.8.0 (java windows)
Content-Type: application/json; charset=utf-8
host: localhost:28661
accept: */*

Response DefaultHttpResponse(decodeResult: success, version: HTTP/1.1)
HTTP/1.1 200 OK
Content-Length: 14
Content-Type: application/json; charset=utf-8
cache-control: no-cache

2025-01-23 10:35:07 DEBUG o.a.netty.channel.ChannelManager - Adding key: http://localhost:28661 for channel [id: 0xa847cbf0, L:/127.0.0.1:49334 - R:localhost/127.0.0.1:28661]
2025-01-23 10:35:07 DEBUG o.a.netty.handler.HttpHandler - Channel Closed: [id: 0xa847cbf0, L:/127.0.0.1:49334 ! R:localhost/127.0.0.1:28661] with attribute DISCARD
]]></system-out>
    <system-err><![CDATA[Starting ChromeDriver 132.0.6834.83 (03d59cf5ecf1d8444838ff9a1e96231304d4ff9c-refs/branch-heads/6834@{#3390}) on port 4899
Only local connections are allowed.
Please see https://chromedriver.chromium.org/security-considerations for suggestions on keeping ChromeDriver safe.
ChromeDriver was started successfully on port 4899.
Jan 23, 2025 10:35:04 AM org.openqa.selenium.devtools.CdpVersionFinder findNearestMatch
WARNING: Unable to find CDP implementation matching 132
Jan 23, 2025 10:35:04 AM org.openqa.selenium.chromium.ChromiumDriver lambda$new$3
WARNING: Unable to find version of CDP to use for . You may need to include a dependency on a specific version of the CDP using something similar to `org.seleniumhq.selenium:selenium-devtools-v86:4.8.0` where the version ("v86") matches the version of the chromium-based browser you're using and the version number of the artifact is the same as Selenium's.
Starting ChromeDriver 132.0.6834.83 (03d59cf5ecf1d8444838ff9a1e96231304d4ff9c-refs/branch-heads/6834@{#3390}) on port 28661
Only local connections are allowed.
Please see https://chromedriver.chromium.org/security-considerations for suggestions on keeping ChromeDriver safe.
ChromeDriver was started successfully on port 28661.
Jan 23, 2025 10:35:05 AM org.openqa.selenium.devtools.CdpVersionFinder findNearestMatch
WARNING: Unable to find CDP implementation matching 132
Jan 23, 2025 10:35:05 AM org.openqa.selenium.chromium.ChromiumDriver lambda$new$3
WARNING: Unable to find version of CDP to use for . You may need to include a dependency on a specific version of the CDP using something similar to `org.seleniumhq.selenium:selenium-devtools-v86:4.8.0` where the version ("v86") matches the version of the chromium-based browser you're using and the version number of the artifact is the same as Selenium's.
]]></system-err>
  </testcase>
  <testcase name="rightClickButton" classname="com.test.classes.TestElements" time="6.79">
    <system-out><![CDATA[2025-01-23 10:35:07 DEBUG i.g.bonigarcia.wdm.WebDriverManager - Using WebDriverManager 5.9.2
2025-01-23 10:35:07 DEBUG i.g.b.wdm.cache.ResolutionCache - Resolution chrome=132 in cache (valid until 11:34:29 23/01/2025 CET)
2025-01-23 10:35:07 DEBUG i.g.b.wdm.cache.ResolutionCache - Resolution chrome132=132.0.6834.83 in cache (valid until 10:35:46 23/01/2025 CET)
2025-01-23 10:35:07 INFO  i.g.bonigarcia.wdm.WebDriverManager - Using chromedriver 132.0.6834.83 (resolved driver for Chrome 132)
2025-01-23 10:35:07 DEBUG i.g.bonigarcia.wdm.WebDriverManager - Driver chromedriver 132.0.6834.83 found in cache
2025-01-23 10:35:07 INFO  i.g.bonigarcia.wdm.WebDriverManager - Exporting webdriver.chrome.driver as C:\Users\gabor.szabo\.cache\selenium\chromedriver\win64\132.0.6834.83\chromedriver.exe
2025-01-23 10:35:07 DEBUG o.a.netty.channel.DefaultChannelPool - Entry count for : http://localhost:34890 : 1
2025-01-23 10:35:07 DEBUG o.a.netty.channel.DefaultChannelPool - Entry count for : http://localhost:65517 : 1
2025-01-23 10:35:07 DEBUG o.a.netty.channel.DefaultChannelPool - Entry count for : http://localhost:8723 : 1
2025-01-23 10:35:07 DEBUG o.a.netty.channel.DefaultChannelPool - Entry count for : http://localhost:13436 : 1
2025-01-23 10:35:07 DEBUG o.a.netty.channel.DefaultChannelPool - Entry count for : http://localhost:49255 : 1
2025-01-23 10:35:07 DEBUG o.a.netty.channel.DefaultChannelPool - Entry count for : http://localhost:65380 : 1
2025-01-23 10:35:07 DEBUG o.a.netty.channel.DefaultChannelPool - Entry count for : http://localhost:36849 : 1
2025-01-23 10:35:07 DEBUG o.a.netty.channel.DefaultChannelPool - Entry count for : http://localhost:49197 : 1
2025-01-23 10:35:07 DEBUG o.a.netty.channel.DefaultChannelPool - Entry count for : http://localhost:28894 : 1
2025-01-23 10:35:07 DEBUG o.a.netty.channel.DefaultChannelPool - Entry count for : http://localhost:49336 : 1
2025-01-23 10:35:07 DEBUG o.a.netty.channel.DefaultChannelPool - Entry count for : http://localhost:4899 : 1
2025-01-23 10:35:07 DEBUG o.a.netty.channel.DefaultChannelPool - Entry count for : http://localhost:65454 : 1
2025-01-23 10:35:07 DEBUG o.a.netty.channel.DefaultChannelPool - Entry count for : http://localhost:28661 : 1
2025-01-23 10:35:07 DEBUG o.a.netty.channel.DefaultChannelPool - Entry count for : http://localhost:49325 : 1
2025-01-23 10:35:07 DEBUG o.a.netty.channel.DefaultChannelPool - Adding Candidate expired Channel [id: 0x9aed65b1, L:/127.0.0.1:49342 ! R:localhost/127.0.0.1:49336] isIdleTimeoutExpired=false isRemotelyClosed=true isTtlExpired=false
2025-01-23 10:35:07 DEBUG o.a.netty.channel.DefaultChannelPool - Closing Idle Channel [id: 0x9aed65b1, L:/127.0.0.1:49342 ! R:localhost/127.0.0.1:49336]
2025-01-23 10:35:07 DEBUG o.a.netty.channel.DefaultChannelPool - Adding Candidate expired Channel [id: 0xa847cbf0, L:/127.0.0.1:49334 ! R:localhost/127.0.0.1:28661] isIdleTimeoutExpired=false isRemotelyClosed=true isTtlExpired=false
2025-01-23 10:35:07 DEBUG o.a.netty.channel.DefaultChannelPool - Closing Idle Channel [id: 0xa847cbf0, L:/127.0.0.1:49334 ! R:localhost/127.0.0.1:28661]
2025-01-23 10:35:07 DEBUG o.a.netty.channel.DefaultChannelPool - Closed 2 connections out of 14 in 0 ms
2025-01-23 10:35:07 DEBUG o.a.n.channel.NettyConnectListener - Using new Channel '[id: 0x5fa2e414, L:/127.0.0.1:49373 - R:localhost/127.0.0.1:37186]' for 'POST' to '/session'
2025-01-23 10:35:08 DEBUG o.a.netty.handler.HttpHandler - 

Request DefaultHttpRequest(decodeResult: success, version: HTTP/1.1)
POST /session HTTP/1.1
User-Agent: selenium/4.8.0 (java windows)
Content-Length: 501
Content-Type: application/json; charset=utf-8
host: localhost:37186
accept: */*

Response DefaultHttpResponse(decodeResult: success, version: HTTP/1.1)
HTTP/1.1 200 OK
Content-Length: 888
Content-Type: application/json; charset=utf-8
cache-control: no-cache

2025-01-23 10:35:08 DEBUG o.a.netty.channel.ChannelManager - Adding key: http://localhost:37186 for channel [id: 0x5fa2e414, L:/127.0.0.1:49373 - R:localhost/127.0.0.1:37186]
2025-01-23 10:35:08 DEBUG o.a.n.channel.NettyConnectListener - Using new Channel '[id: 0x2e294748, L:/127.0.0.1:49380 - R:localhost/127.0.0.1:49374]' for 'GET' to '/json/version'
2025-01-23 10:35:08 DEBUG o.a.netty.handler.HttpHandler - 

Request DefaultFullHttpRequest(decodeResult: success, version: HTTP/1.1, content: EmptyByteBufBE)
GET /json/version HTTP/1.1
User-Agent: selenium/4.8.0 (java windows)
host: localhost:49374
accept: */*

Response DefaultHttpResponse(decodeResult: success, version: HTTP/1.1)
HTTP/1.1 200 OK
Content-Security-Policy: frame-ancestors 'none'
Content-Length: 423
Content-Type: application/json; charset=UTF-8

2025-01-23 10:35:08 DEBUG o.a.netty.channel.ChannelManager - Adding key: http://localhost:49374 for channel [id: 0x2e294748, L:/127.0.0.1:49380 - R:localhost/127.0.0.1:49374]
2025-01-23 10:35:08 DEBUG o.a.n.channel.NettyConnectListener - Using new Channel '[id: 0x45332f48, L:/127.0.0.1:49381 - R:localhost/127.0.0.1:49374]' for 'GET' to '/devtools/browser/7d36658b-b9fa-46cd-ae9e-ed39ea734bf2'
2025-01-23 10:35:08 DEBUG o.a.netty.handler.WebSocketHandler - 

Request DefaultFullHttpRequest(decodeResult: success, version: HTTP/1.1, content: EmptyByteBufBE)
GET /devtools/browser/7d36658b-b9fa-46cd-ae9e-ed39ea734bf2 HTTP/1.1
upgrade: websocket
connection: upgrade
sec-websocket-key: UdfCrx044vaeFgzF9F0DpQ==
sec-websocket-version: 13
origin: http://localhost:49374
host: localhost:49374
accept: */*
user-agent: AHC/2.1

Response DefaultHttpResponse(decodeResult: success, version: HTTP/1.1)
HTTP/1.1 101 WebSocket Protocol Handshake
Upgrade: WebSocket
Connection: Upgrade
Sec-WebSocket-Accept: bVdoTxCXJ3RSgf6VdXYluBI2Vlk=

setupTest() method is running
2025-01-23 10:35:08 DEBUG i.g.bonigarcia.wdm.WebDriverManager - Using WebDriverManager 5.9.2
2025-01-23 10:35:08 DEBUG i.g.b.wdm.cache.ResolutionCache - Resolution chrome=132 in cache (valid until 11:34:29 23/01/2025 CET)
2025-01-23 10:35:08 DEBUG i.g.b.wdm.cache.ResolutionCache - Resolution chrome132=132.0.6834.83 in cache (valid until 10:35:46 23/01/2025 CET)
2025-01-23 10:35:08 INFO  i.g.bonigarcia.wdm.WebDriverManager - Using chromedriver 132.0.6834.83 (resolved driver for Chrome 132)
2025-01-23 10:35:08 DEBUG i.g.bonigarcia.wdm.WebDriverManager - Driver chromedriver 132.0.6834.83 found in cache
2025-01-23 10:35:08 INFO  i.g.bonigarcia.wdm.WebDriverManager - Exporting webdriver.chrome.driver as C:\Users\gabor.szabo\.cache\selenium\chromedriver\win64\132.0.6834.83\chromedriver.exe
2025-01-23 10:35:08 DEBUG o.a.n.channel.NettyConnectListener - Using new Channel '[id: 0x06926a04, L:/127.0.0.1:49383 - R:localhost/127.0.0.1:26584]' for 'POST' to '/session'
2025-01-23 10:35:08 DEBUG o.a.netty.channel.DefaultChannelPool - Entry count for : http://localhost:34890 : 1
2025-01-23 10:35:08 DEBUG o.a.netty.channel.DefaultChannelPool - Entry count for : http://localhost:65517 : 1
2025-01-23 10:35:08 DEBUG o.a.netty.channel.DefaultChannelPool - Entry count for : http://localhost:8723 : 1
2025-01-23 10:35:08 DEBUG o.a.netty.channel.DefaultChannelPool - Entry count for : http://localhost:13436 : 1
2025-01-23 10:35:08 DEBUG o.a.netty.channel.DefaultChannelPool - Entry count for : http://localhost:37186 : 1
2025-01-23 10:35:08 DEBUG o.a.netty.channel.DefaultChannelPool - Entry count for : http://localhost:49255 : 1
2025-01-23 10:35:08 DEBUG o.a.netty.channel.DefaultChannelPool - Entry count for : http://localhost:65380 : 1
2025-01-23 10:35:08 DEBUG o.a.netty.channel.DefaultChannelPool - Entry count for : http://localhost:49374 : 1
2025-01-23 10:35:08 DEBUG o.a.netty.channel.DefaultChannelPool - Entry count for : http://localhost:36849 : 1
2025-01-23 10:35:08 DEBUG o.a.netty.channel.DefaultChannelPool - Entry count for : http://localhost:49197 : 1
2025-01-23 10:35:08 DEBUG o.a.netty.channel.DefaultChannelPool - Entry count for : http://localhost:28894 : 1
2025-01-23 10:35:08 DEBUG o.a.netty.channel.DefaultChannelPool - Entry count for : http://localhost:4899 : 1
2025-01-23 10:35:08 DEBUG o.a.netty.channel.DefaultChannelPool - Entry count for : http://localhost:65454 : 1
2025-01-23 10:35:08 DEBUG o.a.netty.channel.DefaultChannelPool - Entry count for : http://localhost:49325 : 1
2025-01-23 10:35:08 DEBUG o.a.netty.handler.HttpHandler - 

Request DefaultHttpRequest(decodeResult: success, version: HTTP/1.1)
POST /session HTTP/1.1
User-Agent: selenium/4.8.0 (java windows)
Content-Length: 501
Content-Type: application/json; charset=utf-8
host: localhost:26584
accept: */*

Response DefaultHttpResponse(decodeResult: success, version: HTTP/1.1)
HTTP/1.1 200 OK
Content-Length: 888
Content-Type: application/json; charset=utf-8
cache-control: no-cache

2025-01-23 10:35:08 DEBUG o.a.netty.channel.ChannelManager - Adding key: http://localhost:26584 for channel [id: 0x06926a04, L:/127.0.0.1:49383 - R:localhost/127.0.0.1:26584]
2025-01-23 10:35:08 DEBUG o.a.n.channel.NettyConnectListener - Using new Channel '[id: 0x05213d1e, L:/127.0.0.1:49392 - R:localhost/127.0.0.1:49386]' for 'GET' to '/json/version'
2025-01-23 10:35:08 DEBUG o.a.netty.handler.HttpHandler - 

Request DefaultFullHttpRequest(decodeResult: success, version: HTTP/1.1, content: EmptyByteBufBE)
GET /json/version HTTP/1.1
User-Agent: selenium/4.8.0 (java windows)
host: localhost:49386
accept: */*

Response DefaultHttpResponse(decodeResult: success, version: HTTP/1.1)
HTTP/1.1 200 OK
Content-Security-Policy: frame-ancestors 'none'
Content-Length: 423
Content-Type: application/json; charset=UTF-8

2025-01-23 10:35:08 DEBUG o.a.netty.channel.ChannelManager - Adding key: http://localhost:49386 for channel [id: 0x05213d1e, L:/127.0.0.1:49392 - R:localhost/127.0.0.1:49386]
2025-01-23 10:35:08 DEBUG o.a.n.channel.NettyConnectListener - Using new Channel '[id: 0xc8d3ea97, L:/127.0.0.1:49393 - R:localhost/127.0.0.1:49386]' for 'GET' to '/devtools/browser/21920b5b-75ff-4b23-859f-e3c62c27c450'
2025-01-23 10:35:08 DEBUG o.a.netty.handler.WebSocketHandler - 

Request DefaultFullHttpRequest(decodeResult: success, version: HTTP/1.1, content: EmptyByteBufBE)
GET /devtools/browser/21920b5b-75ff-4b23-859f-e3c62c27c450 HTTP/1.1
upgrade: websocket
connection: upgrade
sec-websocket-key: booCjJfsZmyFTkznHfjKmw==
sec-websocket-version: 13
origin: http://localhost:49386
host: localhost:49386
accept: */*
user-agent: AHC/2.1

Response DefaultHttpResponse(decodeResult: success, version: HTTP/1.1)
HTTP/1.1 101 WebSocket Protocol Handshake
Upgrade: WebSocket
Connection: Upgrade
Sec-WebSocket-Accept: siaoteiHSFoU3HSaEskw1bnP7EQ=

setupTest() method is running
2025-01-23 10:35:08 DEBUG o.a.netty.request.NettyRequestSender - Using pooled Channel '[id: 0x06926a04, L:/127.0.0.1:49383 - R:localhost/127.0.0.1:26584]' for 'POST' to 'http://localhost:26584/session/b23d8a614dda40850b1ad41776b444fa/url'
2025-01-23 10:35:08 DEBUG o.a.netty.request.NettyRequestSender - Using open Channel [id: 0x06926a04, L:/127.0.0.1:49383 - R:localhost/127.0.0.1:26584] for POST '/session/b23d8a614dda40850b1ad41776b444fa/url'
2025-01-23 10:35:09 DEBUG o.a.netty.handler.HttpHandler - 

Request DefaultHttpRequest(decodeResult: success, version: HTTP/1.1)
POST /session/b23d8a614dda40850b1ad41776b444fa/url HTTP/1.1
User-Agent: selenium/4.8.0 (java windows)
Content-Length: 56
Content-Type: application/json; charset=utf-8
host: localhost:26584
accept: */*

Response DefaultHttpResponse(decodeResult: success, version: HTTP/1.1)
HTTP/1.1 200 OK
Content-Length: 14
Content-Type: application/json; charset=utf-8
cache-control: no-cache

2025-01-23 10:35:09 DEBUG o.a.netty.channel.ChannelManager - Adding key: http://localhost:26584 for channel [id: 0x06926a04, L:/127.0.0.1:49383 - R:localhost/127.0.0.1:26584]
2025-01-23 10:35:09 DEBUG o.a.netty.request.NettyRequestSender - Using pooled Channel '[id: 0x06926a04, L:/127.0.0.1:49383 - R:localhost/127.0.0.1:26584]' for 'POST' to 'http://localhost:26584/session/b23d8a614dda40850b1ad41776b444fa/element'
2025-01-23 10:35:09 DEBUG o.a.netty.request.NettyRequestSender - Using open Channel [id: 0x06926a04, L:/127.0.0.1:49383 - R:localhost/127.0.0.1:26584] for POST '/session/b23d8a614dda40850b1ad41776b444fa/element'
2025-01-23 10:35:09 DEBUG o.a.netty.channel.DefaultChannelPool - Entry count for : http://localhost:34890 : 1
2025-01-23 10:35:09 DEBUG o.a.netty.channel.DefaultChannelPool - Entry count for : http://localhost:65517 : 1
2025-01-23 10:35:09 DEBUG o.a.netty.channel.DefaultChannelPool - Entry count for : http://localhost:8723 : 1
2025-01-23 10:35:09 DEBUG o.a.netty.channel.DefaultChannelPool - Entry count for : http://localhost:13436 : 1
2025-01-23 10:35:09 DEBUG o.a.netty.channel.DefaultChannelPool - Entry count for : http://localhost:37186 : 1
2025-01-23 10:35:09 DEBUG o.a.netty.channel.DefaultChannelPool - Entry count for : http://localhost:49255 : 1
2025-01-23 10:35:09 DEBUG o.a.netty.channel.DefaultChannelPool - Entry count for : http://localhost:65380 : 1
2025-01-23 10:35:09 DEBUG o.a.netty.channel.DefaultChannelPool - Entry count for : http://localhost:49374 : 1
2025-01-23 10:35:09 DEBUG o.a.netty.channel.DefaultChannelPool - Entry count for : http://localhost:36849 : 1
2025-01-23 10:35:09 DEBUG o.a.netty.channel.DefaultChannelPool - Entry count for : http://localhost:49197 : 1
2025-01-23 10:35:09 DEBUG o.a.netty.channel.DefaultChannelPool - Entry count for : http://localhost:28894 : 1
2025-01-23 10:35:09 DEBUG o.a.netty.channel.DefaultChannelPool - Entry count for : http://localhost:4899 : 1
2025-01-23 10:35:09 DEBUG o.a.netty.channel.DefaultChannelPool - Entry count for : http://localhost:49386 : 1
2025-01-23 10:35:09 DEBUG o.a.netty.channel.DefaultChannelPool - Entry count for : http://localhost:65454 : 1
2025-01-23 10:35:09 DEBUG o.a.netty.channel.DefaultChannelPool - Entry count for : http://localhost:49325 : 1
2025-01-23 10:35:09 DEBUG o.a.netty.handler.HttpHandler - 

Request DefaultHttpRequest(decodeResult: success, version: HTTP/1.1)
POST /session/b23d8a614dda40850b1ad41776b444fa/element HTTP/1.1
User-Agent: selenium/4.8.0 (java windows)
Content-Length: 58
Content-Type: application/json; charset=utf-8
host: localhost:26584
accept: */*

Response DefaultHttpResponse(decodeResult: success, version: HTTP/1.1)
HTTP/1.1 200 OK
Content-Length: 126
Content-Type: application/json; charset=utf-8
cache-control: no-cache

2025-01-23 10:35:09 DEBUG o.a.netty.channel.ChannelManager - Adding key: http://localhost:26584 for channel [id: 0x06926a04, L:/127.0.0.1:49383 - R:localhost/127.0.0.1:26584]
2025-01-23 10:35:09 DEBUG o.a.netty.request.NettyRequestSender - Using pooled Channel '[id: 0x06926a04, L:/127.0.0.1:49383 - R:localhost/127.0.0.1:26584]' for 'POST' to 'http://localhost:26584/session/b23d8a614dda40850b1ad41776b444fa/execute/sync'
2025-01-23 10:35:09 DEBUG o.a.netty.request.NettyRequestSender - Using open Channel [id: 0x06926a04, L:/127.0.0.1:49383 - R:localhost/127.0.0.1:26584] for POST '/session/b23d8a614dda40850b1ad41776b444fa/execute/sync'
2025-01-23 10:35:09 DEBUG o.a.netty.handler.HttpHandler - 

Request DefaultHttpRequest(decodeResult: success, version: HTTP/1.1)
POST /session/b23d8a614dda40850b1ad41776b444fa/execute/sync HTTP/1.1
User-Agent: selenium/4.8.0 (java windows)
Content-Length: 298
Content-Type: application/json; charset=utf-8
host: localhost:26584
accept: */*

Response DefaultHttpResponse(decodeResult: success, version: HTTP/1.1)
HTTP/1.1 200 OK
Content-Length: 14
Content-Type: application/json; charset=utf-8
cache-control: no-cache

2025-01-23 10:35:09 DEBUG o.a.netty.channel.ChannelManager - Adding key: http://localhost:26584 for channel [id: 0x06926a04, L:/127.0.0.1:49383 - R:localhost/127.0.0.1:26584]
2025-01-23 10:35:09 DEBUG o.a.netty.request.NettyRequestSender - Using pooled Channel '[id: 0x06926a04, L:/127.0.0.1:49383 - R:localhost/127.0.0.1:26584]' for 'POST' to 'http://localhost:26584/session/b23d8a614dda40850b1ad41776b444fa/actions'
2025-01-23 10:35:09 DEBUG o.a.netty.request.NettyRequestSender - Using open Channel [id: 0x06926a04, L:/127.0.0.1:49383 - R:localhost/127.0.0.1:26584] for POST '/session/b23d8a614dda40850b1ad41776b444fa/actions'
2025-01-23 10:35:09 DEBUG o.a.netty.handler.HttpHandler - 

Request DefaultHttpRequest(decodeResult: success, version: HTTP/1.1)
POST /session/b23d8a614dda40850b1ad41776b444fa/actions HTTP/1.1
User-Agent: selenium/4.8.0 (java windows)
Content-Length: 706
Content-Type: application/json; charset=utf-8
host: localhost:26584
accept: */*

Response DefaultHttpResponse(decodeResult: success, version: HTTP/1.1)
HTTP/1.1 200 OK
Content-Length: 14
Content-Type: application/json; charset=utf-8
cache-control: no-cache

2025-01-23 10:35:09 DEBUG o.a.netty.channel.ChannelManager - Adding key: http://localhost:26584 for channel [id: 0x06926a04, L:/127.0.0.1:49383 - R:localhost/127.0.0.1:26584]
User clicked on the 'Right Click Me' button.
2025-01-23 10:35:09 DEBUG o.a.netty.request.NettyRequestSender - Using pooled Channel '[id: 0x06926a04, L:/127.0.0.1:49383 - R:localhost/127.0.0.1:26584]' for 'POST' to 'http://localhost:26584/session/b23d8a614dda40850b1ad41776b444fa/element'
2025-01-23 10:35:09 DEBUG o.a.netty.request.NettyRequestSender - Using open Channel [id: 0x06926a04, L:/127.0.0.1:49383 - R:localhost/127.0.0.1:26584] for POST '/session/b23d8a614dda40850b1ad41776b444fa/element'
2025-01-23 10:35:09 DEBUG o.a.netty.handler.HttpHandler - 

Request DefaultHttpRequest(decodeResult: success, version: HTTP/1.1)
POST /session/b23d8a614dda40850b1ad41776b444fa/element HTTP/1.1
User-Agent: selenium/4.8.0 (java windows)
Content-Length: 62
Content-Type: application/json; charset=utf-8
host: localhost:26584
accept: */*

Response DefaultHttpResponse(decodeResult: success, version: HTTP/1.1)
HTTP/1.1 200 OK
Content-Length: 126
Content-Type: application/json; charset=utf-8
cache-control: no-cache

2025-01-23 10:35:09 DEBUG o.a.netty.channel.ChannelManager - Adding key: http://localhost:26584 for channel [id: 0x06926a04, L:/127.0.0.1:49383 - R:localhost/127.0.0.1:26584]
2025-01-23 10:35:09 DEBUG o.a.netty.request.NettyRequestSender - Using pooled Channel '[id: 0x06926a04, L:/127.0.0.1:49383 - R:localhost/127.0.0.1:26584]' for 'GET' to 'http://localhost:26584/session/b23d8a614dda40850b1ad41776b444fa/element/f.2F12934D9B5ED0CE71EB3DFE7C92C2FF.d.CB6857CB68AF123D2A2F2905BA13AC23.e.16/text'
2025-01-23 10:35:09 DEBUG o.a.netty.request.NettyRequestSender - Using open Channel [id: 0x06926a04, L:/127.0.0.1:49383 - R:localhost/127.0.0.1:26584] for GET '/session/b23d8a614dda40850b1ad41776b444fa/element/f.2F12934D9B5ED0CE71EB3DFE7C92C2FF.d.CB6857CB68AF123D2A2F2905BA13AC23.e.16/text'
2025-01-23 10:35:09 DEBUG o.a.netty.handler.HttpHandler - 

Request DefaultFullHttpRequest(decodeResult: success, version: HTTP/1.1, content: EmptyByteBufBE)
GET /session/b23d8a614dda40850b1ad41776b444fa/element/f.2F12934D9B5ED0CE71EB3DFE7C92C2FF.d.CB6857CB68AF123D2A2F2905BA13AC23.e.16/text HTTP/1.1
User-Agent: selenium/4.8.0 (java windows)
Cache-Control: no-cache
Content-Type: application/json; charset=utf-8
host: localhost:26584
accept: */*

Response DefaultHttpResponse(decodeResult: success, version: HTTP/1.1)
HTTP/1.1 200 OK
Content-Length: 39
Content-Type: application/json; charset=utf-8
cache-control: no-cache

2025-01-23 10:35:09 DEBUG o.a.netty.channel.ChannelManager - Adding key: http://localhost:26584 for channel [id: 0x06926a04, L:/127.0.0.1:49383 - R:localhost/127.0.0.1:26584]
'You have done a right click' message is displayed
2025-01-23 10:35:10 DEBUG o.a.netty.channel.DefaultChannelPool - Entry count for : http://localhost:34890 : 1
2025-01-23 10:35:10 DEBUG o.a.netty.channel.DefaultChannelPool - Entry count for : http://localhost:65517 : 1
2025-01-23 10:35:10 DEBUG o.a.netty.channel.DefaultChannelPool - Entry count for : http://localhost:8723 : 1
2025-01-23 10:35:10 DEBUG o.a.netty.channel.DefaultChannelPool - Entry count for : http://localhost:13436 : 1
2025-01-23 10:35:10 DEBUG o.a.netty.channel.DefaultChannelPool - Entry count for : http://localhost:37186 : 1
2025-01-23 10:35:10 DEBUG o.a.netty.channel.DefaultChannelPool - Entry count for : http://localhost:49255 : 1
2025-01-23 10:35:10 DEBUG o.a.netty.channel.DefaultChannelPool - Entry count for : http://localhost:65380 : 1
2025-01-23 10:35:10 DEBUG o.a.netty.channel.DefaultChannelPool - Entry count for : http://localhost:49374 : 1
2025-01-23 10:35:10 DEBUG o.a.netty.channel.DefaultChannelPool - Entry count for : http://localhost:36849 : 1
2025-01-23 10:35:10 DEBUG o.a.netty.channel.DefaultChannelPool - Entry count for : http://localhost:49197 : 1
2025-01-23 10:35:10 DEBUG o.a.netty.channel.DefaultChannelPool - Entry count for : http://localhost:28894 : 1
2025-01-23 10:35:10 DEBUG o.a.netty.channel.DefaultChannelPool - Entry count for : http://localhost:4899 : 1
2025-01-23 10:35:10 DEBUG o.a.netty.channel.DefaultChannelPool - Entry count for : http://localhost:49386 : 1
2025-01-23 10:35:10 DEBUG o.a.netty.channel.DefaultChannelPool - Entry count for : http://localhost:65454 : 1
2025-01-23 10:35:10 DEBUG o.a.netty.channel.DefaultChannelPool - Entry count for : http://localhost:26584 : 1
2025-01-23 10:35:10 DEBUG o.a.netty.channel.DefaultChannelPool - Entry count for : http://localhost:49325 : 1
2025-01-23 10:35:11 DEBUG o.a.netty.channel.DefaultChannelPool - Entry count for : http://localhost:34890 : 1
2025-01-23 10:35:11 DEBUG o.a.netty.channel.DefaultChannelPool - Entry count for : http://localhost:65517 : 1
2025-01-23 10:35:11 DEBUG o.a.netty.channel.DefaultChannelPool - Entry count for : http://localhost:8723 : 1
2025-01-23 10:35:11 DEBUG o.a.netty.channel.DefaultChannelPool - Entry count for : http://localhost:13436 : 1
2025-01-23 10:35:11 DEBUG o.a.netty.channel.DefaultChannelPool - Entry count for : http://localhost:37186 : 1
2025-01-23 10:35:11 DEBUG o.a.netty.channel.DefaultChannelPool - Entry count for : http://localhost:49255 : 1
2025-01-23 10:35:11 DEBUG o.a.netty.channel.DefaultChannelPool - Entry count for : http://localhost:65380 : 1
2025-01-23 10:35:11 DEBUG o.a.netty.channel.DefaultChannelPool - Entry count for : http://localhost:49374 : 1
2025-01-23 10:35:11 DEBUG o.a.netty.channel.DefaultChannelPool - Entry count for : http://localhost:36849 : 1
2025-01-23 10:35:11 DEBUG o.a.netty.channel.DefaultChannelPool - Entry count for : http://localhost:49197 : 1
2025-01-23 10:35:11 DEBUG o.a.netty.channel.DefaultChannelPool - Entry count for : http://localhost:28894 : 1
2025-01-23 10:35:11 DEBUG o.a.netty.channel.DefaultChannelPool - Entry count for : http://localhost:4899 : 1
2025-01-23 10:35:11 DEBUG o.a.netty.channel.DefaultChannelPool - Entry count for : http://localhost:49386 : 1
2025-01-23 10:35:11 DEBUG o.a.netty.channel.DefaultChannelPool - Entry count for : http://localhost:65454 : 1
2025-01-23 10:35:11 DEBUG o.a.netty.channel.DefaultChannelPool - Entry count for : http://localhost:26584 : 1
2025-01-23 10:35:11 DEBUG o.a.netty.channel.DefaultChannelPool - Entry count for : http://localhost:49325 : 1
2025-01-23 10:35:12 DEBUG o.a.netty.channel.DefaultChannelPool - Entry count for : http://localhost:34890 : 1
2025-01-23 10:35:12 DEBUG o.a.netty.channel.DefaultChannelPool - Entry count for : http://localhost:65517 : 1
2025-01-23 10:35:12 DEBUG o.a.netty.channel.DefaultChannelPool - Entry count for : http://localhost:8723 : 1
2025-01-23 10:35:12 DEBUG o.a.netty.channel.DefaultChannelPool - Entry count for : http://localhost:13436 : 1
2025-01-23 10:35:12 DEBUG o.a.netty.channel.DefaultChannelPool - Entry count for : http://localhost:37186 : 1
2025-01-23 10:35:12 DEBUG o.a.netty.channel.DefaultChannelPool - Entry count for : http://localhost:49255 : 1
2025-01-23 10:35:12 DEBUG o.a.netty.channel.DefaultChannelPool - Entry count for : http://localhost:65380 : 1
2025-01-23 10:35:12 DEBUG o.a.netty.channel.DefaultChannelPool - Entry count for : http://localhost:49374 : 1
2025-01-23 10:35:12 DEBUG o.a.netty.channel.DefaultChannelPool - Entry count for : http://localhost:36849 : 1
2025-01-23 10:35:12 DEBUG o.a.netty.channel.DefaultChannelPool - Entry count for : http://localhost:49197 : 1
2025-01-23 10:35:12 DEBUG o.a.netty.channel.DefaultChannelPool - Entry count for : http://localhost:28894 : 1
2025-01-23 10:35:12 DEBUG o.a.netty.channel.DefaultChannelPool - Entry count for : http://localhost:4899 : 1
2025-01-23 10:35:12 DEBUG o.a.netty.channel.DefaultChannelPool - Entry count for : http://localhost:49386 : 1
2025-01-23 10:35:12 DEBUG o.a.netty.channel.DefaultChannelPool - Entry count for : http://localhost:65454 : 1
2025-01-23 10:35:12 DEBUG o.a.netty.channel.DefaultChannelPool - Entry count for : http://localhost:26584 : 1
2025-01-23 10:35:12 DEBUG o.a.netty.channel.DefaultChannelPool - Entry count for : http://localhost:49325 : 1
2025-01-23 10:35:13 DEBUG o.a.netty.handler.WebSocketHandler - Channel Closed: [id: 0xc8d3ea97, L:/127.0.0.1:49393 ! R:localhost/127.0.0.1:49386] with attribute DISCARD
2025-01-23 10:35:13 DEBUG o.a.netty.request.NettyRequestSender - Using pooled Channel '[id: 0x06926a04, L:/127.0.0.1:49383 - R:localhost/127.0.0.1:26584]' for 'DELETE' to 'http://localhost:26584/session/b23d8a614dda40850b1ad41776b444fa'
2025-01-23 10:35:13 DEBUG o.a.netty.request.NettyRequestSender - Using open Channel [id: 0x06926a04, L:/127.0.0.1:49383 - R:localhost/127.0.0.1:26584] for DELETE '/session/b23d8a614dda40850b1ad41776b444fa'
2025-01-23 10:35:13 DEBUG o.a.netty.handler.HttpHandler - Unexpected I/O exception on channel [id: 0x05213d1e, L:/127.0.0.1:49392 - R:localhost/127.0.0.1:49386]
java.io.IOException: An existing connection was forcibly closed by the remote host
	at java.base/sun.nio.ch.SocketDispatcher.read0(Native Method)
	at java.base/sun.nio.ch.SocketDispatcher.read(SocketDispatcher.java:43)
	at java.base/sun.nio.ch.IOUtil.readIntoNativeBuffer(IOUtil.java:276)
	at java.base/sun.nio.ch.IOUtil.read(IOUtil.java:233)
	at java.base/sun.nio.ch.IOUtil.read(IOUtil.java:223)
	at java.base/sun.nio.ch.SocketChannelImpl.read(SocketChannelImpl.java:358)
	at io.netty.buffer.PooledByteBuf.setBytes(PooledByteBuf.java:259)
	at io.netty.buffer.AbstractByteBuf.writeBytes(AbstractByteBuf.java:1132)
	at io.netty.channel.socket.nio.NioSocketChannel.doReadBytes(NioSocketChannel.java:357)
	at io.netty.channel.nio.AbstractNioByteChannel$NioByteUnsafe.read(AbstractNioByteChannel.java:151)
	at io.netty.channel.nio.NioEventLoop.processSelectedKey(NioEventLoop.java:788)
	at io.netty.channel.nio.NioEventLoop.processSelectedKeysOptimized(NioEventLoop.java:724)
	at io.netty.channel.nio.NioEventLoop.processSelectedKeys(NioEventLoop.java:650)
	at io.netty.channel.nio.NioEventLoop.run(NioEventLoop.java:562)
	at io.netty.util.concurrent.SingleThreadEventExecutor$4.run(SingleThreadEventExecutor.java:997)
	at io.netty.util.internal.ThreadExecutorMap$2.run(ThreadExecutorMap.java:74)
	at io.netty.util.concurrent.FastThreadLocalRunnable.run(FastThreadLocalRunnable.java:30)
	at java.base/java.lang.Thread.run(Thread.java:834)
2025-01-23 10:35:13 DEBUG o.a.netty.channel.ChannelManager - Closing Channel [id: 0x05213d1e, L:/127.0.0.1:49392 - R:localhost/127.0.0.1:49386] 
2025-01-23 10:35:13 DEBUG o.a.netty.handler.HttpHandler - Channel Closed: [id: 0x05213d1e, L:/127.0.0.1:49392 ! R:localhost/127.0.0.1:49386] with attribute DISCARD
2025-01-23 10:35:13 DEBUG o.a.netty.handler.HttpHandler - 

Request DefaultFullHttpRequest(decodeResult: success, version: HTTP/1.1, content: EmptyByteBufBE)
DELETE /session/b23d8a614dda40850b1ad41776b444fa HTTP/1.1
User-Agent: selenium/4.8.0 (java windows)
Content-Type: application/json; charset=utf-8
host: localhost:26584
accept: */*

Response DefaultHttpResponse(decodeResult: success, version: HTTP/1.1)
HTTP/1.1 200 OK
Content-Length: 14
Content-Type: application/json; charset=utf-8
cache-control: no-cache

2025-01-23 10:35:13 DEBUG o.a.netty.channel.ChannelManager - Adding key: http://localhost:26584 for channel [id: 0x06926a04, L:/127.0.0.1:49383 - R:localhost/127.0.0.1:26584]
2025-01-23 10:35:13 DEBUG o.a.netty.channel.DefaultChannelPool - Entry count for : http://localhost:34890 : 1
2025-01-23 10:35:13 DEBUG o.a.netty.channel.DefaultChannelPool - Entry count for : http://localhost:65517 : 1
2025-01-23 10:35:13 DEBUG o.a.netty.channel.DefaultChannelPool - Entry count for : http://localhost:8723 : 1
2025-01-23 10:35:13 DEBUG o.a.netty.channel.DefaultChannelPool - Entry count for : http://localhost:13436 : 1
2025-01-23 10:35:13 DEBUG o.a.netty.channel.DefaultChannelPool - Entry count for : http://localhost:37186 : 1
2025-01-23 10:35:13 DEBUG o.a.netty.channel.DefaultChannelPool - Entry count for : http://localhost:49255 : 1
2025-01-23 10:35:13 DEBUG o.a.netty.channel.DefaultChannelPool - Entry count for : http://localhost:65380 : 1
2025-01-23 10:35:13 DEBUG o.a.netty.channel.DefaultChannelPool - Entry count for : http://localhost:49374 : 1
2025-01-23 10:35:13 DEBUG o.a.netty.channel.DefaultChannelPool - Entry count for : http://localhost:36849 : 1
2025-01-23 10:35:13 DEBUG o.a.netty.channel.DefaultChannelPool - Entry count for : http://localhost:49197 : 1
2025-01-23 10:35:13 DEBUG o.a.netty.channel.DefaultChannelPool - Entry count for : http://localhost:28894 : 1
2025-01-23 10:35:13 DEBUG o.a.netty.channel.DefaultChannelPool - Entry count for : http://localhost:4899 : 1
2025-01-23 10:35:13 DEBUG o.a.netty.channel.DefaultChannelPool - Entry count for : http://localhost:49386 : 1
2025-01-23 10:35:13 DEBUG o.a.netty.channel.DefaultChannelPool - Entry count for : http://localhost:65454 : 1
2025-01-23 10:35:13 DEBUG o.a.netty.channel.DefaultChannelPool - Entry count for : http://localhost:26584 : 1
2025-01-23 10:35:13 DEBUG o.a.netty.channel.DefaultChannelPool - Entry count for : http://localhost:49325 : 1
2025-01-23 10:35:13 DEBUG o.a.netty.channel.DefaultChannelPool - Adding Candidate expired Channel [id: 0x05213d1e, L:/127.0.0.1:49392 ! R:localhost/127.0.0.1:49386] isIdleTimeoutExpired=false isRemotelyClosed=true isTtlExpired=false
2025-01-23 10:35:13 DEBUG o.a.netty.channel.DefaultChannelPool - Closing Idle Channel [id: 0x05213d1e, L:/127.0.0.1:49392 ! R:localhost/127.0.0.1:49386]
2025-01-23 10:35:13 DEBUG o.a.netty.channel.DefaultChannelPool - Closed 1 connections out of 16 in 0 ms
2025-01-23 10:35:14 DEBUG o.a.netty.handler.HttpHandler - Channel Closed: [id: 0x06926a04, L:/127.0.0.1:49383 ! R:localhost/127.0.0.1:26584] with attribute DISCARD
]]></system-out>
    <system-err><![CDATA[Starting ChromeDriver 132.0.6834.83 (03d59cf5ecf1d8444838ff9a1e96231304d4ff9c-refs/branch-heads/6834@{#3390}) on port 37186
Only local connections are allowed.
Please see https://chromedriver.chromium.org/security-considerations for suggestions on keeping ChromeDriver safe.
ChromeDriver was started successfully on port 37186.
Jan 23, 2025 10:35:08 AM org.openqa.selenium.devtools.CdpVersionFinder findNearestMatch
WARNING: Unable to find CDP implementation matching 132
Jan 23, 2025 10:35:08 AM org.openqa.selenium.chromium.ChromiumDriver lambda$new$3
WARNING: Unable to find version of CDP to use for . You may need to include a dependency on a specific version of the CDP using something similar to `org.seleniumhq.selenium:selenium-devtools-v86:4.8.0` where the version ("v86") matches the version of the chromium-based browser you're using and the version number of the artifact is the same as Selenium's.
Starting ChromeDriver 132.0.6834.83 (03d59cf5ecf1d8444838ff9a1e96231304d4ff9c-refs/branch-heads/6834@{#3390}) on port 26584
Only local connections are allowed.
Please see https://chromedriver.chromium.org/security-considerations for suggestions on keeping ChromeDriver safe.
ChromeDriver was started successfully on port 26584.
Jan 23, 2025 10:35:08 AM org.openqa.selenium.devtools.CdpVersionFinder findNearestMatch
WARNING: Unable to find CDP implementation matching 132
Jan 23, 2025 10:35:08 AM org.openqa.selenium.chromium.ChromiumDriver lambda$new$3
WARNING: Unable to find version of CDP to use for . You may need to include a dependency on a specific version of the CDP using something similar to `org.seleniumhq.selenium:selenium-devtools-v86:4.8.0` where the version ("v86") matches the version of the chromium-based browser you're using and the version number of the artifact is the same as Selenium's.
]]></system-err>
  </testcase>
  <testcase name="clickButton" classname="com.test.classes.TestElements" time="8.029">
    <system-out><![CDATA[2025-01-23 10:35:14 DEBUG i.g.bonigarcia.wdm.WebDriverManager - Using WebDriverManager 5.9.2
2025-01-23 10:35:14 DEBUG i.g.b.wdm.cache.ResolutionCache - Resolution chrome=132 in cache (valid until 11:34:29 23/01/2025 CET)
2025-01-23 10:35:14 DEBUG i.g.b.wdm.cache.ResolutionCache - Resolution chrome132=132.0.6834.83 in cache (valid until 10:35:46 23/01/2025 CET)
2025-01-23 10:35:14 INFO  i.g.bonigarcia.wdm.WebDriverManager - Using chromedriver 132.0.6834.83 (resolved driver for Chrome 132)
2025-01-23 10:35:14 DEBUG i.g.bonigarcia.wdm.WebDriverManager - Driver chromedriver 132.0.6834.83 found in cache
2025-01-23 10:35:14 INFO  i.g.bonigarcia.wdm.WebDriverManager - Exporting webdriver.chrome.driver as C:\Users\gabor.szabo\.cache\selenium\chromedriver\win64\132.0.6834.83\chromedriver.exe
2025-01-23 10:35:14 DEBUG o.a.n.channel.NettyConnectListener - Using new Channel '[id: 0xf3ab4e4e, L:/127.0.0.1:49701 - R:localhost/127.0.0.1:1816]' for 'POST' to '/session'
2025-01-23 10:35:14 DEBUG o.a.netty.handler.HttpHandler - 

Request DefaultHttpRequest(decodeResult: success, version: HTTP/1.1)
POST /session HTTP/1.1
User-Agent: selenium/4.8.0 (java windows)
Content-Length: 501
Content-Type: application/json; charset=utf-8
host: localhost:1816
accept: */*

Response DefaultHttpResponse(decodeResult: success, version: HTTP/1.1)
HTTP/1.1 200 OK
Content-Length: 887
Content-Type: application/json; charset=utf-8
cache-control: no-cache

2025-01-23 10:35:14 DEBUG o.a.netty.channel.ChannelManager - Adding key: http://localhost:1816 for channel [id: 0xf3ab4e4e, L:/127.0.0.1:49701 - R:localhost/127.0.0.1:1816]
2025-01-23 10:35:14 DEBUG o.a.n.channel.NettyConnectListener - Using new Channel '[id: 0x5526cab9, L:/127.0.0.1:49710 - R:localhost/127.0.0.1:49702]' for 'GET' to '/json/version'
2025-01-23 10:35:14 DEBUG o.a.netty.handler.HttpHandler - 

Request DefaultFullHttpRequest(decodeResult: success, version: HTTP/1.1, content: EmptyByteBufBE)
GET /json/version HTTP/1.1
User-Agent: selenium/4.8.0 (java windows)
host: localhost:49702
accept: */*

Response DefaultHttpResponse(decodeResult: success, version: HTTP/1.1)
HTTP/1.1 200 OK
Content-Security-Policy: frame-ancestors 'none'
Content-Length: 423
Content-Type: application/json; charset=UTF-8

2025-01-23 10:35:14 DEBUG o.a.netty.channel.ChannelManager - Adding key: http://localhost:49702 for channel [id: 0x5526cab9, L:/127.0.0.1:49710 - R:localhost/127.0.0.1:49702]
2025-01-23 10:35:14 DEBUG o.a.n.channel.NettyConnectListener - Using new Channel '[id: 0x0138f017, L:/127.0.0.1:49711 - R:localhost/127.0.0.1:49702]' for 'GET' to '/devtools/browser/f0e47f7d-013d-49c4-90c7-54c38fc76237'
2025-01-23 10:35:14 DEBUG o.a.netty.handler.WebSocketHandler - 

Request DefaultFullHttpRequest(decodeResult: success, version: HTTP/1.1, content: EmptyByteBufBE)
GET /devtools/browser/f0e47f7d-013d-49c4-90c7-54c38fc76237 HTTP/1.1
upgrade: websocket
connection: upgrade
sec-websocket-key: PwZXksZzwL57rp4rGYReBw==
sec-websocket-version: 13
origin: http://localhost:49702
host: localhost:49702
accept: */*
user-agent: AHC/2.1

Response DefaultHttpResponse(decodeResult: success, version: HTTP/1.1)
HTTP/1.1 101 WebSocket Protocol Handshake
Upgrade: WebSocket
Connection: Upgrade
Sec-WebSocket-Accept: OfSvm0UH+yGAaxQVKPz3ZaBgKx0=

setupTest() method is running
2025-01-23 10:35:14 DEBUG i.g.bonigarcia.wdm.WebDriverManager - Using WebDriverManager 5.9.2
2025-01-23 10:35:14 DEBUG i.g.b.wdm.cache.ResolutionCache - Resolution chrome=132 in cache (valid until 11:34:29 23/01/2025 CET)
2025-01-23 10:35:14 DEBUG i.g.b.wdm.cache.ResolutionCache - Resolution chrome132=132.0.6834.83 in cache (valid until 10:35:46 23/01/2025 CET)
2025-01-23 10:35:14 INFO  i.g.bonigarcia.wdm.WebDriverManager - Using chromedriver 132.0.6834.83 (resolved driver for Chrome 132)
2025-01-23 10:35:14 DEBUG i.g.bonigarcia.wdm.WebDriverManager - Driver chromedriver 132.0.6834.83 found in cache
2025-01-23 10:35:14 INFO  i.g.bonigarcia.wdm.WebDriverManager - Exporting webdriver.chrome.driver as C:\Users\gabor.szabo\.cache\selenium\chromedriver\win64\132.0.6834.83\chromedriver.exe
2025-01-23 10:35:14 DEBUG o.a.n.channel.NettyConnectListener - Using new Channel '[id: 0xa3db13d8, L:/127.0.0.1:49716 - R:localhost/127.0.0.1:40908]' for 'POST' to '/session'
2025-01-23 10:35:15 DEBUG o.a.netty.channel.DefaultChannelPool - Entry count for : http://localhost:34890 : 1
2025-01-23 10:35:15 DEBUG o.a.netty.channel.DefaultChannelPool - Entry count for : http://localhost:65517 : 1
2025-01-23 10:35:15 DEBUG o.a.netty.channel.DefaultChannelPool - Entry count for : http://localhost:8723 : 1
2025-01-23 10:35:15 DEBUG o.a.netty.channel.DefaultChannelPool - Entry count for : http://localhost:13436 : 1
2025-01-23 10:35:15 DEBUG o.a.netty.channel.DefaultChannelPool - Entry count for : http://localhost:37186 : 1
2025-01-23 10:35:15 DEBUG o.a.netty.channel.DefaultChannelPool - Entry count for : http://localhost:49255 : 1
2025-01-23 10:35:15 DEBUG o.a.netty.channel.DefaultChannelPool - Entry count for : http://localhost:65380 : 1
2025-01-23 10:35:15 DEBUG o.a.netty.channel.DefaultChannelPool - Entry count for : http://localhost:49374 : 1
2025-01-23 10:35:15 DEBUG o.a.netty.channel.DefaultChannelPool - Entry count for : http://localhost:36849 : 1
2025-01-23 10:35:15 DEBUG o.a.netty.channel.DefaultChannelPool - Entry count for : http://localhost:49197 : 1
2025-01-23 10:35:15 DEBUG o.a.netty.channel.DefaultChannelPool - Entry count for : http://localhost:28894 : 1
2025-01-23 10:35:15 DEBUG o.a.netty.channel.DefaultChannelPool - Entry count for : http://localhost:4899 : 1
2025-01-23 10:35:15 DEBUG o.a.netty.channel.DefaultChannelPool - Entry count for : http://localhost:65454 : 1
2025-01-23 10:35:15 DEBUG o.a.netty.channel.DefaultChannelPool - Entry count for : http://localhost:26584 : 1
2025-01-23 10:35:15 DEBUG o.a.netty.channel.DefaultChannelPool - Entry count for : http://localhost:49702 : 1
2025-01-23 10:35:15 DEBUG o.a.netty.channel.DefaultChannelPool - Entry count for : http://localhost:49325 : 1
2025-01-23 10:35:15 DEBUG o.a.netty.channel.DefaultChannelPool - Entry count for : http://localhost:1816 : 1
2025-01-23 10:35:15 DEBUG o.a.netty.channel.DefaultChannelPool - Adding Candidate expired Channel [id: 0x06926a04, L:/127.0.0.1:49383 ! R:localhost/127.0.0.1:26584] isIdleTimeoutExpired=false isRemotelyClosed=true isTtlExpired=false
2025-01-23 10:35:15 DEBUG o.a.netty.channel.DefaultChannelPool - Closing Idle Channel [id: 0x06926a04, L:/127.0.0.1:49383 ! R:localhost/127.0.0.1:26584]
2025-01-23 10:35:15 DEBUG o.a.netty.channel.DefaultChannelPool - Closed 1 connections out of 17 in 0 ms
2025-01-23 10:35:15 DEBUG o.a.netty.handler.HttpHandler - 

Request DefaultHttpRequest(decodeResult: success, version: HTTP/1.1)
POST /session HTTP/1.1
User-Agent: selenium/4.8.0 (java windows)
Content-Length: 501
Content-Type: application/json; charset=utf-8
host: localhost:40908
accept: */*

Response DefaultHttpResponse(decodeResult: success, version: HTTP/1.1)
HTTP/1.1 200 OK
Content-Length: 888
Content-Type: application/json; charset=utf-8
cache-control: no-cache

2025-01-23 10:35:15 DEBUG o.a.netty.channel.ChannelManager - Adding key: http://localhost:40908 for channel [id: 0xa3db13d8, L:/127.0.0.1:49716 - R:localhost/127.0.0.1:40908]
2025-01-23 10:35:15 DEBUG o.a.n.channel.NettyConnectListener - Using new Channel '[id: 0xb1b023b3, L:/127.0.0.1:49726 - R:localhost/127.0.0.1:49718]' for 'GET' to '/json/version'
2025-01-23 10:35:15 DEBUG o.a.netty.handler.HttpHandler - 

Request DefaultFullHttpRequest(decodeResult: success, version: HTTP/1.1, content: EmptyByteBufBE)
GET /json/version HTTP/1.1
User-Agent: selenium/4.8.0 (java windows)
host: localhost:49718
accept: */*

Response DefaultHttpResponse(decodeResult: success, version: HTTP/1.1)
HTTP/1.1 200 OK
Content-Security-Policy: frame-ancestors 'none'
Content-Length: 423
Content-Type: application/json; charset=UTF-8

2025-01-23 10:35:15 DEBUG o.a.netty.channel.ChannelManager - Adding key: http://localhost:49718 for channel [id: 0xb1b023b3, L:/127.0.0.1:49726 - R:localhost/127.0.0.1:49718]
2025-01-23 10:35:15 DEBUG o.a.n.channel.NettyConnectListener - Using new Channel '[id: 0x5a48f9b4, L:/127.0.0.1:49727 - R:localhost/127.0.0.1:49718]' for 'GET' to '/devtools/browser/778847b9-304d-449a-a69a-b53dcc28f6b5'
2025-01-23 10:35:15 DEBUG o.a.netty.handler.WebSocketHandler - 

Request DefaultFullHttpRequest(decodeResult: success, version: HTTP/1.1, content: EmptyByteBufBE)
GET /devtools/browser/778847b9-304d-449a-a69a-b53dcc28f6b5 HTTP/1.1
upgrade: websocket
connection: upgrade
sec-websocket-key: cOKMhNi4C4WM+9oUTg9LCQ==
sec-websocket-version: 13
origin: http://localhost:49718
host: localhost:49718
accept: */*
user-agent: AHC/2.1

Response DefaultHttpResponse(decodeResult: success, version: HTTP/1.1)
HTTP/1.1 101 WebSocket Protocol Handshake
Upgrade: WebSocket
Connection: Upgrade
Sec-WebSocket-Accept: +Bpui8Ok6LTnd7sJE56WR1lVrIw=

setupTest() method is running
2025-01-23 10:35:15 DEBUG o.a.netty.request.NettyRequestSender - Using pooled Channel '[id: 0xa3db13d8, L:/127.0.0.1:49716 - R:localhost/127.0.0.1:40908]' for 'POST' to 'http://localhost:40908/session/c740b6ee55d850524f5d741b96e1637a/url'
2025-01-23 10:35:15 DEBUG o.a.netty.request.NettyRequestSender - Using open Channel [id: 0xa3db13d8, L:/127.0.0.1:49716 - R:localhost/127.0.0.1:40908] for POST '/session/c740b6ee55d850524f5d741b96e1637a/url'
2025-01-23 10:35:16 DEBUG o.a.netty.channel.DefaultChannelPool - Entry count for : http://localhost:34890 : 1
2025-01-23 10:35:16 DEBUG o.a.netty.channel.DefaultChannelPool - Entry count for : http://localhost:65517 : 1
2025-01-23 10:35:16 DEBUG o.a.netty.channel.DefaultChannelPool - Entry count for : http://localhost:8723 : 1
2025-01-23 10:35:16 DEBUG o.a.netty.channel.DefaultChannelPool - Entry count for : http://localhost:13436 : 1
2025-01-23 10:35:16 DEBUG o.a.netty.channel.DefaultChannelPool - Entry count for : http://localhost:37186 : 1
2025-01-23 10:35:16 DEBUG o.a.netty.channel.DefaultChannelPool - Entry count for : http://localhost:49255 : 1
2025-01-23 10:35:16 DEBUG o.a.netty.channel.DefaultChannelPool - Entry count for : http://localhost:65380 : 1
2025-01-23 10:35:16 DEBUG o.a.netty.channel.DefaultChannelPool - Entry count for : http://localhost:49374 : 1
2025-01-23 10:35:16 DEBUG o.a.netty.channel.DefaultChannelPool - Entry count for : http://localhost:36849 : 1
2025-01-23 10:35:16 DEBUG o.a.netty.channel.DefaultChannelPool - Entry count for : http://localhost:49197 : 1
2025-01-23 10:35:16 DEBUG o.a.netty.channel.DefaultChannelPool - Entry count for : http://localhost:28894 : 1
2025-01-23 10:35:16 DEBUG o.a.netty.channel.DefaultChannelPool - Entry count for : http://localhost:4899 : 1
2025-01-23 10:35:16 DEBUG o.a.netty.channel.DefaultChannelPool - Entry count for : http://localhost:49718 : 1
2025-01-23 10:35:16 DEBUG o.a.netty.channel.DefaultChannelPool - Entry count for : http://localhost:65454 : 1
2025-01-23 10:35:16 DEBUG o.a.netty.channel.DefaultChannelPool - Entry count for : http://localhost:49702 : 1
2025-01-23 10:35:16 DEBUG o.a.netty.channel.DefaultChannelPool - Entry count for : http://localhost:49325 : 1
2025-01-23 10:35:16 DEBUG o.a.netty.channel.DefaultChannelPool - Entry count for : http://localhost:1816 : 1
2025-01-23 10:35:17 DEBUG o.a.netty.channel.DefaultChannelPool - Entry count for : http://localhost:34890 : 1
2025-01-23 10:35:17 DEBUG o.a.netty.channel.DefaultChannelPool - Entry count for : http://localhost:65517 : 1
2025-01-23 10:35:17 DEBUG o.a.netty.channel.DefaultChannelPool - Entry count for : http://localhost:8723 : 1
2025-01-23 10:35:17 DEBUG o.a.netty.channel.DefaultChannelPool - Entry count for : http://localhost:13436 : 1
2025-01-23 10:35:17 DEBUG o.a.netty.channel.DefaultChannelPool - Entry count for : http://localhost:37186 : 1
2025-01-23 10:35:17 DEBUG o.a.netty.channel.DefaultChannelPool - Entry count for : http://localhost:49255 : 1
2025-01-23 10:35:17 DEBUG o.a.netty.channel.DefaultChannelPool - Entry count for : http://localhost:65380 : 1
2025-01-23 10:35:17 DEBUG o.a.netty.channel.DefaultChannelPool - Entry count for : http://localhost:49374 : 1
2025-01-23 10:35:17 DEBUG o.a.netty.channel.DefaultChannelPool - Entry count for : http://localhost:36849 : 1
2025-01-23 10:35:17 DEBUG o.a.netty.channel.DefaultChannelPool - Entry count for : http://localhost:49197 : 1
2025-01-23 10:35:17 DEBUG o.a.netty.channel.DefaultChannelPool - Entry count for : http://localhost:28894 : 1
2025-01-23 10:35:17 DEBUG o.a.netty.channel.DefaultChannelPool - Entry count for : http://localhost:4899 : 1
2025-01-23 10:35:17 DEBUG o.a.netty.channel.DefaultChannelPool - Entry count for : http://localhost:49718 : 1
2025-01-23 10:35:17 DEBUG o.a.netty.channel.DefaultChannelPool - Entry count for : http://localhost:65454 : 1
2025-01-23 10:35:17 DEBUG o.a.netty.channel.DefaultChannelPool - Entry count for : http://localhost:49702 : 1
2025-01-23 10:35:17 DEBUG o.a.netty.channel.DefaultChannelPool - Entry count for : http://localhost:49325 : 1
2025-01-23 10:35:17 DEBUG o.a.netty.channel.DefaultChannelPool - Entry count for : http://localhost:1816 : 1
2025-01-23 10:35:17 DEBUG o.a.netty.handler.HttpHandler - 

Request DefaultHttpRequest(decodeResult: success, version: HTTP/1.1)
POST /session/c740b6ee55d850524f5d741b96e1637a/url HTTP/1.1
User-Agent: selenium/4.8.0 (java windows)
Content-Length: 56
Content-Type: application/json; charset=utf-8
host: localhost:40908
accept: */*

Response DefaultHttpResponse(decodeResult: success, version: HTTP/1.1)
HTTP/1.1 200 OK
Content-Length: 14
Content-Type: application/json; charset=utf-8
cache-control: no-cache

2025-01-23 10:35:17 DEBUG o.a.netty.channel.ChannelManager - Adding key: http://localhost:40908 for channel [id: 0xa3db13d8, L:/127.0.0.1:49716 - R:localhost/127.0.0.1:40908]
2025-01-23 10:35:17 DEBUG o.a.netty.request.NettyRequestSender - Using pooled Channel '[id: 0xa3db13d8, L:/127.0.0.1:49716 - R:localhost/127.0.0.1:40908]' for 'POST' to 'http://localhost:40908/session/c740b6ee55d850524f5d741b96e1637a/element'
2025-01-23 10:35:17 DEBUG o.a.netty.request.NettyRequestSender - Using open Channel [id: 0xa3db13d8, L:/127.0.0.1:49716 - R:localhost/127.0.0.1:40908] for POST '/session/c740b6ee55d850524f5d741b96e1637a/element'
2025-01-23 10:35:17 DEBUG o.a.netty.handler.HttpHandler - 

Request DefaultHttpRequest(decodeResult: success, version: HTTP/1.1)
POST /session/c740b6ee55d850524f5d741b96e1637a/element HTTP/1.1
User-Agent: selenium/4.8.0 (java windows)
Content-Length: 74
Content-Type: application/json; charset=utf-8
host: localhost:40908
accept: */*

Response DefaultHttpResponse(decodeResult: success, version: HTTP/1.1)
HTTP/1.1 200 OK
Content-Length: 126
Content-Type: application/json; charset=utf-8
cache-control: no-cache

2025-01-23 10:35:17 DEBUG o.a.netty.channel.ChannelManager - Adding key: http://localhost:40908 for channel [id: 0xa3db13d8, L:/127.0.0.1:49716 - R:localhost/127.0.0.1:40908]
2025-01-23 10:35:17 DEBUG o.a.netty.request.NettyRequestSender - Using pooled Channel '[id: 0xa3db13d8, L:/127.0.0.1:49716 - R:localhost/127.0.0.1:40908]' for 'POST' to 'http://localhost:40908/session/c740b6ee55d850524f5d741b96e1637a/execute/sync'
2025-01-23 10:35:17 DEBUG o.a.netty.request.NettyRequestSender - Using open Channel [id: 0xa3db13d8, L:/127.0.0.1:49716 - R:localhost/127.0.0.1:40908] for POST '/session/c740b6ee55d850524f5d741b96e1637a/execute/sync'
2025-01-23 10:35:17 DEBUG o.a.netty.handler.HttpHandler - 

Request DefaultHttpRequest(decodeResult: success, version: HTTP/1.1)
POST /session/c740b6ee55d850524f5d741b96e1637a/execute/sync HTTP/1.1
User-Agent: selenium/4.8.0 (java windows)
Content-Length: 298
Content-Type: application/json; charset=utf-8
host: localhost:40908
accept: */*

Response DefaultHttpResponse(decodeResult: success, version: HTTP/1.1)
HTTP/1.1 200 OK
Content-Length: 14
Content-Type: application/json; charset=utf-8
cache-control: no-cache

2025-01-23 10:35:17 DEBUG o.a.netty.channel.ChannelManager - Adding key: http://localhost:40908 for channel [id: 0xa3db13d8, L:/127.0.0.1:49716 - R:localhost/127.0.0.1:40908]
2025-01-23 10:35:17 DEBUG o.a.netty.request.NettyRequestSender - Using pooled Channel '[id: 0xa3db13d8, L:/127.0.0.1:49716 - R:localhost/127.0.0.1:40908]' for 'POST' to 'http://localhost:40908/session/c740b6ee55d850524f5d741b96e1637a/actions'
2025-01-23 10:35:17 DEBUG o.a.netty.request.NettyRequestSender - Using open Channel [id: 0xa3db13d8, L:/127.0.0.1:49716 - R:localhost/127.0.0.1:40908] for POST '/session/c740b6ee55d850524f5d741b96e1637a/actions'
2025-01-23 10:35:17 DEBUG o.a.netty.handler.HttpHandler - 

Request DefaultHttpRequest(decodeResult: success, version: HTTP/1.1)
POST /session/c740b6ee55d850524f5d741b96e1637a/actions HTTP/1.1
User-Agent: selenium/4.8.0 (java windows)
Content-Length: 706
Content-Type: application/json; charset=utf-8
host: localhost:40908
accept: */*

Response DefaultHttpResponse(decodeResult: success, version: HTTP/1.1)
HTTP/1.1 200 OK
Content-Length: 14
Content-Type: application/json; charset=utf-8
cache-control: no-cache

2025-01-23 10:35:17 DEBUG o.a.netty.channel.ChannelManager - Adding key: http://localhost:40908 for channel [id: 0xa3db13d8, L:/127.0.0.1:49716 - R:localhost/127.0.0.1:40908]
User clicked on the 'Click Me' button.
2025-01-23 10:35:17 DEBUG o.a.netty.request.NettyRequestSender - Using pooled Channel '[id: 0xa3db13d8, L:/127.0.0.1:49716 - R:localhost/127.0.0.1:40908]' for 'POST' to 'http://localhost:40908/session/c740b6ee55d850524f5d741b96e1637a/element'
2025-01-23 10:35:17 DEBUG o.a.netty.request.NettyRequestSender - Using open Channel [id: 0xa3db13d8, L:/127.0.0.1:49716 - R:localhost/127.0.0.1:40908] for POST '/session/c740b6ee55d850524f5d741b96e1637a/element'
2025-01-23 10:35:17 DEBUG o.a.netty.handler.HttpHandler - 

Request DefaultHttpRequest(decodeResult: success, version: HTTP/1.1)
POST /session/c740b6ee55d850524f5d741b96e1637a/element HTTP/1.1
User-Agent: selenium/4.8.0 (java windows)
Content-Length: 64
Content-Type: application/json; charset=utf-8
host: localhost:40908
accept: */*

Response DefaultHttpResponse(decodeResult: success, version: HTTP/1.1)
HTTP/1.1 200 OK
Content-Length: 126
Content-Type: application/json; charset=utf-8
cache-control: no-cache

2025-01-23 10:35:17 DEBUG o.a.netty.channel.ChannelManager - Adding key: http://localhost:40908 for channel [id: 0xa3db13d8, L:/127.0.0.1:49716 - R:localhost/127.0.0.1:40908]
2025-01-23 10:35:17 DEBUG o.a.netty.request.NettyRequestSender - Using pooled Channel '[id: 0xa3db13d8, L:/127.0.0.1:49716 - R:localhost/127.0.0.1:40908]' for 'GET' to 'http://localhost:40908/session/c740b6ee55d850524f5d741b96e1637a/element/f.F1C0CA92981EBBE23ADB7F9FA3C7390D.d.110C55E17C703EF4FF3136012D631BE0.e.51/text'
2025-01-23 10:35:17 DEBUG o.a.netty.request.NettyRequestSender - Using open Channel [id: 0xa3db13d8, L:/127.0.0.1:49716 - R:localhost/127.0.0.1:40908] for GET '/session/c740b6ee55d850524f5d741b96e1637a/element/f.F1C0CA92981EBBE23ADB7F9FA3C7390D.d.110C55E17C703EF4FF3136012D631BE0.e.51/text'
2025-01-23 10:35:17 DEBUG o.a.netty.handler.HttpHandler - 

Request DefaultFullHttpRequest(decodeResult: success, version: HTTP/1.1, content: EmptyByteBufBE)
GET /session/c740b6ee55d850524f5d741b96e1637a/element/f.F1C0CA92981EBBE23ADB7F9FA3C7390D.d.110C55E17C703EF4FF3136012D631BE0.e.51/text HTTP/1.1
User-Agent: selenium/4.8.0 (java windows)
Cache-Control: no-cache
Content-Type: application/json; charset=utf-8
host: localhost:40908
accept: */*

Response DefaultHttpResponse(decodeResult: success, version: HTTP/1.1)
HTTP/1.1 200 OK
Content-Length: 41
Content-Type: application/json; charset=utf-8
cache-control: no-cache

2025-01-23 10:35:17 DEBUG o.a.netty.channel.ChannelManager - Adding key: http://localhost:40908 for channel [id: 0xa3db13d8, L:/127.0.0.1:49716 - R:localhost/127.0.0.1:40908]
'You have done a dynamic click' message is displayed
2025-01-23 10:35:18 DEBUG o.a.netty.channel.DefaultChannelPool - Entry count for : http://localhost:34890 : 1
2025-01-23 10:35:18 DEBUG o.a.netty.channel.DefaultChannelPool - Entry count for : http://localhost:65517 : 1
2025-01-23 10:35:18 DEBUG o.a.netty.channel.DefaultChannelPool - Entry count for : http://localhost:8723 : 1
2025-01-23 10:35:18 DEBUG o.a.netty.channel.DefaultChannelPool - Entry count for : http://localhost:13436 : 1
2025-01-23 10:35:18 DEBUG o.a.netty.channel.DefaultChannelPool - Entry count for : http://localhost:37186 : 1
2025-01-23 10:35:18 DEBUG o.a.netty.channel.DefaultChannelPool - Entry count for : http://localhost:49255 : 1
2025-01-23 10:35:18 DEBUG o.a.netty.channel.DefaultChannelPool - Entry count for : http://localhost:65380 : 1
2025-01-23 10:35:18 DEBUG o.a.netty.channel.DefaultChannelPool - Entry count for : http://localhost:49374 : 1
2025-01-23 10:35:18 DEBUG o.a.netty.channel.DefaultChannelPool - Entry count for : http://localhost:36849 : 1
2025-01-23 10:35:18 DEBUG o.a.netty.channel.DefaultChannelPool - Entry count for : http://localhost:49197 : 1
2025-01-23 10:35:18 DEBUG o.a.netty.channel.DefaultChannelPool - Entry count for : http://localhost:28894 : 1
2025-01-23 10:35:18 DEBUG o.a.netty.channel.DefaultChannelPool - Entry count for : http://localhost:4899 : 1
2025-01-23 10:35:18 DEBUG o.a.netty.channel.DefaultChannelPool - Entry count for : http://localhost:49718 : 1
2025-01-23 10:35:18 DEBUG o.a.netty.channel.DefaultChannelPool - Entry count for : http://localhost:40908 : 1
2025-01-23 10:35:18 DEBUG o.a.netty.channel.DefaultChannelPool - Entry count for : http://localhost:65454 : 1
2025-01-23 10:35:18 DEBUG o.a.netty.channel.DefaultChannelPool - Entry count for : http://localhost:49702 : 1
2025-01-23 10:35:18 DEBUG o.a.netty.channel.DefaultChannelPool - Entry count for : http://localhost:49325 : 1
2025-01-23 10:35:18 DEBUG o.a.netty.channel.DefaultChannelPool - Entry count for : http://localhost:1816 : 1
2025-01-23 10:35:19 DEBUG o.a.netty.channel.DefaultChannelPool - Entry count for : http://localhost:34890 : 1
2025-01-23 10:35:19 DEBUG o.a.netty.channel.DefaultChannelPool - Entry count for : http://localhost:65517 : 1
2025-01-23 10:35:19 DEBUG o.a.netty.channel.DefaultChannelPool - Entry count for : http://localhost:8723 : 1
2025-01-23 10:35:19 DEBUG o.a.netty.channel.DefaultChannelPool - Entry count for : http://localhost:13436 : 1
2025-01-23 10:35:19 DEBUG o.a.netty.channel.DefaultChannelPool - Entry count for : http://localhost:37186 : 1
2025-01-23 10:35:19 DEBUG o.a.netty.channel.DefaultChannelPool - Entry count for : http://localhost:49255 : 1
2025-01-23 10:35:19 DEBUG o.a.netty.channel.DefaultChannelPool - Entry count for : http://localhost:65380 : 1
2025-01-23 10:35:19 DEBUG o.a.netty.channel.DefaultChannelPool - Entry count for : http://localhost:49374 : 1
2025-01-23 10:35:19 DEBUG o.a.netty.channel.DefaultChannelPool - Entry count for : http://localhost:36849 : 1
2025-01-23 10:35:19 DEBUG o.a.netty.channel.DefaultChannelPool - Entry count for : http://localhost:49197 : 1
2025-01-23 10:35:19 DEBUG o.a.netty.channel.DefaultChannelPool - Entry count for : http://localhost:28894 : 1
2025-01-23 10:35:19 DEBUG o.a.netty.channel.DefaultChannelPool - Entry count for : http://localhost:4899 : 1
2025-01-23 10:35:19 DEBUG o.a.netty.channel.DefaultChannelPool - Entry count for : http://localhost:49718 : 1
2025-01-23 10:35:19 DEBUG o.a.netty.channel.DefaultChannelPool - Entry count for : http://localhost:40908 : 1
2025-01-23 10:35:19 DEBUG o.a.netty.channel.DefaultChannelPool - Entry count for : http://localhost:65454 : 1
2025-01-23 10:35:19 DEBUG o.a.netty.channel.DefaultChannelPool - Entry count for : http://localhost:49702 : 1
2025-01-23 10:35:19 DEBUG o.a.netty.channel.DefaultChannelPool - Entry count for : http://localhost:49325 : 1
2025-01-23 10:35:19 DEBUG o.a.netty.channel.DefaultChannelPool - Entry count for : http://localhost:1816 : 1
2025-01-23 10:35:20 DEBUG o.a.netty.channel.DefaultChannelPool - Entry count for : http://localhost:34890 : 1
2025-01-23 10:35:20 DEBUG o.a.netty.channel.DefaultChannelPool - Entry count for : http://localhost:65517 : 1
2025-01-23 10:35:20 DEBUG o.a.netty.channel.DefaultChannelPool - Entry count for : http://localhost:8723 : 1
2025-01-23 10:35:20 DEBUG o.a.netty.channel.DefaultChannelPool - Entry count for : http://localhost:13436 : 1
2025-01-23 10:35:20 DEBUG o.a.netty.channel.DefaultChannelPool - Entry count for : http://localhost:37186 : 1
2025-01-23 10:35:20 DEBUG o.a.netty.channel.DefaultChannelPool - Entry count for : http://localhost:49255 : 1
2025-01-23 10:35:20 DEBUG o.a.netty.channel.DefaultChannelPool - Entry count for : http://localhost:65380 : 1
2025-01-23 10:35:20 DEBUG o.a.netty.channel.DefaultChannelPool - Entry count for : http://localhost:49374 : 1
2025-01-23 10:35:20 DEBUG o.a.netty.channel.DefaultChannelPool - Entry count for : http://localhost:36849 : 1
2025-01-23 10:35:20 DEBUG o.a.netty.channel.DefaultChannelPool - Entry count for : http://localhost:49197 : 1
2025-01-23 10:35:20 DEBUG o.a.netty.channel.DefaultChannelPool - Entry count for : http://localhost:28894 : 1
2025-01-23 10:35:20 DEBUG o.a.netty.channel.DefaultChannelPool - Entry count for : http://localhost:4899 : 1
2025-01-23 10:35:20 DEBUG o.a.netty.channel.DefaultChannelPool - Entry count for : http://localhost:49718 : 1
2025-01-23 10:35:20 DEBUG o.a.netty.channel.DefaultChannelPool - Entry count for : http://localhost:40908 : 1
2025-01-23 10:35:20 DEBUG o.a.netty.channel.DefaultChannelPool - Entry count for : http://localhost:65454 : 1
2025-01-23 10:35:20 DEBUG o.a.netty.channel.DefaultChannelPool - Entry count for : http://localhost:49702 : 1
2025-01-23 10:35:20 DEBUG o.a.netty.channel.DefaultChannelPool - Entry count for : http://localhost:49325 : 1
2025-01-23 10:35:20 DEBUG o.a.netty.channel.DefaultChannelPool - Entry count for : http://localhost:1816 : 1
2025-01-23 10:35:21 DEBUG o.a.netty.channel.DefaultChannelPool - Entry count for : http://localhost:34890 : 1
2025-01-23 10:35:21 DEBUG o.a.netty.channel.DefaultChannelPool - Entry count for : http://localhost:65517 : 1
2025-01-23 10:35:21 DEBUG o.a.netty.channel.DefaultChannelPool - Entry count for : http://localhost:8723 : 1
2025-01-23 10:35:21 DEBUG o.a.netty.channel.DefaultChannelPool - Entry count for : http://localhost:13436 : 1
2025-01-23 10:35:21 DEBUG o.a.netty.channel.DefaultChannelPool - Entry count for : http://localhost:37186 : 1
2025-01-23 10:35:21 DEBUG o.a.netty.channel.DefaultChannelPool - Entry count for : http://localhost:49255 : 1
2025-01-23 10:35:21 DEBUG o.a.netty.channel.DefaultChannelPool - Entry count for : http://localhost:65380 : 1
2025-01-23 10:35:21 DEBUG o.a.netty.channel.DefaultChannelPool - Entry count for : http://localhost:49374 : 1
2025-01-23 10:35:21 DEBUG o.a.netty.channel.DefaultChannelPool - Entry count for : http://localhost:36849 : 1
2025-01-23 10:35:21 DEBUG o.a.netty.channel.DefaultChannelPool - Entry count for : http://localhost:49197 : 1
2025-01-23 10:35:21 DEBUG o.a.netty.channel.DefaultChannelPool - Entry count for : http://localhost:28894 : 1
2025-01-23 10:35:21 DEBUG o.a.netty.channel.DefaultChannelPool - Entry count for : http://localhost:4899 : 1
2025-01-23 10:35:21 DEBUG o.a.netty.channel.DefaultChannelPool - Entry count for : http://localhost:49718 : 1
2025-01-23 10:35:21 DEBUG o.a.netty.channel.DefaultChannelPool - Entry count for : http://localhost:40908 : 1
2025-01-23 10:35:21 DEBUG o.a.netty.channel.DefaultChannelPool - Entry count for : http://localhost:65454 : 1
2025-01-23 10:35:21 DEBUG o.a.netty.channel.DefaultChannelPool - Entry count for : http://localhost:49702 : 1
2025-01-23 10:35:21 DEBUG o.a.netty.channel.DefaultChannelPool - Entry count for : http://localhost:49325 : 1
2025-01-23 10:35:21 DEBUG o.a.netty.channel.DefaultChannelPool - Entry count for : http://localhost:1816 : 1
2025-01-23 10:35:21 DEBUG o.a.netty.request.NettyRequestSender - Using pooled Channel '[id: 0xa3db13d8, L:/127.0.0.1:49716 - R:localhost/127.0.0.1:40908]' for 'DELETE' to 'http://localhost:40908/session/c740b6ee55d850524f5d741b96e1637a'
2025-01-23 10:35:21 DEBUG o.a.netty.request.NettyRequestSender - Using open Channel [id: 0xa3db13d8, L:/127.0.0.1:49716 - R:localhost/127.0.0.1:40908] for DELETE '/session/c740b6ee55d850524f5d741b96e1637a'
2025-01-23 10:35:21 DEBUG o.a.netty.handler.WebSocketHandler - Channel Closed: [id: 0x5a48f9b4, L:/127.0.0.1:49727 ! R:localhost/127.0.0.1:49718] with attribute DISCARD
2025-01-23 10:35:21 DEBUG o.a.netty.handler.HttpHandler - Unexpected I/O exception on channel [id: 0xb1b023b3, L:/127.0.0.1:49726 - R:localhost/127.0.0.1:49718]
java.io.IOException: An existing connection was forcibly closed by the remote host
	at java.base/sun.nio.ch.SocketDispatcher.read0(Native Method)
	at java.base/sun.nio.ch.SocketDispatcher.read(SocketDispatcher.java:43)
	at java.base/sun.nio.ch.IOUtil.readIntoNativeBuffer(IOUtil.java:276)
	at java.base/sun.nio.ch.IOUtil.read(IOUtil.java:233)
	at java.base/sun.nio.ch.IOUtil.read(IOUtil.java:223)
	at java.base/sun.nio.ch.SocketChannelImpl.read(SocketChannelImpl.java:358)
	at io.netty.buffer.PooledByteBuf.setBytes(PooledByteBuf.java:259)
	at io.netty.buffer.AbstractByteBuf.writeBytes(AbstractByteBuf.java:1132)
	at io.netty.channel.socket.nio.NioSocketChannel.doReadBytes(NioSocketChannel.java:357)
	at io.netty.channel.nio.AbstractNioByteChannel$NioByteUnsafe.read(AbstractNioByteChannel.java:151)
	at io.netty.channel.nio.NioEventLoop.processSelectedKey(NioEventLoop.java:788)
	at io.netty.channel.nio.NioEventLoop.processSelectedKeysOptimized(NioEventLoop.java:724)
	at io.netty.channel.nio.NioEventLoop.processSelectedKeys(NioEventLoop.java:650)
	at io.netty.channel.nio.NioEventLoop.run(NioEventLoop.java:562)
	at io.netty.util.concurrent.SingleThreadEventExecutor$4.run(SingleThreadEventExecutor.java:997)
	at io.netty.util.internal.ThreadExecutorMap$2.run(ThreadExecutorMap.java:74)
	at io.netty.util.concurrent.FastThreadLocalRunnable.run(FastThreadLocalRunnable.java:30)
	at java.base/java.lang.Thread.run(Thread.java:834)
2025-01-23 10:35:21 DEBUG o.a.netty.channel.ChannelManager - Closing Channel [id: 0xb1b023b3, L:/127.0.0.1:49726 - R:localhost/127.0.0.1:49718] 
2025-01-23 10:35:21 DEBUG o.a.netty.handler.HttpHandler - Channel Closed: [id: 0xb1b023b3, L:/127.0.0.1:49726 ! R:localhost/127.0.0.1:49718] with attribute DISCARD
2025-01-23 10:35:21 DEBUG o.a.netty.handler.HttpHandler - 

Request DefaultFullHttpRequest(decodeResult: success, version: HTTP/1.1, content: EmptyByteBufBE)
DELETE /session/c740b6ee55d850524f5d741b96e1637a HTTP/1.1
User-Agent: selenium/4.8.0 (java windows)
Content-Type: application/json; charset=utf-8
host: localhost:40908
accept: */*

Response DefaultHttpResponse(decodeResult: success, version: HTTP/1.1)
HTTP/1.1 200 OK
Content-Length: 14
Content-Type: application/json; charset=utf-8
cache-control: no-cache

2025-01-23 10:35:21 DEBUG o.a.netty.channel.ChannelManager - Adding key: http://localhost:40908 for channel [id: 0xa3db13d8, L:/127.0.0.1:49716 - R:localhost/127.0.0.1:40908]
2025-01-23 10:35:22 DEBUG o.a.netty.handler.HttpHandler - Channel Closed: [id: 0xa3db13d8, L:/127.0.0.1:49716 ! R:localhost/127.0.0.1:40908] with attribute DISCARD
]]></system-out>
    <system-err><![CDATA[Starting ChromeDriver 132.0.6834.83 (03d59cf5ecf1d8444838ff9a1e96231304d4ff9c-refs/branch-heads/6834@{#3390}) on port 1816
Only local connections are allowed.
Please see https://chromedriver.chromium.org/security-considerations for suggestions on keeping ChromeDriver safe.
ChromeDriver was started successfully on port 1816.
Jan 23, 2025 10:35:14 AM org.openqa.selenium.devtools.CdpVersionFinder findNearestMatch
WARNING: Unable to find CDP implementation matching 132
Jan 23, 2025 10:35:14 AM org.openqa.selenium.chromium.ChromiumDriver lambda$new$3
WARNING: Unable to find version of CDP to use for . You may need to include a dependency on a specific version of the CDP using something similar to `org.seleniumhq.selenium:selenium-devtools-v86:4.8.0` where the version ("v86") matches the version of the chromium-based browser you're using and the version number of the artifact is the same as Selenium's.
Starting ChromeDriver 132.0.6834.83 (03d59cf5ecf1d8444838ff9a1e96231304d4ff9c-refs/branch-heads/6834@{#3390}) on port 40908
Only local connections are allowed.
Please see https://chromedriver.chromium.org/security-considerations for suggestions on keeping ChromeDriver safe.
ChromeDriver was started successfully on port 40908.
Jan 23, 2025 10:35:15 AM org.openqa.selenium.devtools.CdpVersionFinder findNearestMatch
WARNING: Unable to find CDP implementation matching 132
Jan 23, 2025 10:35:15 AM org.openqa.selenium.chromium.ChromiumDriver lambda$new$3
WARNING: Unable to find version of CDP to use for . You may need to include a dependency on a specific version of the CDP using something similar to `org.seleniumhq.selenium:selenium-devtools-v86:4.8.0` where the version ("v86") matches the version of the chromium-based browser you're using and the version number of the artifact is the same as Selenium's.
]]></system-err>
  </testcase>
  <testcase name="editRecordFromWebTable" classname="com.test.classes.TestElements" time="3.336">
    <error message="no such element: Unable to locate element: {&quot;method&quot;:&quot;css selector&quot;,&quot;selector&quot;:&quot;#registration-form-modal&quot;}&#10;  (Session info: chrome=132.0.6834.84)&#10;For documentation on this error, please visit: https://selenium.dev/exceptions/#no_such_element&#10;Build info: version: &apos;4.8.0&apos;, revision: &apos;267030adea&apos;&#10;System info: os.name: &apos;Windows 11&apos;, os.arch: &apos;amd64&apos;, os.version: &apos;10.0&apos;, java.version: &apos;11.0.22&apos;&#10;Driver info: org.openqa.selenium.chrome.ChromeDriver&#10;Command: [719de26ad7b79358e44cb2d78fdba3eb, findElement {using=css selector, value=#registration-form-modal}]&#10;Capabilities {acceptInsecureCerts: false, browserName: chrome, browserVersion: 132.0.6834.84, chrome: {chromedriverVersion: 132.0.6834.83 (03d59cf5ecf1..., userDataDir: C:\Users\GABOR~1.SZA\AppDat...}, fedcm:accounts: true, goog:chromeOptions: {debuggerAddress: localhost:49800}, networkConnectionEnabled: false, pageLoadStrategy: normal, platformName: WINDOWS, proxy: Proxy(), se:cdp: ws://localhost:49800/devtoo..., se:cdpVersion: 132.0.6834.84, setWindowRect: true, strictFileInteractability: false, timeouts: {implicit: 0, pageLoad: 300000, script: 30000}, unhandledPromptBehavior: dismiss and notify, webauthn:extension:credBlob: true, webauthn:extension:largeBlob: true, webauthn:extension:minPinLength: true, webauthn:extension:prf: true, webauthn:virtualAuthenticators: true}&#10;Session ID: 719de26ad7b79358e44cb2d78fdba3eb" type="org.openqa.selenium.NoSuchElementException"><![CDATA[org.openqa.selenium.NoSuchElementException: 
no such element: Unable to locate element: {"method":"css selector","selector":"#registration-form-modal"}
  (Session info: chrome=132.0.6834.84)
For documentation on this error, please visit: https://selenium.dev/exceptions/#no_such_element
Build info: version: '4.8.0', revision: '267030adea'
System info: os.name: 'Windows 11', os.arch: 'amd64', os.version: '10.0', java.version: '11.0.22'
Driver info: org.openqa.selenium.chrome.ChromeDriver
Command: [719de26ad7b79358e44cb2d78fdba3eb, findElement {using=css selector, value=#registration-form-modal}]
Capabilities {acceptInsecureCerts: false, browserName: chrome, browserVersion: 132.0.6834.84, chrome: {chromedriverVersion: 132.0.6834.83 (03d59cf5ecf1..., userDataDir: C:\Users\GABOR~1.SZA\AppDat...}, fedcm:accounts: true, goog:chromeOptions: {debuggerAddress: localhost:49800}, networkConnectionEnabled: false, pageLoadStrategy: normal, platformName: WINDOWS, proxy: Proxy(), se:cdp: ws://localhost:49800/devtoo..., se:cdpVersion: 132.0.6834.84, setWindowRect: true, strictFileInteractability: false, timeouts: {implicit: 0, pageLoad: 300000, script: 30000}, unhandledPromptBehavior: dismiss and notify, webauthn:extension:credBlob: true, webauthn:extension:largeBlob: true, webauthn:extension:minPinLength: true, webauthn:extension:prf: true, webauthn:virtualAuthenticators: true}
Session ID: 719de26ad7b79358e44cb2d78fdba3eb
	at java.base/jdk.internal.reflect.NativeConstructorAccessorImpl.newInstance0(Native Method)
	at java.base/jdk.internal.reflect.NativeConstructorAccessorImpl.newInstance(NativeConstructorAccessorImpl.java:62)
	at java.base/jdk.internal.reflect.DelegatingConstructorAccessorImpl.newInstance(DelegatingConstructorAccessorImpl.java:45)
	at java.base/java.lang.reflect.Constructor.newInstance(Constructor.java:490)
	at org.openqa.selenium.remote.codec.w3c.W3CHttpResponseCodec.createException(W3CHttpResponseCodec.java:200)
	at org.openqa.selenium.remote.codec.w3c.W3CHttpResponseCodec.decode(W3CHttpResponseCodec.java:133)
	at org.openqa.selenium.remote.codec.w3c.W3CHttpResponseCodec.decode(W3CHttpResponseCodec.java:53)
	at org.openqa.selenium.remote.HttpCommandExecutor.execute(HttpCommandExecutor.java:184)
	at org.openqa.selenium.remote.service.DriverCommandExecutor.invokeExecute(DriverCommandExecutor.java:167)
	at org.openqa.selenium.remote.service.DriverCommandExecutor.execute(DriverCommandExecutor.java:142)
	at org.openqa.selenium.remote.RemoteWebDriver.execute(RemoteWebDriver.java:543)
	at org.openqa.selenium.remote.ElementLocation$ElementFinder$2.findElement(ElementLocation.java:162)
	at org.openqa.selenium.remote.ElementLocation.findElement(ElementLocation.java:60)
	at org.openqa.selenium.remote.RemoteWebDriver.findElement(RemoteWebDriver.java:352)
	at org.openqa.selenium.remote.RemoteWebDriver.findElement(RemoteWebDriver.java:344)
	at com.test.classes.TestElements.editRecordFromWebTable(TestElements.java:259)
	at java.base/java.lang.reflect.Method.invoke(Method.java:566)
	at java.base/java.util.ArrayList.forEach(ArrayList.java:1541)
	at java.base/java.util.ArrayList.forEach(ArrayList.java:1541)
]]></error>
    <system-out><![CDATA[2025-01-23 10:35:22 DEBUG i.g.bonigarcia.wdm.WebDriverManager - Using WebDriverManager 5.9.2
2025-01-23 10:35:22 DEBUG i.g.b.wdm.cache.ResolutionCache - Resolution chrome=132 in cache (valid until 11:34:29 23/01/2025 CET)
2025-01-23 10:35:22 DEBUG i.g.b.wdm.cache.ResolutionCache - Resolution chrome132=132.0.6834.83 in cache (valid until 10:35:46 23/01/2025 CET)
2025-01-23 10:35:22 INFO  i.g.bonigarcia.wdm.WebDriverManager - Using chromedriver 132.0.6834.83 (resolved driver for Chrome 132)
2025-01-23 10:35:22 DEBUG i.g.bonigarcia.wdm.WebDriverManager - Driver chromedriver 132.0.6834.83 found in cache
2025-01-23 10:35:22 INFO  i.g.bonigarcia.wdm.WebDriverManager - Exporting webdriver.chrome.driver as C:\Users\gabor.szabo\.cache\selenium\chromedriver\win64\132.0.6834.83\chromedriver.exe
2025-01-23 10:35:22 DEBUG o.a.n.channel.NettyConnectListener - Using new Channel '[id: 0x92179427, L:/127.0.0.1:49787 - R:localhost/127.0.0.1:25338]' for 'POST' to '/session'
2025-01-23 10:35:22 DEBUG o.a.netty.handler.HttpHandler - 

Request DefaultHttpRequest(decodeResult: success, version: HTTP/1.1)
POST /session HTTP/1.1
User-Agent: selenium/4.8.0 (java windows)
Content-Length: 501
Content-Type: application/json; charset=utf-8
host: localhost:25338
accept: */*

Response DefaultHttpResponse(decodeResult: success, version: HTTP/1.1)
HTTP/1.1 200 OK
Content-Length: 887
Content-Type: application/json; charset=utf-8
cache-control: no-cache

2025-01-23 10:35:22 DEBUG o.a.netty.channel.ChannelManager - Adding key: http://localhost:25338 for channel [id: 0x92179427, L:/127.0.0.1:49787 - R:localhost/127.0.0.1:25338]
2025-01-23 10:35:22 DEBUG o.a.n.channel.NettyConnectListener - Using new Channel '[id: 0x2993436c, L:/127.0.0.1:49795 - R:localhost/127.0.0.1:49788]' for 'GET' to '/json/version'
2025-01-23 10:35:22 DEBUG o.a.netty.handler.HttpHandler - 

Request DefaultFullHttpRequest(decodeResult: success, version: HTTP/1.1, content: EmptyByteBufBE)
GET /json/version HTTP/1.1
User-Agent: selenium/4.8.0 (java windows)
host: localhost:49788
accept: */*

Response DefaultHttpResponse(decodeResult: success, version: HTTP/1.1)
HTTP/1.1 200 OK
Content-Security-Policy: frame-ancestors 'none'
Content-Length: 423
Content-Type: application/json; charset=UTF-8

2025-01-23 10:35:22 DEBUG o.a.netty.channel.ChannelManager - Adding key: http://localhost:49788 for channel [id: 0x2993436c, L:/127.0.0.1:49795 - R:localhost/127.0.0.1:49788]
2025-01-23 10:35:22 DEBUG o.a.n.channel.NettyConnectListener - Using new Channel '[id: 0x51fc03cf, L:/127.0.0.1:49796 - R:localhost/127.0.0.1:49788]' for 'GET' to '/devtools/browser/ca809f13-14b3-44ae-a1ee-040450d68c52'
2025-01-23 10:35:22 DEBUG o.a.netty.handler.WebSocketHandler - 

Request DefaultFullHttpRequest(decodeResult: success, version: HTTP/1.1, content: EmptyByteBufBE)
GET /devtools/browser/ca809f13-14b3-44ae-a1ee-040450d68c52 HTTP/1.1
upgrade: websocket
connection: upgrade
sec-websocket-key: ZN2bJ9k8+G4MZMx6D7DZZA==
sec-websocket-version: 13
origin: http://localhost:49788
host: localhost:49788
accept: */*
user-agent: AHC/2.1

Response DefaultHttpResponse(decodeResult: success, version: HTTP/1.1)
HTTP/1.1 101 WebSocket Protocol Handshake
Upgrade: WebSocket
Connection: Upgrade
Sec-WebSocket-Accept: Uh80CXzM56g+qqgOBjUUsjNCBsA=

setupTest() method is running
2025-01-23 10:35:22 DEBUG i.g.bonigarcia.wdm.WebDriverManager - Using WebDriverManager 5.9.2
2025-01-23 10:35:22 DEBUG i.g.b.wdm.cache.ResolutionCache - Resolution chrome=132 in cache (valid until 11:34:29 23/01/2025 CET)
2025-01-23 10:35:22 DEBUG i.g.b.wdm.cache.ResolutionCache - Resolution chrome132=132.0.6834.83 in cache (valid until 10:35:46 23/01/2025 CET)
2025-01-23 10:35:22 INFO  i.g.bonigarcia.wdm.WebDriverManager - Using chromedriver 132.0.6834.83 (resolved driver for Chrome 132)
2025-01-23 10:35:22 DEBUG o.a.netty.channel.DefaultChannelPool - Entry count for : http://localhost:34890 : 1
2025-01-23 10:35:22 DEBUG o.a.netty.channel.DefaultChannelPool - Entry count for : http://localhost:65517 : 1
2025-01-23 10:35:22 DEBUG o.a.netty.channel.DefaultChannelPool - Entry count for : http://localhost:8723 : 1
2025-01-23 10:35:22 DEBUG o.a.netty.channel.DefaultChannelPool - Entry count for : http://localhost:13436 : 1
2025-01-23 10:35:22 DEBUG o.a.netty.channel.DefaultChannelPool - Entry count for : http://localhost:37186 : 1
2025-01-23 10:35:22 DEBUG o.a.netty.channel.DefaultChannelPool - Entry count for : http://localhost:49255 : 1
2025-01-23 10:35:22 DEBUG o.a.netty.channel.DefaultChannelPool - Entry count for : http://localhost:65380 : 1
2025-01-23 10:35:22 DEBUG o.a.netty.channel.DefaultChannelPool - Entry count for : http://localhost:49374 : 1
2025-01-23 10:35:22 DEBUG o.a.netty.channel.DefaultChannelPool - Entry count for : http://localhost:36849 : 1
2025-01-23 10:35:22 DEBUG o.a.netty.channel.DefaultChannelPool - Entry count for : http://localhost:49197 : 1
2025-01-23 10:35:22 DEBUG o.a.netty.channel.DefaultChannelPool - Entry count for : http://localhost:28894 : 1
2025-01-23 10:35:22 DEBUG o.a.netty.channel.DefaultChannelPool - Entry count for : http://localhost:4899 : 1
2025-01-23 10:35:22 DEBUG o.a.netty.channel.DefaultChannelPool - Entry count for : http://localhost:49718 : 1
2025-01-23 10:35:22 DEBUG o.a.netty.channel.DefaultChannelPool - Entry count for : http://localhost:40908 : 1
2025-01-23 10:35:22 DEBUG o.a.netty.channel.DefaultChannelPool - Entry count for : http://localhost:25338 : 1
2025-01-23 10:35:22 DEBUG o.a.netty.channel.DefaultChannelPool - Entry count for : http://localhost:65454 : 1
2025-01-23 10:35:22 DEBUG o.a.netty.channel.DefaultChannelPool - Entry count for : http://localhost:49702 : 1
2025-01-23 10:35:22 DEBUG o.a.netty.channel.DefaultChannelPool - Entry count for : http://localhost:49325 : 1
2025-01-23 10:35:22 DEBUG o.a.netty.channel.DefaultChannelPool - Entry count for : http://localhost:1816 : 1
2025-01-23 10:35:22 DEBUG o.a.netty.channel.DefaultChannelPool - Entry count for : http://localhost:49788 : 1
2025-01-23 10:35:22 DEBUG o.a.netty.channel.DefaultChannelPool - Adding Candidate expired Channel [id: 0xb1b023b3, L:/127.0.0.1:49726 ! R:localhost/127.0.0.1:49718] isIdleTimeoutExpired=false isRemotelyClosed=true isTtlExpired=false
2025-01-23 10:35:22 DEBUG o.a.netty.channel.DefaultChannelPool - Closing Idle Channel [id: 0xb1b023b3, L:/127.0.0.1:49726 ! R:localhost/127.0.0.1:49718]
2025-01-23 10:35:22 DEBUG o.a.netty.channel.DefaultChannelPool - Adding Candidate expired Channel [id: 0xa3db13d8, L:/127.0.0.1:49716 ! R:localhost/127.0.0.1:40908] isIdleTimeoutExpired=false isRemotelyClosed=true isTtlExpired=false
2025-01-23 10:35:22 DEBUG o.a.netty.channel.DefaultChannelPool - Closing Idle Channel [id: 0xa3db13d8, L:/127.0.0.1:49716 ! R:localhost/127.0.0.1:40908]
2025-01-23 10:35:22 DEBUG o.a.netty.channel.DefaultChannelPool - Closed 2 connections out of 20 in 0 ms
2025-01-23 10:35:22 DEBUG i.g.bonigarcia.wdm.WebDriverManager - Driver chromedriver 132.0.6834.83 found in cache
2025-01-23 10:35:22 INFO  i.g.bonigarcia.wdm.WebDriverManager - Exporting webdriver.chrome.driver as C:\Users\gabor.szabo\.cache\selenium\chromedriver\win64\132.0.6834.83\chromedriver.exe
2025-01-23 10:35:22 DEBUG o.a.n.channel.NettyConnectListener - Using new Channel '[id: 0x551dbce6, L:/127.0.0.1:49798 - R:localhost/127.0.0.1:17388]' for 'POST' to '/session'
2025-01-23 10:35:23 DEBUG o.a.netty.handler.HttpHandler - 

Request DefaultHttpRequest(decodeResult: success, version: HTTP/1.1)
POST /session HTTP/1.1
User-Agent: selenium/4.8.0 (java windows)
Content-Length: 501
Content-Type: application/json; charset=utf-8
host: localhost:17388
accept: */*

Response DefaultHttpResponse(decodeResult: success, version: HTTP/1.1)
HTTP/1.1 200 OK
Content-Length: 888
Content-Type: application/json; charset=utf-8
cache-control: no-cache

2025-01-23 10:35:23 DEBUG o.a.netty.channel.ChannelManager - Adding key: http://localhost:17388 for channel [id: 0x551dbce6, L:/127.0.0.1:49798 - R:localhost/127.0.0.1:17388]
2025-01-23 10:35:23 DEBUG o.a.n.channel.NettyConnectListener - Using new Channel '[id: 0xc8ac2bf1, L:/127.0.0.1:49806 - R:localhost/127.0.0.1:49800]' for 'GET' to '/json/version'
2025-01-23 10:35:23 DEBUG o.a.netty.handler.HttpHandler - 

Request DefaultFullHttpRequest(decodeResult: success, version: HTTP/1.1, content: EmptyByteBufBE)
GET /json/version HTTP/1.1
User-Agent: selenium/4.8.0 (java windows)
host: localhost:49800
accept: */*

Response DefaultHttpResponse(decodeResult: success, version: HTTP/1.1)
HTTP/1.1 200 OK
Content-Security-Policy: frame-ancestors 'none'
Content-Length: 423
Content-Type: application/json; charset=UTF-8

2025-01-23 10:35:23 DEBUG o.a.netty.channel.ChannelManager - Adding key: http://localhost:49800 for channel [id: 0xc8ac2bf1, L:/127.0.0.1:49806 - R:localhost/127.0.0.1:49800]
2025-01-23 10:35:23 DEBUG o.a.n.channel.NettyConnectListener - Using new Channel '[id: 0x35c62abe, L:/127.0.0.1:49807 - R:localhost/127.0.0.1:49800]' for 'GET' to '/devtools/browser/5f05f09b-d4a0-48ca-9768-9bc2a57f2b57'
2025-01-23 10:35:23 DEBUG o.a.netty.handler.WebSocketHandler - 

Request DefaultFullHttpRequest(decodeResult: success, version: HTTP/1.1, content: EmptyByteBufBE)
GET /devtools/browser/5f05f09b-d4a0-48ca-9768-9bc2a57f2b57 HTTP/1.1
upgrade: websocket
connection: upgrade
sec-websocket-key: AJUVAm1He+1EuLXu+ZiChw==
sec-websocket-version: 13
origin: http://localhost:49800
host: localhost:49800
accept: */*
user-agent: AHC/2.1

Response DefaultHttpResponse(decodeResult: success, version: HTTP/1.1)
HTTP/1.1 101 WebSocket Protocol Handshake
Upgrade: WebSocket
Connection: Upgrade
Sec-WebSocket-Accept: klIZmNHSGhV4+BU2oeUYqIEuKMs=

setupTest() method is running
2025-01-23 10:35:23 DEBUG o.a.netty.request.NettyRequestSender - Using pooled Channel '[id: 0x551dbce6, L:/127.0.0.1:49798 - R:localhost/127.0.0.1:17388]' for 'POST' to 'http://localhost:17388/session/719de26ad7b79358e44cb2d78fdba3eb/url'
2025-01-23 10:35:23 DEBUG o.a.netty.request.NettyRequestSender - Using open Channel [id: 0x551dbce6, L:/127.0.0.1:49798 - R:localhost/127.0.0.1:17388] for POST '/session/719de26ad7b79358e44cb2d78fdba3eb/url'
2025-01-23 10:35:23 DEBUG o.a.netty.channel.DefaultChannelPool - Entry count for : http://localhost:34890 : 1
2025-01-23 10:35:23 DEBUG o.a.netty.channel.DefaultChannelPool - Entry count for : http://localhost:65517 : 1
2025-01-23 10:35:23 DEBUG o.a.netty.channel.DefaultChannelPool - Entry count for : http://localhost:8723 : 1
2025-01-23 10:35:23 DEBUG o.a.netty.channel.DefaultChannelPool - Entry count for : http://localhost:13436 : 1
2025-01-23 10:35:23 DEBUG o.a.netty.channel.DefaultChannelPool - Entry count for : http://localhost:37186 : 1
2025-01-23 10:35:23 DEBUG o.a.netty.channel.DefaultChannelPool - Entry count for : http://localhost:49255 : 1
2025-01-23 10:35:23 DEBUG o.a.netty.channel.DefaultChannelPool - Entry count for : http://localhost:65380 : 1
2025-01-23 10:35:23 DEBUG o.a.netty.channel.DefaultChannelPool - Entry count for : http://localhost:49374 : 1
2025-01-23 10:35:23 DEBUG o.a.netty.channel.DefaultChannelPool - Entry count for : http://localhost:36849 : 1
2025-01-23 10:35:23 DEBUG o.a.netty.channel.DefaultChannelPool - Entry count for : http://localhost:49197 : 1
2025-01-23 10:35:23 DEBUG o.a.netty.channel.DefaultChannelPool - Entry count for : http://localhost:28894 : 1
2025-01-23 10:35:23 DEBUG o.a.netty.channel.DefaultChannelPool - Entry count for : http://localhost:4899 : 1
2025-01-23 10:35:23 DEBUG o.a.netty.channel.DefaultChannelPool - Entry count for : http://localhost:25338 : 1
2025-01-23 10:35:23 DEBUG o.a.netty.channel.DefaultChannelPool - Entry count for : http://localhost:65454 : 1
2025-01-23 10:35:23 DEBUG o.a.netty.channel.DefaultChannelPool - Entry count for : http://localhost:49800 : 1
2025-01-23 10:35:23 DEBUG o.a.netty.channel.DefaultChannelPool - Entry count for : http://localhost:49702 : 1
2025-01-23 10:35:23 DEBUG o.a.netty.channel.DefaultChannelPool - Entry count for : http://localhost:49325 : 1
2025-01-23 10:35:23 DEBUG o.a.netty.channel.DefaultChannelPool - Entry count for : http://localhost:1816 : 1
2025-01-23 10:35:23 DEBUG o.a.netty.channel.DefaultChannelPool - Entry count for : http://localhost:49788 : 1
2025-01-23 10:35:24 DEBUG o.a.netty.handler.HttpHandler - 

Request DefaultHttpRequest(decodeResult: success, version: HTTP/1.1)
POST /session/719de26ad7b79358e44cb2d78fdba3eb/url HTTP/1.1
User-Agent: selenium/4.8.0 (java windows)
Content-Length: 58
Content-Type: application/json; charset=utf-8
host: localhost:17388
accept: */*

Response DefaultHttpResponse(decodeResult: success, version: HTTP/1.1)
HTTP/1.1 200 OK
Content-Length: 14
Content-Type: application/json; charset=utf-8
cache-control: no-cache

2025-01-23 10:35:24 DEBUG o.a.netty.channel.ChannelManager - Adding key: http://localhost:17388 for channel [id: 0x551dbce6, L:/127.0.0.1:49798 - R:localhost/127.0.0.1:17388]
2025-01-23 10:35:24 DEBUG o.a.netty.request.NettyRequestSender - Using pooled Channel '[id: 0x551dbce6, L:/127.0.0.1:49798 - R:localhost/127.0.0.1:17388]' for 'POST' to 'http://localhost:17388/session/719de26ad7b79358e44cb2d78fdba3eb/element'
2025-01-23 10:35:24 DEBUG o.a.netty.request.NettyRequestSender - Using open Channel [id: 0x551dbce6, L:/127.0.0.1:49798 - R:localhost/127.0.0.1:17388] for POST '/session/719de26ad7b79358e44cb2d78fdba3eb/element'
2025-01-23 10:35:24 DEBUG o.a.netty.handler.HttpHandler - 

Request DefaultHttpRequest(decodeResult: success, version: HTTP/1.1)
POST /session/719de26ad7b79358e44cb2d78fdba3eb/element HTTP/1.1
User-Agent: selenium/4.8.0 (java windows)
Content-Length: 58
Content-Type: application/json; charset=utf-8
host: localhost:17388
accept: */*

Response DefaultHttpResponse(decodeResult: success, version: HTTP/1.1)
HTTP/1.1 200 OK
Content-Length: 126
Content-Type: application/json; charset=utf-8
cache-control: no-cache

2025-01-23 10:35:24 DEBUG o.a.netty.channel.ChannelManager - Adding key: http://localhost:17388 for channel [id: 0x551dbce6, L:/127.0.0.1:49798 - R:localhost/127.0.0.1:17388]
2025-01-23 10:35:24 DEBUG o.a.netty.request.NettyRequestSender - Using pooled Channel '[id: 0x551dbce6, L:/127.0.0.1:49798 - R:localhost/127.0.0.1:17388]' for 'POST' to 'http://localhost:17388/session/719de26ad7b79358e44cb2d78fdba3eb/execute/sync'
2025-01-23 10:35:24 DEBUG o.a.netty.request.NettyRequestSender - Using open Channel [id: 0x551dbce6, L:/127.0.0.1:49798 - R:localhost/127.0.0.1:17388] for POST '/session/719de26ad7b79358e44cb2d78fdba3eb/execute/sync'
2025-01-23 10:35:24 DEBUG o.a.netty.handler.HttpHandler - 

Request DefaultHttpRequest(decodeResult: success, version: HTTP/1.1)
POST /session/719de26ad7b79358e44cb2d78fdba3eb/execute/sync HTTP/1.1
User-Agent: selenium/4.8.0 (java windows)
Content-Length: 298
Content-Type: application/json; charset=utf-8
host: localhost:17388
accept: */*

Response DefaultHttpResponse(decodeResult: success, version: HTTP/1.1)
HTTP/1.1 200 OK
Content-Length: 14
Content-Type: application/json; charset=utf-8
cache-control: no-cache

2025-01-23 10:35:24 DEBUG o.a.netty.channel.ChannelManager - Adding key: http://localhost:17388 for channel [id: 0x551dbce6, L:/127.0.0.1:49798 - R:localhost/127.0.0.1:17388]
2025-01-23 10:35:24 DEBUG o.a.netty.request.NettyRequestSender - Using pooled Channel '[id: 0x551dbce6, L:/127.0.0.1:49798 - R:localhost/127.0.0.1:17388]' for 'POST' to 'http://localhost:17388/session/719de26ad7b79358e44cb2d78fdba3eb/actions'
2025-01-23 10:35:24 DEBUG o.a.netty.request.NettyRequestSender - Using open Channel [id: 0x551dbce6, L:/127.0.0.1:49798 - R:localhost/127.0.0.1:17388] for POST '/session/719de26ad7b79358e44cb2d78fdba3eb/actions'
2025-01-23 10:35:24 DEBUG o.a.netty.channel.DefaultChannelPool - Entry count for : http://localhost:34890 : 1
2025-01-23 10:35:24 DEBUG o.a.netty.channel.DefaultChannelPool - Entry count for : http://localhost:65517 : 1
2025-01-23 10:35:24 DEBUG o.a.netty.channel.DefaultChannelPool - Entry count for : http://localhost:8723 : 1
2025-01-23 10:35:24 DEBUG o.a.netty.channel.DefaultChannelPool - Entry count for : http://localhost:13436 : 1
2025-01-23 10:35:24 DEBUG o.a.netty.channel.DefaultChannelPool - Entry count for : http://localhost:37186 : 1
2025-01-23 10:35:24 DEBUG o.a.netty.channel.DefaultChannelPool - Entry count for : http://localhost:49255 : 1
2025-01-23 10:35:24 DEBUG o.a.netty.channel.DefaultChannelPool - Entry count for : http://localhost:65380 : 1
2025-01-23 10:35:24 DEBUG o.a.netty.channel.DefaultChannelPool - Entry count for : http://localhost:49374 : 1
2025-01-23 10:35:24 DEBUG o.a.netty.channel.DefaultChannelPool - Entry count for : http://localhost:36849 : 1
2025-01-23 10:35:24 DEBUG o.a.netty.channel.DefaultChannelPool - Entry count for : http://localhost:49197 : 1
2025-01-23 10:35:24 DEBUG o.a.netty.channel.DefaultChannelPool - Entry count for : http://localhost:28894 : 1
2025-01-23 10:35:24 DEBUG o.a.netty.channel.DefaultChannelPool - Entry count for : http://localhost:4899 : 1
2025-01-23 10:35:24 DEBUG o.a.netty.channel.DefaultChannelPool - Entry count for : http://localhost:25338 : 1
2025-01-23 10:35:24 DEBUG o.a.netty.channel.DefaultChannelPool - Entry count for : http://localhost:65454 : 1
2025-01-23 10:35:24 DEBUG o.a.netty.channel.DefaultChannelPool - Entry count for : http://localhost:49800 : 1
2025-01-23 10:35:24 DEBUG o.a.netty.channel.DefaultChannelPool - Entry count for : http://localhost:49702 : 1
2025-01-23 10:35:24 DEBUG o.a.netty.channel.DefaultChannelPool - Entry count for : http://localhost:49325 : 1
2025-01-23 10:35:24 DEBUG o.a.netty.channel.DefaultChannelPool - Entry count for : http://localhost:1816 : 1
2025-01-23 10:35:24 DEBUG o.a.netty.channel.DefaultChannelPool - Entry count for : http://localhost:49788 : 1
2025-01-23 10:35:25 DEBUG o.a.netty.handler.HttpHandler - 

Request DefaultHttpRequest(decodeResult: success, version: HTTP/1.1)
POST /session/719de26ad7b79358e44cb2d78fdba3eb/actions HTTP/1.1
User-Agent: selenium/4.8.0 (java windows)
Content-Length: 706
Content-Type: application/json; charset=utf-8
host: localhost:17388
accept: */*

Response DefaultHttpResponse(decodeResult: success, version: HTTP/1.1)
HTTP/1.1 200 OK
Content-Length: 14
Content-Type: application/json; charset=utf-8
cache-control: no-cache

2025-01-23 10:35:25 DEBUG o.a.netty.channel.ChannelManager - Adding key: http://localhost:17388 for channel [id: 0x551dbce6, L:/127.0.0.1:49798 - R:localhost/127.0.0.1:17388]
User clicked on the 'Edit' button.
2025-01-23 10:35:25 DEBUG o.a.netty.request.NettyRequestSender - Using pooled Channel '[id: 0x551dbce6, L:/127.0.0.1:49798 - R:localhost/127.0.0.1:17388]' for 'POST' to 'http://localhost:17388/session/719de26ad7b79358e44cb2d78fdba3eb/element'
2025-01-23 10:35:25 DEBUG o.a.netty.request.NettyRequestSender - Using open Channel [id: 0x551dbce6, L:/127.0.0.1:49798 - R:localhost/127.0.0.1:17388] for POST '/session/719de26ad7b79358e44cb2d78fdba3eb/element'
2025-01-23 10:35:25 DEBUG o.a.netty.handler.HttpHandler - 

Request DefaultHttpRequest(decodeResult: success, version: HTTP/1.1)
POST /session/719de26ad7b79358e44cb2d78fdba3eb/element HTTP/1.1
User-Agent: selenium/4.8.0 (java windows)
Content-Length: 68
Content-Type: application/json; charset=utf-8
host: localhost:17388
accept: */*

Response DefaultHttpResponse(decodeResult: success, version: HTTP/1.1)
HTTP/1.1 404 Not Found
Content-Length: 1064
Content-Type: application/json; charset=utf-8
cache-control: no-cache

2025-01-23 10:35:25 DEBUG o.a.netty.channel.ChannelManager - Adding key: http://localhost:17388 for channel [id: 0x551dbce6, L:/127.0.0.1:49798 - R:localhost/127.0.0.1:17388]
2025-01-23 10:35:25 DEBUG o.a.netty.handler.WebSocketHandler - Channel Closed: [id: 0x35c62abe, L:/127.0.0.1:49807 ! R:localhost/127.0.0.1:49800] with attribute DISCARD
2025-01-23 10:35:25 DEBUG o.a.netty.request.NettyRequestSender - Using pooled Channel '[id: 0x551dbce6, L:/127.0.0.1:49798 - R:localhost/127.0.0.1:17388]' for 'DELETE' to 'http://localhost:17388/session/719de26ad7b79358e44cb2d78fdba3eb'
2025-01-23 10:35:25 DEBUG o.a.netty.request.NettyRequestSender - Using open Channel [id: 0x551dbce6, L:/127.0.0.1:49798 - R:localhost/127.0.0.1:17388] for DELETE '/session/719de26ad7b79358e44cb2d78fdba3eb'
2025-01-23 10:35:25 DEBUG o.a.netty.handler.HttpHandler - Unexpected I/O exception on channel [id: 0xc8ac2bf1, L:/127.0.0.1:49806 - R:localhost/127.0.0.1:49800]
java.io.IOException: An existing connection was forcibly closed by the remote host
	at java.base/sun.nio.ch.SocketDispatcher.read0(Native Method)
	at java.base/sun.nio.ch.SocketDispatcher.read(SocketDispatcher.java:43)
	at java.base/sun.nio.ch.IOUtil.readIntoNativeBuffer(IOUtil.java:276)
	at java.base/sun.nio.ch.IOUtil.read(IOUtil.java:233)
	at java.base/sun.nio.ch.IOUtil.read(IOUtil.java:223)
	at java.base/sun.nio.ch.SocketChannelImpl.read(SocketChannelImpl.java:358)
	at io.netty.buffer.PooledByteBuf.setBytes(PooledByteBuf.java:259)
	at io.netty.buffer.AbstractByteBuf.writeBytes(AbstractByteBuf.java:1132)
	at io.netty.channel.socket.nio.NioSocketChannel.doReadBytes(NioSocketChannel.java:357)
	at io.netty.channel.nio.AbstractNioByteChannel$NioByteUnsafe.read(AbstractNioByteChannel.java:151)
	at io.netty.channel.nio.NioEventLoop.processSelectedKey(NioEventLoop.java:788)
	at io.netty.channel.nio.NioEventLoop.processSelectedKeysOptimized(NioEventLoop.java:724)
	at io.netty.channel.nio.NioEventLoop.processSelectedKeys(NioEventLoop.java:650)
	at io.netty.channel.nio.NioEventLoop.run(NioEventLoop.java:562)
	at io.netty.util.concurrent.SingleThreadEventExecutor$4.run(SingleThreadEventExecutor.java:997)
	at io.netty.util.internal.ThreadExecutorMap$2.run(ThreadExecutorMap.java:74)
	at io.netty.util.concurrent.FastThreadLocalRunnable.run(FastThreadLocalRunnable.java:30)
	at java.base/java.lang.Thread.run(Thread.java:834)
2025-01-23 10:35:25 DEBUG o.a.netty.channel.ChannelManager - Closing Channel [id: 0xc8ac2bf1, L:/127.0.0.1:49806 - R:localhost/127.0.0.1:49800] 
2025-01-23 10:35:25 DEBUG o.a.netty.handler.HttpHandler - Channel Closed: [id: 0xc8ac2bf1, L:/127.0.0.1:49806 ! R:localhost/127.0.0.1:49800] with attribute DISCARD
2025-01-23 10:35:25 DEBUG o.a.netty.handler.HttpHandler - 

Request DefaultFullHttpRequest(decodeResult: success, version: HTTP/1.1, content: EmptyByteBufBE)
DELETE /session/719de26ad7b79358e44cb2d78fdba3eb HTTP/1.1
User-Agent: selenium/4.8.0 (java windows)
Content-Type: application/json; charset=utf-8
host: localhost:17388
accept: */*

Response DefaultHttpResponse(decodeResult: success, version: HTTP/1.1)
HTTP/1.1 200 OK
Content-Length: 14
Content-Type: application/json; charset=utf-8
cache-control: no-cache

2025-01-23 10:35:25 DEBUG o.a.netty.channel.ChannelManager - Adding key: http://localhost:17388 for channel [id: 0x551dbce6, L:/127.0.0.1:49798 - R:localhost/127.0.0.1:17388]
2025-01-23 10:35:25 DEBUG o.a.netty.handler.HttpHandler - Channel Closed: [id: 0x551dbce6, L:/127.0.0.1:49798 ! R:localhost/127.0.0.1:17388] with attribute DISCARD
]]></system-out>
    <system-err><![CDATA[Starting ChromeDriver 132.0.6834.83 (03d59cf5ecf1d8444838ff9a1e96231304d4ff9c-refs/branch-heads/6834@{#3390}) on port 25338
Only local connections are allowed.
Please see https://chromedriver.chromium.org/security-considerations for suggestions on keeping ChromeDriver safe.
ChromeDriver was started successfully on port 25338.
Jan 23, 2025 10:35:22 AM org.openqa.selenium.devtools.CdpVersionFinder findNearestMatch
WARNING: Unable to find CDP implementation matching 132
Jan 23, 2025 10:35:22 AM org.openqa.selenium.chromium.ChromiumDriver lambda$new$3
WARNING: Unable to find version of CDP to use for . You may need to include a dependency on a specific version of the CDP using something similar to `org.seleniumhq.selenium:selenium-devtools-v86:4.8.0` where the version ("v86") matches the version of the chromium-based browser you're using and the version number of the artifact is the same as Selenium's.
Starting ChromeDriver 132.0.6834.83 (03d59cf5ecf1d8444838ff9a1e96231304d4ff9c-refs/branch-heads/6834@{#3390}) on port 17388
Only local connections are allowed.
Please see https://chromedriver.chromium.org/security-considerations for suggestions on keeping ChromeDriver safe.
ChromeDriver was started successfully on port 17388.
Jan 23, 2025 10:35:23 AM org.openqa.selenium.devtools.CdpVersionFinder findNearestMatch
WARNING: Unable to find CDP implementation matching 132
Jan 23, 2025 10:35:23 AM org.openqa.selenium.chromium.ChromiumDriver lambda$new$3
WARNING: Unable to find version of CDP to use for . You may need to include a dependency on a specific version of the CDP using something similar to `org.seleniumhq.selenium:selenium-devtools-v86:4.8.0` where the version ("v86") matches the version of the chromium-based browser you're using and the version number of the artifact is the same as Selenium's.
]]></system-err>
  </testcase>
</testsuite>